"http://www.apagay.com" - "DNS lookup failed: address 'www.apagay.com' not found: [Errno -2] Name or service not known."
"https://webmoney..ru/" - "No Input"
"http://www.rotabanner.com/" - "DNS lookup failed: address 'www.rotabanner.com' not found: [Errno -2] Name or service not known."
"http://detektor.rv.ua/" - "DNS lookup failed: address 'detektor.rv.ua' not found: [Errno -2] Name or service not known."
"http://www.kafesad.ru/" - "DNS lookup failed: address 'www.kafesad.ru' not found: [Errno -2] Name or service not known."
"http://beladance.by/" - "DNS lookup failed: address 'beladance.by' not found: [Errno -2] Name or service not known."
"http://kupitmir.ru/page/aktsiya.html" - "[<twisted.python.failure.Failure twisted.web._newclient.ParseError: (u'wrong number of parts', 'HTTP/1.1 500')>]"
"http://www.115.%D0%B1%D0%B5%D0%BB/" - "DNS lookup failed: address 'www.115.%D0%B1%D0%B5%D0%BB' not found: [Errno -2] Name or service not known."
"http://ipk.brest.edu.by/" - "DNS lookup failed: address 'ipk.brest.edu.by' not found: [Errno -2] Name or service not known."
"http://investforum.by/" - "DNS lookup failed: address 'investforum.by' not found: [Errno -2] Name or service not known."
"http://catalog.bsc.by/" - "DNS lookup failed: address 'catalog.bsc.by' not found: [Errno -2] Name or service not known."
"http://new-legislation/" - "DNS lookup failed: address 'new-legislation' not found: [Errno -2] Name or service not known."
"http://minpriroda.by/" - "DNS lookup failed: address 'minpriroda.by' not found: [Errno -2] Name or service not known."
"http://www.oais.by/" - "DNS lookup failed: address 'www.oais.by' not found: [Errno -2] Name or service not known."
"http://www.supcourt.by/" - "DNS lookup failed: address 'www.supcourt.by' not found: [Errno -2] Name or service not known."
"http://%E4%E8%F2%F0%E8%F5%E1%E0%F0.%F0%F4/" - "DNS lookup failed: address '%E4%E8%F2%F0%E8%F5%E1%E0%F0.%F0%F4' not found: [Errno -2] Name or service not known."
"http://www.pokerclan.ru/" - "DNS lookup failed: address 'www.pokerclan.ru' not found: [Errno -2] Name or service not known."
"http://ucms.com.ua/" - "DNS lookup failed: address 'ucms.com.ua' not found: [Errno -2] Name or service not known."
"http://tanuna.net/" - "DNS lookup failed: address 'tanuna.net' not found: [Errno -2] Name or service not known."
"http://peteris.boom.ru/" - "DNS lookup failed: address 'peteris.boom.ru' not found: [Errno -2] Name or service not known."
"http://http://sillan.kz/g162901-stend-shod-razval" - "DNS lookup failed: address 'http' not found: [Errno -2] Name or service not known."
"http://counter.rambler.ru/top100" - "[<twisted.python.failure.Failure twisted.internet.error.ConnectionDone: Connection was closed cleanly.>, <twisted.python.failure.Failure twisted.web.http._DataLoss: >]"
"http://underground66.ru/" - "DNS lookup failed: address 'underground66.ru' not found: [Errno -2] Name or service not known."
"http://http://poppers-kiev.com.ua" - "DNS lookup failed: address 'http' not found: [Errno -2] Name or service not known."
"http://sub-stancia.ru/" - "DNS lookup failed: address 'sub-stancia.ru' not found: [Errno -2] Name or service not known."
"http://www.ukwebmasterworld.net/directory" - "DNS lookup failed: address 'www.ukwebmasterworld.net' not found: [Errno -2] Name or service not known."
"http://www.popularsite.ru/" - "DNS lookup failed: address 'www.popularsite.ru' not found: [Errno -2] Name or service not known."
"http://privacychat.kursk.ru/" - "DNS lookup failed: address 'privacychat.kursk.ru' not found: [Errno -2] Name or service not known."
"http://forum.citylove.com.ua/" - "DNS lookup failed: address 'forum.citylove.com.ua' not found: [Errno -2] Name or service not known."
"http://%D0%93%D0%B0%D0%B7%D0%B5%D1%82%D0%B0.ru/" - "DNS lookup failed: address '%D0%93%D0%B0%D0%B7%D0%B5%D1%82%D0%B0.ru' not found: [Errno -2] Name or service not known."
"http://www.goodessayhelp.net/" - "DNS lookup failed: address 'www.goodessayhelp.net' not found: [Errno -2] Name or service not known."
"http://www.lesbitwitter.ru/" - "DNS lookup failed: address 'www.lesbitwitter.ru' not found: [Errno -2] Name or service not known."
"http://www.forum.cbike.ru/" - "User timeout caused connection failure."
"http://www.vodyanoyznak.ru/" - "User timeout caused connection failure: Getting http://www.vodyanoyznak.ru/ took longer than 20.0 seconds.."
"http://assorti-group.webhost.ru/" - "User timeout caused connection failure."
"http://www.minedu.unibel.by/" - "User timeout caused connection failure."
"http://www.uvd-mo.gov.by/" - "User timeout caused connection failure: Getting http://www.uvd-mo.gov.by/ took longer than 20.0 seconds.."
"http://www.mlh.gov.by/" - "User timeout caused connection failure: Getting http://www.mlh.gov.by/ took longer than 20.0 seconds.."
"http://ng.by/ru/issues?art_id=82593" - "User timeout caused connection failure."
"http://ris.unibel.by/" - "User timeout caused connection failure."
"http://zn.by/" - "User timeout caused connection failure."
