"http://www.gay-forum.com.ua" - "DNS lookup failed: address 'www.gay-forum.com.ua' not found: [Errno -2] Name or service not known."
"http://artem.gayclub.ru" - "DNS lookup failed: address 'artem.gayclub.ru' not found: [Errno -2] Name or service not known."
"http://rian.ru/" - "User timeout caused connection failure."
"http://sochi2014.tvnoviny.sk" - "User timeout caused connection failure."
"http://andrewsullivan.thedailybeast.com/" - "DNS lookup failed: address 'andrewsullivan.thedailybeast.com' not found: [Errno -2] Name or service not known."
"https://reason.com/hitandrun/" - "[<twisted.python.failure.Failure twisted.web._newclient.ParseError: (u'wrong number of parts', 'HTTP/1.1 307')>]"
"http://z-deactivated-www.tribunemediaservices.com/" - "DNS lookup failed: address 'z-deactivated-www.tribunemediaservices.com' not found: [Errno -2] Name or service not known."
"https://webmoney..ru/" - "No Input"
"http://myleleka.ru/" - "User timeout caused connection failure: Getting http://myleleka.ru/ took longer than 20.0 seconds.."
"http://www.rfsl.se/malmo/" - "User timeout caused connection failure: Getting http://www.rfsl.se/malmo/ took longer than 20.0 seconds.."
"http://Opera.as/r5y" - "DNS lookup failed: address 'Opera.as' not found: [Errno -2] Name or service not known."
"http://SoftoBase.Awe.sm/iOnUe" - "DNS lookup failed: address 'SoftoBase.Awe.sm' not found: [Errno -2] Name or service not known."
"http://www.mirinfo.ru/" - "DNS lookup failed: address 'www.mirinfo.ru' not found: [Errno -2] Name or service not known."
"http://www.moscowpride.ru" - "DNS lookup failed: address 'www.moscowpride.ru' not found: [Errno -2] Name or service not known."
"http://tribuna.ru/" - "DNS lookup failed: address 'tribuna.ru' not found: [Errno -2] Name or service not known."
"http://samchat.com.ua/" - "DNS lookup failed: address 'samchat.com.ua' not found: [Errno -2] Name or service not known."
"http://sms.tele2.ru/" - "DNS lookup failed: address 'sms.tele2.ru' not found: [Errno -2] Name or service not known."
"http://dir.langiron.com/cgi-bin/dir/dir.cgi?mvm.ru%2Fmb=" - "DNS lookup failed: address 'dir.langiron.com' not found: [Errno -2] Name or service not known."
"http://www.bhrt.bh/" - "DNS lookup failed: address 'www.bhrt.bh' not found: [Errno -2] Name or service not known."
"http://www.podrobnosti.com.ua/" - "DNS lookup failed: address 'www.podrobnosti.com.ua' not found: [Errno -2] Name or service not known."
"http://www.live.err.ee/vikerraadio/" - "DNS lookup failed: address 'www.live.err.ee' not found: [Errno -2] Name or service not known."
"http://multistream.sporttv.pt/" - "DNS lookup failed: address 'multistream.sporttv.pt' not found: [Errno -2] Name or service not known."
"http://www.rte.player.ie/" - "DNS lookup failed: address 'www.rte.player.ie' not found: [Errno -2] Name or service not known."
"http://info@lgbtnet.ru/" - "DNS lookup failed: address 'info@lgbtnet.ru' not found: [Errno -2] Name or service not known."
"http://www.idahomophobia.org/" - "DNS lookup failed: address 'www.idahomophobia.org' not found: [Errno -2] Name or service not known."
"http://offresp%C3%A9ciale:projet17maitome1ettome2,moinschercet%C3%A9t%C3%A9etdesgoodiesofferts!/" - "DNS lookup failed: address 'offresp%C3%A9ciale' not found: [Errno -2] Name or service not known."
"http://likeds.4u.ru/" - "DNS lookup failed: address 'likeds.4u.ru' not found: [Errno -2] Name or service not known."
"http://www.varietyrussia.com/" - "DNS lookup failed: address 'www.varietyrussia.com' not found: [Errno -2] Name or service not known."
"http://www.techinsider.co.id/" - "DNS lookup failed: address 'www.techinsider.co.id' not found: [Errno -2] Name or service not known."
"https://dump.to/bii" - "DNS lookup failed: address 'dump.to' not found: [Errno -2] Name or service not known."
"https://dump.to/aXX" - "DNS lookup failed: address 'dump.to' not found: [Errno -2] Name or service not known."
"http://nasheer.me/sh_9/" - "DNS lookup failed: address 'nasheer.me' not found: [Errno -2] Name or service not known."
"https://isdarat.tv/15638" - "DNS lookup failed: address 'isdarat.tv' not found: [Errno -2] Name or service not known."
"https://isdarat.tv/19762" - "DNS lookup failed: address 'isdarat.tv' not found: [Errno -2] Name or service not known."
"https://isdarat.tv/16440" - "DNS lookup failed: address 'isdarat.tv' not found: [Errno -2] Name or service not known."
"http://www.techinsider.in/" - "[<twisted.python.failure.Failure twisted.internet.error.ConnectionLost: Connection to the other side was lost in a non-clean fashion.>]"
"http://www.techinsider.io.au/" - "DNS lookup failed: address 'www.techinsider.io.au' not found: [Errno -2] Name or service not known."
"http://www.nationaldemokraterna.se/" - "DNS lookup failed: address 'www.nationaldemokraterna.se' not found: [Errno -2] Name or service not known."
"http://sfaaam@yahoo.com/" - "DNS lookup failed: address 'sfaaam@yahoo.com' not found: [Errno -2] Name or service not known."
"http://www.healthpolicysolutions.org/2013/07/17/transgender-teen-settles-landmark-health-case/" - "DNS lookup failed: address 'www.healthpolicysolutions.org' not found: [Errno -2] Name or service not known."
"http://newyork.blogger.cbslocal.com/most-valuable-blogger/blog/73-joemygod/" - "DNS lookup failed: address 'newyork.blogger.cbslocal.com' not found: [Errno -2] Name or service not known."
"http://planetivy.co.uk/offbeat/56860/new-anti-gay-laws-in-russia/?replytocom=15469" - "DNS lookup failed: address 'planetivy.co.uk' not found: [Errno -2] Name or service not known."
"http://twitter.usatoday.com%20%20/" - "DNS lookup failed: address 'twitter.usatoday.com%20%20' not found: [Errno -2] Name or service not known."
"http://allotetraploid.se/" - "DNS lookup failed: address 'allotetraploid.se' not found: [Errno -2] Name or service not known."
"http://www.pamshouseblend.com/frontPage.do" - "DNS lookup failed: address 'www.pamshouseblend.com' not found: [Errno -2] Name or service not known."
"http://www.psychologytoday.com/blog/sex-dawn" - "[<twisted.python.failure.Failure twisted.web._newclient.ParseError: (u'non-integer status code', '<!DOCTYPE html PUBLIC "-//W3C//DTD XHTML 1.0 Strict//EN" "http://www.w3.org/TR/xhtml1/DTD/xhtml1-strict.dtd">')>]"
"http://www.crackajack.de/" - "Connection was refused by other side: 111: Connection refused."
"http://slashdot.org/" - "[<twisted.python.failure.Failure twisted.internet.error.ConnectionLost: Connection to the other side was lost in a non-clean fashion.>]"
"http://corner.nationalreview.com/" - "DNS lookup failed: address 'corner.nationalreview.com' not found: [Errno -2] Name or service not known."
"https://www2.xlibris.com/bookstore/bookdisplay.asp?bookid=39108" - "[<twisted.python.failure.Failure OpenSSL.SSL.Error: [('SSL routines', 'ssl3_read_bytes', 'sslv3 alert handshake failure'), ('SSL routines', 'ssl3_write_bytes', 'ssl handshake failure')]>]"
"http://counter.rambler.ru/top100" - "[<twisted.python.failure.Failure twisted.internet.error.ConnectionDone: Connection was closed cleanly.>, <twisted.python.failure.Failure twisted.web.http._DataLoss: >]"
"http://pnp2011.org/press-releases/pnp-has-given-no-commitment-to-repealing-the-buggery-act/" - "DNS lookup failed: address 'pnp2011.org' not found: [Errno -2] Name or service not known."
"http://www.pensivemoods.com/feeds/posts/default" - "DNS lookup failed: address 'www.pensivemoods.com' not found: [Errno -2] Name or service not known."
"http://www.germes-lada.ru/" - "DNS lookup failed: address 'www.germes-lada.ru' not found: [Errno -2] Name or service not known."
"http://www.bloggtoppen.se/" - "DNS lookup failed: address 'www.bloggtoppen.se' not found: [Errno -2] Name or service not known."
"http://www.amazinginfoonhomosexuals.com/" - "DNS lookup failed: address 'www.amazinginfoonhomosexuals.com' not found: [Errno -2] Name or service not known."
"http://www.internationalorder.org/scandal_response.html" - "DNS lookup failed: address 'www.internationalorder.org' not found: [Errno -2] Name or service not known."
"http://www4.soapblox.net/pam/" - "DNS lookup failed: address 'www4.soapblox.net' not found: [Errno -2] Name or service not known."
"http://www.pamshouseblend.com/showDiary.do?diaryId=1159" - "DNS lookup failed: address 'www.pamshouseblend.com' not found: [Errno -2] Name or service not known."
"http://www.mamres.net/?p=3705" - "DNS lookup failed: address 'www.mamres.net' not found: [Errno -2] Name or service not known."
"http://www.mamres.net/?s=vidleaks" - "DNS lookup failed: address 'www.mamres.net' not found: [Errno -2] Name or service not known."
"http://lesbiansaidwhat.com/" - "DNS lookup failed: address 'lesbiansaidwhat.com' not found: [Errno -2] Name or service not known."
"http://exodusyouth.net/" - "DNS lookup failed: address 'exodusyouth.net' not found: [Errno -2] Name or service not known."
"http://www.ikon.org.uk/" - "DNS lookup failed: address 'www.ikon.org.uk' not found: [Errno -2] Name or service not known."
"http://www.pamshouseblend.com/" - "DNS lookup failed: address 'www.pamshouseblend.com' not found: [Errno -2] Name or service not known."
"http://xn--7-0ub.net/" - "DNS lookup failed: address 'xn--7-0ub.net' not found: [Errno -2] Name or service not known."
"http://alex.resare.com/" - "DNS lookup failed: address 'alex.resare.com' not found: [Errno -2] Name or service not known."
"http://rank.ru/?fromsite=888" - "DNS lookup failed: address 'rank.ru' not found: [Errno -2] Name or service not known."
"http://www.pokerclan.ru/" - "DNS lookup failed: address 'www.pokerclan.ru' not found: [Errno -2] Name or service not known."
"http://igorjscljar.jimdo.com/" - "DNS lookup failed: address 'igorjscljar.jimdo.com' not found: [Errno -2] Name or service not known."
"http://www.proext.com/" - "[<twisted.python.failure.Failure twisted.internet.error.ConnectionLost: Connection to the other side was lost in a non-clean fashion.>]"
"http://pravosnov.ru/" - "DNS lookup failed: address 'pravosnov.ru' not found: [Errno -2] Name or service not known."
"http://blogchiki.ru/" - "DNS lookup failed: address 'blogchiki.ru' not found: [Errno -2] Name or service not known."
"http://lunka.lika.in/" - "DNS lookup failed: address 'lunka.lika.in' not found: [Errno -2] Name or service not known."
"http://zorich.xlegio.ru/index.asp" - "DNS lookup failed: address 'zorich.xlegio.ru' not found: [Errno -2] Name or service not known."
"http://ye4x7dzr6w2dpa7c.onion/" - "DNS lookup failed: address 'ye4x7dzr6w2dpa7c.onion' not found: [Errno -2] Name or service not known."
"http://www.forumzp.com/" - "User timeout caused connection failure."
"http://http://sillan.kz/g162901-stend-shod-razval" - "DNS lookup failed: address 'http' not found: [Errno -2] Name or service not known."
"https://www.vbulletin.com/" - "User timeout caused connection failure: Getting https://www.vbulletin.com/ took longer than 20.0 seconds.."
"http://www.bloglines.com/sub/http://www.residentevilarena.com/feed/" - "User timeout caused connection failure."
"http://ria.ru/politics/20110419/366012611.html" - "User timeout caused connection failure."
"http://the-gaming.ru/" - "User timeout caused connection failure."
"http://global/" - "DNS lookup failed: address 'global' not found: [Errno -2] Name or service not known."
"http://%D1%81%D0%B4%D0%B5%D0%BB%D0%BA%D0%B0-%D1%81-%D1%81%D0%BE%D0%B2%D0%B5%D1%81%D1%82%D1%8C%D1%8E.%D1%80%D1%84/" - "DNS lookup failed: address '%D1%81%D0%B4%D0%B5%D0%BB%D0%BA%D0%B0-%D1%81-%D1%81%D0%BE%D0%B2%D0%B5%D1%81%D1%82%D1%8C%D1%8E.%D1%80%D1%84' not found: [Errno -2] Name or service not known."
"http://www.fark.com/" - "User timeout caused connection failure."
"http://villa-it.com/" - "DNS lookup failed: address 'villa-it.com' not found: [Errno -2] Name or service not known."
"http://%D0%AF%D0%BD%D0%B4%D0%B5%D0%BA%D1%81%D0%B4%D1%96%D1%81%D0%BA/" - "DNS lookup failed: address '%D0%AF%D0%BD%D0%B4%D0%B5%D0%BA%D1%81%D0%B4%D1%96%D1%81%D0%BA' not found: [Errno -2] Name or service not known."
"http://%D0%BA%D0%B0%D0%BC%D0%B5%D0%BD%D0%BD%D1%8B%D0%B9-%D0%BA%D0%BB%D1%8E%D1%87.%D1%80%D1%84/" - "DNS lookup failed: address '%D0%BA%D0%B0%D0%BC%D0%B5%D0%BD%D0%BD%D1%8B%D0%B9-%D0%BA%D0%BB%D1%8E%D1%87.%D1%80%D1%84' not found: [Errno -2] Name or service not known."
"http://www.rotabanner.com/" - "DNS lookup failed: address 'www.rotabanner.com' not found: [Errno -2] Name or service not known."
"http://www.switchboard.nl/" - "User timeout caused connection failure: Getting http://www.switchboard.nl/ took longer than 20.0 seconds.."
"http://http://top.bigmir.net/report/125856//" - "DNS lookup failed: address 'http' not found: [Errno -2] Name or service not known."
"http://www.giantbikes.net/" - "User timeout caused connection failure."
"http://213.251.145.96/cable/2007/06/07PARIS2743.html" - "User timeout caused connection failure."
"http://prcy.myws.ru/" - "User timeout caused connection failure."
"http://www.ria.ru/" - "User timeout caused connection failure."
"http://ria.ru/world/20151216/1342930230.html" - "User timeout caused connection failure."
"http://ria.ru/" - "User timeout caused connection failure."
"http://eclex.eworx.gr:8086/" - "User timeout caused connection failure."
"http://partneradvantage.sun.com/catalog/search/PartnerDetail.jsf?vendor_id=1059829" - "User timeout caused connection failure."
"http://piter.lgbtnet.ru/" - "User timeout caused connection failure."
"http://switchboard.nl/" - "User timeout caused connection failure: Getting http://switchboard.nl/ took longer than 20.0 seconds.."
"http://www.rfsl.se/helsingborg/" - "User timeout caused connection failure: Getting http://www.rfsl.se/helsingborg/ took longer than 20.0 seconds.."
"http://jira.eworx.gr:8090/" - "User timeout caused connection failure."
"http://www.soginews.com/" - "User timeout caused connection failure: Getting http://www.soginews.com/ took longer than 20.0 seconds.."
"http://www.creucymru.com/dance-buddy-event-chapter-19-novemer-2-5-30pm/" - "User timeout caused connection failure: Getting http://www.creucymru.com/dance-buddy-event-chapter-19-novemer-2-5-30pm/ took longer than 20.0 seconds.."
"http://zoobusiness.by/" - "DNS lookup failed: address 'zoobusiness.by' not found: [Errno -2] Name or service not known."
"https://casinokorona.com/" - "[<twisted.python.failure.Failure OpenSSL.SSL.Error: [('SSL routines', 'ssl3_read_bytes', 'ssl handshake failure')]>]"
"http://ria.ru/religion/20150326/1054628862.html" - "User timeout caused connection failure."
"http://www.brounbar.ru/" - "User timeout caused connection failure."
