"http://www.imperiya.by" - "DNS lookup failed: address 'www.imperiya.by' not found: [Errno -2] Name or service not known."
"http://www2.bspn.nsys.by" - "DNS lookup failed: address 'www2.bspn.nsys.by' not found: [Errno -2] Name or service not known."
"http://a-plagiata.net/za-tak/knigi/holocaust.zip" - "User timeout caused connection failure: Getting http://a-plagiata.net/za-tak/knigi/holocaust.zip took longer than 20.0 seconds.."
"http://www.yp.ru/" - "User timeout caused connection failure: Getting http://www.yp.ru/ took longer than 20.0 seconds.."
"http://http%3A%2F%2Ftop100.rambler.ru%2Ftop100%2F=" - "DNS lookup failed: address 'http%3A%2F%2Ftop100.rambler.ru%2Ftop100%2F=' not found: [Errno -2] Name or service not known."
"http://http%3A%2F%2Fwww.liveinternet.ru%2Fstat%2Fgroups%2Ffund%2F=" - "DNS lookup failed: address 'http%3A%2F%2Fwww.liveinternet.ru%2Fstat%2Fgroups%2Ffund%2F=' not found: [Errno -2] Name or service not known."
"http://http%3A%2F%2Fwww.mediametrics.ru%2Frating%2Fru%2Fonline.html%3Farticle=176045991" - "DNS lookup failed: address 'http%3A%2F%2Fwww.mediametrics.ru%2Frating%2Fru%2Fonline.html%3Farticle=176045991' not found: [Errno -2] Name or service not known."
"http://http%3A%2F%2Fwww.mediametrics.ru%2Frating%2Fru%2Fonline.html%3Farticle=172081222" - "DNS lookup failed: address 'http%3A%2F%2Fwww.mediametrics.ru%2Frating%2Fru%2Fonline.html%3Farticle=172081222' not found: [Errno -2] Name or service not known."
"http://http%3A%2F%2Fwww.mediametrics.ru%2Frating%2Fru%2Fonline.html%3Farticle=170774303" - "DNS lookup failed: address 'http%3A%2F%2Fwww.mediametrics.ru%2Frating%2Fru%2Fonline.html%3Farticle=170774303' not found: [Errno -2] Name or service not known."
"http://http%3A%2F%2Fwww.mediametrics.ru%2Frating%2Fru%2Fonline.html%3Farticle=171657910" - "DNS lookup failed: address 'http%3A%2F%2Fwww.mediametrics.ru%2Frating%2Fru%2Fonline.html%3Farticle=171657910' not found: [Errno -2] Name or service not known."
"http://a-plagiata.net/za-tak/knigi/terrorism.zip" - "User timeout caused connection failure: Getting http://a-plagiata.net/za-tak/knigi/terrorism.zip took longer than 20.0 seconds.."
"http://http%3A%2F%2Fwww.mediametrics.ru%2Frating%2Fru%2Fonline.html%3Farticle=171010573" - "DNS lookup failed: address 'http%3A%2F%2Fwww.mediametrics.ru%2Frating%2Fru%2Fonline.html%3Farticle=171010573' not found: [Errno -2] Name or service not known."
"http://ww3.winterstorm-belarus.com?kwrf=http%3A%2F%2Fbudzma.by%2Fbudzma%2Fbudzma-z-movay.html" - "[<twisted.python.failure.Failure twisted.web._newclient.ParseError: (u'wrong number of parts', '<html>')>]"
"http://old.knihi.com/pytanni/" - "DNS lookup failed: address 'old.knihi.com' not found: [Errno -2] Name or service not known."
"http://music.fromby.net/" - "DNS lookup failed: address 'music.fromby.net' not found: [Errno -2] Name or service not known."
"http://www.alesyamag.by/" - "DNS lookup failed: address 'www.alesyamag.by' not found: [Errno -2] Name or service not known."
"http://old.knihi.com/artykuly/jaryla-ras.html" - "DNS lookup failed: address 'old.knihi.com' not found: [Errno -2] Name or service not known."
"http://modum.by%20/" - "DNS lookup failed: address 'modum.by%20' not found: [Errno -2] Name or service not known."
"http://files.knihi.com/Slounik/02/slo/Fanetyka.djvu" - "User timeout caused connection failure: Getting http://files.knihi.com/Slounik/02/slo/Fanetyka.djvu took longer than 20.0 seconds.."
"http://files.knihi.com/Slounik/02/slo/Hramatyka_bielaruskaj_movy_1962_2.djvu" - "User timeout caused connection failure: Getting http://files.knihi.com/Slounik/02/slo/Hramatyka_bielaruskaj_movy_1962_2.djvu took longer than 20.0 seconds.."
"http://swagg.by/" - "DNS lookup failed: address 'swagg.by' not found: [Errno -2] Name or service not known."
"http://www.knihi.net/" - "DNS lookup failed: address 'www.knihi.net' not found: [Errno -2] Name or service not known."
"http://accidentclaimscmc.co.uk/" - "User timeout caused connection failure: Getting http://accidentclaimscmc.co.uk/ took longer than 20.0 seconds.."
"http://files.knihi.com/Slounik/02/slo/Hramatyka_bielaruskaj_movy_1962_1.djvu" - "User timeout caused connection failure: Getting http://files.knihi.com/Slounik/02/slo/Hramatyka_bielaruskaj_movy_1962_1.djvu took longer than 20.0 seconds.."
"http://www.dziejaslou.by/" - "DNS lookup failed: address 'www.dziejaslou.by' not found: [Errno -2] Name or service not known."
"https://freemanorama.org.ua/" - "DNS lookup failed: address 'freemanorama.org.ua' not found: [Errno -2] Name or service not known."
"http://files.knihi.com/Slounik/02/slo/Bielaruskaja_hramatyka_1985_2.djvu" - "User timeout caused connection failure: Getting http://files.knihi.com/Slounik/02/slo/Bielaruskaja_hramatyka_1985_2.djvu took longer than 20.0 seconds.."
"http://www.digitmania.holowww.com/" - "DNS lookup failed: address 'www.digitmania.holowww.com' not found: [Errno -2] Name or service not known."
"http://monitor.chernigov.net/" - "DNS lookup failed: address 'monitor.chernigov.net' not found: [Errno -2] Name or service not known."
"http://files.knihi.com/Slounik/02/slo/Bielaruskaja_hramatyka_1985_1.djvu" - "User timeout caused connection failure: Getting http://files.knihi.com/Slounik/02/slo/Bielaruskaja_hramatyka_1985_1.djvu took longer than 20.0 seconds.."
"http://www.wikimedia.org.mo/" - "DNS lookup failed: address 'www.wikimedia.org.mo' not found: [Errno -2] Name or service not known."
"http://nadine-z.info/" - "DNS lookup failed: address 'nadine-z.info' not found: [Errno -2] Name or service not known."
"http://bx.neolabs.kz/100/go.php3?id=s2592&pg=1" - "User timeout caused connection failure."
"http://bx.neolabs.kz/120/go.php3?id=m590&pg=1" - "User timeout caused connection failure."
"http://mashaalradio.com%20/" - "DNS lookup failed: address 'mashaalradio.com%20' not found: [Errno -2] Name or service not known."
"http://zbi%C3%B3rki.gov.pl/" - "DNS lookup failed: address 'zbi%C3%B3rki.gov.pl' not found: [Errno -2] Name or service not known."
"http://urshula.buk.by/" - "DNS lookup failed: address 'urshula.buk.by' not found: [Errno -2] Name or service not known."
"http://www.narodnaja-partyja.org/" - "DNS lookup failed: address 'www.narodnaja-partyja.org' not found: [Errno -2] Name or service not known."
"http://www.ng.by/ru/issues?art_id=30126" - "User timeout caused connection failure."
"http://www.ng.by/ru/issues?art_id=30794" - "User timeout caused connection failure."
"http://www.ng.by/ru/issues?art_id=19815" - "User timeout caused connection failure."
"http://www.nation-sos.info/index.php?id=80&option=content&task=view" - "DNS lookup failed: address 'www.nation-sos.info' not found: [Errno -2] Name or service not known."
"http://%B2%B2%B2/" - "DNS lookup failed: address '%B2%B2%B2' not found: [Errno -2] Name or service not known."
"http://www.ng.by/ru/issues?art_id=20016" - "User timeout caused connection failure."
"http://manual.ucoz.nethttp://manual.ucoz.net/board/44" - "DNS lookup failed: address 'manual.ucoz.nethttp' not found: [Errno -2] Name or service not known."
"http://manual.ucoz.nethttp://manual.ucoz.net/board/30" - "DNS lookup failed: address 'manual.ucoz.nethttp' not found: [Errno -2] Name or service not known."
"http://manual.ucoz.nethttp://manual.ucoz.net/board/36" - "DNS lookup failed: address 'manual.ucoz.nethttp' not found: [Errno -2] Name or service not known."
"https://twitter/" - "DNS lookup failed: address 'twitter' not found: [Errno -2] Name or service not known."
"http://www.nation-sos.info/index.php?id=73&option=content&task=view" - "DNS lookup failed: address 'www.nation-sos.info' not found: [Errno -2] Name or service not known."
"http://www.nation-sos.info/files/pps/lawtrend_en.pps" - "DNS lookup failed: address 'www.nation-sos.info' not found: [Errno -2] Name or service not known."
"http://%EE%E1%EC%E0%ED%F3%F2%E0%FF-%F0%EE%F1%F1%E8%FF.%F0%F4/" - "DNS lookup failed: address '%EE%E1%EC%E0%ED%F3%F2%E0%FF-%F0%EE%F1%F1%E8%FF.%F0%F4' not found: [Errno -2] Name or service not known."
"http://www.textexpert.ru/node/951" - "[<twisted.python.failure.Failure twisted.internet.error.ConnectionLost: Connection to the other side was lost in a non-clean fashion.>]"
"http://www.nation-sos.info/index.php?id=60&option=content&task=view" - "DNS lookup failed: address 'www.nation-sos.info' not found: [Errno -2] Name or service not known."
"http://mova.mfront.net/" - "DNS lookup failed: address 'mova.mfront.net' not found: [Errno -2] Name or service not known."
"http://beldigest.info/" - "DNS lookup failed: address 'beldigest.info' not found: [Errno -2] Name or service not known."
"http://oda.msz.gov.pl%20/" - "DNS lookup failed: address 'oda.msz.gov.pl%20' not found: [Errno -2] Name or service not known."
"http://www.red.by/redban/href?place=16842&rnd=1000" - "[<twisted.python.failure.Failure twisted.internet.error.ConnectionDone: Connection was closed cleanly.>]"
"http://-/" - "DNS lookup failed: address '-' not found: [Errno -2] Name or service not known."
"http://www.red.by/redban/href?place=16843&rnd=1000" - "[<twisted.python.failure.Failure twisted.internet.error.ConnectionDone: Connection was closed cleanly.>]"
"http://spring96/" - "DNS lookup failed: address 'spring96' not found: [Errno -2] Name or service not known."
"http://www.red.by/redban/href?place=16810&rnd=1000" - "[<twisted.python.failure.Failure twisted.internet.error.ConnectionDone: Connection was closed cleanly.>]"
"http://www.red.by/redban/href?place=16809&rnd=1000" - "[<twisted.python.failure.Failure twisted.internet.error.ConnectionDone: Connection was closed cleanly.>]"
"http://music.fromby.net/chart" - "DNS lookup failed: address 'music.fromby.net' not found: [Errno -2] Name or service not known."
"http://realaudio.rferl.org/be/www-modul-BardySvabody2/index.html" - "DNS lookup failed: address 'realaudio.rferl.org' not found: [Errno -2] Name or service not known."
"http://parisfun.ru/" - "DNS lookup failed: address 'parisfun.ru' not found: [Errno -2] Name or service not known."
"https://red.msk.ru/" - "Connection was refused by other side: 111: Connection refused."
"http://uainfo.censor.net.ua/important/news/15429--lichko-ubezhden-chto-timoshenko-sidit-v-tyurme-zasluzhenno.html" - "DNS lookup failed: address 'uainfo.censor.net.ua' not found: [Errno -2] Name or service not known."
"http://genshtab.censor.net.ua/wiki/%D0%9A%D1%83%D0%B6%D0%B5%D0%BB%D1%8C,_%D0%90%D0%BB%D0%B5%D0%BA%D1%81%D0%B0%D0%BD%D0%B4%D1%80%D0%B0_%D0%92%D0%BB%D0%B0%D0%B4%D0%B8%D0%BC%D0%B8%D1%80%D0%BE%D0%B2%D0%BD%D0%B0" - "DNS lookup failed: address 'genshtab.censor.net.ua' not found: [Errno -2] Name or service not known."
"http://genshtab.censor.net.ua/wiki/%D0%AF%D1%86%D0%B5%D0%BD%D1%8E%D0%BA,_%D0%90%D1%80%D1%81%D0%B5%D0%BD%D0%B8%D0%B9_%D0%9F%D0%B5%D1%82%D1%80%D0%BE%D0%B2%D0%B8%D1%87" - "DNS lookup failed: address 'genshtab.censor.net.ua' not found: [Errno -2] Name or service not known."
"http://genshtab.censor.net.ua/wiki/%D0%A2%D0%B0%D1%80%D0%B0%D1%81%D1%8E%D0%BA,_%D0%91%D0%BE%D1%80%D0%B8%D1%81_%D0%98%D0%B2%D0%B0%D0%BD%D0%BE%D0%B2%D0%B8%D1%87" - "DNS lookup failed: address 'genshtab.censor.net.ua' not found: [Errno -2] Name or service not known."
"http://uainfo.censor.net.ua/heading/politics/18099--lichko-v-moskve-obolgal-timoshenko-slovami-bogoslovskoy.html" - "DNS lookup failed: address 'uainfo.censor.net.ua' not found: [Errno -2] Name or service not known."
"http://genshtab.censor.net.ua/wiki/%D0%9B%D1%83%D1%86%D0%B5%D0%BD%D0%BA%D0%BE,_%D0%AE%D1%80%D0%B8%D0%B9_%D0%92%D0%B8%D1%82%D0%B0%D0%BB%D1%8C%D0%B5%D0%B2%D0%B8%D1%87" - "DNS lookup failed: address 'genshtab.censor.net.ua' not found: [Errno -2] Name or service not known."
"http://genshtab.censor.net.ua/wiki/%D0%93%D1%80%D0%B8%D1%86%D0%B5%D0%BD%D0%BA%D0%BE,_%D0%90%D0%BD%D0%B0%D1%82%D0%BE%D0%BB%D0%B8%D0%B9_%D0%A1%D1%82%D0%B5%D0%BF%D0%B0%D0%BD%D0%BE%D0%B2%D0%B8%D1%87" - "DNS lookup failed: address 'genshtab.censor.net.ua' not found: [Errno -2] Name or service not known."
"http://genshtab.censor.net.ua/wiki/%D0%9C%D0%B5%D0%B4%D0%B2%D0%B5%D0%B4%D1%87%D1%83%D0%BA,_%D0%92%D0%B8%D0%BA%D1%82%D0%BE%D1%80_%D0%92%D0%BB%D0%B0%D0%B4%D0%B8%D0%BC%D0%B8%D1%80%D0%BE%D0%B2%D0%B8%D1%87" - "DNS lookup failed: address 'genshtab.censor.net.ua' not found: [Errno -2] Name or service not known."
"http://genshtab.censor.net.ua/wiki/%D0%94%D0%B6%D0%B0%D0%BD%D0%B3%D0%B8%D1%80%D0%BE%D0%B2,_%D0%94%D0%BC%D0%B8%D1%82%D1%80%D0%B8%D0%B9_%D0%93%D0%B5%D0%BE%D1%80%D0%B3%D0%B8%D0%B5%D0%B2%D0%B8%D1%87" - "DNS lookup failed: address 'genshtab.censor.net.ua' not found: [Errno -2] Name or service not known."
"http://genshtab.censor.net.ua/wiki/%D0%A3%D0%BA%D1%80%D0%B0%D0%B8%D0%BD%D0%B0_%D0%B1%D0%B5%D0%B7_%D0%9A%D1%83%D1%87%D0%BC%D1%8B" - "DNS lookup failed: address 'genshtab.censor.net.ua' not found: [Errno -2] Name or service not known."
"http://genshtab.censor.net.ua/wiki/%D0%A2%D1%8F%D0%B3%D0%BD%D0%B8%D0%B1%D0%BE%D0%BA,_%D0%9E%D0%BB%D0%B5%D0%B3_%D0%AF%D1%80%D0%BE%D1%81%D0%BB%D0%B0%D0%B2%D0%BE%D0%B2%D0%B8%D1%87" - "DNS lookup failed: address 'genshtab.censor.net.ua' not found: [Errno -2] Name or service not known."
"http://genshtab.censor.net.ua/wiki/%D0%AF%D0%BD%D1%83%D0%BA%D0%BE%D0%B2%D0%B8%D1%87,_%D0%92%D0%B8%D0%BA%D1%82%D0%BE%D1%80_%D0%A4%D0%B5%D0%B4%D0%BE%D1%80%D0%BE%D0%B2%D0%B8%D1%87" - "DNS lookup failed: address 'genshtab.censor.net.ua' not found: [Errno -2] Name or service not known."
"http://genshtab.censor.net.ua/wiki/%D0%A4%D0%B5%D1%81%D0%B5%D0%BD%D0%BA%D0%BE,_%D0%92%D0%BB%D0%B0%D0%B4%D0%B8%D0%BC%D0%B8%D1%80_%D0%92%D1%8F%D1%87%D0%B5%D1%81%D0%BB%D0%B0%D0%B2%D0%BE%D0%B2%D0%B8%D1%87" - "DNS lookup failed: address 'genshtab.censor.net.ua' not found: [Errno -2] Name or service not known."
"http://uainfo.censor.net.ua/news/15583--lichko-pomenyal-natashu-na-mashu-foto.html" - "DNS lookup failed: address 'uainfo.censor.net.ua' not found: [Errno -2] Name or service not known."
"http://uainfo.censor.net.ua/news/15429--lichko-ubezhden-chto-timoshenko-sidit-v-tyurme-zasluzhenno.html" - "DNS lookup failed: address 'uainfo.censor.net.ua' not found: [Errno -2] Name or service not known."
"http://genshtab.censor.net.ua/wiki/%D0%AE%D1%89%D0%B5%D0%BD%D0%BA%D0%BE,_%D0%9A%D0%B0%D1%82%D0%B5%D1%80%D0%B8%D0%BD%D0%B0_%D0%9C%D0%B8%D1%85%D0%B0%D0%B9%D0%BB%D0%BE%D0%B2%D0%BD%D0%B0" - "DNS lookup failed: address 'genshtab.censor.net.ua' not found: [Errno -2] Name or service not known."
"http://genshtab.censor.net.ua/wiki/%D0%A4%D0%B8%D1%80%D1%82%D0%B0%D1%88,_%D0%94%D0%BC%D0%B8%D1%82%D1%80%D0%B8%D0%B9_%D0%92%D0%B0%D1%81%D0%B8%D0%BB%D1%8C%D0%B5%D0%B2%D0%B8%D1%87" - "DNS lookup failed: address 'genshtab.censor.net.ua' not found: [Errno -2] Name or service not known."
"http://genshtab.censor.net.ua/wiki/%D0%A2%D0%B8%D0%BC%D0%BE%D1%88%D0%B5%D0%BD%D0%BA%D0%BE,_%D0%AE%D0%BB%D0%B8%D1%8F_%D0%92%D0%BB%D0%B0%D0%B4%D0%B8%D0%BC%D0%B8%D1%80%D0%BE%D0%B2%D0%BD%D0%B0" - "DNS lookup failed: address 'genshtab.censor.net.ua' not found: [Errno -2] Name or service not known."
"http://genshtab.censor.net.ua/wiki/%D0%A3%D0%BA%D1%80%D0%B0%D0%B8%D0%BD%D1%81%D0%BA%D0%B0%D1%8F_%D0%9D%D0%B0%D1%80%D0%BE%D0%B4%D0%BD%D0%B0%D1%8F_%D0%9F%D0%B0%D1%80%D1%82%D0%B8%D1%8F" - "DNS lookup failed: address 'genshtab.censor.net.ua' not found: [Errno -2] Name or service not known."
"http://genshtab.censor.net.ua/wiki/%D0%91%D0%BE%D0%B3%D0%BE%D1%81%D0%BB%D0%BE%D0%B2%D1%81%D0%BA%D0%B0%D1%8F,_%D0%98%D0%BD%D0%BD%D0%B0_%D0%93%D0%B5%D1%80%D0%BC%D0%B0%D0%BD%D0%BE%D0%B2%D0%BD%D0%B0" - "DNS lookup failed: address 'genshtab.censor.net.ua' not found: [Errno -2] Name or service not known."
"http://genshtab.censor.net.ua/wiki/%D0%9A%D0%BE%D1%81%D1%82%D0%B5%D0%BD%D0%BA%D0%BE,_%D0%AE%D1%80%D0%B8%D0%B9_%D0%98%D0%B2%D0%B0%D0%BD%D0%BE%D0%B2%D0%B8%D1%87" - "DNS lookup failed: address 'genshtab.censor.net.ua' not found: [Errno -2] Name or service not known."
"http://genshtab.censor.net.ua/wiki/%D0%A5%D0%BE%D1%80%D0%BE%D1%88%D0%BA%D0%BE%D0%B2%D1%81%D0%BA%D0%B8%D0%B9,_%D0%92%D0%B0%D0%BB%D0%B5%D1%80%D0%B8%D0%B9_%D0%98%D0%B2%D0%B0%D0%BD%D0%BE%D0%B2%D0%B8%D1%87" - "DNS lookup failed: address 'genshtab.censor.net.ua' not found: [Errno -2] Name or service not known."
"http://genshtab.censor.net.ua/wiki/%D0%9F%D0%B8%D0%BD%D1%87%D1%83%D0%BA,_%D0%92%D0%B8%D0%BA%D1%82%D0%BE%D1%80_%D0%9C%D0%B8%D1%85%D0%B0%D0%B9%D0%BB%D0%BE%D0%B2%D0%B8%D1%87" - "DNS lookup failed: address 'genshtab.censor.net.ua' not found: [Errno -2] Name or service not known."
"http://genshtab.censor.net.ua/wiki/%D0%9F%D0%BB%D1%8E%D1%89,_%D0%98%D0%B2%D0%B0%D0%BD_%D0%A1%D1%82%D0%B5%D0%BF%D0%B0%D0%BD%D0%BE%D0%B2%D0%B8%D1%87" - "DNS lookup failed: address 'genshtab.censor.net.ua' not found: [Errno -2] Name or service not known."
"http://genshtab.censor.net.ua/wiki/%D0%9F%D0%B0%D0%B2%D0%BB%D0%B5%D0%BD%D0%BA%D0%BE,_%D0%A0%D0%BE%D1%81%D1%82%D0%B8%D1%81%D0%BB%D0%B0%D0%B2" - "DNS lookup failed: address 'genshtab.censor.net.ua' not found: [Errno -2] Name or service not known."
"http://genshtab.censor.net.ua/wiki/%D0%93%D0%B5%D1%80%D0%B0%D1%89%D0%B5%D0%BD%D0%BA%D0%BE,_%D0%98%D1%80%D0%B8%D0%BD%D0%B0_%D0%92%D0%BB%D0%B0%D0%B4%D0%B8%D0%BC%D0%B8%D1%80%D0%BE%D0%B2%D0%BD%D0%B0" - "DNS lookup failed: address 'genshtab.censor.net.ua' not found: [Errno -2] Name or service not known."
"http://genshtab.censor.net.ua/wiki/%D0%9A%D1%83%D1%87%D0%BC%D0%B0,_%D0%9B%D0%B5%D0%BE%D0%BD%D0%B8%D0%B4_%D0%94%D0%B0%D0%BD%D0%B8%D0%BB%D0%BE%D0%B2%D0%B8%D1%87" - "DNS lookup failed: address 'genshtab.censor.net.ua' not found: [Errno -2] Name or service not known."
"http://genshtab.censor.net.ua/wiki/%D0%91%D0%B5%D1%81%D1%81%D0%BC%D0%B5%D1%80%D1%82%D0%BD%D1%8B%D0%B9,_%D0%A0%D0%BE%D0%BC%D0%B0%D0%BD_%D0%9F%D0%B5%D1%82%D1%80%D0%BE%D0%B2%D0%B8%D1%87" - "DNS lookup failed: address 'genshtab.censor.net.ua' not found: [Errno -2] Name or service not known."
"http://genshtab.censor.net.ua/wiki/%D0%9A%D0%BB%D0%B8%D1%87%D0%BA%D0%BE,_%D0%92%D0%B8%D1%82%D0%B0%D0%BB%D0%B8%D0%B9_%D0%92%D0%BB%D0%B0%D0%B4%D0%B8%D0%BC%D0%B8%D1%80%D0%BE%D0%B2%D0%B8%D1%87" - "DNS lookup failed: address 'genshtab.censor.net.ua' not found: [Errno -2] Name or service not known."
"http://genshtab.censor.net.ua/wiki/%D0%AE%D1%89%D0%B5%D0%BD%D0%BA%D0%BE,_%D0%92%D0%B8%D0%BA%D1%82%D0%BE%D1%80_%D0%90%D0%BD%D0%B4%D1%80%D0%B5%D0%B5%D0%B2%D0%B8%D1%87" - "DNS lookup failed: address 'genshtab.censor.net.ua' not found: [Errno -2] Name or service not known."
"http://uainfo.censor.net.ua/important/57435--to-stanet-sleduyuschim-prezidentom-ukrainy-timoshenko-ili-lichko.html" - "DNS lookup failed: address 'uainfo.censor.net.ua' not found: [Errno -2] Name or service not known."
"http://uainfo.censor.net.ua/news/16398-yuschenko-skazal-lichko-tak.html" - "DNS lookup failed: address 'uainfo.censor.net.ua' not found: [Errno -2] Name or service not known."
"http://bolognaby.org/" - "[<twisted.python.failure.Failure twisted.web._newclient.ParseError: (u'wrong number of parts', 'HTTP/1.1 302')>]"
"http://bk.baj.by/" - "DNS lookup failed: address 'bk.baj.by' not found: [Errno -2] Name or service not known."
"http://www.centerpost.org/" - "DNS lookup failed: address 'www.centerpost.org' not found: [Errno -2] Name or service not known."
"http://1/" - "An error occurred while connecting: 22: Invalid argument."
"http://ey2013-alliance.eu/index.html" - "DNS lookup failed: address 'ey2013-alliance.eu' not found: [Errno -2] Name or service not known."
"http://www.ng.by/ru/issues?art_id=20128" - "User timeout caused connection failure."
"http://ukrpravda.ua/news://" - "DNS lookup failed: address 'ukrpravda.ua' not found: [Errno -2] Name or service not known."
"http://sms.tele2.ru/" - "DNS lookup failed: address 'sms.tele2.ru' not found: [Errno -2] Name or service not known."
"http://www.imperiya.by/" - "DNS lookup failed: address 'www.imperiya.by' not found: [Errno -2] Name or service not known."
"http://www.ng.by/ru/issues?art_id=20075" - "User timeout caused connection failure."
"http://refs.taba.ru/1PQf" - "DNS lookup failed: address 'refs.taba.ru' not found: [Errno -2] Name or service not known."
"http://www.ng.by/ru/issues?art_id=43726" - "User timeout caused connection failure."
"http://www.3dway.org" - "User timeout caused connection failure."
"http://nation.org.ua/" - "User timeout caused connection failure."
"http://belarus.kulichki.net/index.php?Itemid=1&id=2210&option=com_content&task=view" - "User timeout caused connection failure: Getting http://belarus.kulichki.net/index.php?Itemid=1&id=2210&option=com_content&task=view took longer than 20.0 seconds.."
"https://www.forumsyd.org/Default_ForumSyd.aspx?id=1900" - "User timeout caused connection failure."
"http://files.knihi.com/Slounik/scanned/NNP.Bierasciejskaja.djvu" - "User timeout caused connection failure: Getting http://files.knihi.com/Slounik/scanned/NNP.Bierasciejskaja.djvu took longer than 20.0 seconds.."
"http://files.knihi.com/Slounik/scanned/NNP.Viciebskaja.djvu" - "User timeout caused connection failure: Getting http://files.knihi.com/Slounik/scanned/NNP.Viciebskaja.djvu took longer than 20.0 seconds.."
"http://files.knihi.com/Slounik/scanned/NNP.Mahilouskaja.djvu" - "User timeout caused connection failure: Getting http://files.knihi.com/Slounik/scanned/NNP.Mahilouskaja.djvu took longer than 20.0 seconds.."
"http://files.knihi.com/Slounik/scanned/NNP.Homielskaja.djvu" - "User timeout caused connection failure: Getting http://files.knihi.com/Slounik/scanned/NNP.Homielskaja.djvu took longer than 20.0 seconds.."
"http://files.knihi.com/Slounik/scanned/NNP.Haradzienskaja.djvu" - "User timeout caused connection failure: Getting http://files.knihi.com/Slounik/scanned/NNP.Haradzienskaja.djvu took longer than 20.0 seconds.."
"http://%D0%BA%D0%BD%D0%B8%D0%B3%D0%B8%D0%BA%D0%BE%D0%B1.%D1%80%D1%84/" - "DNS lookup failed: address '%D0%BA%D0%BD%D0%B8%D0%B3%D0%B8%D0%BA%D0%BE%D0%B1.%D1%80%D1%84' not found: [Errno -2] Name or service not known."
"http://verv.in.ua/" - "DNS lookup failed: address 'verv.in.ua' not found: [Errno -2] Name or service not known."
"http://files.knihi.com/Slounik/scanned/NNP.Mienskaja.djvu" - "User timeout caused connection failure: Getting http://files.knihi.com/Slounik/scanned/NNP.Mienskaja.djvu took longer than 20.0 seconds.."
"http://files.knihi.com/Slounik/01/slouniki/ESBM/ESBM_05.djvu" - "User timeout caused connection failure: Getting http://files.knihi.com/Slounik/01/slouniki/ESBM/ESBM_05.djvu took longer than 20.0 seconds.."
"http://rusveerik.com.ua/" - "DNS lookup failed: address 'rusveerik.com.ua' not found: [Errno -2] Name or service not known."
"http://files.knihi.com/Slounik/01/slouniki/ESBM/ESBM_04.djvu" - "User timeout caused connection failure: Getting http://files.knihi.com/Slounik/01/slouniki/ESBM/ESBM_04.djvu took longer than 20.0 seconds.."
"http://files.knihi.com/Slounik/01/slouniki/ESBM/ESBM_03.djvu" - "User timeout caused connection failure: Getting http://files.knihi.com/Slounik/01/slouniki/ESBM/ESBM_03.djvu took longer than 20.0 seconds.."
"http://files.knihi.com/Slounik/01/slouniki/ESBM/ESBM_02.djvu" - "User timeout caused connection failure: Getting http://files.knihi.com/Slounik/01/slouniki/ESBM/ESBM_02.djvu took longer than 20.0 seconds.."
"http://files.knihi.com/Slounik/01/slouniki/ESBM/ESBM_01.djvu" - "User timeout caused connection failure: Getting http://files.knihi.com/Slounik/01/slouniki/ESBM/ESBM_01.djvu took longer than 20.0 seconds.."
"http://files.knihi.com/Slounik/01/slouniki/Slovar_bielorusskaho_nariecija.Nosovic.djvu" - "User timeout caused connection failure: Getting http://files.knihi.com/Slounik/01/slouniki/Slovar_bielorusskaho_nariecija.Nosovic.djvu took longer than 20.0 seconds.."
"http://files.knihi.com/Slounik/02/enc/EP5.djvu" - "User timeout caused connection failure: Getting http://files.knihi.com/Slounik/02/enc/EP5.djvu took longer than 20.0 seconds.."
"http://files.knihi.com/Slounik/02/enc/EP4.djvu" - "User timeout caused connection failure: Getting http://files.knihi.com/Slounik/02/enc/EP4.djvu took longer than 20.0 seconds.."
"http://files.knihi.com/Slounik/02/enc/EP3.djvu" - "User timeout caused connection failure: Getting http://files.knihi.com/Slounik/02/enc/EP3.djvu took longer than 20.0 seconds.."
"http://www.idd.mid.ru/inf/inf_01.html" - "User timeout caused connection failure: Getting http://www.idd.mid.ru/inf/inf_01.html took longer than 20.0 seconds.."
"http://files.knihi.com/Slounik/02/enc/EP2.djvu" - "User timeout caused connection failure: Getting http://files.knihi.com/Slounik/02/enc/EP2.djvu took longer than 20.0 seconds.."
"http://files.knihi.com/Slounik/02/enc/EP1.djvu" - "User timeout caused connection failure: Getting http://files.knihi.com/Slounik/02/enc/EP1.djvu took longer than 20.0 seconds.."
"http://http://odessa36.tv/index.php?Itemid=107&id=16&layout=blog&option=com_content&view=section" - "DNS lookup failed: address 'http' not found: [Errno -2] Name or service not known."
"http://files.knihi.com/Slounik/02/enc/EGB_tom6a.djvu" - "User timeout caused connection failure: Getting http://files.knihi.com/Slounik/02/enc/EGB_tom6a.djvu took longer than 20.0 seconds.."
"http://polemika.com.ua/index/search/date/2014-6-12" - "User timeout caused connection failure."
"http://files.knihi.com/Slounik/02/enc/EGB_tom5_badscan.djvu" - "User timeout caused connection failure: Getting http://files.knihi.com/Slounik/02/enc/EGB_tom5_badscan.djvu took longer than 20.0 seconds.."
"http://polemika.com.ua/news-87339.html" - "User timeout caused connection failure."
"http://www.valme.ee/" - "DNS lookup failed: address 'www.valme.ee' not found: [Errno -2] Name or service not known."
"http://files.knihi.com/Slounik/02/enc/EGB_tom4.djvu" - "User timeout caused connection failure: Getting http://files.knihi.com/Slounik/02/enc/EGB_tom4.djvu took longer than 20.0 seconds.."
"http://www.lavolna.com/" - "User timeout caused connection failure."
"http://files.knihi.com/Slounik/02/enc/EGB_tom3.djvu" - "User timeout caused connection failure: Getting http://files.knihi.com/Slounik/02/enc/EGB_tom3.djvu took longer than 20.0 seconds.."
"http://mestnye.politiko.com.ua/" - "User timeout caused connection failure."
"http://anti-maidan.net/" - "DNS lookup failed: address 'anti-maidan.net' not found: [Errno -2] Name or service not known."
"http://files.knihi.com/Slounik/02/enc/EGB_tom2.djvu" - "User timeout caused connection failure: Getting http://files.knihi.com/Slounik/02/enc/EGB_tom2.djvu took longer than 20.0 seconds.."
"http://polemika.com.ua/" - "User timeout caused connection failure."
"http://uainfo.censor.net.ua/important/55419-baltiyskie-strany-shokirovany-urovnem-zhizni-i-nischetoy-ukraincev.html" - "DNS lookup failed: address 'uainfo.censor.net.ua' not found: [Errno -2] Name or service not known."
"http://files.knihi.com/Slounik/02/enc/EGB_tom1.djvu" - "User timeout caused connection failure: Getting http://files.knihi.com/Slounik/02/enc/EGB_tom1.djvu took longer than 20.0 seconds.."
"http://www.885852.com/" - "User timeout caused connection failure: Getting http://www.885852.com/ took longer than 20.0 seconds.."
"http://files.knihi.com/Slounik/02/enc/Blakitnaja_kniha_Bielarusi.djvu" - "User timeout caused connection failure: Getting http://files.knihi.com/Slounik/02/enc/Blakitnaja_kniha_Bielarusi.djvu took longer than 20.0 seconds.."
"http://2000.net.ua/2000/forum/puls/84306" - "User timeout caused connection failure."
"http://genshtab.censor.net.ua/index.php?title=%D0%A4%D0%B0%D1%80%D0%B8%D0%BE%D0%BD%2C_%D0%98%D1%80%D0%B8%D0%BD%D0%B0_%D0%94%D0%BC%D0%B8%D1%82%D1%80%D0%B8%D0%B5%D0%B2%D0%BD%D0%B0" - "DNS lookup failed: address 'genshtab.censor.net.ua' not found: [Errno -2] Name or service not known."
"http://uainfo.censor.net.ua/news/13880-samolet-achinskogo-sbil-sputnik-cru.html" - "DNS lookup failed: address 'uainfo.censor.net.ua' not found: [Errno -2] Name or service not known."
"http://uainfo.censor.net.ua/heading/politics/18734-o-yanukoviche-snyali-predvybornyy-klip-segodnya-my-s-toboy-kayfuem.html" - "DNS lookup failed: address 'uainfo.censor.net.ua' not found: [Errno -2] Name or service not known."
"http://uainfo.censor.net.ua/news/6585-tyagnibok-na-pokrovu-ne-odnim-slovom-ne-obmolvilsya-pro-timoshenko-video.html" - "DNS lookup failed: address 'uainfo.censor.net.ua' not found: [Errno -2] Name or service not known."
"http://uainfo.censor.net.ua/news/6596-tyagniboka-vozyat-po-ievu-na-maybahe.html" - "DNS lookup failed: address 'uainfo.censor.net.ua' not found: [Errno -2] Name or service not known."
"http://genshtab.censor.net.ua/wiki/%D0%92%D1%81%D0%B5%D1%83%D0%BA%D1%80%D0%B0%D0%B8%D0%BD%D1%81%D0%BA%D0%BE%D0%B5_%D0%BE%D0%B1%D1%8A%D0%B5%D0%B4%D0%B8%D0%BD%D0%B5%D0%BD%D0%B8%D0%B5_%C2%AB%D0%A1%D0%B2%D0%BE%D0%B1%D0%BE%D0%B4%D0%B0%C2%BB" - "DNS lookup failed: address 'genshtab.censor.net.ua' not found: [Errno -2] Name or service not known."
"http://uainfo.censor.net.ua/important/59088-mi-ukrayinc-ye-narod-drugoryadniy-poganiy-nkchemniy.html" - "DNS lookup failed: address 'uainfo.censor.net.ua' not found: [Errno -2] Name or service not known."
"http://uainfo.censor.net.ua/news/11821-tyagnibok-ezdit-na-toyotah-i-hammerah-za-100-200-tys-foto.html" - "DNS lookup failed: address 'uainfo.censor.net.ua' not found: [Errno -2] Name or service not known."
"http://uainfo.censor.net.ua/news/2790-vo-svoboda-ukrala-simvoliku-u-voysk-ss-sravnite-foto-video.html" - "DNS lookup failed: address 'uainfo.censor.net.ua' not found: [Errno -2] Name or service not known."
"http://uainfo.censor.net.ua/news/2569-vo-svoboda-odobryaet-massovoe-unichtozhenie-evreev-gitlerom.html" - "DNS lookup failed: address 'uainfo.censor.net.ua' not found: [Errno -2] Name or service not known."
"http://uainfo.censor.net.ua/news/2802-pacanstvo-vozhaka-neonacistov-mihalchishina-neprostitelno.html" - "DNS lookup failed: address 'uainfo.censor.net.ua' not found: [Errno -2] Name or service not known."
"http://uainfo.censor.net.ua/news/3079-tyagnibok-uchilsya-v-evreyskoy-specshkole-opiya-do-umenta.html" - "DNS lookup failed: address 'uainfo.censor.net.ua' not found: [Errno -2] Name or service not known."
"http://uainfo.censor.net.ua/news/2121-familiya-tyagniboka-po-babushke-frotman.html" - "DNS lookup failed: address 'uainfo.censor.net.ua' not found: [Errno -2] Name or service not known."
"http://www.pravo-kiev.com/events/2012/10/xvatit-li-5-ti-mln.-$-na-osvobozhdenie-yu.-timoshenko-osobenno-esli-ix-net.html" - "Connection was refused by other side: 111: Connection refused."
"http://uainfo.censor.net.ua/news/15241-zayavleniya-azarova-o-dobyche-slancevogo-gaza-ne-stoyat-vyedennogo-yayca.html" - "DNS lookup failed: address 'uainfo.censor.net.ua' not found: [Errno -2] Name or service not known."
"http://uainfo.censor.net.ua/news/2085-pogrom-na-9-maya-vo-lvove-polnostyu-organizovan-sbu-video-audio.html" - "DNS lookup failed: address 'uainfo.censor.net.ua' not found: [Errno -2] Name or service not known."
"http://uainfo.censor.net.ua/news/14697-vmesto-boykota-chempionata-po-futbolu-ukrainskie-vlasti-ozhidaet-strasburgskiy-sud.html" - "DNS lookup failed: address 'uainfo.censor.net.ua' not found: [Errno -2] Name or service not known."
"http://genshtab.censor.net.ua/wiki/%D0%90%D0%B7%D0%B0%D1%80%D0%BE%D0%B2,_%D0%9D%D0%B8%D0%BA%D0%BE%D0%BB%D0%B0%D0%B9_%D0%AF%D0%BD%D0%BE%D0%B2%D0%B8%D1%87" - "DNS lookup failed: address 'genshtab.censor.net.ua' not found: [Errno -2] Name or service not known."
"http://hodos.kharkov.ua/" - "DNS lookup failed: address 'hodos.kharkov.ua' not found: [Errno -2] Name or service not known."
"http://uainfo.censor.net.ua/news/15537-angela-merkel-otkazalas-pozdorovatsya-s-yanukovicha-video.html" - "DNS lookup failed: address 'uainfo.censor.net.ua' not found: [Errno -2] Name or service not known."
"http://genshtab.censor.net.ua/index.php?title=%D0%90%D1%85%D0%BC%D0%B5%D1%82%D0%BE%D0%B2%2C_%D0%A0%D0%B8%D0%BD%D0%B0%D1%82_%D0%9B%D0%B5%D0%BE%D0%BD%D0%B8%D0%B4%D0%BE%D0%B2%D0%B8%D1%87" - "DNS lookup failed: address 'genshtab.censor.net.ua' not found: [Errno -2] Name or service not known."
"http://uainfo.censor.net.ua/news/15488-chikago-vstretilo-yanukovicha-skandirovaniem-zeka-get-fotoreportazh.html" - "DNS lookup failed: address 'uainfo.censor.net.ua' not found: [Errno -2] Name or service not known."
"http://uainfo.censor.net.ua/news/14449-nemcy-otkazyvayutsya-priezzhat-v-ukrainu-esli-frau-timoshenko-budet-stradat-ot-boli.html" - "DNS lookup failed: address 'uainfo.censor.net.ua' not found: [Errno -2] Name or service not known."
"http://ww.e-news.su/mnenie-i-analitika/71521-falsifikaciya-istorii-ukrainskaya-lozh-pro-golodomor.html" - "DNS lookup failed: address 'ww.e-news.su' not found: [Errno -2] Name or service not known."
"http://genshtab.censor.net.ua/index.php?title=%D0%9A%D1%83%D0%B7%D1%8C%D0%BC%D0%B8%D0%BD%2C_%D0%A0%D0%B5%D0%BD%D0%B0%D1%82_%D0%A0%D0%B0%D0%B2%D0%B8%D0%BB%D1%8C%D0%B5%D0%B2%D0%B8%D1%87" - "DNS lookup failed: address 'genshtab.censor.net.ua' not found: [Errno -2] Name or service not known."
"http://genshtab.censor.net.ua/index.php?title=%D0%9A%D0%B0%D1%80%D0%BF%D0%B0%D1%87%D0%B5%D0%B2%D0%B0%2C_%D0%9D%D0%B8%D0%BD%D0%B0_%D0%98%D0%B2%D0%B0%D0%BD%D0%BE%D0%B2%D0%BD%D0%B0" - "DNS lookup failed: address 'genshtab.censor.net.ua' not found: [Errno -2] Name or service not known."
"http://newimperia.ru/magazine/article/evrosodom-jenschina-episkop-blagoslovlyaet-gomoseksualistov-na-missionerstvo/" - "DNS lookup failed: address 'newimperia.ru' not found: [Errno -2] Name or service not known."
"http://www.rss2email.ru/" - "DNS lookup failed: address 'www.rss2email.ru' not found: [Errno -2] Name or service not known."
"http://help.ratz.ru/" - "DNS lookup failed: address 'help.ratz.ru' not found: [Errno -2] Name or service not known."
"http://eu4journalists.eu/" - "DNS lookup failed: address 'eu4journalists.eu' not found: [Errno -2] Name or service not known."
"http://news2000.com.ua/news/sobytija/v-ukraine/213883" - "User timeout caused connection failure."
"http://by.democraticbelarus.eu/" - "DNS lookup failed: address 'by.democraticbelarus.eu' not found: [Errno -2] Name or service not known."
"http://yandex/" - "DNS lookup failed: address 'yandex' not found: [Errno -2] Name or service not known."
"http://mroya.ru/" - "DNS lookup failed: address 'mroya.ru' not found: [Errno -2] Name or service not known."
"http://forum.gc-online.biz/" - "DNS lookup failed: address 'forum.gc-online.biz' not found: [Errno -2] Name or service not known."
"http://fbo-dj.dk/" - "DNS lookup failed: address 'fbo-dj.dk' not found: [Errno -2] Name or service not known."
"http://hetman.by/" - "DNS lookup failed: address 'hetman.by' not found: [Errno -2] Name or service not known."
"http://lenta-ua.net/novosti/" - "DNS lookup failed: address 'lenta-ua.net' not found: [Errno -2] Name or service not known."
"http://www.ua-pravda.com/politprognoz/katehizis-evreya-v-sssr.html" - "DNS lookup failed: address 'www.ua-pravda.com' not found: [Errno -2] Name or service not known."
"http://libereya.ru/biblus/" - "DNS lookup failed: address 'libereya.ru' not found: [Errno -2] Name or service not known."
"http://ihancharuk.hambr.com/" - "DNS lookup failed: address 'ihancharuk.hambr.com' not found: [Errno -2] Name or service not known."
"http://polemika.com.ua/news-99222.html" - "User timeout caused connection failure."
"http://polemika.com.ua/article-93337.html" - "User timeout caused connection failure."
"http://polemika.com.ua/article-98168.html" - "User timeout caused connection failure."
"http://polemika.com.ua/news-98168.html" - "User timeout caused connection failure."
"http://polemika.com.ua/news-97704.html" - "User timeout caused connection failure."
"http://polemika.com.ua/news-68245.html" - "User timeout caused connection failure."
"http://polemika.com.ua/news-98636.html" - "User timeout caused connection failure."
"http://gorad.by/" - "User timeout caused connection failure."
