"http://itblogs.ru" - "DNS lookup failed: address 'itblogs.ru' not found: [Errno -2] Name or service not known."
"http://blog.megaforum.ru" - "DNS lookup failed: address 'blog.megaforum.ru' not found: [Errno -2] Name or service not known."
"http://inforceshop.com/new" - "DNS lookup failed: address 'inforceshop.com' not found: [Errno -2] Name or service not known."
"https://mail.my.com/" - "User timeout caused connection failure."
"http://javamm.sourceforge.net/piluc" - "[<twisted.python.failure.Failure twisted.internet.error.ConnectionLost: Connection to the other side was lost in a non-clean fashion.>]"
"http://www.relax.ru" - "DNS lookup failed: address 'www.relax.ru' not found: [Errno -2] Name or service not known."
"http://www.relax.ru" - "DNS lookup failed: address 'www.relax.ru' not found: [Errno -2] Name or service not known."
"http://http%3A%2F%2Fwww.worddive.com%2Fru=" - "DNS lookup failed: address 'http%3A%2F%2Fwww.worddive.com%2Fru=' not found: [Errno -2] Name or service not known."
"http://web10.bolotov.ru/clients/vzglyad/" - "DNS lookup failed: address 'web10.bolotov.ru' not found: [Errno -2] Name or service not known."
"http://www.%D0%B3%D0%BE%D0%B4%D0%BB%D0%B8%D1%82%D0%B5%D1%80%D0%B0%D1%82%D1%83%D1%80%D1%8B.%D1%80%D1%84/" - "DNS lookup failed: address 'www.%D0%B3%D0%BE%D0%B4%D0%BB%D0%B8%D1%82%D0%B5%D1%80%D0%B0%D1%82%D1%83%D1%80%D1%8B.%D1%80%D1%84' not found: [Errno -2] Name or service not known."
"http://%D0%93%D0%B0%D0%B7%D0%B5%D1%82%D0%B0.ru/" - "DNS lookup failed: address '%D0%93%D0%B0%D0%B7%D0%B5%D1%82%D0%B0.ru' not found: [Errno -2] Name or service not known."
"http://www.bloglenta.ru" - "DNS lookup failed: address 'www.bloglenta.ru' not found: [Errno -2] Name or service not known."
"http://answers.microsoft.com%20/" - "DNS lookup failed: address 'answers.microsoft.com%20' not found: [Errno -2] Name or service not known."
"http://7minds/" - "DNS lookup failed: address '7minds' not found: [Errno -2] Name or service not known."
"https://www.cs.umd.edu/users/gasarch/" - "[<twisted.python.failure.Failure OpenSSL.SSL.Error: [('SSL routines', 'ssl3_read_bytes', 'sslv3 alert handshake failure'), ('SSL routines', 'ssl3_write_bytes', 'ssl handshake failure')]>]"
"http://klimatlet.ru/ekscentrisitet/" - "DNS lookup failed: address 'klimatlet.ru' not found: [Errno -2] Name or service not known."
"http://denied.link/" - "DNS lookup failed: address 'denied.link' not found: [Errno -2] Name or service not known."
"http://%D0%B6%D1%83%D0%BA%D0%BE%D0%B2%D1%81%D0%BA%D0%B8%D0%B9%D0%B7%D0%BC%D0%B7.%D1%80%D1%84/" - "DNS lookup failed: address '%D0%B6%D1%83%D0%BA%D0%BE%D0%B2%D1%81%D0%BA%D0%B8%D0%B9%D0%B7%D0%BC%D0%B7.%D1%80%D1%84' not found: [Errno -2] Name or service not known."
"http://superbomzh.ru/" - "DNS lookup failed: address 'superbomzh.ru' not found: [Errno -2] Name or service not known."
"http://filimtv.jimdo.com/" - "DNS lookup failed: address 'filimtv.jimdo.com' not found: [Errno -2] Name or service not known."
"http://xn--80aaa0c2a3b.xn--p1ai/" - "DNS lookup failed: address 'xn--80aaa0c2a3b.xn--p1ai' not found: [Errno -2] Name or service not known."
"http://www.cs.unm.edu/news/2015/04/upcoming-colloquium--the-role-of-symmetry-or-the-lack-thereof-in-algorithms-andcomputational-complexity.html" - "User timeout caused connection failure."
"http://www.sixdegrees.com/" - "User timeout caused connection failure."
"http://gforge.org/projects/as-help" - "User timeout caused connection failure."
"http://phdays.ru/" - "User timeout caused connection failure."
"http://mk-donbass.com.ua/" - "User timeout caused connection failure: Getting http://mk-donbass.com.ua/ took longer than 20.0 seconds.."
"http://fregat.com.ru/" - "User timeout caused connection failure."
"http://inhabitat.com/flashkus-recyclable-cardboard-flash-drives-come-in-easy-to-use-strips/" - "User timeout caused connection failure: Getting http://inhabitat.com/flashkus-recyclable-cardboard-flash-drives-come-in-easy-to-use-strips/ took longer than 20.0 seconds.."
"http://beon.ru" - "User timeout caused connection failure: Getting http://beon.ru took longer than 20.0 seconds.."
"http://www.inauka.ru/blogs/" - "User timeout caused connection failure."
