"http://idrp.ru/" - "User timeout caused connection failure: Getting http://idrp.ru/ took longer than 20.0 seconds.."
"http://ria.ru/world/20151207/1337739279.html" - "User timeout caused connection failure."
"http://lurkmore.to/%c3%83%c2%83%c3%82%c2%90%c3%83%c2%82%c3%82%c2%a2%c3%83%c2%83%c3%82%c2%91%c3%83%c2%82%c3%82%c2%80%c3%83%c2%83%c3%82%c2%90%c3%83%c2%82%c3%82%c2%b5%c3%83%c2%83%c3%82%c2%91%c3%83%c2%82%c3%82%c2%82%c3%83%c2%83%c3%82%c2%90%c3%83%c2%82%c3%82%c2%b8%c3%83%c2%83%c3%82%c2%90%c3%83%c2%82%c3%82%c2%b9_%c3%83%c2%83%c3%82%c2%90%c3%83%c2%82%c3%82%c2%a1%c3%83%c2%83%c3%82%c2%90%c3%83%c2%82%c3%82%c2%be%c3%83%c2%83%c3%82%c2%90%c3%83%c2%82%c3%82%c2%ba%c3%83%c2%83%c3%82%c2%90%c3%83%c2%82%c3%82%c2%be%c3%83%c2%83%c3%82%c2%90%c3%83%c2%82%c3%82%c2%bb" - "User timeout caused connection failure: Getting http://lurkmore.to/%c3%83%c2%83%c3%82%c2%90%c3%83%c2%82%c3%82%c2%a2%c3%83%c2%83%c3%82%c2%91%c3%83%c2%82%c3%82%c2%80%c3%83%c2%83%c3%82%c2%90%c3%83%c2%82%c3%82%c2%b5%c3%83%c2%83%c3%82%c2%91%c3%83%c2%82%c3%82%c2%82%c3%83%c2%83%c3%82%c2%90%c3%83%c2%82%c3%82%c2%b8%c3%83%c2%83%c3%82%c2%90%c3%83%c2%82%c3%82%c2%b9_%c3%83%c2%83%c3%82%c2%90%c3%83%c2%82%c3%82%c2%a1%c3%83%c2%83%c3%82%c2%90%c3%83%c2%82%c3%82%c2%be%c3%83%c2%83%c3%82%c2%90%c3%83%c2%82%c3%82%c2%ba%c3%83%c2%83%c3%82%c2%90%c3%83%c2%82%c3%82%c2%be%c3%83%c2%83%c3%82%c2%90%c3%83%c2%82%c3%82%c2%bb took longer than 20.0 seconds.."
"http://mc/compose?to=au-banjul@africa-union.org" - "DNS lookup failed: address 'mc' not found: [Errno -2] Name or service not known."
"http://http%3A%2F%2Ftop100.rambler.ru%2Ftop100%2F=" - "DNS lookup failed: address 'http%3A%2F%2Ftop100.rambler.ru%2Ftop100%2F=' not found: [Errno -2] Name or service not known."
"http://http%3A%2F%2Fwww.liveinternet.ru%2Fstat%2Fgroups%2Ffund%2F=" - "DNS lookup failed: address 'http%3A%2F%2Fwww.liveinternet.ru%2Fstat%2Fgroups%2Ffund%2F=' not found: [Errno -2] Name or service not known."
"http://tatresurs.info/tatar_links.htm" - "DNS lookup failed: address 'tatresurs.info' not found: [Errno -2] Name or service not known."
"http://ria.ru/radio/" - "User timeout caused connection failure."
"http://24hourspkcmd7bvr.onion/" - "DNS lookup failed: address '24hourspkcmd7bvr.onion' not found: [Errno -2] Name or service not known."
"http://www.mosdum.ru/" - "DNS lookup failed: address 'www.mosdum.ru' not found: [Errno -2] Name or service not known."
"http://tarif-soft.ru/" - "DNS lookup failed: address 'tarif-soft.ru' not found: [Errno -2] Name or service not known."
"http://ribprodvlad.ru/" - "DNS lookup failed: address 'ribprodvlad.ru' not found: [Errno -2] Name or service not known."
"http://mokdcd.ru/" - "[<twisted.python.failure.Failure twisted.web._newclient.ParseError: (u'wrong number of parts', 'HTTP/1.1 302')>]"
"http://ermeni.hayem.org/" - "DNS lookup failed: address 'ermeni.hayem.org' not found: [Errno -2] Name or service not known."
"http://%EC%E8%ED%EE%E1%F0%ED%E0%F3%EA%E8.%F0%F4/" - "DNS lookup failed: address '%EC%E8%ED%EE%E1%F0%ED%E0%F3%EA%E8.%F0%F4' not found: [Errno -2] Name or service not known."
"http://www.an-piramida.ru/" - "DNS lookup failed: address 'www.an-piramida.ru' not found: [Errno -2] Name or service not known."
"http://sights.gov.by/" - "DNS lookup failed: address 'sights.gov.by' not found: [Errno -2] Name or service not known."
"https://tld.hiv/en/c/policies" - "[<twisted.python.failure.Failure OpenSSL.SSL.Error: [('SSL routines', 'ssl3_read_bytes', 'ssl handshake failure')]>]"
"http://rko.marsho.net/articl/shahidy.htm" - "DNS lookup failed: address 'rko.marsho.net' not found: [Errno -2] Name or service not known."
"http://www.rpvita.by.ru/" - "DNS lookup failed: address 'www.rpvita.by.ru' not found: [Errno -2] Name or service not known."
"http://www.adamalla.com/showthread.php?page=174&s=c0e02300d3d3885fa95e355fc86a8a57&t=14272" - "DNS lookup failed: address 'www.adamalla.com' not found: [Errno -2] Name or service not known."
"http://do7dt6vuskgrz3sa.onion/" - "DNS lookup failed: address 'do7dt6vuskgrz3sa.onion' not found: [Errno -2] Name or service not known."
"http://ingushetiyaru.org" - "DNS lookup failed: address 'ingushetiyaru.org' not found: [Errno -2] Name or service not known."
"http://ria.ru/world/20151120/1325167695.html" - "User timeout caused connection failure."
"http://ria.ru/economy/20151027/1308869465.html" - "User timeout caused connection failure."
"http://ria.ru/interview/20151209/1338457414.html" - "User timeout caused connection failure."
"http://ria.ru/world/20150928/1286639360.html" - "User timeout caused connection failure."
"http://ria.ru/world/20150221/1048967159.html" - "User timeout caused connection failure."
"http://2000.net.ua/" - "User timeout caused connection failure."
"http://www.onlinedisk.ru/file/601629/" - "User timeout caused connection failure."
"http://rian.ru/" - "User timeout caused connection failure."
"http://www.islamdin.com/" - "User timeout caused connection failure."
"http://www.dvdt.kz/rus" - "DNS lookup failed: address 'www.dvdt.kz' not found: [Errno -2] Name or service not known."
"http://www.enbek.gov.kz/" - "Connection was refused by other side: 111: Connection refused."
"http://knigian.net/history/gitler-bez-lzhi-i-mifov-2.html" - "DNS lookup failed: address 'knigian.net' not found: [Errno -2] Name or service not known."
"http://knigian.net/book/nesterov_dmitriy_skiny__rusj_probugdaetsya.fb2" - "DNS lookup failed: address 'knigian.net' not found: [Errno -2] Name or service not known."
"http://ummanews.com/" - "User timeout caused connection failure."
"http://ria.ru/religion/20151208/1338152487.html" - "User timeout caused connection failure."
"http://fedspisok.info/" - "DNS lookup failed: address 'fedspisok.info' not found: [Errno -2] Name or service not known."
"http://platzdarm.org/" - "DNS lookup failed: address 'platzdarm.org' not found: [Errno -2] Name or service not known."
"http://bookshoppe.org/?id=26461&page=book" - "DNS lookup failed: address 'bookshoppe.org' not found: [Errno -2] Name or service not known."
"http://anonscaucasus.com/" - "DNS lookup failed: address 'anonscaucasus.com' not found: [Errno -2] Name or service not known."
"http://www.mki.gov.kz/" - "DNS lookup failed: address 'www.mki.gov.kz' not found: [Errno -2] Name or service not known."
"http://aci.gov.kz/en/" - "DNS lookup failed: address 'aci.gov.kz' not found: [Errno -2] Name or service not known."
"http://knigian.net/sovremennaya-proza/duh-69-go-bibliya-skinheda.html" - "DNS lookup failed: address 'knigian.net' not found: [Errno -2] Name or service not known."
"http://knigian.net/domovodstvo/bomba-iz-hozmaga.html" - "DNS lookup failed: address 'knigian.net' not found: [Errno -2] Name or service not known."
"http://www.%D0%B3%D1%83%D1%81%D0%B5%D0%B2%D0%BA%D0%B1.%D1%80%D1%84/" - "DNS lookup failed: address 'www.%D0%B3%D1%83%D1%81%D0%B5%D0%B2%D0%BA%D0%B1.%D1%80%D1%84' not found: [Errno -2] Name or service not known."
"http://rossia-q.ru/" - "DNS lookup failed: address 'rossia-q.ru' not found: [Errno -2] Name or service not known."
"http://www.avemir.ru/" - "DNS lookup failed: address 'www.avemir.ru' not found: [Errno -2] Name or service not known."
"http://%D1%81%D0%B5%D0%B8%D0%BC-%D0%B8%D0%BD%D1%84%D0%BE.%D1%80%D1%84/" - "DNS lookup failed: address '%D1%81%D0%B5%D0%B8%D0%BC-%D0%B8%D0%BD%D1%84%D0%BE.%D1%80%D1%84' not found: [Errno -2] Name or service not known."
"http://nedelya.ren-tv.com/" - "DNS lookup failed: address 'nedelya.ren-tv.com' not found: [Errno -2] Name or service not known."
"http://www.zwoz.ru/" - "DNS lookup failed: address 'www.zwoz.ru' not found: [Errno -2] Name or service not known."
"http://www.google-add.com/from.php?9278=" - "DNS lookup failed: address 'www.google-add.com' not found: [Errno -2] Name or service not known."
"http://www.habar.org/" - "DNS lookup failed: address 'www.habar.org' not found: [Errno -2] Name or service not known."
"http://%D0%9F%D1%80%D0%B0%D0%B2%D0%B8%D1%82%D0%B5%D0%BB%D1%8C%D1%81%D1%82%D0%B2%D0%BE.%D0%A2%D0%B0%D1%82%D0%B0%D1%80%D1%81%D1%82%D0%B0%D0%BD.%D0%A0%D0%A4/rus/totreception.htm" - "DNS lookup failed: address '%D0%9F%D1%80%D0%B0%D0%B2%D0%B8%D1%82%D0%B5%D0%BB%D1%8C%D1%81%D1%82%D0%B2%D0%BE.%D0%A2%D0%B0%D1%82%D0%B0%D1%80%D1%81%D1%82%D0%B0%D0%BD.%D0%A0%D0%A4' not found: [Errno -2] Name or service not known."
"http://%D0%90%D0%BD%D1%82%D0%BE%D0%BD%D0%BE%D0%B2%D0%B8%D1%87/" - "DNS lookup failed: address '%D0%90%D0%BD%D1%82%D0%BE%D0%BD%D0%BE%D0%B2%D0%B8%D1%87' not found: [Errno -2] Name or service not known."
"http://favicon.ico/" - "DNS lookup failed: address 'favicon.ico' not found: [Errno -2] Name or service not known."
"http://www.avekomp.ru/" - "DNS lookup failed: address 'www.avekomp.ru' not found: [Errno -2] Name or service not known."
"http://%D0%9F%D0%B0%D1%80%D1%82%D0%B8%D1%8F-%D0%B6%D1%83%D0%BB%D0%B8%D0%BA%D0%BE%D0%B2-%D0%B8-%D0%B2%D0%BE%D1%80%D0%BE%D0%B2.%D0%A0%D0%A4/" - "DNS lookup failed: address '%D0%9F%D0%B0%D1%80%D1%82%D0%B8%D1%8F-%D0%B6%D1%83%D0%BB%D0%B8%D0%BA%D0%BE%D0%B2-%D0%B8-%D0%B2%D0%BE%D1%80%D0%BE%D0%B2.%D0%A0%D0%A4' not found: [Errno -2] Name or service not known."
"http://forum.kooperativrt.ru/" - "DNS lookup failed: address 'forum.kooperativrt.ru' not found: [Errno -2] Name or service not known."
"http://9may.eu/" - "User timeout caused connection failure."
"http://www.otkroveniya.info/" - "User timeout caused connection failure: Getting http://www.otkroveniya.info/ took longer than 20.0 seconds.."
"http://www.forrestpos.ru/index.php" - "User timeout caused connection failure."
"https://www.nic.ltda/ltda-domains/policies/" - "User timeout caused connection failure."
"http://www.skm36.org/" - "DNS lookup failed: address 'www.skm36.org' not found: [Errno -2] Name or service not known."
"http://red-patriot.protiv.tv/" - "DNS lookup failed: address 'red-patriot.protiv.tv' not found: [Errno -2] Name or service not known."
"http://mx2.vashbyt.ru:8000/live.m3u" - "User timeout caused connection failure."
"http://www.bloglines.com/sub/https://forum.web.com/feed/" - "User timeout caused connection failure."
"http://www.invisionboard.com/" - "User timeout caused connection failure."
"http://mashaalradio.com%20/" - "DNS lookup failed: address 'mashaalradio.com%20' not found: [Errno -2] Name or service not known."
"http://www.ria.ru/society/20151215/1342621419.html" - "User timeout caused connection failure."
"http://www.peshehodov.net/" - "DNS lookup failed: address 'www.peshehodov.net' not found: [Errno -2] Name or service not known."
"http://www.cato.ru/" - "DNS lookup failed: address 'www.cato.ru' not found: [Errno -2] Name or service not known."
"http://www.bestdriver2011.ru/" - "User timeout caused connection failure."
"http://www.ria.ru/society/20151215/1342626776.html" - "User timeout caused connection failure."
"http://nissan-4%C3%974.ru/" - "DNS lookup failed: address 'nissan-4%C3%974.ru' not found: [Errno -2] Name or service not known."
"http://www.smoney.ru/" - "DNS lookup failed: address 'www.smoney.ru' not found: [Errno -2] Name or service not known."
"http://ria.ru/politics/20151019/1304512886.html" - "User timeout caused connection failure."
"http://www.ria.ru/moscow/20151215/1342708754.html" - "User timeout caused connection failure."
"http://www.rian.ru/" - "User timeout caused connection failure."
"http://%D0%9D%D0%B0%D0%B4%D0%B5%D0%B6%D0%B4%D0%B039.%D0%A0%D0%A4/" - "DNS lookup failed: address '%D0%9D%D0%B0%D0%B4%D0%B5%D0%B6%D0%B4%D0%B039.%D0%A0%D0%A4' not found: [Errno -2] Name or service not known."
"http://www.m6club.ru/" - "User timeout caused connection failure."
"http://%E3%E8%EC%ED%E0%E7%E8%FF42.%F0%F4/" - "DNS lookup failed: address '%E3%E8%EC%ED%E0%E7%E8%FF42.%F0%F4' not found: [Errno -2] Name or service not known."
"http://www.sibustur.ru/" - "DNS lookup failed: address 'www.sibustur.ru' not found: [Errno -2] Name or service not known."
"http://http://parkchudes.su/" - "DNS lookup failed: address 'http' not found: [Errno -2] Name or service not known."
"http://www.m3club.ru/" - "User timeout caused connection failure."
"http://www.ria.ru/society/20151215/1342714273.html" - "User timeout caused connection failure."
"http://mitaj.ru/" - "DNS lookup failed: address 'mitaj.ru' not found: [Errno -2] Name or service not known."
"http://www.ria.ru/moscow/20151215/1342720602.html" - "User timeout caused connection failure."
"http://www.ria.ru/spravka/20151216/1341831060.html" - "User timeout caused connection failure."
"http://www.ria.ru/incidents/20151216/1342825863.html" - "User timeout caused connection failure."
"http://www.ria.ru/incidents/20151216/1342891554.html" - "User timeout caused connection failure."
"http://binub.turretdev.com/en/index.php" - "DNS lookup failed: address 'binub.turretdev.com' not found: [Errno -2] Name or service not known."
"http://www.ria.ru/tv_society/20151216/1342893861.html" - "User timeout caused connection failure."
"http://tatarlar.ru/" - "DNS lookup failed: address 'tatarlar.ru' not found: [Errno -2] Name or service not known."
"http://www.kprf-sortavala.ru/" - "DNS lookup failed: address 'www.kprf-sortavala.ru' not found: [Errno -2] Name or service not known."
"http://neokomsomol.kz/" - "DNS lookup failed: address 'neokomsomol.kz' not found: [Errno -2] Name or service not known."
"http://www.ria.ru/photolents/20151216/1342851748.html" - "User timeout caused connection failure."
"http://www.tatural.ru/" - "DNS lookup failed: address 'www.tatural.ru' not found: [Errno -2] Name or service not known."
"http://www.opros.zp.ua/" - "DNS lookup failed: address 'www.opros.zp.ua' not found: [Errno -2] Name or service not known."
"http://www.%D0%B6%D0%B0%D1%80%D0%B4%D0%B5%D0%BC.kz/" - "DNS lookup failed: address 'www.%D0%B6%D0%B0%D1%80%D0%B4%D0%B5%D0%BC.kz' not found: [Errno -2] Name or service not known."
"http://www.ria.ru/" - "User timeout caused connection failure."
"https://top100.rambler.ru/navi/3131029/" - "User timeout caused connection failure."
"http://campche.newleft.info/" - "DNS lookup failed: address 'campche.newleft.info' not found: [Errno -2] Name or service not known."
"http://www.african-court.org/en/" - "User timeout caused connection failure."
"http://www.ilya-safe.com/" - "DNS lookup failed: address 'www.ilya-safe.com' not found: [Errno -2] Name or service not known."
"http://top.enter.ru/?fromsite=257" - "DNS lookup failed: address 'top.enter.ru' not found: [Errno -2] Name or service not known."
"http://top.enter.ru/" - "DNS lookup failed: address 'top.enter.ru' not found: [Errno -2] Name or service not known."
"http://www.kulinar-recept.ru/" - "DNS lookup failed: address 'www.kulinar-recept.ru' not found: [Errno -2] Name or service not known."
"http://www.fraggersinc.com/" - "DNS lookup failed: address 'www.fraggersinc.com' not found: [Errno -2] Name or service not known."
"http://www.casio-curitel.ru/" - "DNS lookup failed: address 'www.casio-curitel.ru' not found: [Errno -2] Name or service not known."
"http://www.desarrollo2000.com/" - "DNS lookup failed: address 'www.desarrollo2000.com' not found: [Errno -2] Name or service not known."
"http://www.milanpo.ru/" - "DNS lookup failed: address 'www.milanpo.ru' not found: [Errno -2] Name or service not known."
"http://www.sothaier.ru/" - "DNS lookup failed: address 'www.sothaier.ru' not found: [Errno -2] Name or service not known."
"http://www.tvoy-dom.zp.ua/" - "DNS lookup failed: address 'www.tvoy-dom.zp.ua' not found: [Errno -2] Name or service not known."
"http://www.avtoqo.ru/" - "DNS lookup failed: address 'www.avtoqo.ru' not found: [Errno -2] Name or service not known."
"http://www.oceni-nedvizhku.ru/" - "DNS lookup failed: address 'www.oceni-nedvizhku.ru' not found: [Errno -2] Name or service not known."
"http://www.korea-ubiquam.ru/" - "DNS lookup failed: address 'www.korea-ubiquam.ru' not found: [Errno -2] Name or service not known."
"http://www.amoi-electronics.ru/" - "DNS lookup failed: address 'www.amoi-electronics.ru' not found: [Errno -2] Name or service not known."
"http://www.stroy-dereva.ru/" - "DNS lookup failed: address 'www.stroy-dereva.ru' not found: [Errno -2] Name or service not known."
"http://www.lrf-kenya.org/" - "User timeout caused connection failure."
"http://www.kolosov.zp.ua/" - "DNS lookup failed: address 'www.kolosov.zp.ua' not found: [Errno -2] Name or service not known."
"http://www.bmkf.com.ua/" - "DNS lookup failed: address 'www.bmkf.com.ua' not found: [Errno -2] Name or service not known."
"http://www.sanitariya-nadzor.ru/" - "DNS lookup failed: address 'www.sanitariya-nadzor.ru' not found: [Errno -2] Name or service not known."
"http://www.mpolitika.berdyansk.info/" - "DNS lookup failed: address 'www.mpolitika.berdyansk.info' not found: [Errno -2] Name or service not known."
"http://www.meddoma.ru/" - "DNS lookup failed: address 'www.meddoma.ru' not found: [Errno -2] Name or service not known."
"http://www.errorzone.ru/" - "DNS lookup failed: address 'www.errorzone.ru' not found: [Errno -2] Name or service not known."
"http://www.kzotonline.ru/" - "DNS lookup failed: address 'www.kzotonline.ru' not found: [Errno -2] Name or service not known."
"http://www.cancer-car-donations.info/" - "DNS lookup failed: address 'www.cancer-car-donations.info' not found: [Errno -2] Name or service not known."
"http://www.nanoveko.ru/" - "DNS lookup failed: address 'www.nanoveko.ru' not found: [Errno -2] Name or service not known."
"http://www.metodef.ru/" - "DNS lookup failed: address 'www.metodef.ru' not found: [Errno -2] Name or service not known."
"http://www.ventilashion.ru/" - "DNS lookup failed: address 'www.ventilashion.ru' not found: [Errno -2] Name or service not known."
"http://housecar.ru/" - "DNS lookup failed: address 'housecar.ru' not found: [Errno -2] Name or service not known."
"http://www.sweetba-by.ru/" - "DNS lookup failed: address 'www.sweetba-by.ru' not found: [Errno -2] Name or service not known."
"http://www.love362.ru/" - "DNS lookup failed: address 'www.love362.ru' not found: [Errno -2] Name or service not known."
"http://www.menyala.ru/partner.asp?pid=6138" - "User timeout caused connection failure."
"http://www.islamcom.ru/material.php?committee=" - "DNS lookup failed: address 'www.islamcom.ru' not found: [Errno -2] Name or service not known."
"http://www.texnomanij.ru/" - "DNS lookup failed: address 'www.texnomanij.ru' not found: [Errno -2] Name or service not known."
"http://www.auto-in-usa.ru/" - "DNS lookup failed: address 'www.auto-in-usa.ru' not found: [Errno -2] Name or service not known."
"http://mebesale.ru/" - "DNS lookup failed: address 'mebesale.ru' not found: [Errno -2] Name or service not known."
"http://www.%F0%ED%EA%E0%F2%ED%EE.%F0%F4/" - "DNS lookup failed: address 'www.%F0%ED%EA%E0%F2%ED%EE.%F0%F4' not found: [Errno -2] Name or service not known."
"http://uihaf.org/ru/" - "DNS lookup failed: address 'uihaf.org' not found: [Errno -2] Name or service not known."
"http://www-catalog.ru/" - "DNS lookup failed: address 'www-catalog.ru' not found: [Errno -2] Name or service not known."
"http://www.tatarlar.ru/" - "DNS lookup failed: address 'www.tatarlar.ru' not found: [Errno -2] Name or service not known."
"http://www.avtosocialka.ru/" - "User timeout caused connection failure."
"file:///C:/Documents%20and%20Settings/Admin/%CC%EE%E8%20%E4%EE%EA%F3%EC%E5%ED%F2%FB/%CC%EE%E8%20%E2%E5%E1-%F3%E7%EB%FB/%EC%EE%E9_%F3%E7%E5%EB/" - "[Errno 2] No such file or directory: '/C:/Documents and Settings/Admin/\xcc\xee\xe8 \xe4\xee\xea\xf3\xec\xe5\xed\xf2\xfb/\xcc\xee\xe8 \xe2\xe5\xe1-\xf3\xe7\xeb\xfb/\xec\xee\xe9_\xf3\xe7\xe5\xeb/'"
"http://domvavto.ru/" - "DNS lookup failed: address 'domvavto.ru' not found: [Errno -2] Name or service not known."
"http://dta-turan.org/" - "DNS lookup failed: address 'dta-turan.org' not found: [Errno -2] Name or service not known."
"http://aznova.ru/" - "DNS lookup failed: address 'aznova.ru' not found: [Errno -2] Name or service not known."
"http://all-surgut.ru/" - "DNS lookup failed: address 'all-surgut.ru' not found: [Errno -2] Name or service not known."
"http://www.ekologiya-svet.ru/" - "DNS lookup failed: address 'www.ekologiya-svet.ru' not found: [Errno -2] Name or service not known."
"http://feniks.karelia.ru/" - "User timeout caused connection failure."
"http://www.spravochniks.ru/" - "DNS lookup failed: address 'www.spravochniks.ru' not found: [Errno -2] Name or service not known."
"http://www.radiokurgan.ru/archive/photo/golubtsov/halflife/" - "DNS lookup failed: address 'www.radiokurgan.ru' not found: [Errno -2] Name or service not known."
"http://www.safemeds.com/" - "User timeout caused connection failure."
"http://www.ummanews.com/" - "User timeout caused connection failure."
"http://www.minfin.gov.kz/irj/portal/anonymous" - "User timeout caused connection failure: Getting http://www.minfin.gov.kz/irj/portal/anonymous took longer than 20.0 seconds.."
"http://www.koran.ru/" - "DNS lookup failed: address 'www.koran.ru' not found: [Errno -2] Name or service not known."
"http://opac.libfl.ru/mardjani/" - "DNS lookup failed: address 'opac.libfl.ru' not found: [Errno -2] Name or service not known."
"http://www.madenimura.kz/" - "User timeout caused connection failure."
