"http://insights.chitika.com/2012/web-browser-market-share-november-2012-update/" - "User timeout caused connection failure."
"http://insights.chitika.com/2012/operating-system-market-share-november-2012-update/" - "User timeout caused connection failure."
"http://insights.chitika.com/2012/search-engine-market-share-november-2012-update/" - "User timeout caused connection failure."
"https://mail.my.com/" - "User timeout caused connection failure."
"http://clicksbzn.com/go/765/223/s?subid=storylink&subid2=spina&subid3=$utm_campaign&subid4=$utm_content" - "[<twisted.python.failure.Failure twisted.web._newclient.ParseError: (u'wrong number of parts', 'HTTP/1.1 302')>]"
"http://clicksbzn.com/go/765/223/s?subid=storylink&subid2=prostatit&subid3=$utm_campaign&subid4=$utm_content" - "[<twisted.python.failure.Failure twisted.web._newclient.ParseError: (u'wrong number of parts', 'HTTP/1.1 302')>]"
"http://bznclicks.com/go/765/197/s?subid=storylink&subid2=pohuden&subid3=$utm_campaign&subid4=$utm_content" - "[<twisted.python.failure.Failure twisted.web._newclient.ParseError: (u'wrong number of parts', 'HTTP/1.1 302')>]"
"http://clicksbzn.com/go/765/223/s?subid=storylink&subid2=sustav&subid3=$utm_campaign&subid4=$utm_content" - "[<twisted.python.failure.Failure twisted.web._newclient.ParseError: (u'wrong number of parts', 'HTTP/1.1 302')>]"
"http://clicksbzn.com/go/765/223/s?subid=storylink&subid2=diabet&subid3=$utm_campaign&subid4=$utm_content" - "[<twisted.python.failure.Failure twisted.web._newclient.ParseError: (u'wrong number of parts', 'HTTP/1.1 302')>]"
"http://clicksbzn.com/go/765/223/s?subid=storylink&subid2=gepatit&subid3=$utm_campaign&subid4=$utm_content" - "[<twisted.python.failure.Failure twisted.web._newclient.ParseError: (u'wrong number of parts', 'HTTP/1.1 302')>]"
"http://clicksbzn.com/go/765/223/s?subid=topmenu&subid2=alcohol&subid3=$utm_campaign&subid4=$utm_content" - "[<twisted.python.failure.Failure twisted.web._newclient.ParseError: (u'wrong number of parts', 'HTTP/1.1 302')>]"
"http://clicksbzn.com/go/765/223/s?subid=storylink&subid2=gipertonia&subid3=$utm_campaign&subid4=$utm_content" - "[<twisted.python.failure.Failure twisted.web._newclient.ParseError: (u'wrong number of parts', 'HTTP/1.1 302')>]"
"http://clicksbzn.com/go/765/223/s?subid=topmenu&subid2=cistit&subid3=$utm_campaign&subid4=$utm_content" - "[<twisted.python.failure.Failure twisted.web._newclient.ParseError: (u'wrong number of parts', 'HTTP/1.1 302')>]"
"http://clicksbzn.com/go/765/223/s?subid=storylink&subid2=zrenie&subid3=$utm_campaign&subid4=$utm_content" - "[<twisted.python.failure.Failure twisted.web._newclient.ParseError: (u'wrong number of parts', 'HTTP/1.1 302')>]"
"http://clickscapture.com/go/765/150/s?subid1=storylink&subid2=molodost" - "[<twisted.python.failure.Failure twisted.web._newclient.ParseError: (u'wrong number of parts', 'HTTP/1.1 302')>]"
"http://clickscapture.com/go/765/158?subid=topmenu&subid2=dengiall" - "[<twisted.python.failure.Failure twisted.web._newclient.ParseError: (u'wrong number of parts', 'HTTP/1.1 302')>]"
"http://clicksbzn.com/go/765/223/s?subid=topmenu&subid2=powerbody&subid3=$utm_campaign&subid4=$utm_content" - "[<twisted.python.failure.Failure twisted.web._newclient.ParseError: (u'wrong number of parts', 'HTTP/1.1 302')>]"
"http://clicksbzn.com/go/765/223/s?subid=topmenu&subid2=sustav&subid3=$utm_campaign&subid4=$utm_content" - "[<twisted.python.failure.Failure twisted.web._newclient.ParseError: (u'wrong number of parts', 'HTTP/1.1 302')>]"
"http://clicksbzn.com/go/765/223/s?subid=topmenu&subid2=grud&subid3=$utm_campaign&subid4=$utm_content" - "[<twisted.python.failure.Failure twisted.web._newclient.ParseError: (u'wrong number of parts', 'HTTP/1.1 302')>]"
"http://clicksbzn.com/go/765/223/s?subid=topmenu&subid2=libido&subid3=$utm_campaign&subid4=$utm_content" - "[<twisted.python.failure.Failure twisted.web._newclient.ParseError: (u'wrong number of parts', 'HTTP/1.1 302')>]"
"http://clicksbzn.com/go/765/223/s?subid=topmenu&subid2=prostatit&subid3=$utm_campaign&subid4=$utm_content" - "[<twisted.python.failure.Failure twisted.web._newclient.ParseError: (u'wrong number of parts', 'HTTP/1.1 302')>]"
"http://bznclicks.com/go/765/197/s?subid=topmenu&subid2=pohuden&subid3=$utm_campaign&subid4=$utm_content" - "[<twisted.python.failure.Failure twisted.web._newclient.ParseError: (u'wrong number of parts', 'HTTP/1.1 302')>]"
"http://clicksbzn.com/go/765/223/s?subid=topmenu&subid2=spina&subid3=$utm_campaign&subid4=$utm_content" - "[<twisted.python.failure.Failure twisted.web._newclient.ParseError: (u'wrong number of parts', 'HTTP/1.1 302')>]"
"http://clicksbzn.com/go/765/223/s?subid=topmenu&subid2=volosy&subid3=$utm_campaign&subid4=$utm_content" - "[<twisted.python.failure.Failure twisted.web._newclient.ParseError: (u'wrong number of parts', 'HTTP/1.1 302')>]"
"http://clickscapture.com/go/765/150/s?subid1=topmenu&subid2=molodost" - "[<twisted.python.failure.Failure twisted.web._newclient.ParseError: (u'wrong number of parts', 'HTTP/1.1 302')>]"
"http://clicksbzn.com/go/765/223/s?subid=topmenu&subid2=nosmoke&subid3=$utm_campaign&subid4=$utm_content" - "[<twisted.python.failure.Failure twisted.web._newclient.ParseError: (u'wrong number of parts', 'HTTP/1.1 302')>]"
"http://link2moneyz.com/go/765/158/s?subid1=topmenu&subid2=impotent" - "[<twisted.python.failure.Failure twisted.web._newclient.ParseError: (u'wrong number of parts', 'HTTP/1.1 302')>]"
"http://clicksbzn.com/go/765/223/s?subid=topmenu&subid2=zrenie&subid3=$utm_campaign&subid4=$utm_content" - "[<twisted.python.failure.Failure twisted.web._newclient.ParseError: (u'wrong number of parts', 'HTTP/1.1 302')>]"
"http://clicksbzn.com/go/765/223/s?subid=topmenu&subid2=diabet&subid3=$utm_campaign&subid4=$utm_content" - "[<twisted.python.failure.Failure twisted.web._newclient.ParseError: (u'wrong number of parts', 'HTTP/1.1 302')>]"
"http://clicksbzn.com/go/765/223/s?subid=topmenu&subid2=gipertonia&subid3=$utm_campaign&subid4=$utm_content" - "[<twisted.python.failure.Failure twisted.web._newclient.ParseError: (u'wrong number of parts', 'HTTP/1.1 302')>]"
"http://clicksbzn.com/go/765/223/s?subid=topmenu&subid2=gepatit&subid3=$utm_campaign&subid4=$utm_content" - "[<twisted.python.failure.Failure twisted.web._newclient.ParseError: (u'wrong number of parts', 'HTTP/1.1 302')>]"
"http://clicksbzn.com/go/765/223/s?subid=topmenu&subid2=varikoz&subid3=$utm_campaign&subid4=$utm_content" - "[<twisted.python.failure.Failure twisted.web._newclient.ParseError: (u'wrong number of parts', 'HTTP/1.1 302')>]"
"http://clicksbzn.com/go/765/223/s?subid=topmenu&subid2=valgus&subid3=$utm_campaign&subid4=$utm_content" - "[<twisted.python.failure.Failure twisted.web._newclient.ParseError: (u'wrong number of parts', 'HTTP/1.1 302')>]"
"http://%D0%BC%D0%B8%D0%BD%D0%BE%D0%B1%D1%80%D0%BD%D0%B0%D1%83%D0%BA%D0%B8.%D1%80%D1%84/" - "DNS lookup failed: address '%D0%BC%D0%B8%D0%BD%D0%BE%D0%B1%D1%80%D0%BD%D0%B0%D1%83%D0%BA%D0%B8.%D1%80%D1%84' not found: [Errno -2] Name or service not known."
"http://expo.mtpp.org/" - "DNS lookup failed: address 'expo.mtpp.org' not found: [Errno -2] Name or service not known."
"http://%D0%93%D0%B0%D0%B7%D0%B5%D1%82%D0%B0.ru/" - "DNS lookup failed: address '%D0%93%D0%B0%D0%B7%D0%B5%D1%82%D0%B0.ru' not found: [Errno -2] Name or service not known."
"http://evomedica.ru/" - "DNS lookup failed: address 'evomedica.ru' not found: [Errno -2] Name or service not known."
"http://www.mirinfo.ru/" - "DNS lookup failed: address 'www.mirinfo.ru' not found: [Errno -2] Name or service not known."
"http://bolezni-i-sostoyaniya/emergency" - "DNS lookup failed: address 'bolezni-i-sostoyaniya' not found: [Errno -2] Name or service not known."
"http://infocenter-nms.ru/" - "DNS lookup failed: address 'infocenter-nms.ru' not found: [Errno -2] Name or service not known."
"http://attraction.wmj.ru/" - "DNS lookup failed: address 'attraction.wmj.ru' not found: [Errno -2] Name or service not known."
"http://http://ad.adriver.ru/cgi-bin/click.cgi?ad=538535&bid=4014468&bn=4014468&bt=21&pid=2096037&rnd=1279357071%2F&sid=1" - "DNS lookup failed: address 'http' not found: [Errno -2] Name or service not known."
"http://2006.it-russia.ru/laureates/" - "DNS lookup failed: address '2006.it-russia.ru' not found: [Errno -2] Name or service not known."
"http://pingsite.ru/" - "DNS lookup failed: address 'pingsite.ru' not found: [Errno -2] Name or service not known."
"http://www.goldsite.2000.ru/2001/members/final.html?f=1n&l=1" - "DNS lookup failed: address 'www.goldsite.2000.ru' not found: [Errno -2] Name or service not known."
"http://%20spectechnikatula.ru/" - "DNS lookup failed: address '%20spectechnikatula.ru' not found: [Errno -2] Name or service not known."
"file:///C:/WINDOWS/TEMP/med/gepatitb.htm" - "[Errno 2] No such file or directory: '/C:/WINDOWS/TEMP/med/gepatitb.htm'"
"http://%20http://www.away.ru/object/voshititelnaya-villa-na-lazurnom-beregu-9%20" - "DNS lookup failed: address '%20http' not found: [Errno -2] Name or service not known."
"http://mysemya.by.ru/" - "DNS lookup failed: address 'mysemya.by.ru' not found: [Errno -2] Name or service not known."
"http://9959951.%D1%80%D1%84/" - "DNS lookup failed: address '9959951.%D1%80%D1%84' not found: [Errno -2] Name or service not known."
"http://page.construction/" - "DNS lookup failed: address 'page.construction' not found: [Errno -2] Name or service not known."
"http://www.germes-lada.ru/" - "DNS lookup failed: address 'www.germes-lada.ru' not found: [Errno -2] Name or service not known."
"http://www.minzdravsoc.ru/docs/mzsr/orders/1218" - "User timeout caused connection failure."
"http://www.internit.ru/?winners=" - "DNS lookup failed: address 'www.internit.ru' not found: [Errno -2] Name or service not known."
"http://www.deutschesprache.ru/index.shtml" - "User timeout caused connection failure."
"http://manyweb.ru/" - "User timeout caused connection failure."
"http://www.invisionboard.com/" - "User timeout caused connection failure."
"http://www.love-ok.ru/?id=4" - "User timeout caused connection failure."
"http://www.love-ok.ru" - "User timeout caused connection failure."
