"http://asozd2.duma.gov.ru/work/ud.nsf/budget?OpenPage" - "User timeout caused connection failure: Getting http://asozd2.duma.gov.ru/work/ud.nsf/budget?OpenPage took longer than 20.0 seconds.."
"https://www.math.auckland.ac.nz/~sgal018/AC2015/PhilMovie.mp4" - ""
"http://beachreport.epa.vic.gov.au/beachreport/" - "DNS lookup failed: address 'beachreport.epa.vic.gov.au' not found: [Errno -2] Name or service not known."
"http://kommersant77.hostingradio.ru/kommersant64.mp3" - "User timeout caused connection failure: Getting http://kommersant77.hostingradio.ru/kommersant64.mp3 took longer than 20.0 seconds.."
"http://kommersant77.hostingradio.ru/kommersant32.mp3" - "User timeout caused connection failure: Getting http://kommersant77.hostingradio.ru/kommersant32.mp3 took longer than 20.0 seconds.."
"http://kommersant77.hostingradio.ru/kommersant128.mp3" - "User timeout caused connection failure: Getting http://kommersant77.hostingradio.ru/kommersant128.mp3 took longer than 20.0 seconds.."
"http://dima.ru" - "DNS lookup failed: address 'dima.ru' not found: [Errno -2] Name or service not known."
"http://www.defapress.ir/Fa/" - "User timeout caused connection failure: Getting http://www.defapress.ir/Fa/ took longer than 20.0 seconds.."
"http://http%3A%2F%2Fwww.mediametrics.ru%2Frating%2Fru%2Fonline.html%3Farticle=184663988" - "DNS lookup failed: address 'http%3A%2F%2Fwww.mediametrics.ru%2Frating%2Fru%2Fonline.html%3Farticle=184663988' not found: [Errno -2] Name or service not known."
"http://http%3A%2F%2Fwww.mediametrics.ru%2Frating%2Fru%2Fonline.html%3Farticle=185054553" - "DNS lookup failed: address 'http%3A%2F%2Fwww.mediametrics.ru%2Frating%2Fru%2Fonline.html%3Farticle=185054553' not found: [Errno -2] Name or service not known."
"http://http%3A%2F%2Fwww.mediametrics.ru%2Frating%2Fru%2Fonline.html%3Farticle=184519578" - "DNS lookup failed: address 'http%3A%2F%2Fwww.mediametrics.ru%2Frating%2Fru%2Fonline.html%3Farticle=184519578' not found: [Errno -2] Name or service not known."
"http://http%3A%2F%2Fwww.mediametrics.ru%2Frating%2Fru%2Fonline.html%3Farticle=184695183" - "DNS lookup failed: address 'http%3A%2F%2Fwww.mediametrics.ru%2Frating%2Fru%2Fonline.html%3Farticle=184695183' not found: [Errno -2] Name or service not known."
"http://http%3A%2F%2Fwww.mediametrics.ru%2Frating%2Fru%2Fonline.html%3Farticle=184865446" - "DNS lookup failed: address 'http%3A%2F%2Fwww.mediametrics.ru%2Frating%2Fru%2Fonline.html%3Farticle=184865446' not found: [Errno -2] Name or service not known."
"http://ria.ru/world/20151216/1342764821.html" - "User timeout caused connection failure."
"http://ria.ru/economy/20151215/1342346701.html" - "User timeout caused connection failure."
"http://www.fmdos.cl/" - "DNS lookup failed: address 'www.fmdos.cl' not found: [Errno -2] Name or service not known."
"http://www.kioskoymas.com/publicacion/mostrar/elpais" - "User timeout caused connection failure: Getting http://www.kioskoymas.com/publicacion/mostrar/elpais took longer than 20.0 seconds.."
"http://ria.ru/defense_safety/20151216/1342732251.html" - "User timeout caused connection failure."
"http://ria.ru/world/20151205/1336615780.html" - "User timeout caused connection failure."
"http://ria.ru/world/20151216/1342819943.html" - "User timeout caused connection failure."
"https://t.c%E2%80%A6/" - "Codepoint U+0025 at position 2 of u'c%E2%80%A6' not allowed"
"http://ria.ru/world/20151206/1337145344.html#ixzz3tYzVAqpn" - "User timeout caused connection failure."
"http://ria.ru/world/20151215/1342522845.html" - "User timeout caused connection failure."
"http://ria.ru/syria_chronicle/20151215/1342546254.html" - "User timeout caused connection failure."
"http://ria.ru/syria/20151215/1342612878.html" - "User timeout caused connection failure."
"http://ria.ru/syria_is/20151216/1342830683.html" - "User timeout caused connection failure."
"http://ria.ru/world/20151216/1342878169.html" - "User timeout caused connection failure."
"http://1.live" - "DNS lookup failed: address '1.live' not found: [Errno -2] Name or service not known."
"http://ruproverb.com/18355" - "DNS lookup failed: address 'ruproverb.com' not found: [Errno -2] Name or service not known."
"http://ruproverb.com/11153" - "DNS lookup failed: address 'ruproverb.com' not found: [Errno -2] Name or service not known."
"http://ruproverb.com/16839" - "DNS lookup failed: address 'ruproverb.com' not found: [Errno -2] Name or service not known."
"http://ruproverb.com/12318" - "DNS lookup failed: address 'ruproverb.com' not found: [Errno -2] Name or service not known."
"http://ruproverb.com/18657" - "DNS lookup failed: address 'ruproverb.com' not found: [Errno -2] Name or service not known."
"http://ruproverb.com/14951" - "DNS lookup failed: address 'ruproverb.com' not found: [Errno -2] Name or service not known."
"http://ruproverb.com/4597" - "DNS lookup failed: address 'ruproverb.com' not found: [Errno -2] Name or service not known."
"http://ruproverb.com/9307" - "DNS lookup failed: address 'ruproverb.com' not found: [Errno -2] Name or service not known."
"http://ruproverb.com/4751" - "DNS lookup failed: address 'ruproverb.com' not found: [Errno -2] Name or service not known."
"http://ruproverb.com/12115" - "DNS lookup failed: address 'ruproverb.com' not found: [Errno -2] Name or service not known."
"http://ruproverb.com/5458" - "DNS lookup failed: address 'ruproverb.com' not found: [Errno -2] Name or service not known."
"http://ruproverb.com/8204" - "DNS lookup failed: address 'ruproverb.com' not found: [Errno -2] Name or service not known."
"http://ruproverb.com/15421" - "DNS lookup failed: address 'ruproverb.com' not found: [Errno -2] Name or service not known."
"http://ruproverb.com/14587" - "DNS lookup failed: address 'ruproverb.com' not found: [Errno -2] Name or service not known."
"http://ruproverb.com/18832" - "DNS lookup failed: address 'ruproverb.com' not found: [Errno -2] Name or service not known."
"http://ruproverb.com/12209" - "DNS lookup failed: address 'ruproverb.com' not found: [Errno -2] Name or service not known."
"http://ruproverb.com/8073" - "DNS lookup failed: address 'ruproverb.com' not found: [Errno -2] Name or service not known."
"http://ruproverb.com/18090" - "DNS lookup failed: address 'ruproverb.com' not found: [Errno -2] Name or service not known."
"http://ruproverb.com/17876" - "DNS lookup failed: address 'ruproverb.com' not found: [Errno -2] Name or service not known."
"http://ruproverb.com/" - "DNS lookup failed: address 'ruproverb.com' not found: [Errno -2] Name or service not known."
"http://humour.work" - "DNS lookup failed: address 'humour.work' not found: [Errno -2] Name or service not known."
"https://t%E2%80%A6/" - "Codepoint U+0025 at position 2 of u't%E2%80%A6' not allowed"
"https://t.%E2%80%A6/" - "Codepoint U+0025 at position 1 of u'%E2%80%A6' not allowed"
"http://ria.ru/world/20151215/1342412457.html" - "User timeout caused connection failure."
"http://ria.ru/world/20151212/1341069861.html" - "User timeout caused connection failure."
"http://ria.ru/radio/" - "User timeout caused connection failure."
"http://www.mn.ru//world/20130308/339398257.html" - "[<twisted.python.failure.Failure twisted.web._newclient.ParseError: (u'wrong number of parts', 'HTTP/1.1 404')>]"
"https://aliqin.tmall.com/" - "User timeout caused connection failure: Getting https://aliqin.tmall.com/ took longer than 20.0 seconds.."
"http://blog.intellectdesign.ru/" - "DNS lookup failed: address 'blog.intellectdesign.ru' not found: [Errno -2] Name or service not known."
"https://casinokorona.com/%F1%EB%EE%F2%FB-%E8%E3%F0%EE%E2%FB%E5-%E0%E2%F2%EE%EC%E0%F2%FB" - "[<twisted.python.failure.Failure OpenSSL.SSL.Error: [('SSL routines', 'ssl3_read_bytes', 'ssl handshake failure')]>]"
"http://tribuna.ru/" - "DNS lookup failed: address 'tribuna.ru' not found: [Errno -2] Name or service not known."
"http://http://izvestia.ru/" - "DNS lookup failed: address 'http' not found: [Errno -2] Name or service not known."
"http://http://marker.ru/" - "DNS lookup failed: address 'http' not found: [Errno -2] Name or service not known."
"https://https://disqus.com/home/settings/account/" - "DNS lookup failed: address 'https' not found: [Errno -2] Name or service not known."
"http://sfonews.info/" - "[<twisted.python.failure.Failure exceptions.ValueError: Too many Content-Length headers; response is invalid>]"
"http://%20http://www.rg.ru/2015/12/09/lavra-site-anons.html%20" - "DNS lookup failed: address '%20http' not found: [Errno -2] Name or service not known."
"http://www.imperiya.by/" - "DNS lookup failed: address 'www.imperiya.by' not found: [Errno -2] Name or service not known."
"http://http://odessa36.tv/index.php?Itemid=107&id=16&layout=blog&option=com_content&view=section" - "DNS lookup failed: address 'http' not found: [Errno -2] Name or service not known."
"http://aftershock.su/" - "DNS lookup failed: address 'aftershock.su' not found: [Errno -2] Name or service not known."
"http://anti-maidan.net/" - "DNS lookup failed: address 'anti-maidan.net' not found: [Errno -2] Name or service not known."
"http://lenta-ua.net/novosti/" - "DNS lookup failed: address 'lenta-ua.net' not found: [Errno -2] Name or service not known."
"http://ukrpravda.ua/news://" - "DNS lookup failed: address 'ukrpravda.ua' not found: [Errno -2] Name or service not known."
"http://www.podrobnosti.com.ua/" - "DNS lookup failed: address 'www.podrobnosti.com.ua' not found: [Errno -2] Name or service not known."
"http://kp.life.nthu.edu.tw/" - "DNS lookup failed: address 'kp.life.nthu.edu.tw' not found: [Errno -2] Name or service not known."
"http://www.mfa.od.ua/page3.htm" - "DNS lookup failed: address 'www.mfa.od.ua' not found: [Errno -2] Name or service not known."
"http://www.mfa.od.ua/page2.htm" - "DNS lookup failed: address 'www.mfa.od.ua' not found: [Errno -2] Name or service not known."
"http://www.mfa.od.ua/page1.htm" - "DNS lookup failed: address 'www.mfa.od.ua' not found: [Errno -2] Name or service not known."
"http://rus.tmtbb.ru/news/article/beslan-residents-say-forces-used-grenades/224058.html" - "DNS lookup failed: address 'rus.tmtbb.ru' not found: [Errno -2] Name or service not known."
"http://www.cdi.org/russia/johnson/8415-17.cfm" - "DNS lookup failed: address 'www.cdi.org' not found: [Errno -2] Name or service not known."
"http://https://twitter.com/igrov_v" - "DNS lookup failed: address 'https' not found: [Errno -2] Name or service not known."
"http://context.themoscowtimes.com/stories/2007/10/12/105.html" - "[<twisted.python.failure.Failure twisted.internet.error.ConnectionDone: Connection was closed cleanly.>]"
"http://news.independent.co.uk/europe/article309416.ece" - "DNS lookup failed: address 'news.independent.co.uk' not found: [Errno -2] Name or service not known."
"http://aphelp.ap.org%20/" - "DNS lookup failed: address 'aphelp.ap.org%20' not found: [Errno -2] Name or service not known."
"http://govcost.co.uk/" - "DNS lookup failed: address 'govcost.co.uk' not found: [Errno -2] Name or service not known."
"http://old.ingushetiyaru.org/news/6227.html" - "DNS lookup failed: address 'old.ingushetiyaru.org' not found: [Errno -2] Name or service not known."
"http://old.ingushetiyaru.org/news/6214.html" - "DNS lookup failed: address 'old.ingushetiyaru.org' not found: [Errno -2] Name or service not known."
"https://rns.online/news/2015/12/07/Peretok-elektrichestva-po-energomostu-v-Krim-sostavlyaet-263-MVt/" - "[<twisted.python.failure.Failure OpenSSL.SSL.Error: [('SSL routines', 'ssl3_read_bytes', 'ssl handshake failure')]>]"
"http://warday.su/" - "DNS lookup failed: address 'warday.su' not found: [Errno -2] Name or service not known."
"http://http://uk.businessinsider.com/skills-that-pay-off-forever-2015-6?IR=T&utm_campaign=buffer%3Fr%3DUS&utm_content=buffer69663&utm_medium=social&utm_source=facebook.com" - "DNS lookup failed: address 'http' not found: [Errno -2] Name or service not known."
"http://blog.intellectdesign.ru/post/43" - "DNS lookup failed: address 'blog.intellectdesign.ru' not found: [Errno -2] Name or service not known."
"http://http://uk.businessinsider.com/afp-shell-says-to-cut-2800-jobs-following-bg-takeover-2015-12" - "DNS lookup failed: address 'http' not found: [Errno -2] Name or service not known."
"http://emission/chronique-espace/" - "DNS lookup failed: address 'emission' not found: [Errno -2] Name or service not known."
"http://ulas-vladimir.ru/" - "DNS lookup failed: address 'ulas-vladimir.ru' not found: [Errno -2] Name or service not known."
"http://www.ulkuocaklari.org.tr/" - "DNS lookup failed: address 'www.ulkuocaklari.org.tr' not found: [Errno -2] Name or service not known."
"http://asozd2.duma.gov.ru/main.nsf/(Spravka)?OpenAgent=&RN=954756-6" - "User timeout caused connection failure: Getting http://asozd2.duma.gov.ru/main.nsf/(Spravka)?OpenAgent=&RN=954756-6 took longer than 20.0 seconds.."
"http://ria.ru/economy/20151215/1342598603.html" - "User timeout caused connection failure."
"http://turktarih.net/t-107-erge-eko-desta-i.html" - "DNS lookup failed: address 'turktarih.net' not found: [Errno -2] Name or service not known."
"http://arsiv.zaman.com.tr/2001/02/08/odosya/ozalsuikasti.htm" - "DNS lookup failed: address 'arsiv.zaman.com.tr' not found: [Errno -2] Name or service not known."
"http://jihadwatch/" - "DNS lookup failed: address 'jihadwatch' not found: [Errno -2] Name or service not known."
"http://ria.ru/society/20151129/1331706582.html" - "User timeout caused connection failure."
"http://ria.ru/world/20151215/1342583603.html" - "User timeout caused connection failure."
"http://www.russiatoday.ru/" - "DNS lookup failed: address 'www.russiatoday.ru' not found: [Errno -2] Name or service not known."
"http://livefyre.com/" - "User timeout caused connection failure."
"http://www.civilianresponsecorps.gov/" - "DNS lookup failed: address 'www.civilianresponsecorps.gov' not found: [Errno -2] Name or service not known."
"http://www.tribuna.ru/" - "DNS lookup failed: address 'www.tribuna.ru' not found: [Errno -2] Name or service not known."
"http://www.vor.ru/" - "User timeout caused connection failure."
"http://institutperevoda.ru/?lang=ru" - "User timeout caused connection failure."
"http://ria.ru/earth/20151127/1329648390.html" - "User timeout caused connection failure."
"http://istmat.info/" - "User timeout caused connection failure."
"http://www.personalmd.com/news/klebsiella_102299.shtml" - "User timeout caused connection failure."
"http://en.efesbasket.org/the_clup/icerik.aspx?SectionId=103" - "DNS lookup failed: address 'en.efesbasket.org' not found: [Errno -2] Name or service not known."
"http://nkg.die.gov.tr/en/goster.asp?aile=1" - "DNS lookup failed: address 'nkg.die.gov.tr' not found: [Errno -2] Name or service not known."
"http://en.efesbasket.org/Efes-Pilsen-History/Our-Successes.aspx" - "DNS lookup failed: address 'en.efesbasket.org' not found: [Errno -2] Name or service not known."
"http://www.ncturkishfestival.com/index.php?Itemid=114&id=19&layout=blog&option=com_content&view=category" - "DNS lookup failed: address 'www.ncturkishfestival.com' not found: [Errno -2] Name or service not known."
"http://polemika.com.ua/index/search/date/2014-6-12" - "User timeout caused connection failure."
"http://www.fenerbahce.org.tr/detay.asp?ContentID=23311" - "User timeout caused connection failure."
"http://www.tsk.mil.tr/eng/genel_konular/savunmaorganizasyonu.htm" - "DNS lookup failed: address 'www.tsk.mil.tr' not found: [Errno -2] Name or service not known."
"http://zlochinec.kyiv.ua/" - "User timeout caused connection failure."
"http://www.archmuseum.org/Gallery/turkish-architecture-in-the-republican-period_6.html" - "User timeout caused connection failure."
"http://ria.ru/infografika/20150706/1116821199.html" - "User timeout caused connection failure."
"http://www.archmuseum.org/Gallery/Photo_6_1_the-search-for-identity-1st-national-architecture-movement.html" - "User timeout caused connection failure."
"http://cookie-policy/" - "DNS lookup failed: address 'cookie-policy' not found: [Errno -2] Name or service not known."
"http://185.32.215.115/ad.doubleclick.net/" - "Connection was refused by other side: 111: Connection refused."
"http://rebootingcapitalism.com%20/" - "DNS lookup failed: address 'rebootingcapitalism.com%20' not found: [Errno -2] Name or service not known."
"http://www.santillana.com.py/" - "DNS lookup failed: address 'www.santillana.com.py' not found: [Errno -2] Name or service not known."
"http://www.turkstat.gov.tr/IcerikGetir.do?istab_id=69" - "User timeout caused connection failure: Getting http://www.turkstat.gov.tr/IcerikGetir.do?istab_id=69 took longer than 20.0 seconds.."
"http://ria.ru/politics/20151215/1342519111.html" - "User timeout caused connection failure."
"http://ria.ru/world/20151215/1342586063.html" - "User timeout caused connection failure."
"http://alhurra.com/" - "User timeout caused connection failure."
"http://178.209.48.7/ad.doubleclick.net/" - "User timeout caused connection failure."
"http://ria.ru/world/20151215/1342691124.html" - "User timeout caused connection failure."
"http://ria.ru/society/20151215/1342611392.html" - "User timeout caused connection failure."
"http://www.elpaisinternacional.com/index.html?idmenu=47" - "User timeout caused connection failure."
"http://%D3%CF%CC%CE%D9%DB%CB%CF%D7.%D2%C6/" - "DNS lookup failed: address '%D3%CF%CC%CE%D9%DB%CB%CF%D7.%D2%C6' not found: [Errno -2] Name or service not known."
"http://www.%D0%B3%D0%BE%D0%B4%D0%BB%D0%B8%D1%82%D0%B5%D1%80%D0%B0%D1%82%D1%83%D1%80%D1%8B.%D1%80%D1%84/" - "DNS lookup failed: address 'www.%D0%B3%D0%BE%D0%B4%D0%BB%D0%B8%D1%82%D0%B5%D1%80%D0%B0%D1%82%D1%83%D1%80%D1%8B.%D1%80%D1%84' not found: [Errno -2] Name or service not known."
"http://www,kyvgenweb.ru/" - "DNS lookup failed: address 'www,kyvgenweb.ru' not found: [Errno -2] Name or service not known."
"http://www.ruproverb.com/" - "DNS lookup failed: address 'www.ruproverb.com' not found: [Errno -2] Name or service not known."
"http://www.to-info.ru/" - "DNS lookup failed: address 'www.to-info.ru' not found: [Errno -2] Name or service not known."
"http://www.onmeda.de/" - "[<twisted.python.failure.Failure twisted.internet.error.ConnectionDone: Connection was closed cleanly.>, <twisted.python.failure.Failure twisted.web.http._DataLoss: >]"
"http://youthprogram.ru/" - "DNS lookup failed: address 'youthprogram.ru' not found: [Errno -2] Name or service not known."
"http://ipccreport.wordpress.com%20/" - "DNS lookup failed: address 'ipccreport.wordpress.com%20' not found: [Errno -2] Name or service not known."
"http://ashford.turtleinteractive.com/?utm_campaign=Footer&utm_content=Ashford%2BTheme&utm_medium=Link&utm_source=Ashford%2BCode" - "DNS lookup failed: address 'ashford.turtleinteractive.com' not found: [Errno -2] Name or service not known."
"http://answers.microsoft.com%20/" - "DNS lookup failed: address 'answers.microsoft.com%20' not found: [Errno -2] Name or service not known."
"http://www.sim4fly.com/" - "DNS lookup failed: address 'www.sim4fly.com' not found: [Errno -2] Name or service not known."
"http://http://www.svyaznoy.ru/e-catalog/" - "DNS lookup failed: address 'http' not found: [Errno -2] Name or service not known."
"http://%D0%BA%D0%B0%D1%87%D0%B5%D1%81%D1%82%D0%B2%D0%BE.%D1%80%D1%84/" - "DNS lookup failed: address '%D0%BA%D0%B0%D1%87%D0%B5%D1%81%D1%82%D0%B2%D0%BE.%D1%80%D1%84' not found: [Errno -2] Name or service not known."
"http://%D1%80%D1%81%D0%BF%D0%BF.%D1%80%D1%84/" - "DNS lookup failed: address '%D1%80%D1%81%D0%BF%D0%BF.%D1%80%D1%84' not found: [Errno -2] Name or service not known."
"http://msk.rufront.ru/" - "DNS lookup failed: address 'msk.rufront.ru' not found: [Errno -2] Name or service not known."
"http://web10.bolotov.ru/clients/vzglyad/" - "DNS lookup failed: address 'web10.bolotov.ru' not found: [Errno -2] Name or service not known."
"http://web.secu.org.ua/arbitr.gov.ua.html" - "DNS lookup failed: address 'web.secu.org.ua' not found: [Errno -2] Name or service not known."
"http://blog.bit.ly/post/263859706/spam-and-malware-protection" - "DNS lookup failed: address 'blog.bit.ly' not found: [Errno -2] Name or service not known."
"http://isc2.dhl.com/" - "Connection was refused by other side: 111: Connection refused."
"http://www.radiorus.ru/news.html?date=12-10-2010&id=505134.html&rid=346" - "[<twisted.python.failure.Failure twisted.web._newclient.ParseError: (u'wrong number of parts', 'HTTP/1.1 500')>]"
"http://mendel.su/articles/140" - "DNS lookup failed: address 'mendel.su' not found: [Errno -2] Name or service not known."
"http://http://startupwomen.ru" - "DNS lookup failed: address 'http' not found: [Errno -2] Name or service not known."
"http://%D0%BF%D1%80%D0%B5%D0%BC%D0%B8%D1%8F%D0%B1%D0%B8%D0%B7%D0%BD%D0%B5%D1%81%D1%83%D1%81%D0%BF%D0%B5%D1%85.%D1%80%D1%84/" - "DNS lookup failed: address '%D0%BF%D1%80%D0%B5%D0%BC%D0%B8%D1%8F%D0%B1%D0%B8%D0%B7%D0%BD%D0%B5%D1%81%D1%83%D1%81%D0%BF%D0%B5%D1%85.%D1%80%D1%84' not found: [Errno -2] Name or service not known."
"http://vandpolman.com/" - "DNS lookup failed: address 'vandpolman.com' not found: [Errno -2] Name or service not known."
"http://www.ikomentare.cz/" - "DNS lookup failed: address 'www.ikomentare.cz' not found: [Errno -2] Name or service not known."
"http://ria.ru/syria_peace/20151215/1342677213.html" - "User timeout caused connection failure."
"http://www.jpost.co.il/'http:/www.jpost.com/Middle-East/EUs-Ashton-heads-to-Egypt-for-crisis-talks-321364'" - "[<twisted.python.failure.Failure twisted.internet.error.ConnectionLost: Connection to the other side was lost in a non-clean fashion.>]"
"http://ie8.smoothfusion.com/WallStreetJournal/view.aspx" - "DNS lookup failed: address 'ie8.smoothfusion.com' not found: [Errno -2] Name or service not known."
"http://http://top.rbc.ru/politics/24/03/2014/913149.shtml" - "DNS lookup failed: address 'http' not found: [Errno -2] Name or service not known."
"http://ef.1939-1945.net/b001_005_1.shtml" - "DNS lookup failed: address 'ef.1939-1945.net' not found: [Errno -2] Name or service not known."
"http://ria.ru/incidents/20151215/1342725761.html" - "User timeout caused connection failure."
"http://fregat.com.ru/" - "User timeout caused connection failure."
"http://ria.ru/syria_chronicle/20151214/1341985184.html" - "User timeout caused connection failure."
"http://ria.ru/economy/20151030/1310740936.html" - "User timeout caused connection failure."
"http://ria.ru/world/20151214/1342155612.html" - "User timeout caused connection failure."
"http://blog.iea.org.uk/" - "User timeout caused connection failure."
"http://ria.ru/politics/20151215/1342267642.html" - "User timeout caused connection failure."
"http://khodorkovsky.com/" - "User timeout caused connection failure: Getting http://khodorkovsky.com/ took longer than 20.0 seconds.."
"http://new.hse.ru/C18/C8/kaf-stat/default.aspx" - "User timeout caused connection failure."
"http://ria.ru/space/20150804/1161588146.html" - "User timeout caused connection failure."
"http://www.spielemiterfolg.de/" - "User timeout caused connection failure."
"http://ria.ru/defense_safety/20150116/1042813750.html" - "User timeout caused connection failure."
"http://online.sberbank.ru/" - "User timeout caused connection failure."
"http://ria.ru/world/20151213/1341532995.html" - "User timeout caused connection failure."
