"https://internetbs.net/" - "User timeout caused connection failure: Getting https://internetbs.net/ took longer than 20.0 seconds.."
"https://www.hostmonster.com/track/phpbbsoftwareltd/footer" - "[<twisted.python.failure.Failure OpenSSL.SSL.Error: [('SSL routines', 'ssl3_read_bytes', 'ssl handshake failure')]>]"
"https://flibusta.me/" - "Connection was refused by other side: 111: Connection refused."
"http://bookfi.org/" - "DNS lookup failed: address 'bookfi.org' not found: [Errno -2] Name or service not known."
"http://libgen.io/" - "[<twisted.python.failure.Failure twisted.internet.error.ConnectionDone: Connection was closed cleanly.>]"
"http://libgen.io/foreignfiction/" - "[<twisted.python.failure.Failure twisted.internet.error.ConnectionDone: Connection was closed cleanly.>]"
"http://libgen.io/comics/" - "[<twisted.python.failure.Failure twisted.internet.error.ConnectionDone: Connection was closed cleanly.>]"
"http://grep.geek/" - "DNS lookup failed: address 'grep.geek' not found: [Errno -2] Name or service not known."
"http://localhost:7657/confignet.jsp" - "Connection was refused by other side: 111: Connection refused."
"http://localhost:7657/configservice.jsp" - "Connection was refused by other side: 111: Connection refused."
"http://localhost:7657/config.jsp" - "Connection was refused by other side: 111: Connection refused."
"http://localhost:7657/index.jsp" - "Connection was refused by other side: 111: Connection refused."
"http://forum.i2p/viewforum.php?f=29" - "DNS lookup failed: address 'forum.i2p' not found: [Errno -2] Name or service not known."
"http://update.killyourtv.i2p/i2p.apk" - "DNS lookup failed: address 'update.killyourtv.i2p' not found: [Errno -2] Name or service not known."
"http://trac.i2p2.i2p/" - "DNS lookup failed: address 'trac.i2p2.i2p' not found: [Errno -2] Name or service not known."
"http://127.0.0.1:7657/configupdate" - "Connection was refused by other side: 111: Connection refused."
"http://library.slashdotmedia.com/?source=sfnet_header" - "[<twisted.python.failure.Failure twisted.internet.error.ConnectionLost: Connection to the other side was lost in a non-clean fashion.>]"
"http://wikis.sun.com/display/OpenJdkBuilds/JDK+Glossary+of+Terms" - "DNS lookup failed: address 'wikis.sun.com' not found: [Errno -2] Name or service not known."
"http://website/" - "DNS lookup failed: address 'website' not found: [Errno -2] Name or service not known."
"http://forum.i2p/" - "DNS lookup failed: address 'forum.i2p' not found: [Errno -2] Name or service not known."
"http://@guardianproject/" - "DNS lookup failed: address '@guardianproject' not found: [Errno -2] Name or service not known."
"http://127.0.0.1:7657/" - "Connection was refused by other side: 111: Connection refused."
"http://127.0.0.1:7657/logs" - "Connection was refused by other side: 111: Connection refused."
"http://%D0%93%D0%B0%D0%B7%D0%B5%D1%82%D0%B0.ru/" - "DNS lookup failed: address '%D0%93%D0%B0%D0%B7%D0%B5%D1%82%D0%B0.ru' not found: [Errno -2] Name or service not known."
"http://library.slashdotmedia.com/?source=sfnet_footer" - "[<twisted.python.failure.Failure twisted.internet.error.ConnectionLost: Connection to the other side was lost in a non-clean fashion.>]"
"http://oti.newamerica.net/" - "DNS lookup failed: address 'oti.newamerica.net' not found: [Errno -2] Name or service not known."
"http://apparat.cc/news/google-chrome-left-crimea/" - "User timeout caused connection failure."
"http://www.internetbs.net/" - "User timeout caused connection failure."
"http://192.241.241.153/emercoin" - "User timeout caused connection failure."
"http://darkgamex.ch:2752/chain/Emercoin?count=2016&hi=136455" - "User timeout caused connection failure: Getting http://darkgamex.ch:2752/chain/Emercoin?count=2016&hi=136455 took longer than 20.0 seconds.."
"http://powertracker.org/" - "User timeout caused connection failure."
"http://www.unlock-myspace.com/" - "User timeout caused connection failure."
"http://emer.coin.emergate.net/" - "User timeout caused connection failure."
"http://%D1%80%D0%BA%D0%BD%D0%BA.%D1%80%D1%84/" - "DNS lookup failed: address '%D1%80%D0%BA%D0%BD%D0%BA.%D1%80%D1%84' not found: [Errno -2] Name or service not known."
"http://flibusta.lib/" - "DNS lookup failed: address 'flibusta.lib' not found: [Errno -2] Name or service not known."
"http://nnm-club.lib/" - "DNS lookup failed: address 'nnm-club.lib' not found: [Errno -2] Name or service not known."
"http://coollib.lib/" - "DNS lookup failed: address 'coollib.lib' not found: [Errno -2] Name or service not known."
"http://www.flibusta.lib/" - "DNS lookup failed: address 'www.flibusta.lib' not found: [Errno -2] Name or service not known."
"http://olegh.cc.st/minecraft/emc-for-minecraft.html" - "DNS lookup failed: address 'olegh.cc.st' not found: [Errno -2] Name or service not known."
"http://emc.dsync.net/" - "DNS lookup failed: address 'emc.dsync.net' not found: [Errno -2] Name or service not known."
"http://emc.coin-miners.info/" - "DNS lookup failed: address 'emc.coin-miners.info' not found: [Errno -2] Name or service not known."
"http://torrentpier.info/" - "DNS lookup failed: address 'torrentpier.info' not found: [Errno -2] Name or service not known."
"http://www.dahproxy.com/" - "DNS lookup failed: address 'www.dahproxy.com' not found: [Errno -2] Name or service not known."
"http://deleted/" - "DNS lookup failed: address 'deleted' not found: [Errno -2] Name or service not known."
"http://reg.oss/" - "DNS lookup failed: address 'reg.oss' not found: [Errno -2] Name or service not known."
"http://opennic.oz/" - "DNS lookup failed: address 'opennic.oz' not found: [Errno -2] Name or service not known."
"http://reg.parody/" - "DNS lookup failed: address 'reg.parody' not found: [Errno -2] Name or service not known."
"http://10.0.0.1/" - "User timeout caused connection failure."
"http://register.neo/" - "DNS lookup failed: address 'register.neo' not found: [Errno -2] Name or service not known."
"http://register.gopher/" - "DNS lookup failed: address 'register.gopher' not found: [Errno -2] Name or service not known."
"http://reg.for.free/" - "DNS lookup failed: address 'reg.for.free' not found: [Errno -2] Name or service not known."
"http://192.168.1.1/" - "User timeout caused connection failure."
"http://register.bbs/" - "DNS lookup failed: address 'register.bbs' not found: [Errno -2] Name or service not known."
"http://register.fur/" - "DNS lookup failed: address 'register.fur' not found: [Errno -2] Name or service not known."
"http://seek.geek/" - "DNS lookup failed: address 'seek.geek' not found: [Errno -2] Name or service not known."
"http://reg.dyn/" - "DNS lookup failed: address 'reg.dyn' not found: [Errno -2] Name or service not known."
"http://www.thepiratebay,se/" - "DNS lookup failed: address 'www.thepiratebay,se' not found: [Errno -2] Name or service not known."
"http://piratebay/" - "DNS lookup failed: address 'piratebay' not found: [Errno -2] Name or service not known."
"http://p/" - "DNS lookup failed: address 'p' not found: [Errno -2] Name or service not known."
"http://domainnameipv6/" - "DNS lookup failed: address 'domainnameipv6' not found: [Errno -2] Name or service not known."
"http://%D0%BD%D1%8D%D0%B1.%D1%80%D1%84/" - "DNS lookup failed: address '%D0%BD%D1%8D%D0%B1.%D1%80%D1%84' not found: [Errno -2] Name or service not known."
"http://flibusta.i2p/" - "DNS lookup failed: address 'flibusta.i2p' not found: [Errno -2] Name or service not known."
"http://flibustahezeous3.onion/" - "DNS lookup failed: address 'flibustahezeous3.onion' not found: [Errno -2] Name or service not known."
"http://zmw2cyw2vj7f6obx3msmdvdepdhnw2ctc4okza2zjxlukkdfckhq.b32.i2p/" - "DNS lookup failed: address 'zmw2cyw2vj7f6obx3msmdvdepdhnw2ctc4okza2zjxlukkdfckhq.b32.i2p' not found: [Errno -2] Name or service not known."
"http://exchange.emc.emergate.net/" - "[<twisted.python.failure.Failure twisted.internet.error.ConnectionDone: Connection was closed cleanly.>]"
"http://trqtw.sourceforge.net/blog/" - "[<twisted.python.failure.Failure twisted.internet.error.ConnectionLost: Connection to the other side was lost in a non-clean fashion.>]"
"http://www.vladstudio.com/" - "[<twisted.python.failure.Failure twisted.web._newclient.ParseError: (u'wrong number of parts', 'HTTP/1.1 301')>]"
"https://cryptex.biz/market/85" - "DNS lookup failed: address 'cryptex.biz' not found: [Errno -2] Name or service not known."
"http://www.vmathpie.com/" - "DNS lookup failed: address 'www.vmathpie.com' not found: [Errno -2] Name or service not known."
"http://libgen.org/foreignfiction/" - "[<twisted.python.failure.Failure twisted.internet.error.ConnectionDone: Connection was closed cleanly.>]"
"http://libgen.org/comics/" - "[<twisted.python.failure.Failure twisted.internet.error.ConnectionDone: Connection was closed cleanly.>]"
"http://mx.yandex.ru:10/" - "User timeout caused connection failure."
"http://94.242.251.91/" - "User timeout caused connection failure."
"http://www.fark.com/" - "User timeout caused connection failure."
"http://192.168.0.1/" - "User timeout caused connection failure."
"http://www.serververgleich.com/virtual-server-mieten" - "[<twisted.python.failure.Failure twisted.internet.error.ConnectionLost: Connection to the other side was lost in a non-clean fashion.>]"
"http://www.base-search.net/" - "User timeout caused connection failure."
"http://lib.ec/" - "User timeout caused connection failure."
