"http://lingvoman.vinidiktov.ru" - "DNS lookup failed: address 'lingvoman.vinidiktov.ru' not found: [Errno -2] Name or service not known."
"http://www.funnycoloring.com%2F=" - "DNS lookup failed: address 'www.funnycoloring.com%2F=' not found: [Errno -2] Name or service not known."
"http://www.vesti.ru%2F=" - "DNS lookup failed: address 'www.vesti.ru%2F=' not found: [Errno -2] Name or service not known."
"http://poisk.ru%2Figry%2Fbig-battle-tanks.swf=" - "DNS lookup failed: address 'poisk.ru%2Figry%2Fbig-battle-tanks.swf=' not found: [Errno -2] Name or service not known."
"http://www.girlsgogames.ru%2Fpopular.html=" - "DNS lookup failed: address 'www.girlsgogames.ru%2Fpopular.html=' not found: [Errno -2] Name or service not known."
"http://www.realore.ru%2Fgames-online%2Ffermamania%2F=" - "DNS lookup failed: address 'www.realore.ru%2Fgames-online%2Ffermamania%2F=' not found: [Errno -2] Name or service not known."
"http://www.realore.ru%2Fgames-online%2F=" - "DNS lookup failed: address 'www.realore.ru%2Fgames-online%2F=' not found: [Errno -2] Name or service not known."
"http://poisk.ru%2Figry%2Forb-eater.swf=" - "DNS lookup failed: address 'poisk.ru%2Figry%2Forb-eater.swf=' not found: [Errno -2] Name or service not known."
"http://poisk.ru%2Figry%2Funder-construction.swf=" - "DNS lookup failed: address 'poisk.ru%2Figry%2Funder-construction.swf=' not found: [Errno -2] Name or service not known."
"http://top100.rambler.ru%2Ftop100%2F=" - "DNS lookup failed: address 'top100.rambler.ru%2Ftop100%2F=' not found: [Errno -2] Name or service not known."
"http://poiskru2.livejournal.com%2F479.html=" - "DNS lookup failed: address 'poiskru2.livejournal.com%2F479.html=' not found: [Errno -2] Name or service not known."
"http://www.photosight.ru%2Fusers%2F248882%2Ffavourite_photos%2F=" - "DNS lookup failed: address 'www.photosight.ru%2Fusers%2F248882%2Ffavourite_photos%2F=' not found: [Errno -2] Name or service not known."
"http://www.now.ru%2Fcollections%2Fleto_free=" - "DNS lookup failed: address 'www.now.ru%2Fcollections%2Fleto_free=' not found: [Errno -2] Name or service not known."
"http://www.now.ru%2Fcollections%2Fuzhasi_besplatno=" - "DNS lookup failed: address 'www.now.ru%2Fcollections%2Fuzhasi_besplatno=' not found: [Errno -2] Name or service not known."
"http://www.now.ru%2Fcollections%2Farthouse_besplatno=" - "DNS lookup failed: address 'www.now.ru%2Fcollections%2Farthouse_besplatno=' not found: [Errno -2] Name or service not known."
"http://www.now.ru%2Fcollections%2Fboeviki_besplatno=" - "DNS lookup failed: address 'www.now.ru%2Fcollections%2Fboeviki_besplatno=' not found: [Errno -2] Name or service not known."
"http://www.now.ru%2Fcollections%2Fkomedii_besplatno=" - "DNS lookup failed: address 'www.now.ru%2Fcollections%2Fkomedii_besplatno=' not found: [Errno -2] Name or service not known."
"http://www.now.ru%2F=" - "DNS lookup failed: address 'www.now.ru%2F=' not found: [Errno -2] Name or service not known."
"http://www.ivi.ru%2Fspecial%2Fstudios%2Fbbc%2F=" - "DNS lookup failed: address 'www.ivi.ru%2Fspecial%2Fstudios%2Fbbc%2F=' not found: [Errno -2] Name or service not known."
"http://www.now.ru%2Fcollections%2Fnashe_besplatno=" - "DNS lookup failed: address 'www.now.ru%2Fcollections%2Fnashe_besplatno=' not found: [Errno -2] Name or service not known."
"http://www.now.ru%2Fcollections%2Fhit_besplatno=" - "DNS lookup failed: address 'www.now.ru%2Fcollections%2Fhit_besplatno=' not found: [Errno -2] Name or service not known."
"http://www.ivi.ru%2Fvideos%2Fall%2Fprograms%2Fcomedy%2Fby_day%2F=" - "DNS lookup failed: address 'www.ivi.ru%2Fvideos%2Fall%2Fprograms%2Fcomedy%2Fby_day%2F=' not found: [Errno -2] Name or service not known."
"http://www.ivi.ru%2Fvideos%2Fall%2Fprograms%2Fhobby%2Fby_day%2F=" - "DNS lookup failed: address 'www.ivi.ru%2Fvideos%2Fall%2Fprograms%2Fhobby%2Fby_day%2F=' not found: [Errno -2] Name or service not known."
"http://www.ivi.ru%2Fvideos%2Fall%2Fprograms%2Fglamour%2Fby_day%2F=" - "DNS lookup failed: address 'www.ivi.ru%2Fvideos%2Fall%2Fprograms%2Fglamour%2Fby_day%2F=' not found: [Errno -2] Name or service not known."
"http://www.ivi.ru%2Fvideos%2Fall%2Fprograms%2Fpoznavatelnye%2Fby_day%2F=" - "DNS lookup failed: address 'www.ivi.ru%2Fvideos%2Fall%2Fprograms%2Fpoznavatelnye%2Fby_day%2F=' not found: [Errno -2] Name or service not known."
"http://www.ivi.ru%2Fvideos%2Fall%2Fprograms%2Fkulinariya%2Fby_day%2F=" - "DNS lookup failed: address 'www.ivi.ru%2Fvideos%2Fall%2Fprograms%2Fkulinariya%2Fby_day%2F=' not found: [Errno -2] Name or service not known."
"http://www.ivi.ru%2Fvideos%2Fall%2Fprograms%2Fzhivaya_priroda%2Fby_day%2F=" - "DNS lookup failed: address 'www.ivi.ru%2Fvideos%2Fall%2Fprograms%2Fzhivaya_priroda%2Fby_day%2F=' not found: [Errno -2] Name or service not known."
"http://www.ivi.ru%2Fvideos%2Fall%2Fprograms%2Fvospitanie-detey%2Fby_day%2F=" - "DNS lookup failed: address 'www.ivi.ru%2Fvideos%2Fall%2Fprograms%2Fvospitanie-detey%2Fby_day%2F=' not found: [Errno -2] Name or service not known."
"http://www.ivi.ru%2Fvideos%2Fall%2Fprograms%2Fwellness%2Fby_day%2F=" - "DNS lookup failed: address 'www.ivi.ru%2Fvideos%2Fall%2Fprograms%2Fwellness%2Fby_day%2F=' not found: [Errno -2] Name or service not known."
"http://www.ivi.ru%2Fvideos%2Fall%2Fprograms%2Fvokrug-sveta%2Fby_day%2F=" - "DNS lookup failed: address 'www.ivi.ru%2Fvideos%2Fall%2Fprograms%2Fvokrug-sveta%2Fby_day%2F=' not found: [Errno -2] Name or service not known."
"http://www.ivi.ru%2Fvideos%2Fall%2Fprograms%2Fall%2Fby_day%2F=" - "DNS lookup failed: address 'www.ivi.ru%2Fvideos%2Fall%2Fprograms%2Fall%2Fby_day%2F=' not found: [Errno -2] Name or service not known."
"http://www.ivi.ru%2Fvideos%2Fall%2Fanimation%2Fall%2Fby_day%2F=" - "DNS lookup failed: address 'www.ivi.ru%2Fvideos%2Fall%2Fanimation%2Fall%2Fby_day%2F=' not found: [Errno -2] Name or service not known."
"http://music.ivi.ru%2F=" - "DNS lookup failed: address 'music.ivi.ru%2F=' not found: [Errno -2] Name or service not known."
"http://www.ivi.ru%2Fvideos%2Fall%2Fseries%2Fall%2Fby_day%2F=" - "DNS lookup failed: address 'www.ivi.ru%2Fvideos%2Fall%2Fseries%2Fall%2Fby_day%2F=' not found: [Errno -2] Name or service not known."
"http://www.zoomby.ru%2Fcartoons=" - "DNS lookup failed: address 'www.zoomby.ru%2Fcartoons=' not found: [Errno -2] Name or service not known."
"http://www.zoomby.ru%2Fshows=" - "DNS lookup failed: address 'www.zoomby.ru%2Fshows=' not found: [Errno -2] Name or service not known."
"http://www.zoomby.ru%2Fwatch%2Facademia=" - "DNS lookup failed: address 'www.zoomby.ru%2Fwatch%2Facademia=' not found: [Errno -2] Name or service not known."
"http://ivi.ru%2F=" - "DNS lookup failed: address 'ivi.ru%2F=' not found: [Errno -2] Name or service not known."
"http://www.zoomby.ru%2Fwatch%2Fsouthpark=" - "DNS lookup failed: address 'www.zoomby.ru%2Fwatch%2Fsouthpark=' not found: [Errno -2] Name or service not known."
"http://www.zoomby.ru%2Fcatchup=" - "DNS lookup failed: address 'www.zoomby.ru%2Fcatchup=' not found: [Errno -2] Name or service not known."
"http://www.zoomby.ru%2Ffilms=" - "DNS lookup failed: address 'www.zoomby.ru%2Ffilms=' not found: [Errno -2] Name or service not known."
"http://www.ivi.ru%2Fvideos%2Fall%2Fmovies%2Fall%2Fby_day%2F=" - "DNS lookup failed: address 'www.ivi.ru%2Fvideos%2Fall%2Fmovies%2Fall%2Fby_day%2F=' not found: [Errno -2] Name or service not known."
"http://www.zoomby.ru%2Fseries=" - "DNS lookup failed: address 'www.zoomby.ru%2Fseries=' not found: [Errno -2] Name or service not known."
"http://www.zoomby.ru%2F=" - "DNS lookup failed: address 'www.zoomby.ru%2F=' not found: [Errno -2] Name or service not known."
"http://www.youtube.com%2Fuser%2FSoyuzmult%2F=" - "DNS lookup failed: address 'www.youtube.com%2Fuser%2FSoyuzmult%2F=' not found: [Errno -2] Name or service not known."
"http://gidonlinekino.com=" - "DNS lookup failed: address 'gidonlinekino.com=' not found: [Errno -2] Name or service not known."
"http://www.youtube.com%2Fuser%2FTVSmeshariki=" - "DNS lookup failed: address 'www.youtube.com%2Fuser%2FTVSmeshariki=' not found: [Errno -2] Name or service not known."
"http://www.youtube.com%2Fplaylist%3Flist=PL73E786B499A54A18" - "DNS lookup failed: address 'www.youtube.com%2Fplaylist%3Flist=PL73E786B499A54A18' not found: [Errno -2] Name or service not known."
"http://www.youtube.com%2Fshow%2Fluntik=" - "DNS lookup failed: address 'www.youtube.com%2Fshow%2Fluntik=' not found: [Errno -2] Name or service not known."
"http://www.youtube.com%2Fuser%2FMasyanyas=" - "DNS lookup failed: address 'www.youtube.com%2Fuser%2FMasyanyas=' not found: [Errno -2] Name or service not known."
"http://www.youtube.com%2Fuser%2Ffixiki=" - "DNS lookup failed: address 'www.youtube.com%2Fuser%2Ffixiki=' not found: [Errno -2] Name or service not known."
"http://www.youtube.com%2Fplaylist%3Flist=PL74648B71D52A5B06" - "DNS lookup failed: address 'www.youtube.com%2Fplaylist%3Flist=PL74648B71D52A5B06' not found: [Errno -2] Name or service not known."
"http://www.youtube.com%2Fplaylist%3Flist=PL82D8E89FFBE00834" - "DNS lookup failed: address 'www.youtube.com%2Fplaylist%3Flist=PL82D8E89FFBE00834' not found: [Errno -2] Name or service not known."
"http://www.youtube.com%2Fplaylist%3Flist=PLA582B4E08B32C950" - "DNS lookup failed: address 'www.youtube.com%2Fplaylist%3Flist=PLA582B4E08B32C950' not found: [Errno -2] Name or service not known."
"http://www.youtube.com%2Fplaylist%3Flist=PL77A3A649CE636858" - "DNS lookup failed: address 'www.youtube.com%2Fplaylist%3Flist=PL77A3A649CE636858' not found: [Errno -2] Name or service not known."
"http://www.youtube.com%2Fplaylist%3Flist=PL8B4C84C8004D4E24" - "DNS lookup failed: address 'www.youtube.com%2Fplaylist%3Flist=PL8B4C84C8004D4E24' not found: [Errno -2] Name or service not known."
"http://www.youtube.com%2Fplaylist%3Flist=PL747CA99A17A5416A" - "DNS lookup failed: address 'www.youtube.com%2Fplaylist%3Flist=PL747CA99A17A5416A' not found: [Errno -2] Name or service not known."
"http://www.youtube.com%2Fplaylist%3Flist=PLF610EA1E31711246" - "DNS lookup failed: address 'www.youtube.com%2Fplaylist%3Flist=PLF610EA1E31711246' not found: [Errno -2] Name or service not known."
"http://www.youtube.com%2Fplaylist%3Flist=PL5F7A49272137CA9F" - "DNS lookup failed: address 'www.youtube.com%2Fplaylist%3Flist=PL5F7A49272137CA9F' not found: [Errno -2] Name or service not known."
"http://www.youtube.com%2Fplaylist%3Flist=PLC53D8E697727F92C" - "DNS lookup failed: address 'www.youtube.com%2Fplaylist%3Flist=PLC53D8E697727F92C' not found: [Errno -2] Name or service not known."
"http://www.youtube.com%2Fuser%2FRVisionGorky=" - "DNS lookup failed: address 'www.youtube.com%2Fuser%2FRVisionGorky=' not found: [Errno -2] Name or service not known."
"http://www.youtube.com%2Fplaylist%3Flist=PLA513627FDA30F3A8" - "DNS lookup failed: address 'www.youtube.com%2Fplaylist%3Flist=PLA513627FDA30F3A8' not found: [Errno -2] Name or service not known."
"http://www.youtube.com%2Fplaylist%3Flist=PLCC9BDE1C09DB9E10" - "DNS lookup failed: address 'www.youtube.com%2Fplaylist%3Flist=PLCC9BDE1C09DB9E10' not found: [Errno -2] Name or service not known."
"http://www.youtube.com%2Fuser%2Fgetmovies=" - "DNS lookup failed: address 'www.youtube.com%2Fuser%2Fgetmovies=' not found: [Errno -2] Name or service not known."
"http://www.youtube.com%2Fuser%2Fkinorussia=" - "DNS lookup failed: address 'www.youtube.com%2Fuser%2Fkinorussia=' not found: [Errno -2] Name or service not known."
"http://www.youtube.com%2Fplaylist%3Flist=PL5913D43804EC8859" - "DNS lookup failed: address 'www.youtube.com%2Fplaylist%3Flist=PL5913D43804EC8859' not found: [Errno -2] Name or service not known."
"http://www.youtube.com%2Fuser%2FCTBFilm=" - "DNS lookup failed: address 'www.youtube.com%2Fuser%2FCTBFilm=' not found: [Errno -2] Name or service not known."
"http://www.youtube.com%2Fuser%2FELLO=" - "DNS lookup failed: address 'www.youtube.com%2Fuser%2FELLO=' not found: [Errno -2] Name or service not known."
"http://www.youtube.com%2Fuser%2FLenfilmVideo%2F=" - "DNS lookup failed: address 'www.youtube.com%2Fuser%2FLenfilmVideo%2F=' not found: [Errno -2] Name or service not known."
"http://russia2.tv%2Fvideo%2Findex%2Fsort_by%2F2%2F=" - "DNS lookup failed: address 'russia2.tv%2Fvideo%2Findex%2Fsort_by%2F2%2F=' not found: [Errno -2] Name or service not known."
"http://live.russia.tv%2Findex%2Findex%2Fchannel_id%2F2=" - "DNS lookup failed: address 'live.russia.tv%2Findex%2Findex%2Fchannel_id%2F2=' not found: [Errno -2] Name or service not known."
"http://russia2.tv%2Fvideo%2Findex%2Fsort_by%2F0%2F=" - "DNS lookup failed: address 'russia2.tv%2Fvideo%2Findex%2Fsort_by%2F0%2F=' not found: [Errno -2] Name or service not known."
"http://www.youtube.com%2F=" - "DNS lookup failed: address 'www.youtube.com%2F=' not found: [Errno -2] Name or service not known."
"http://live_view=500&sort=dd&view=26&www.youtube.com%2Fuser%2FYouTubeMoviesRU%2Fvideos%3Fflow=grid" - "DNS lookup failed: address 'live_view=500&sort=dd&view=26&www.youtube.com%2Fuser%2FYouTubeMoviesRU%2Fvideos%3Fflow=grid' not found: [Errno -2] Name or service not known."
"http://cinema.mosfilm.ru=" - "DNS lookup failed: address 'cinema.mosfilm.ru=' not found: [Errno -2] Name or service not known."
"http://www.youtube.com%2Fuser%2Fgolosamerikius%2Fvideos=" - "DNS lookup failed: address 'www.youtube.com%2Fuser%2Fgolosamerikius%2Fvideos=' not found: [Errno -2] Name or service not known."
"http://video.eurosport.ru%2F=" - "DNS lookup failed: address 'video.eurosport.ru%2F=' not found: [Errno -2] Name or service not known."
"http://lifenews.ru%2Fvideo%2F=" - "DNS lookup failed: address 'lifenews.ru%2Fvideo%2F=' not found: [Errno -2] Name or service not known."
"http://mediacenter.dw.de%2Frussian%2Fvideo%2F=" - "DNS lookup failed: address 'mediacenter.dw.de%2Frussian%2Fvideo%2F=' not found: [Errno -2] Name or service not known."
"http://www.1tvnet.ru%2Fvideo%2Fshow_rubric%2Fvideo-novosti%2Fshow%2F1%2Fdate=" - "DNS lookup failed: address 'www.1tvnet.ru%2Fvideo%2Fshow_rubric%2Fvideo-novosti%2Fshow%2F1%2Fdate=' not found: [Errno -2] Name or service not known."
"http://www.bbc.co.uk%2Frussian%2Fmultimedia%2F=" - "DNS lookup failed: address 'www.bbc.co.uk%2Frussian%2Fmultimedia%2F=' not found: [Errno -2] Name or service not known."
"http://ru.euronews.com%2Fnews%2Fstreaming-live%2F=" - "DNS lookup failed: address 'ru.euronews.com%2Fnews%2Fstreaming-live%2F=' not found: [Errno -2] Name or service not known."
"http://ria.ru%2Friatv%2F=" - "DNS lookup failed: address 'ria.ru%2Friatv%2F=' not found: [Errno -2] Name or service not known."
"http://live.russia.tv%2Findex%2Findex%2Fchannel_id%2F3=" - "DNS lookup failed: address 'live.russia.tv%2Findex%2Findex%2Fchannel_id%2F3=' not found: [Errno -2] Name or service not known."
"http://www.vesti.ru%2Fvideos=" - "DNS lookup failed: address 'www.vesti.ru%2Fvideos=' not found: [Errno -2] Name or service not known."
"http://rbctv.rbc.ru%2Flive=" - "DNS lookup failed: address 'rbctv.rbc.ru%2Flive=' not found: [Errno -2] Name or service not known."
"http://www.uspeh-tv.ru%2F=" - "DNS lookup failed: address 'www.uspeh-tv.ru%2F=' not found: [Errno -2] Name or service not known."
"http://www.karusel-tv.ru%2Fvideo%2Ffull=" - "DNS lookup failed: address 'www.karusel-tv.ru%2Fvideo%2Ffull=' not found: [Errno -2] Name or service not known."
"http://live.russia.tv%2Findex%2Findex%2Fchannel_id%2F76=" - "DNS lookup failed: address 'live.russia.tv%2Findex%2Findex%2Fchannel_id%2F76=' not found: [Errno -2] Name or service not known."
"http://ocean-tv.su%2Flive_broadcast.php=" - "DNS lookup failed: address 'ocean-tv.su%2Flive_broadcast.php=' not found: [Errno -2] Name or service not known."
"http://tv-soyuz.ru%2Fether=" - "DNS lookup failed: address 'tv-soyuz.ru%2Fether=' not found: [Errno -2] Name or service not known."
"http://stream.1tv.ru%2Fdoc=" - "DNS lookup failed: address 'stream.1tv.ru%2Fdoc=' not found: [Errno -2] Name or service not known."
"http://www.2x2tv.ru%2F=" - "DNS lookup failed: address 'www.2x2tv.ru%2F=' not found: [Errno -2] Name or service not known."
"http://mirtv.ru%2Flive_video%3Fstream300=rtmp%3A%2F%2Fmirtv.cdnvideo.ru%2Fmirtv-live%2Fmirtv300.sdp&stream600=rtmp%3A%2F%2Fmirtv.cdnvideo.ru%2Fmirtv-live%2Fmirtv600.sdp" - "DNS lookup failed: address 'mirtv.ru%2Flive_video%3Fstream300=rtmp%3A%2F%2Fmirtv.cdnvideo.ru%2Fmirtv-live%2Fmirtv300.sdp&stream600=rtmp%3A%2F%2Fmirtv.cdnvideo.ru%2Fmirtv-live%2Fmirtv600.sdp' not found: [Errno -2] Name or service not known."
"http://videomore.ru%2F=" - "DNS lookup failed: address 'videomore.ru%2F=' not found: [Errno -2] Name or service not known."
"http://video.tvc.ru%2F=" - "DNS lookup failed: address 'video.tvc.ru%2F=' not found: [Errno -2] Name or service not known."
"http://www.tvzvezda.ru%2Fschedule%2Ffilmsonline%2F=" - "DNS lookup failed: address 'www.tvzvezda.ru%2Fschedule%2Ffilmsonline%2F=' not found: [Errno -2] Name or service not known."
"http://www.domashniy.ru%2Fvideo%2F=" - "DNS lookup failed: address 'www.domashniy.ru%2Fvideo%2F=' not found: [Errno -2] Name or service not known."
"http://peretz.ru%2Fvideo%2F=" - "DNS lookup failed: address 'peretz.ru%2Fvideo%2F=' not found: [Errno -2] Name or service not known."
"http://rutube.ru%2Fmetainfo%2Ftv%2F28%2F=" - "DNS lookup failed: address 'rutube.ru%2Fmetainfo%2Ftv%2F28%2F=' not found: [Errno -2] Name or service not known."
"http://ctc.ru%2Frus%2Fvideo%2F=" - "DNS lookup failed: address 'ctc.ru%2Frus%2Fvideo%2F=' not found: [Errno -2] Name or service not known."
"http://tnt-online.ru%2F=" - "DNS lookup failed: address 'tnt-online.ru%2F=' not found: [Errno -2] Name or service not known."
"http://www.ntv.ru%2F=" - "DNS lookup failed: address 'www.ntv.ru%2F=' not found: [Errno -2] Name or service not known."
"http://www.ren-tv.com%2F=" - "DNS lookup failed: address 'www.ren-tv.com%2F=' not found: [Errno -2] Name or service not known."
"http://www.ntv.ru%2Fperedacha%2F=" - "DNS lookup failed: address 'www.ntv.ru%2Fperedacha%2F=' not found: [Errno -2] Name or service not known."
"http://live.russia.tv%2Findex%2Findex%2Fchannel_id%2F82=" - "DNS lookup failed: address 'live.russia.tv%2Findex%2Findex%2Fchannel_id%2F82=' not found: [Errno -2] Name or service not known."
"http://www.rtr-planeta.com%2Fprogram_week.html=" - "DNS lookup failed: address 'www.rtr-planeta.com%2Fprogram_week.html=' not found: [Errno -2] Name or service not known."
"http://russia.tv%2Fvideo%2Findex%2Fsort_by%2F2%2F=" - "DNS lookup failed: address 'russia.tv%2Fvideo%2Findex%2Fsort_by%2F2%2F=' not found: [Errno -2] Name or service not known."
"http://russia.tv%2Fvideo%2Findex%2Fsort_by%2F0%2F=" - "DNS lookup failed: address 'russia.tv%2Fvideo%2Findex%2Fsort_by%2F0%2F=' not found: [Errno -2] Name or service not known."
"http://live.russia.tv%2Findex%2Findex%2Fchannel_id%2F1=" - "DNS lookup failed: address 'live.russia.tv%2Findex%2Findex%2Fchannel_id%2F1=' not found: [Errno -2] Name or service not known."
"http://www.youtube.com%2Fuser%2Frtrussian=" - "DNS lookup failed: address 'www.youtube.com%2Fuser%2Frtrussian=' not found: [Errno -2] Name or service not known."
"http://tvrain.ru%2Flive%2F=" - "DNS lookup failed: address 'tvrain.ru%2Flive%2F=' not found: [Errno -2] Name or service not known."
"http://www.otr-online.ru%2Fonline%2F=" - "DNS lookup failed: address 'www.otr-online.ru%2Fonline%2F=' not found: [Errno -2] Name or service not known."
"http://www.1tv.ru%2Fprojects%2F=" - "DNS lookup failed: address 'www.1tv.ru%2Fprojects%2F=' not found: [Errno -2] Name or service not known."
"http://www.1tv.ru%2Fvideoarchiver%2F=" - "DNS lookup failed: address 'www.1tv.ru%2Fvideoarchiver%2F=' not found: [Errno -2] Name or service not known."
"http://stream.1tv.ru%2F=" - "DNS lookup failed: address 'stream.1tv.ru%2F=' not found: [Errno -2] Name or service not known."
"http://tvrain.ru%2Farchive%2F=" - "DNS lookup failed: address 'tvrain.ru%2Farchive%2F=' not found: [Errno -2] Name or service not known."
"http://teledom.tv%2F=" - "DNS lookup failed: address 'teledom.tv%2F=' not found: [Errno -2] Name or service not known."
"http://rusongtv.ru%2Fclips%2F=" - "DNS lookup failed: address 'rusongtv.ru%2Fclips%2F=' not found: [Errno -2] Name or service not known."
"http://www.programma.tv%2F=" - "DNS lookup failed: address 'www.programma.tv%2F=' not found: [Errno -2] Name or service not known."
"http://www.youtube.com%2Fuser%2FBobinamusic%2Fvideos=" - "DNS lookup failed: address 'www.youtube.com%2Fuser%2FBobinamusic%2Fvideos=' not found: [Errno -2] Name or service not known."
"http://www.moskva.fm%2Fonair=" - "DNS lookup failed: address 'www.moskva.fm%2Fonair=' not found: [Errno -2] Name or service not known."
"http://bridgetv.ru%2Fclips%2F=" - "DNS lookup failed: address 'bridgetv.ru%2Fclips%2F=' not found: [Errno -2] Name or service not known."
"http://101.ru%2F%3Fan=port_channel_mp3&channel=50" - "DNS lookup failed: address '101.ru%2F%3Fan=port_channel_mp3&channel=50' not found: [Errno -2] Name or service not known."
"http://aonehiphop.ru%2Fonline%2Fflash%2F=" - "DNS lookup failed: address 'aonehiphop.ru%2Fonline%2Fflash%2F=' not found: [Errno -2] Name or service not known."
"http://aerostat.rpod.ru%2F=" - "DNS lookup failed: address 'aerostat.rpod.ru%2F=' not found: [Errno -2] Name or service not known."
"http://101.ru%2F%3Fan=personal&userid=193366" - "DNS lookup failed: address '101.ru%2F%3Fan=personal&userid=193366' not found: [Errno -2] Name or service not known."
"http://101.ru%2F%3Fan=port_channel_mp3&channel=1" - "DNS lookup failed: address '101.ru%2F%3Fan=port_channel_mp3&channel=1' not found: [Errno -2] Name or service not known."
"http://spokoinoeradio.ru%2Findex%2Fprjamoj_ehfir_spokojnogo_radio%2F0-36=" - "DNS lookup failed: address 'spokoinoeradio.ru%2Findex%2Fprjamoj_ehfir_spokojnogo_radio%2F0-36=' not found: [Errno -2] Name or service not known."
"http://audio.rambler.ru%2Fplayer%3Fid=echo" - "DNS lookup failed: address 'audio.rambler.ru%2Fplayer%3Fid=echo' not found: [Errno -2] Name or service not known."
"http://www.dressupmix.ru%2F=" - "DNS lookup failed: address 'www.dressupmix.ru%2F=' not found: [Errno -2] Name or service not known."
"http://www.gameforgirl.ru%2F=" - "DNS lookup failed: address 'www.gameforgirl.ru%2F=' not found: [Errno -2] Name or service not known."
"http://www.f-games.ru%2Fwoomen.html=" - "DNS lookup failed: address 'www.f-games.ru%2Fwoomen.html=' not found: [Errno -2] Name or service not known."
"http://klavogonki.ru%2F=" - "DNS lookup failed: address 'klavogonki.ru%2F=' not found: [Errno -2] Name or service not known."
"http://onlineguru.ru%2Fgirls%2Frated_week%2F=" - "DNS lookup failed: address 'onlineguru.ru%2Fgirls%2Frated_week%2F=' not found: [Errno -2] Name or service not known."
"http://poisk.ru%2Figry%2Fgovernor-of-poker.swf=" - "DNS lookup failed: address 'poisk.ru%2Figry%2Fgovernor-of-poker.swf=' not found: [Errno -2] Name or service not known."
"http://www.cartoonnetwork.ru%2Fgames=" - "DNS lookup failed: address 'www.cartoonnetwork.ru%2Fgames=' not found: [Errno -2] Name or service not known."
"http://poisk.ru%2Figry%2Fcentimania.swf=" - "DNS lookup failed: address 'poisk.ru%2Figry%2Fcentimania.swf=' not found: [Errno -2] Name or service not known."
"http://poisk.ru%2Figry%2Fthe-sniper.swf=" - "DNS lookup failed: address 'poisk.ru%2Figry%2Fthe-sniper.swf=' not found: [Errno -2] Name or service not known."
"http://disney.ru%2Fgames%2Fplay.jsp=" - "DNS lookup failed: address 'disney.ru%2Fgames%2Fplay.jsp=' not found: [Errno -2] Name or service not known."
"http://maffia.rambler.ru%2F=" - "DNS lookup failed: address 'maffia.rambler.ru%2F=' not found: [Errno -2] Name or service not known."
"http://poisk.ru%2Figry%2Frobo-slug-2.swf=" - "DNS lookup failed: address 'poisk.ru%2Figry%2Frobo-slug-2.swf=' not found: [Errno -2] Name or service not known."
"http://poisk.ru%2Figry%2Frapid-fire-2.swf=" - "DNS lookup failed: address 'poisk.ru%2Figry%2Frapid-fire-2.swf=' not found: [Errno -2] Name or service not known."
"http://poisk.ru%2Figry%2Fskies-of-war.swf=" - "DNS lookup failed: address 'poisk.ru%2Figry%2Fskies-of-war.swf=' not found: [Errno -2] Name or service not known."
"http://poisk.ru%2Figry%2Fblack-ops-korean-conflict.swf=" - "DNS lookup failed: address 'poisk.ru%2Figry%2Fblack-ops-korean-conflict.swf=' not found: [Errno -2] Name or service not known."
"http://poisk.ru%2Figry%2Fhot-dog-bush.swf=" - "DNS lookup failed: address 'poisk.ru%2Figry%2Fhot-dog-bush.swf=' not found: [Errno -2] Name or service not known."
"http://poisk.ru%2Figry%2Fnew-metal-slug.swf=" - "DNS lookup failed: address 'poisk.ru%2Figry%2Fnew-metal-slug.swf=' not found: [Errno -2] Name or service not known."
"http://poisk.ru%2Figry%2Frail-of-war.swf=" - "DNS lookup failed: address 'poisk.ru%2Figry%2Frail-of-war.swf=' not found: [Errno -2] Name or service not known."
"http://poisk.ru%2Figry%2Fjungle-jiggy.swf=" - "DNS lookup failed: address 'poisk.ru%2Figry%2Fjungle-jiggy.swf=' not found: [Errno -2] Name or service not known."
"http://poisk.ru%2Figry%2Fplumber2.swf=" - "DNS lookup failed: address 'poisk.ru%2Figry%2Fplumber2.swf=' not found: [Errno -2] Name or service not known."
"http://poisk.ru%2Figry%2Fsocial-war.swf=" - "DNS lookup failed: address 'poisk.ru%2Figry%2Fsocial-war.swf=' not found: [Errno -2] Name or service not known."
"http://poisk.ru%2Figry%2Fsolitaire.swf=" - "DNS lookup failed: address 'poisk.ru%2Figry%2Fsolitaire.swf=' not found: [Errno -2] Name or service not known."
"http://poisk.ru%2Figry%2FPepsiPinball.swf=" - "DNS lookup failed: address 'poisk.ru%2Figry%2FPepsiPinball.swf=' not found: [Errno -2] Name or service not known."
"http://www.media-division.com%2Fflashgames%2Fsudoku%2F=" - "DNS lookup failed: address 'www.media-division.com%2Fflashgames%2Fsudoku%2F=' not found: [Errno -2] Name or service not known."
"http://poisk.ru%2Figry%2Fmasyanya.swf=" - "DNS lookup failed: address 'poisk.ru%2Figry%2Fmasyanya.swf=' not found: [Errno -2] Name or service not known."
"http://poisk.ru%2Figry%2Fsonic.swf=" - "DNS lookup failed: address 'poisk.ru%2Figry%2Fsonic.swf=' not found: [Errno -2] Name or service not known."
"http://poisk.ru%2Figry%2Fprince_of_persia.swf=" - "DNS lookup failed: address 'poisk.ru%2Figry%2Fprince_of_persia.swf=' not found: [Errno -2] Name or service not known."
"http://poisk.ru%2Figry%2FQuakeFlash.swf=" - "DNS lookup failed: address 'poisk.ru%2Figry%2FQuakeFlash.swf=' not found: [Errno -2] Name or service not known."
"http://poisk.ru%2Figry%2Fpacman.swf=" - "DNS lookup failed: address 'poisk.ru%2Figry%2Fpacman.swf=' not found: [Errno -2] Name or service not known."
"http://yuravoloshin.livejournal.com%2F52303.html=" - "DNS lookup failed: address 'yuravoloshin.livejournal.com%2F52303.html=' not found: [Errno -2] Name or service not known."
"http://pleasurehunt.mymagnum.com%2F=" - "DNS lookup failed: address 'pleasurehunt.mymagnum.com%2F=' not found: [Errno -2] Name or service not known."
"http://poisk.ru%2Figry%2Ftetris.swf=" - "DNS lookup failed: address 'poisk.ru%2Figry%2Ftetris.swf=' not found: [Errno -2] Name or service not known."
"http://poisk.ru%2Figry%2Flines.swf=" - "DNS lookup failed: address 'poisk.ru%2Figry%2Flines.swf=' not found: [Errno -2] Name or service not known."
"http://chrome.angrybirds.com%2F=" - "DNS lookup failed: address 'chrome.angrybirds.com%2F=' not found: [Errno -2] Name or service not known."
"http://www.sparkchess.com%2F=" - "DNS lookup failed: address 'www.sparkchess.com%2F=' not found: [Errno -2] Name or service not known."
"http://translate.google.ru%2F=" - "DNS lookup failed: address 'translate.google.ru%2F=' not found: [Errno -2] Name or service not known."
"http://pass.rzd.ru%2F=" - "DNS lookup failed: address 'pass.rzd.ru%2F=' not found: [Errno -2] Name or service not known."
"http://www.marinetraffic.com%2Fru%2F=" - "DNS lookup failed: address 'www.marinetraffic.com%2Fru%2F=' not found: [Errno -2] Name or service not known."
"http://www.flightradar24.com=" - "DNS lookup failed: address 'www.flightradar24.com=' not found: [Errno -2] Name or service not known."
"http://pass.rzd.ru%2Ftablo%2Fpublic%2Fru%3FSTRUCTURE_ID=5199" - "DNS lookup failed: address 'pass.rzd.ru%2Ftablo%2Fpublic%2Fru%3FSTRUCTURE_ID=5199' not found: [Errno -2] Name or service not known."
"http://www.metro.spb.ru%2Fmap%2Fmetro.swf=" - "DNS lookup failed: address 'www.metro.spb.ru%2Fmap%2Fmetro.swf=' not found: [Errno -2] Name or service not known."
"http://afisha.yandex.ru%2Ftype.xml%3Ftype=concert" - "DNS lookup failed: address 'afisha.yandex.ru%2Ftype.xml%3Ftype=concert' not found: [Errno -2] Name or service not known."
"http://mosmetro.ru%2Fflash%2Fscheme11.html=" - "DNS lookup failed: address 'mosmetro.ru%2Fflash%2Fscheme11.html=' not found: [Errno -2] Name or service not known."
"http://mail.rambler.ru%2F=" - "DNS lookup failed: address 'mail.rambler.ru%2F=' not found: [Errno -2] Name or service not known."
"http://mail.yandex.ru%2F=" - "DNS lookup failed: address 'mail.yandex.ru%2F=' not found: [Errno -2] Name or service not known."
"http://https%3A%2F%2Fgmail.com%2F=" - "DNS lookup failed: address 'https%3A%2F%2Fgmail.com%2F=' not found: [Errno -2] Name or service not known."
"http://www.afisha.ru%2Fschedule_cinema%2F=" - "DNS lookup failed: address 'www.afisha.ru%2Fschedule_cinema%2F=' not found: [Errno -2] Name or service not known."
"http://mail.ru%2F=" - "DNS lookup failed: address 'mail.ru%2F=' not found: [Errno -2] Name or service not known."
"http://instagram.com%2FMosSobyanin%2F=" - "DNS lookup failed: address 'instagram.com%2FMosSobyanin%2F=' not found: [Errno -2] Name or service not known."
"http://instagram.com%2Fshnurovs%2F=" - "DNS lookup failed: address 'instagram.com%2Fshnurovs%2F=' not found: [Errno -2] Name or service not known."
"http://instagram.com%2Ffaz3%2F=" - "DNS lookup failed: address 'instagram.com%2Ffaz3%2F=' not found: [Errno -2] Name or service not known."
"http://instagram.com%2Fpaulinavegadiep%2F=" - "DNS lookup failed: address 'instagram.com%2Fpaulinavegadiep%2F=' not found: [Errno -2] Name or service not known."
"http://https%3A%2F%2Ftwitter.com%2FPutinRF=" - "DNS lookup failed: address 'https%3A%2F%2Ftwitter.com%2FPutinRF=' not found: [Errno -2] Name or service not known."
"http://https%3A%2F%2Ftwitter.com%2Furgantcom=" - "DNS lookup failed: address 'https%3A%2F%2Ftwitter.com%2Furgantcom=' not found: [Errno -2] Name or service not known."
"http://https%3A%2F%2Ftwitter.com%2FVeraBrezhneva=" - "DNS lookup failed: address 'https%3A%2F%2Ftwitter.com%2FVeraBrezhneva=' not found: [Errno -2] Name or service not known."
"http://yuravoloshin.livejournal.com%2Ffriends%2F=" - "DNS lookup failed: address 'yuravoloshin.livejournal.com%2Ffriends%2F=' not found: [Errno -2] Name or service not known."
"http://odnoklassniki.ru%2F=" - "DNS lookup failed: address 'odnoklassniki.ru%2F=' not found: [Errno -2] Name or service not known."
"http://vk.com%2F=" - "DNS lookup failed: address 'vk.com%2F=' not found: [Errno -2] Name or service not known."
"http://https%3A%2F%2Ftwitter.com%2F=" - "DNS lookup failed: address 'https%3A%2F%2Ftwitter.com%2F=' not found: [Errno -2] Name or service not known."
"http://www.livejournal.com%2F=" - "DNS lookup failed: address 'www.livejournal.com%2F=' not found: [Errno -2] Name or service not known."
"http://lib.rus.ec%2F=" - "DNS lookup failed: address 'lib.rus.ec%2F=' not found: [Errno -2] Name or service not known."
"http://anekdot.ru%2F=" - "DNS lookup failed: address 'anekdot.ru%2F=' not found: [Errno -2] Name or service not known."
"http://www.calend.ru%2Fmoon%2F=" - "DNS lookup failed: address 'www.calend.ru%2Fmoon%2F=' not found: [Errno -2] Name or service not known."
"http://bash.im%2F=" - "DNS lookup failed: address 'bash.im%2F=' not found: [Errno -2] Name or service not known."
"http://propos.ru%2Flusher%2F=" - "DNS lookup failed: address 'propos.ru%2Flusher%2F=' not found: [Errno -2] Name or service not known."
"http://time.is%2F=" - "DNS lookup failed: address 'time.is%2F=' not found: [Errno -2] Name or service not known."
"http://https%3A%2F%2Fwww.facebook.com%2F=" - "DNS lookup failed: address 'https%3A%2F%2Fwww.facebook.com%2F=' not found: [Errno -2] Name or service not known."
"http://hongkong.aviasales.ru?utm_source=tw.dec9" - "[<twisted.python.failure.Failure twisted.web._newclient.ParseError: (u'wrong number of parts', '<html>')>]"
"http://dostavka-cvetov.eu/" - "DNS lookup failed: address 'dostavka-cvetov.eu' not found: [Errno -2] Name or service not known."
"http://find.ru/" - "DNS lookup failed: address 'find.ru' not found: [Errno -2] Name or service not known."
"http://%D0%BF%D1%80%D0%B5%D0%BC%D0%B8%D1%8F%D0%BC%D0%BE%D1%8F%D0%BF%D0%BB%D0%B0%D0%BD%D0%B5%D1%82%D0%B0.%D1%80%D1%84/ru/news/view/11/" - "DNS lookup failed: address '%D0%BF%D1%80%D0%B5%D0%BC%D0%B8%D1%8F%D0%BC%D0%BE%D1%8F%D0%BF%D0%BB%D0%B0%D0%BD%D0%B5%D1%82%D0%B0.%D1%80%D1%84' not found: [Errno -2] Name or service not known."
"http://%D0%93%D0%B0%D0%B7%D0%B5%D1%82%D0%B0.ru/" - "DNS lookup failed: address '%D0%93%D0%B0%D0%B7%D0%B5%D1%82%D0%B0.ru' not found: [Errno -2] Name or service not known."
"http://echtweiss.eu/a/popular-hermes.html" - "DNS lookup failed: address 'echtweiss.eu' not found: [Errno -2] Name or service not known."
"http://www.1cyber-florist.ru/" - "DNS lookup failed: address 'www.1cyber-florist.ru' not found: [Errno -2] Name or service not known."
"http://www.gamedesign.jp%2Fflash%2Fchatnoir%2Fchatnoir.html=" - "DNS lookup failed: address 'www.gamedesign.jp%2Fflash%2Fchatnoir%2Fchatnoir.html=' not found: [Errno -2] Name or service not known."
"http://alpha.flamingo.ru/shop/product/solnechnoe-utro.html" - "User timeout caused connection failure."
"http://www.actualforum.com/" - "User timeout caused connection failure."
