"http://radiovesti.ru/fm/doc.html?id=363158" - "[<twisted.python.failure.Failure twisted.web._newclient.ParseError: (u'wrong number of parts', 'HTTP/1.1 404')>]"
"http://radiovesti.ru/fm/" - "[<twisted.python.failure.Failure twisted.web._newclient.ParseError: (u'wrong number of parts', 'HTTP/1.1 404')>]"
"http://insights.chitika.com/2012/operating-system-market-share-november-2012-update/" - "User timeout caused connection failure."
"http://insights.chitika.com/2012/web-browser-market-share-november-2012-update/" - "User timeout caused connection failure."
"http://insights.chitika.com/2012/search-engine-market-share-november-2012-update/" - "User timeout caused connection failure."
"http://healthsleep.ru/" - "DNS lookup failed: address 'healthsleep.ru' not found: [Errno -2] Name or service not known."
"http://%3Ciframe%20width=&quot;480&quot;%20height=&quot;270&quot;%20src=&quot;https://www.youtube.com/embed/MFwOxwfmQ6o&quot;%20frameborder=&quot;0&quot;%20allowfullscreen%3E%3C/iframe%3E" - "DNS lookup failed: address '%3Ciframe%20width=&quot;480&quot;%20height=&quot;270&quot;%20src=&quot;https' not found: [Errno -2] Name or service not known."
"http://bn.detskiedomiki.ru/" - "DNS lookup failed: address 'bn.detskiedomiki.ru' not found: [Errno -2] Name or service not known."
"http://bn.detskiedomiki.ru/bansys/adclick.php?n=a155d0a7" - "DNS lookup failed: address 'bn.detskiedomiki.ru' not found: [Errno -2] Name or service not known."
"http://www.ng-saratov.ru/" - "DNS lookup failed: address 'www.ng-saratov.ru' not found: [Errno -2] Name or service not known."
"http://%D0%BE%D0%B4%D0%BD%D0%BE%D0%BA%D0%BB%D0%B0%D1%81%D1%81%D0%BD%D0%B8%D0%BA%D0%B8/" - "DNS lookup failed: address '%D0%BE%D0%B4%D0%BD%D0%BE%D0%BA%D0%BB%D0%B0%D1%81%D1%81%D0%BD%D0%B8%D0%BA%D0%B8' not found: [Errno -2] Name or service not known."
"http://bn.detskiedomiki.ru/bansys/adclick.php?n=a8402080" - "DNS lookup failed: address 'bn.detskiedomiki.ru' not found: [Errno -2] Name or service not known."
"http://voop.ru/" - "DNS lookup failed: address 'voop.ru' not found: [Errno -2] Name or service not known."
"http://www.dancestudio.co.il/" - "DNS lookup failed: address 'www.dancestudio.co.il' not found: [Errno -2] Name or service not known."
"http://wwp.mirabilis.com/scripts/Search.dll?to=4746435" - "DNS lookup failed: address 'wwp.mirabilis.com' not found: [Errno -2] Name or service not known."
"http://www.voisko-donskoe.ru/forum/" - "DNS lookup failed: address 'www.voisko-donskoe.ru' not found: [Errno -2] Name or service not known."
"http://vif2ne.ru/nvk/" - "DNS lookup failed: address 'vif2ne.ru' not found: [Errno -2] Name or service not known."
"http://%CF%C2%CE.%F0%F4/" - "DNS lookup failed: address '%CF%C2%CE.%F0%F4' not found: [Errno -2] Name or service not known."
"http://www.krl-uprava.ru/" - "DNS lookup failed: address 'www.krl-uprava.ru' not found: [Errno -2] Name or service not known."
"http://ssr.mil.ru/" - "DNS lookup failed: address 'ssr.mil.ru' not found: [Errno -2] Name or service not known."
"http://themes.by.ru/aircraft.html" - "DNS lookup failed: address 'themes.by.ru' not found: [Errno -2] Name or service not known."
"http://www.fishing.balmedia.ru/" - "DNS lookup failed: address 'www.fishing.balmedia.ru' not found: [Errno -2] Name or service not known."
"http://www.tkc.tomsk.ru/" - "DNS lookup failed: address 'www.tkc.tomsk.ru' not found: [Errno -2] Name or service not known."
"http://www.hobbyshop.ru/" - "DNS lookup failed: address 'www.hobbyshop.ru' not found: [Errno -2] Name or service not known."
"http://www.overta.ru/users/rbcusb" - "DNS lookup failed: address 'www.overta.ru' not found: [Errno -2] Name or service not known."
"http://democracyinaction.org/" - "DNS lookup failed: address 'democracyinaction.org' not found: [Errno -2] Name or service not known."
"http://rating.environment.ru/" - "DNS lookup failed: address 'rating.environment.ru' not found: [Errno -2] Name or service not known."
"http://decomatom.org.ru%20/" - "DNS lookup failed: address 'decomatom.org.ru%20' not found: [Errno -2] Name or service not known."
"http://dana.gregor.ru/ab/taxonomy/term/11" - "DNS lookup failed: address 'dana.gregor.ru' not found: [Errno -2] Name or service not known."
"http://www.starancestorsthemovie.com/" - "DNS lookup failed: address 'www.starancestorsthemovie.com' not found: [Errno -2] Name or service not known."
"http://antwar.gspo.ru%20/" - "DNS lookup failed: address 'antwar.gspo.ru%20' not found: [Errno -2] Name or service not known."
"http://info.forest.ru/" - "DNS lookup failed: address 'info.forest.ru' not found: [Errno -2] Name or service not known."
"http://info.forest.ru/oil" - "DNS lookup failed: address 'info.forest.ru' not found: [Errno -2] Name or service not known."
"http://gaia.arctic.org.ru/" - "DNS lookup failed: address 'gaia.arctic.org.ru' not found: [Errno -2] Name or service not known."
"http://www.invisionboard.com/" - "User timeout caused connection failure."
"http://www.fishing.nnov.ru/forum" - "User timeout caused connection failure."
"http://www.astrakhan-fishing.ru/" - "User timeout caused connection failure: Getting http://www.astrakhan-fishing.ru/ took longer than 20.0 seconds.."
"http://icecast.mirtv.cdnvideo.ru:8000/radio_mir128?1=" - "User timeout caused connection failure: Getting http://icecast.mirtv.cdnvideo.ru:8000/radio_mir128?1= took longer than 20.0 seconds.."
"http://www.raspletin.ru/" - "User timeout caused connection failure."
"http://gb.mark-itt.ru/cgi-bin/ugb.cgi?config=pvo" - "User timeout caused connection failure."
"http://manyweb.ru/" - "User timeout caused connection failure."
"http://ria.ru/world/20151212/1341080441.html" - "User timeout caused connection failure."
