"http://www.sovinform.ru" - "DNS lookup failed: address 'www.sovinform.ru' not found: [Errno -2] Name or service not known."
"http://yabloko-rostov.ru/" - "DNS lookup failed: address 'yabloko-rostov.ru' not found: [Errno -2] Name or service not known."
"http://old.fedpress.local/38/polit/society/id_218731.html" - "DNS lookup failed: address 'old.fedpress.local' not found: [Errno -2] Name or service not known."
"http://www.yabloko.ru/regnews/Novosib/2015/03/26" - "User timeout caused connection failure: Getting http://www.yabloko.ru/regnews/Novosib/2015/03/26 took longer than 20.0 seconds.."
"http://www.yabloko.ru/regnews/Moscow/2015/03/26" - "User timeout caused connection failure: Getting http://www.yabloko.ru/regnews/Moscow/2015/03/26 took longer than 20.0 seconds.."
"http://www.yabloko.ru/regnews/Ryazan/2015/06/29" - "User timeout caused connection failure: Getting http://www.yabloko.ru/regnews/Ryazan/2015/06/29 took longer than 20.0 seconds.."
"http://www.yabloko.ru/regnews/Moscow/2015/11/14" - "User timeout caused connection failure: Getting http://www.yabloko.ru/regnews/Moscow/2015/11/14 took longer than 20.0 seconds.."
"http://www.yabloko.ru/regnews/Moscow/2015/12/08" - "User timeout caused connection failure: Getting http://www.yabloko.ru/regnews/Moscow/2015/12/08 took longer than 20.0 seconds.."
"http://www.yabloko.ru/regnews/Moscow/2015/12/08_0" - "User timeout caused connection failure: Getting http://www.yabloko.ru/regnews/Moscow/2015/12/08_0 took longer than 20.0 seconds.."
"http://www.yabloko.ru/blog/2015/11/20" - "User timeout caused connection failure: Getting http://www.yabloko.ru/blog/2015/11/20 took longer than 20.0 seconds.."
"http://www.yabloko.ru/regnews/Moscow/2015/11/18_0" - "User timeout caused connection failure: Getting http://www.yabloko.ru/regnews/Moscow/2015/11/18_0 took longer than 20.0 seconds.."
"http://www.yabloko.ru/news/2012/08/23" - "User timeout caused connection failure: Getting http://www.yabloko.ru/news/2012/08/23 took longer than 20.0 seconds.."
"http://www.yabloko.ru/regnews/orel/2015/11/20" - "User timeout caused connection failure: Getting http://www.yabloko.ru/regnews/orel/2015/11/20 took longer than 20.0 seconds.."
"http://www.yabloko.ru/2015/11/20" - "User timeout caused connection failure: Getting http://www.yabloko.ru/2015/11/20 took longer than 20.0 seconds.."
"http://www.yabloko.ru/publikatsii/2015/12/03" - "User timeout caused connection failure: Getting http://www.yabloko.ru/publikatsii/2015/12/03 took longer than 20.0 seconds.."
"http://www.yabloko.ru/2015/12/03_2" - "User timeout caused connection failure: Getting http://www.yabloko.ru/2015/12/03_2 took longer than 20.0 seconds.."
"http://www.yabloko.ru/publikatsii/2015/12/08" - "User timeout caused connection failure: Getting http://www.yabloko.ru/publikatsii/2015/12/08 took longer than 20.0 seconds.."
"http://www.yabloko.ru/2015/12/03_0" - "User timeout caused connection failure: Getting http://www.yabloko.ru/2015/12/03_0 took longer than 20.0 seconds.."
"http://www.yabloko.ru/actually/2015/12/08" - "User timeout caused connection failure: Getting http://www.yabloko.ru/actually/2015/12/08 took longer than 20.0 seconds.."
"http://www.mirinfo.ru/" - "DNS lookup failed: address 'www.mirinfo.ru' not found: [Errno -2] Name or service not known."
"http://wss1.un.org:8082/ru/node/" - "DNS lookup failed: address 'wss1.un.org' not found: [Errno -2] Name or service not known."
"http://binub.turretdev.com/en/index.php" - "DNS lookup failed: address 'binub.turretdev.com' not found: [Errno -2] Name or service not known."
"http://%C2%E5%F0%F5%EE%E2%ED%FB%E9-%D1%F3%E4.%D0%D4/" - "DNS lookup failed: address '%C2%E5%F0%F5%EE%E2%ED%FB%E9-%D1%F3%E4.%D0%D4' not found: [Errno -2] Name or service not known."
"http://%C2%E5%F0%F5%EE%E2%ED%FB%E9%D1%F3%E4.%D0%D4/" - "DNS lookup failed: address '%C2%E5%F0%F5%EE%E2%ED%FB%E9%D1%F3%E4.%D0%D4' not found: [Errno -2] Name or service not known."
"http://%D0%93%D0%B0%D0%B7%D0%B5%D1%82%D0%B0.ru/" - "DNS lookup failed: address '%D0%93%D0%B0%D0%B7%D0%B5%D1%82%D0%B0.ru' not found: [Errno -2] Name or service not known."
"http://%ED%E5%EF%E0%F0%EA%F3%E9%F0%E5%E1%E5%ED%EA%E0.%F0%F4/" - "DNS lookup failed: address '%ED%E5%EF%E0%F0%EA%F3%E9%F0%E5%E1%E5%ED%EA%E0.%F0%F4' not found: [Errno -2] Name or service not known."
"http://%C2%D1.%D0%D4/" - "DNS lookup failed: address '%C2%D1.%D0%D4' not found: [Errno -2] Name or service not known."
"http://www.buydomainhosting.com/hpot_buy.php?issue=7760" - "[<twisted.python.failure.Failure twisted.internet.error.ConnectionLost: Connection to the other side was lost in a non-clean fashion.>]"
"http://euromaidansos.org/" - "DNS lookup failed: address 'euromaidansos.org' not found: [Errno -2] Name or service not known."
"http://http://izvestia.ru/" - "DNS lookup failed: address 'http' not found: [Errno -2] Name or service not known."
"http://mpra.info/" - "DNS lookup failed: address 'mpra.info' not found: [Errno -2] Name or service not known."
"http://www.mpra.info/" - "DNS lookup failed: address 'www.mpra.info' not found: [Errno -2] Name or service not known."
"http://www.%D0%B3%D0%BE%D0%B4%D0%BB%D0%B8%D1%82%D0%B5%D1%80%D0%B0%D1%82%D1%83%D1%80%D1%8B.%D1%80%D1%84/" - "DNS lookup failed: address 'www.%D0%B3%D0%BE%D0%B4%D0%BB%D0%B8%D1%82%D0%B5%D1%80%D0%B0%D1%82%D1%83%D1%80%D1%8B.%D1%80%D1%84' not found: [Errno -2] Name or service not known."
"http://ye-ti.ru/" - "DNS lookup failed: address 'ye-ti.ru' not found: [Errno -2] Name or service not known."
"http://-/" - "DNS lookup failed: address '-' not found: [Errno -2] Name or service not known."
"http://www.germes-lada.ru/" - "DNS lookup failed: address 'www.germes-lada.ru' not found: [Errno -2] Name or service not known."
"https://leafletjs.com/" - "User timeout caused connection failure."
"http://bnz.samara.ru/proc/link/1695/1/1234567/" - "User timeout caused connection failure."
"http://etc.usf.edu/clipart/" - "User timeout caused connection failure."
"http://finam.fm/read/9469/" - "User timeout caused connection failure."
"http://www.yabloko.ru/regnews/Moscow/2015/09/22_0" - "User timeout caused connection failure: Getting http://www.yabloko.ru/regnews/Moscow/2015/09/22_0 took longer than 20.0 seconds.."
"http://soft.rambler.ru/browser/?rpid=r131s&utm_content=browser&utm_medium=topline&utm_source=search" - "User timeout caused connection failure."
"http://www.bunimovich.ru/" - "User timeout caused connection failure."
"http://soft.rambler.ru/?rpid=r131s&utm_content=soft&utm_medium=topline&utm_source=search" - "User timeout caused connection failure."
"http://fregat.com.ru/" - "User timeout caused connection failure."
"http://www.goslyudi.ru/" - "User timeout caused connection failure: Getting http://www.goslyudi.ru/ took longer than 20.0 seconds.."
"http://www.medicalnegligenceclaimstoday.co.uk/" - "User timeout caused connection failure."
"http://www.memorialitalia.it%0A/" - "DNS lookup failed: address 'www.memorialitalia.it%0A' not found: [Errno -2] Name or service not known."
"http://www.memorial.de%0A/" - "DNS lookup failed: address 'www.memorial.de%0A' not found: [Errno -2] Name or service not known."
"http://www.szaoyabloko.ru%20/" - "DNS lookup failed: address 'www.szaoyabloko.ru%20' not found: [Errno -2] Name or service not known."
"http://day.udm.net/" - "User timeout caused connection failure."
"http://%D0%BD%D0%BE%D0%B2%D1%8B%D0%B9%D0%BA%D0%BE%D0%B4.%D1%80%D1%84/" - "DNS lookup failed: address '%D0%BD%D0%BE%D0%B2%D1%8B%D0%B9%D0%BA%D0%BE%D0%B4.%D1%80%D1%84' not found: [Errno -2] Name or service not known."
"http://www.lrf-kenya.org/" - "User timeout caused connection failure."
"http://www.anaga.ru/" - "Connection was refused by other side: 111: Connection refused."
"http://yabloko.irk.ru/" - "DNS lookup failed: address 'yabloko.irk.ru' not found: [Errno -2] Name or service not known."
"http://murtazin.info/" - "DNS lookup failed: address 'murtazin.info' not found: [Errno -2] Name or service not known."
"http://%EB%E5%F4%E4%EE%ED.%F0%F4/" - "DNS lookup failed: address '%EB%E5%F4%E4%EE%ED.%F0%F4' not found: [Errno -2] Name or service not known."
"http://soft.rambler.ru/browser/?rpid=r131s&utm_content=browser&utm_medium=topline&utm_source=autorambler" - "User timeout caused connection failure."
"http://soft.rambler.ru/?rpid=r131s&utm_content=soft&utm_medium=topline&utm_source=autorambler" - "User timeout caused connection failure."
"http://www.smoney.ru/reference/company.shtml?1%2F3101=" - "DNS lookup failed: address 'www.smoney.ru' not found: [Errno -2] Name or service not known."
"http://www.flexum.ru/" - "[<twisted.python.failure.Failure twisted.internet.error.ConnectionDone: Connection was closed cleanly.>]"
"http://%EF%E0%F2%F0%E8%EE%F2%FB%ED%E8%E6%ED%E5%E3%EE.%F0%F4/" - "DNS lookup failed: address '%EF%E0%F2%F0%E8%EE%F2%FB%ED%E8%E6%ED%E5%E3%EE.%F0%F4' not found: [Errno -2] Name or service not known."
"http://yabloko.barnaul.ru/" - "DNS lookup failed: address 'yabloko.barnaul.ru' not found: [Errno -2] Name or service not known."
"http://www.yabloko.barnaul.ru/%20" - "DNS lookup failed: address 'www.yabloko.barnaul.ru' not found: [Errno -2] Name or service not known."
"http://%EF%F0%E0%E2%EE%E2%E0%FF-%ED%E0%F0%EA%EE%EB%EE%E3%E8%FF.%F0%F4/index.php" - "DNS lookup failed: address '%EF%F0%E0%E2%EE%E2%E0%FF-%ED%E0%F0%EA%EE%EB%EE%E3%E8%FF.%F0%F4' not found: [Errno -2] Name or service not known."
"http://grani/" - "DNS lookup failed: address 'grani' not found: [Errno -2] Name or service not known."
"http://www.youtu/" - "DNS lookup failed: address 'www.youtu' not found: [Errno -2] Name or service not known."
"http://comingsoon/" - "DNS lookup failed: address 'comingsoon' not found: [Errno -2] Name or service not known."
"http://www.komitee.r2.ru/" - "DNS lookup failed: address 'www.komitee.r2.ru' not found: [Errno -2] Name or service not known."
"http://kabmin.tatar.ru/" - "User timeout caused connection failure."
"http://www.yabloko.ru/regnews/Pskov/2015/09/24" - "User timeout caused connection failure: Getting http://www.yabloko.ru/regnews/Pskov/2015/09/24 took longer than 20.0 seconds.."
"http://www.yabloko.ru/regnews/Moscow/2015/10/09_2" - "User timeout caused connection failure: Getting http://www.yabloko.ru/regnews/Moscow/2015/10/09_2 took longer than 20.0 seconds.."
"http://www.yabloko.ru/regnews/Moscow/2015/11/07" - "User timeout caused connection failure: Getting http://www.yabloko.ru/regnews/Moscow/2015/11/07 took longer than 20.0 seconds.."
"http://www.yabloko.ru/content/rossiya_trebuet_peremen" - "User timeout caused connection failure: Getting http://www.yabloko.ru/content/rossiya_trebuet_peremen took longer than 20.0 seconds.."
"http://www.mitrohin.ru/" - "DNS lookup failed: address 'www.mitrohin.ru' not found: [Errno -2] Name or service not known."
"http://www.politzeki.ru/" - "DNS lookup failed: address 'www.politzeki.ru' not found: [Errno -2] Name or service not known."
"http://www.yabloko.ru/content/zemlya_doma_dorogi" - "User timeout caused connection failure: Getting http://www.yabloko.ru/content/zemlya_doma_dorogi took longer than 20.0 seconds.."
"http://www.3payasyougo.com/" - "DNS lookup failed: address 'www.3payasyougo.com' not found: [Errno -2] Name or service not known."
"http://www.wooas.com/" - "DNS lookup failed: address 'www.wooas.com' not found: [Errno -2] Name or service not known."
"http://newcpi.wmtest.ru/" - "DNS lookup failed: address 'newcpi.wmtest.ru' not found: [Errno -2] Name or service not known."
"http://lgi.osi.hu/" - "DNS lookup failed: address 'lgi.osi.hu' not found: [Errno -2] Name or service not known."
"http://www.eurasianhome.org/" - "DNS lookup failed: address 'www.eurasianhome.org' not found: [Errno -2] Name or service not known."
"http://%F6%E8%F0%EA%EE%ED.%F0%F4/" - "DNS lookup failed: address '%F6%E8%F0%EA%EE%ED.%F0%F4' not found: [Errno -2] Name or service not known."
"http://www.brcinfo.com/" - "DNS lookup failed: address 'www.brcinfo.com' not found: [Errno -2] Name or service not known."
"http://http://www.bosch-stiftung.de" - "DNS lookup failed: address 'http' not found: [Errno -2] Name or service not known."
"http://bf-m.ru/" - "[<twisted.python.failure.Failure twisted.web._newclient.ParseError: (u'wrong number of parts', 'HTTP/1.1 301')>]"
"http://www.fim.org.ru/" - "DNS lookup failed: address 'www.fim.org.ru' not found: [Errno -2] Name or service not known."
"http://www.hse.spb.ru/" - "Connection was refused by other side: 111: Connection refused."
"http://sovetpamfilova.ru/" - "DNS lookup failed: address 'sovetpamfilova.ru' not found: [Errno -2] Name or service not known."
"http://www.kolokol.ru/pz/trepashkin/" - "DNS lookup failed: address 'www.kolokol.ru' not found: [Errno -2] Name or service not known."
"http://kuvalda.hro.org/" - "DNS lookup failed: address 'kuvalda.hro.org' not found: [Errno -2] Name or service not known."
"http://www.sovetpamfilova.ru/" - "DNS lookup failed: address 'www.sovetpamfilova.ru' not found: [Errno -2] Name or service not known."
"http://www.rusolidarnost-msk.ru/anons/1305-30-okt-2010.html" - "DNS lookup failed: address 'www.rusolidarnost-msk.ru' not found: [Errno -2] Name or service not known."
"http://msk.rufront.ru/" - "DNS lookup failed: address 'msk.rufront.ru' not found: [Errno -2] Name or service not known."
"http://terror99.ru/" - "Connection was refused by other side: 111: Connection refused."
"http://www.melihov.info/" - "DNS lookup failed: address 'www.melihov.info' not found: [Errno -2] Name or service not known."
"http://www.rusolidarnost.ru%20/" - "DNS lookup failed: address 'www.rusolidarnost.ru%20' not found: [Errno -2] Name or service not known."
"http://%D0%BF%D1%80%D0%B0%D0%B2%D0%B8%D1%82%D0%B5%D0%BB%D1%8C%D1%81%D1%82%D0%B2%D0%BE.%D1%80%D1%84/" - "DNS lookup failed: address '%D0%BF%D1%80%D0%B0%D0%B2%D0%B8%D1%82%D0%B5%D0%BB%D1%8C%D1%81%D1%82%D0%B2%D0%BE.%D1%80%D1%84' not found: [Errno -2] Name or service not known."
"http://www.%EA%EE%F0%E8%F4%E5%E819.%F0%F4/" - "DNS lookup failed: address 'www.%EA%EE%F0%E8%F4%E5%E819.%F0%F4' not found: [Errno -2] Name or service not known."
"http://www.macfound.ru/" - "DNS lookup failed: address 'www.macfound.ru' not found: [Errno -2] Name or service not known."
"http://politzeki.ru/" - "DNS lookup failed: address 'politzeki.ru' not found: [Errno -2] Name or service not known."
"http://www.yabloko.ru/about" - "User timeout caused connection failure: Getting http://www.yabloko.ru/about took longer than 20.0 seconds.."
"http://storage.4-links.net/2970/HTML/index6.html" - "User timeout caused connection failure: Getting http://storage.4-links.net/2970/HTML/index6.html took longer than 20.0 seconds.."
"http://veterany.org/" - "User timeout caused connection failure."
"http://storage.4-links.net/2970/HTML/index3.html" - "User timeout caused connection failure: Getting http://storage.4-links.net/2970/HTML/index3.html took longer than 20.0 seconds.."
"http://storage.4-links.net/2970/HTML/index2.html" - "User timeout caused connection failure: Getting http://storage.4-links.net/2970/HTML/index2.html took longer than 20.0 seconds.."
"http://storage.4-links.net/2970/leonidkacva-istoryarossiiixxivekipart2.fb2" - "User timeout caused connection failure: Getting http://storage.4-links.net/2970/leonidkacva-istoryarossiiixxivekipart2.fb2 took longer than 20.0 seconds.."
"http://storage.4-links.net/2970/leonidkacva-istoryarossiiixxivekipart2.epub" - "User timeout caused connection failure: Getting http://storage.4-links.net/2970/leonidkacva-istoryarossiiixxivekipart2.epub took longer than 20.0 seconds.."
"http://storage.4-links.net/2970/HTML/index1.html" - "User timeout caused connection failure: Getting http://storage.4-links.net/2970/HTML/index1.html took longer than 20.0 seconds.."
"http://www.%D1%81%D0%BF%D0%B8%D0%B4%D0%B8%D0%BD%D1%84%D0%BE%D1%81%D0%B2%D1%8F%D0%B7%D1%8C.%D1%80%D1%84/" - "DNS lookup failed: address 'www.%D1%81%D0%BF%D0%B8%D0%B4%D0%B8%D0%BD%D1%84%D0%BE%D1%81%D0%B2%D1%8F%D0%B7%D1%8C.%D1%80%D1%84' not found: [Errno -2] Name or service not known."
"http://www.rss2email.ru/?rss=http%3A%2F%2Fwww.vturme.ru%2Frss.xml" - "DNS lookup failed: address 'www.rss2email.ru' not found: [Errno -2] Name or service not known."
"http://iframewidth=560height=315src=https://www.youtube.com/embed/wHFkzAjfJnkframeborder=0allowfullscreen/iframe" - "DNS lookup failed: address 'iframewidth=560height=315src=https' not found: [Errno -2] Name or service not known."
"http://memo.i-komi.ru/wordpress/?feed=rss2" - "DNS lookup failed: address 'memo.i-komi.ru' not found: [Errno -2] Name or service not known."
"http://www.sim4fly.com/" - "DNS lookup failed: address 'www.sim4fly.com' not found: [Errno -2] Name or service not known."
"http://vk/" - "DNS lookup failed: address 'vk' not found: [Errno -2] Name or service not known."
"http://p/" - "DNS lookup failed: address 'p' not found: [Errno -2] Name or service not known."
"http://www.themeshark.com/" - "User timeout caused connection failure."
"http://www.sps.ru/" - "User timeout caused connection failure."
"http://chuikoff.ru/" - "User timeout caused connection failure."
"http://ucdp.ru/" - "DNS lookup failed: address 'ucdp.ru' not found: [Errno -2] Name or service not known."
"http://subsidii.net/" - "User timeout caused connection failure: Getting http://subsidii.net/ took longer than 20.0 seconds.."
