"http://truesite.ru" - "DNS lookup failed: address 'truesite.ru' not found: [Errno -2] Name or service not known."
"http://iriney.vinchi.ru" - "DNS lookup failed: address 'iriney.vinchi.ru' not found: [Errno -2] Name or service not known."
"http://iriney.vinchi.ru/sects/munit/003.htm" - "DNS lookup failed: address 'iriney.vinchi.ru' not found: [Errno -2] Name or service not known."
"http://insights.chitika.com/2012/operating-system-market-share-november-2012-update/" - "User timeout caused connection failure."
"https://mail.my.com/" - "User timeout caused connection failure."
"http://insights.chitika.com/2012/search-engine-market-share-november-2012-update/" - "User timeout caused connection failure."
"http://insights.chitika.com/2012/web-browser-market-share-november-2012-update/" - "User timeout caused connection failure."
"http://m-flow.me/" - "DNS lookup failed: address 'm-flow.me' not found: [Errno -2] Name or service not known."
"http://%EA%E8%ED%EE%E4%EE%EC.%F0%F4/" - "DNS lookup failed: address '%EA%E8%ED%EE%E4%EE%EC.%F0%F4' not found: [Errno -2] Name or service not known."
"http://lorgus.name/" - "DNS lookup failed: address 'lorgus.name' not found: [Errno -2] Name or service not known."
"http://%F2%F0%EE%E8%F6%EA%E8%E9-%F1%EE%E1%EE%F0.%F0%F4/" - "DNS lookup failed: address '%F2%F0%EE%E8%F6%EA%E8%E9-%F1%EE%E1%EE%F0.%F0%F4' not found: [Errno -2] Name or service not known."
"http://galya.pro/" - "DNS lookup failed: address 'galya.pro' not found: [Errno -2] Name or service not known."
"http://fizika.pro/" - "DNS lookup failed: address 'fizika.pro' not found: [Errno -2] Name or service not known."
"http://www.mirinfo.ru/" - "DNS lookup failed: address 'www.mirinfo.ru' not found: [Errno -2] Name or service not known."
"http://txt.rus.newsru.ua%0A/" - "DNS lookup failed: address 'txt.rus.newsru.ua%0A' not found: [Errno -2] Name or service not known."
"http://http://top.bigmir.net/report/125856//" - "DNS lookup failed: address 'http' not found: [Errno -2] Name or service not known."
"http://bilingbooks.com/" - "DNS lookup failed: address 'bilingbooks.com' not found: [Errno -2] Name or service not known."
"http://www.host.ru%20;%20www.zenon.net/" - "DNS lookup failed: address 'www.host.ru%20;%20www.zenon.net' not found: [Errno -2] Name or service not known."
"http://manual.ucoz.nethttp://manual.ucoz.net/board/44" - "DNS lookup failed: address 'manual.ucoz.nethttp' not found: [Errno -2] Name or service not known."
"http://manual.ucoz.nethttp://manual.ucoz.net/board/30" - "DNS lookup failed: address 'manual.ucoz.nethttp' not found: [Errno -2] Name or service not known."
"http://manual.ucoz.nethttp://manual.ucoz.net/board/36" - "DNS lookup failed: address 'manual.ucoz.nethttp' not found: [Errno -2] Name or service not known."
"http://www.eiao.orthphoto.net/" - "Connection was refused by other side: 111: Connection refused."
"http://studio.virosa.ru/" - "DNS lookup failed: address 'studio.virosa.ru' not found: [Errno -2] Name or service not known."
"http://www.activenetwork.co.nz/" - "DNS lookup failed: address 'www.activenetwork.co.nz' not found: [Errno -2] Name or service not known."
"http://www.geo.orthodoxy.ru" - "DNS lookup failed: address 'www.geo.orthodoxy.ru' not found: [Errno -2] Name or service not known."
"http://www.vienna-dharma-projects.org/English/VDF/KLeben/2003-11%20KIBI/ceremony.htm" - "DNS lookup failed: address 'www.vienna-dharma-projects.org' not found: [Errno -2] Name or service not known."
"http://www.vienna-dharma-projects.org/English/VDF/KLeben/2005/12-22Taiwan.htm" - "DNS lookup failed: address 'www.vienna-dharma-projects.org' not found: [Errno -2] Name or service not known."
"http://www.germes-lada.ru/" - "DNS lookup failed: address 'www.germes-lada.ru' not found: [Errno -2] Name or service not known."
"http://sakhalogos.ru/" - "DNS lookup failed: address 'sakhalogos.ru' not found: [Errno -2] Name or service not known."
"http://passport.yandex.ru/passport?mode=restore" - "User timeout caused connection failure."
"http://www.otkroveniya.info/" - "User timeout caused connection failure: Getting http://www.otkroveniya.info/ took longer than 20.0 seconds.."
"http://molotov.pro/" - "User timeout caused connection failure: Getting http://molotov.pro/ took longer than 20.0 seconds.."
"http://easysoft.no-ip.org/" - "User timeout caused connection failure."
"http://confluence.ksproject.org:8090/x/BAAJ" - "User timeout caused connection failure."
