"http://baywood.metapress.com/openurl.asp?genre=article&id=doi:10.2190/HQ2A-3K03-5JNM-4VWX" - "Connection was refused by other side: 111: Connection refused."
"http://baywood.metapress.com/openurl.asp?genre=article&id=doi:10.2190/7TN6-DUTC-F6XQ-PFF8" - "Connection was refused by other side: 111: Connection refused."
"https://www.b-eat.co.uk/" - "[<twisted.python.failure.Failure OpenSSL.SSL.Error: [('SSL routines', 'ssl3_read_bytes', 'ssl handshake failure')]>]"
"https://changelog.com/" - "[<twisted.python.failure.Failure OpenSSL.SSL.Error: [('SSL routines', 'ssl3_read_bytes', 'ssl handshake failure')]>]"
"ftp://ftp.ncbi.nlm.nih.gov/refseq/release/" - "'ftp_user'"
"https://dumps.wikimedia.org/enwiki/latest/enwiki-latest-pages-articles.xml.bz2" - ""
"https://www.gpo.gov/fdsys/pkg/USCODE-2010-title17/html/USCODE-2010-title17-chap5-sec506.htm" - "[<twisted.python.failure.Failure OpenSSL.SSL.Error: [('SSL routines', 'ssl3_read_bytes', 'ssl handshake failure')]>]"
"http://myevent.nj.com/web/event.php" - "User timeout caused connection failure: Getting http://myevent.nj.com/web/event.php took longer than 20.0 seconds.."
"http://www.psychologytoday.com/blog/the-hidden-agenda-the-political-mind/201501/amazing-website-predicts-all-your-political-opinion" - "[<twisted.python.failure.Failure twisted.web._newclient.ParseError: (u'non-integer status code', '<!DOCTYPE html PUBLIC "-//W3C//DTD XHTML 1.0 Strict//EN" "http://www.w3.org/TR/xhtml1/DTD/xhtml1-strict.dtd">')>]"
"https://www.psychologytoday.com/blog/the-hidden-agenda-the-political-mind/201504/do-most-people-fit-in-liberal-and-conservative" - "[<twisted.python.failure.Failure twisted.web._newclient.ParseError: (u'non-integer status code', '<!DOCTYPE html PUBLIC "-//W3C//DTD XHTML 1.0 Strict//EN" "http://www.w3.org/TR/xhtml1/DTD/xhtml1-strict.dtd">')>]"
"http://www.ifolder.com/" - "DNS lookup failed: address 'www.ifolder.com' not found: [Errno -2] Name or service not known."
"http://classweb.gmu.edu/accent/" - "DNS lookup failed: address 'classweb.gmu.edu' not found: [Errno -2] Name or service not known."
"http://www.omtim.com/" - "DNS lookup failed: address 'www.omtim.com' not found: [Errno -2] Name or service not known."
"http://scm6devstore.silverchair.com/" - "DNS lookup failed: address 'scm6devstore.silverchair.com' not found: [Errno -2] Name or service not known."
"http://wikipedia.sourceforge.net/" - "[<twisted.python.failure.Failure twisted.internet.error.ConnectionLost: Connection to the other side was lost in a non-clean fashion.>]"
"http://www.panyathai.or.th/wiki" - "DNS lookup failed: address 'www.panyathai.or.th' not found: [Errno -2] Name or service not known."
"http://www.palungjitrescuedisaster.com/wiki/" - "DNS lookup failed: address 'www.palungjitrescuedisaster.com' not found: [Errno -2] Name or service not known."
"https://http://ur.wikipedia.org/wiki/TRADEMARK" - "DNS lookup failed: address 'http' not found: [Errno -2] Name or service not known."
"http://reduex.unex.es/cala/mod/resource/view.php?ide=13" - "DNS lookup failed: address 'reduex.unex.es' not found: [Errno -2] Name or service not known."
"http://freshmeat.net/releases/169180/" - "[<twisted.python.failure.Failure twisted.internet.error.ConnectionLost: Connection to the other side was lost in a non-clean fashion.>]"
"http://www.translatewiki.net/" - "DNS lookup failed: address 'www.translatewiki.net' not found: [Errno -2] Name or service not known."
"http://lpnschoolsblog.com/" - "DNS lookup failed: address 'lpnschoolsblog.com' not found: [Errno -2] Name or service not known."
"http://projectmanagementwiki.org/" - "DNS lookup failed: address 'projectmanagementwiki.org' not found: [Errno -2] Name or service not known."
"http://www.linkbuildingservices4u.com/" - "DNS lookup failed: address 'www.linkbuildingservices4u.com' not found: [Errno -2] Name or service not known."
"http://freecode.com/search?with=309" - "[<twisted.python.failure.Failure twisted.internet.error.ConnectionLost: Connection to the other side was lost in a non-clean fashion.>]"
"http://wiki.myquran.org/" - "DNS lookup failed: address 'wiki.myquran.org' not found: [Errno -2] Name or service not known."
"http://www.metro-pole.net/expl/exploit/incidents/personne.html" - "User timeout caused connection failure."
"https://lists.wikimedia.bg/mailman/listinfo/info-l" - "User timeout caused connection failure."
"http://www.yogaunity.org/" - "DNS lookup failed: address 'www.yogaunity.org' not found: [Errno -2] Name or service not known."
"http://opencert.iist.unu.edu/" - "DNS lookup failed: address 'opencert.iist.unu.edu' not found: [Errno -2] Name or service not known."
"http://springerlink.metapress.com/app/home/contribution.asp?backto=issue%2C2%2C12&journal%2C14%2C33=&linkingpublicationresults%2C1%3A100262%2C1=&referrer=parent&wasp=hf0bld3qlk0unn8f8x2m" - "Connection was refused by other side: 111: Connection refused."
"http://www.youngmindsvs.org.uk%20/" - "DNS lookup failed: address 'www.youngmindsvs.org.uk%20' not found: [Errno -2] Name or service not known."
"http://www.richardbrodie.com/Prologue.html" - "DNS lookup failed: address 'www.richardbrodie.com' not found: [Errno -2] Name or service not known."
"http://answers.microsoft.com%20/" - "DNS lookup failed: address 'answers.microsoft.com%20' not found: [Errno -2] Name or service not known."
"http://wikimedia.bg/" - "User timeout caused connection failure."
"http://www.you/" - "DNS lookup failed: address 'www.you' not found: [Errno -2] Name or service not known."
"http://solowiki.sourceforge.net/" - "[<twisted.python.failure.Failure twisted.internet.error.ConnectionLost: Connection to the other side was lost in a non-clean fashion.>]"
"http://europe.eu.int/smartapi/cgi/sga_doc?lg=en&model=guichett&numdoc=31993L0098&smartapi%21celexapi%21prod%21CELEXnumdoc=" - "DNS lookup failed: address 'europe.eu.int' not found: [Errno -2] Name or service not known."
"http://victorcauchi.fortunecity.com/EuCmp/o/oldeng.htm" - "User timeout caused connection failure."
"https://88.80.13.160/" - "User timeout caused connection failure."
"https://upload.wikimedia.org/wikipedia/commons/3/31/Ward_Cunningham,_Inventor_of_the_Wiki.webm" - "User timeout caused connection failure: Getting https://upload.wikimedia.org/wikipedia/commons/3/31/Ward_Cunningham,_Inventor_of_the_Wiki.webm took longer than 20.0 seconds.."
"http://muznews.rockzvuk.com/news/pervaja_v_mire_muzykalnaja_opera_s_otkrytymi_iskhodnikami/2012-01-25-202" - "User timeout caused connection failure."
"http://szugat.gmxhome.de/" - "User timeout caused connection failure."
"https://upload.wikimedia.org/wikipedia/commons/3/37/Translating_the_wiki_way.webm" - "User timeout caused connection failure: Getting https://upload.wikimedia.org/wikipedia/commons/3/37/Translating_the_wiki_way.webm took longer than 20.0 seconds.."
"http://csrp.hku.hk,%E2%80%8E/" - "DNS lookup failed: address 'csrp.hku.hk,%E2%80%8E' not found: [Errno -2] Name or service not known."
"http://userscripts.org/scripts/review/12529" - "User timeout caused connection failure."
"http://wikimedia.ge/" - "DNS lookup failed: address 'wikimedia.ge' not found: [Errno -2] Name or service not known."
"http://wikimedia.org.mo/" - "DNS lookup failed: address 'wikimedia.org.mo' not found: [Errno -2] Name or service not known."
"http://wikimedia.bw/" - "DNS lookup failed: address 'wikimedia.bw' not found: [Errno -2] Name or service not known."
"http://wiki.nectec.or.th/" - "User timeout caused connection failure."
"http://nejm.highwire.org/cgi/content/extract/337/17/1236" - "DNS lookup failed: address 'nejm.highwire.org' not found: [Errno -2] Name or service not known."
"http://www.wikimedia.org.mo/wiki/index.php/%E6%BE%B3%E9%96%80%E7%B6%AD%E5%9F%BA%E5%AA%92%E9%AB%94%E5%8D%94%E6%9C%83%E7%B5%84%E7%B9%94%E6%9E%B6%E6%A7%8B" - "DNS lookup failed: address 'www.wikimedia.org.mo' not found: [Errno -2] Name or service not known."
"http://nejm.highwire.org/cgi/content/extract/349/4/325" - "DNS lookup failed: address 'nejm.highwire.org' not found: [Errno -2] Name or service not known."
"https://www.pcworld.com/article/202452/why_linux_is_more_secure_than_windows.html" - "User timeout caused connection failure."
"http://juicereceiver.sourceforge.net/" - "[<twisted.python.failure.Failure twisted.internet.error.ConnectionLost: Connection to the other side was lost in a non-clean fashion.>]"
"http://http%5C|%5Bcolon%5D%5C|//www.fiocruz.br" - "DNS lookup failed: address 'http%5C|%5Bcolon%5D%5C|' not found: [Errno -2] Name or service not known."
"http://myweb2.search.yahoo.com/myresults/bookmarklet?u=http%3A%2F%2Fwww.carbon-monoxide-survivor.com%2Fcarbon-monoxide-poisoning-four-kinds-of-survivors.html" - "DNS lookup failed: address 'myweb2.search.yahoo.com' not found: [Errno -2] Name or service not known."
"http://article/598518/how-to-stay-marketable-within-a-rapid-change-slow-growth-economy/" - "DNS lookup failed: address 'article' not found: [Errno -2] Name or service not known."
"http://www.atypon-link.com/GPI/doi/abs/10.1521/suli.33.2.151.22775" - "DNS lookup failed: address 'www.atypon-link.com' not found: [Errno -2] Name or service not known."
"http://www.cleanandsafeports.org%20/" - "DNS lookup failed: address 'www.cleanandsafeports.org%20' not found: [Errno -2] Name or service not known."
"http://www.tcunion.org/" - "DNS lookup failed: address 'www.tcunion.org' not found: [Errno -2] Name or service not known."
"http://http://www.hotelcareer.de/" - "DNS lookup failed: address 'http' not found: [Errno -2] Name or service not known."
"http://www.rollingstone/" - "DNS lookup failed: address 'www.rollingstone' not found: [Errno -2] Name or service not known."
"http://www.tropika.net/" - "DNS lookup failed: address 'www.tropika.net' not found: [Errno -2] Name or service not known."
"http://www.tlfi.fr/historique.htm" - "User timeout caused connection failure."
"http://www.onmeda.de/g-gesund.html" - "[<twisted.python.failure.Failure twisted.internet.error.ConnectionDone: Connection was closed cleanly.>, <twisted.python.failure.Failure twisted.web.http._DataLoss: >]"
"http://archinte.highwire.org/cgi/content/summary/153/24/2723" - "User timeout caused connection failure."
"http://www.psychologytoday.com/blog/beautiful-minds" - "[<twisted.python.failure.Failure twisted.web._newclient.ParseError: (u'non-integer status code', '<!DOCTYPE html PUBLIC "-//W3C//DTD XHTML 1.0 Strict//EN" "http://www.w3.org/TR/xhtml1/DTD/xhtml1-strict.dtd">')>]"
"http://www.psychologytoday.com/blog/pop-psych" - "[<twisted.python.failure.Failure twisted.web._newclient.ParseError: (u'non-integer status code', '<!DOCTYPE html PUBLIC "-//W3C//DTD XHTML 1.0 Strict//EN" "http://www.w3.org/TR/xhtml1/DTD/xhtml1-strict.dtd">')>]"
"http://www.psychologytoday.com/blog/the-how-and-why-sex-differences" - "[<twisted.python.failure.Failure twisted.web._newclient.ParseError: (u'non-integer status code', '<!DOCTYPE html PUBLIC "-//W3C//DTD XHTML 1.0 Strict//EN" "http://www.w3.org/TR/xhtml1/DTD/xhtml1-strict.dtd">')>]"
"http://www.onmeda.de/" - "[<twisted.python.failure.Failure twisted.internet.error.ConnectionDone: Connection was closed cleanly.>, <twisted.python.failure.Failure twisted.web.http._DataLoss: >]"
"http://www.psychologytoday.com/blog/the-tangled-wing" - "[<twisted.python.failure.Failure twisted.web._newclient.ParseError: (u'non-integer status code', '<!DOCTYPE html PUBLIC "-//W3C//DTD XHTML 1.0 Strict//EN" "http://www.w3.org/TR/xhtml1/DTD/xhtml1-strict.dtd">')>]"
"http://www.psychologytoday.com/blog/homo-consumericus" - "[<twisted.python.failure.Failure twisted.web._newclient.ParseError: (u'non-integer status code', '<!DOCTYPE html PUBLIC "-//W3C//DTD XHTML 1.0 Strict//EN" "http://www.w3.org/TR/xhtml1/DTD/xhtml1-strict.dtd">')>]"
"http://www.psychologytoday.com/blog/naturally-selected" - "[<twisted.python.failure.Failure twisted.web._newclient.ParseError: (u'non-integer status code', '<!DOCTYPE html PUBLIC "-//W3C//DTD XHTML 1.0 Strict//EN" "http://www.w3.org/TR/xhtml1/DTD/xhtml1-strict.dtd">')>]"
"http://www.investigationnetwork.org/" - "DNS lookup failed: address 'www.investigationnetwork.org' not found: [Errno -2] Name or service not known."
"http://www.theallianceforsafechildren.asia/" - "DNS lookup failed: address 'www.theallianceforsafechildren.asia' not found: [Errno -2] Name or service not known."
"http://radikal-individualist.de/2011/02/08/free-diving/" - "DNS lookup failed: address 'radikal-individualist.de' not found: [Errno -2] Name or service not known."
"http://www.psychologytoday.com/blog/sex-murder-and-the-meaning-life" - "[<twisted.python.failure.Failure twisted.web._newclient.ParseError: (u'non-integer status code', '<!DOCTYPE html PUBLIC "-//W3C//DTD XHTML 1.0 Strict//EN" "http://www.w3.org/TR/xhtml1/DTD/xhtml1-strict.dtd">')>]"
"http://www.psychologytoday.com/blog/ape-girl" - "[<twisted.python.failure.Failure twisted.web._newclient.ParseError: (u'non-integer status code', '<!DOCTYPE html PUBLIC "-//W3C//DTD XHTML 1.0 Strict//EN" "http://www.w3.org/TR/xhtml1/DTD/xhtml1-strict.dtd">')>]"
"http://www.psychologytoday.com/blog/social-design" - "[<twisted.python.failure.Failure twisted.web._newclient.ParseError: (u'non-integer status code', '<!DOCTYPE html PUBLIC "-//W3C//DTD XHTML 1.0 Strict//EN" "http://www.w3.org/TR/xhtml1/DTD/xhtml1-strict.dtd">')>]"
"http://www.onmeda.fr/" - "[<twisted.python.failure.Failure twisted.internet.error.ConnectionDone: Connection was closed cleanly.>, <twisted.python.failure.Failure twisted.web.http._DataLoss: >]"
"http://www.onmeda.es/" - "[<twisted.python.failure.Failure twisted.internet.error.ConnectionDone: Connection was closed cleanly.>, <twisted.python.failure.Failure twisted.web.http._DataLoss: >]"
"http://articles.cnn.com/2002-01-10/world/britain.cessna_1_plane-light-aircraft-sas?_s=PM%3AWORLD" - "DNS lookup failed: address 'articles.cnn.com' not found: [Errno -2] Name or service not known."
"http://submissions.miracd.com/asmaarchive/Login.aspx" - "User timeout caused connection failure: Getting http://submissions.miracd.com/asmaarchive/Login.aspx took longer than 20.0 seconds.."
"http://www.mybeautycase.de/" - "User timeout caused connection failure."
"http://www.metalhammer.de/" - "User timeout caused connection failure."
"http://www.scielo.org.ve/?lng=pt" - "User timeout caused connection failure."
"http://pubmedcentralcanada.ca/pmcc/articles/PMC2262093/?lang=en-ca" - "User timeout caused connection failure: Getting http://pubmedcentralcanada.ca/pmcc/articles/PMC2262093/?lang=en-ca took longer than 20.0 seconds.."
"http://www.scielo.oces.mctes.pt/?lng=pt" - "User timeout caused connection failure."
"http://www.bivipsil.org/" - "User timeout caused connection failure."
"http://www.autobild.in/" - "User timeout caused connection failure."
"http://www.misterinfo.de/" - "User timeout caused connection failure."
"http://www.guardianholidayoffers.co.uk/?INTCMP=mic_231083" - "User timeout caused connection failure."
"http://www.guardianholidayoffers.co.uk/?INTCMP=mic_231110" - "User timeout caused connection failure."
