"http://www.gulag.ipvnews.org" - "DNS lookup failed: address 'www.gulag.ipvnews.org' not found: [Errno -2] Name or service not known."
"https://www.hostmonster.com/" - "[<twisted.python.failure.Failure OpenSSL.SSL.Error: [('SSL routines', 'ssl3_read_bytes', 'ssl handshake failure')]>]"
"https://www.hostmonster.com/cgi/info/hosting_features" - "[<twisted.python.failure.Failure OpenSSL.SSL.Error: [('SSL routines', 'ssl3_read_bytes', 'ssl handshake failure')]>]"
"https://www.hostmonster.com/cgi/info/contact_us" - "[<twisted.python.failure.Failure OpenSSL.SSL.Error: [('SSL routines', 'ssl3_read_bytes', 'ssl handshake failure')]>]"
"https://www.hostmonster.com/cgi/help" - "[<twisted.python.failure.Failure OpenSSL.SSL.Error: [('SSL routines', 'ssl3_read_bytes', 'ssl handshake failure')]>]"
"https://www.hostmonster.com/cgi/info/about_us" - "[<twisted.python.failure.Failure OpenSSL.SSL.Error: [('SSL routines', 'ssl3_read_bytes', 'ssl handshake failure')]>]"
"https://www.hostmonster.com/cgi/terms" - "[<twisted.python.failure.Failure OpenSSL.SSL.Error: [('SSL routines', 'ssl3_read_bytes', 'ssl handshake failure')]>]"
"https://www.hostmonster.com/cgi/signup" - "[<twisted.python.failure.Failure OpenSSL.SSL.Error: [('SSL routines', 'ssl3_read_bytes', 'ssl handshake failure')]>]"
"https://www.hostmonster.com/cgi-bin/partner" - "[<twisted.python.failure.Failure OpenSSL.SSL.Error: [('SSL routines', 'ssl3_read_bytes', 'ssl handshake failure')]>]"
"https://adage.com/help/emailprefs" - "User timeout caused connection failure."
"file://localhost/o%09http/::qz.com:564616:an-alibaba-deal-to-buy-the-south-china-morning-post-is-expected-before-christmas" - "[Errno 2] No such file or directory: '/o\thttp/::qz.com:564616:an-alibaba-deal-to-buy-the-south-china-morning-post-is-expected-before-christmas'"
"http://http;//fb.me/humanrightscampaign" - "DNS lookup failed: address 'http;' not found: [Errno -2] Name or service not known."
"http://answers.microsoft.com%20/" - "DNS lookup failed: address 'answers.microsoft.com%20' not found: [Errno -2] Name or service not known."
"https://versahq.com/?utm_medium=richardson_widget&utm_source=noscript" - "Connection was refused by other side: 111: Connection refused."
"http://adage.salary.com/" - "DNS lookup failed: address 'adage.salary.com' not found: [Errno -2] Name or service not known."
"http://recruiting@freedomhouse.org/" - "DNS lookup failed: address 'recruiting@freedomhouse.org' not found: [Errno -2] Name or service not known."
"http://amnesty/" - "DNS lookup failed: address 'amnesty' not found: [Errno -2] Name or service not known."
"http://blog.acquaintable.com/2013/02/opportunities-acquaintable/" - "DNS lookup failed: address 'blog.acquaintable.com' not found: [Errno -2] Name or service not known."
"http://itsourtime.com/legal/rules.html" - "DNS lookup failed: address 'itsourtime.com' not found: [Errno -2] Name or service not known."
"https://adage.com/help/emailprefs.php" - "User timeout caused connection failure."
"http://expression.freedomhouse.org/" - "User timeout caused connection failure."
