"http://mignews.com/news/economics/world/110913_173123_15573.html" - "[<twisted.python.failure.Failure twisted.internet.error.ConnectionDone: Connection was closed cleanly.>, <twisted.python.failure.Failure twisted.web.http._DataLoss: Chunked decoder in 'CHUNK_LENGTH' state, still expecting more data to get to 'FINISHED' state.>]"
"https://changelog.com/" - "[<twisted.python.failure.Failure OpenSSL.SSL.Error: [('SSL routines', 'ssl3_read_bytes', 'ssl handshake failure')]>]"
"http://www.legisworks.org/GPO/STATUTE-100-Pg2085.pdf" - "User timeout caused connection failure: Getting http://www.legisworks.org/GPO/STATUTE-100-Pg2085.pdf took longer than 20.0 seconds.."
"https://shop.wikimedia.org%7cwikimedia/" - "Codepoint U+0025 at position 4 of u'org%7cwikimedia' not allowed"
"https://dumps.wikimedia.org/enwiki/latest/enwiki-latest-pages-articles.xml.bz2" - ""
"https://www.hostmonster.com/track/phpbbsoftwareltd/footer" - "[<twisted.python.failure.Failure OpenSSL.SSL.Error: [('SSL routines', 'ssl3_read_bytes', 'ssl handshake failure')]>]"
"http://forums.svetrus.org/" - "DNS lookup failed: address 'forums.svetrus.org' not found: [Errno -2] Name or service not known."
"http://www.ifolder.com/" - "DNS lookup failed: address 'www.ifolder.com' not found: [Errno -2] Name or service not known."
"https://tools.wmflabs.org/wsexport/tool/book.php?format=pdf-a5&lang=fr&page=Le+Principe+anarchiste" - "User timeout caused connection failure: Getting https://tools.wmflabs.org/wsexport/tool/book.php?format=pdf-a5&lang=fr&page=Le+Principe+anarchiste took longer than 20.0 seconds.."
"http://az:ana/" - "DNS lookup failed: address 'az' not found: [Errno -2] Name or service not known."
"https://tools.wmflabs.org/wsexport/tool/book.php?format=mobi&lang=fr&page=Le+Principe+anarchiste" - "User timeout caused connection failure: Getting https://tools.wmflabs.org/wsexport/tool/book.php?format=mobi&lang=fr&page=Le+Principe+anarchiste took longer than 20.0 seconds.."
"https://tools.wmflabs.org/wsexport/tool/book.php?format=mobi&lang=fr&page=Portraits+contemporains%2FTome+1" - "User timeout caused connection failure: Getting https://tools.wmflabs.org/wsexport/tool/book.php?format=mobi&lang=fr&page=Portraits+contemporains%2FTome+1 took longer than 20.0 seconds.."
"https://tools.wmflabs.org/wsexport/tool/book.php?format=pdf-a5&lang=fr&page=Portraits+contemporains%2FTome+1" - "User timeout caused connection failure: Getting https://tools.wmflabs.org/wsexport/tool/book.php?format=pdf-a5&lang=fr&page=Portraits+contemporains%2FTome+1 took longer than 20.0 seconds.."
"https://tools.wmflabs.org/wsexport/tool/book.php?format=epub&lang=fr&page=La+Noire+Idole" - "User timeout caused connection failure: Getting https://tools.wmflabs.org/wsexport/tool/book.php?format=epub&lang=fr&page=La+Noire+Idole took longer than 20.0 seconds.."
"https://tools.wmflabs.org/wsexport/tool/book.php?format=mobi&lang=fr&page=La+Noire+Idole" - "User timeout caused connection failure: Getting https://tools.wmflabs.org/wsexport/tool/book.php?format=mobi&lang=fr&page=La+Noire+Idole took longer than 20.0 seconds.."
"https://tools.wmflabs.org/wsexport/tool/book.php?format=epub&lang=fr&page=Au+pays+du+Mufle" - "User timeout caused connection failure: Getting https://tools.wmflabs.org/wsexport/tool/book.php?format=epub&lang=fr&page=Au+pays+du+Mufle took longer than 20.0 seconds.."
"https://tools.wmflabs.org/wsexport/tool/book.php?format=mobi&lang=fr&page=Au+pays+du+Mufle" - "User timeout caused connection failure: Getting https://tools.wmflabs.org/wsexport/tool/book.php?format=mobi&lang=fr&page=Au+pays+du+Mufle took longer than 20.0 seconds.."
"https://tools.wmflabs.org/wsexport/tool/book.php?format=pdf-a5&lang=ja&page=%E6%97%A5%E6%9C%AC%E5%9C%8B%E7%B1%B3%E5%88%A9%E5%A0%85%E5%90%88%E8%A1%86%E5%9C%8B%E5%92%8C%E8%A6%AA%E6%A2%9D%E7%B4%84" - "User timeout caused connection failure: Getting https://tools.wmflabs.org/wsexport/tool/book.php?format=pdf-a5&lang=ja&page=%E6%97%A5%E6%9C%AC%E5%9C%8B%E7%B1%B3%E5%88%A9%E5%A0%85%E5%90%88%E8%A1%86%E5%9C%8B%E5%92%8C%E8%A6%AA%E6%A2%9D%E7%B4%84 took longer than 20.0 seconds.."
"https://tools.wmflabs.org/wsexport/tool/book.php?format=mobi&lang=ja&page=%E6%97%A5%E6%9C%AC%E5%9C%8B%E7%B1%B3%E5%88%A9%E5%A0%85%E5%90%88%E8%A1%86%E5%9C%8B%E5%92%8C%E8%A6%AA%E6%A2%9D%E7%B4%84" - "User timeout caused connection failure: Getting https://tools.wmflabs.org/wsexport/tool/book.php?format=mobi&lang=ja&page=%E6%97%A5%E6%9C%AC%E5%9C%8B%E7%B1%B3%E5%88%A9%E5%A0%85%E5%90%88%E8%A1%86%E5%9C%8B%E5%92%8C%E8%A6%AA%E6%A2%9D%E7%B4%84 took longer than 20.0 seconds.."
"https://tools.wmflabs.org/wsexport/tool/book.php?format=epub-3&lang=ja&page=%E3%81%8F%E3%82%8A%E3%81%8B%E3%81%B8%E3%81%97%E7%AC%A6%E5%8F%B7%E3%81%AE%E4%BD%BF%E3%81%B2%E6%96%B9%EF%BC%88%E6%96%B0%E5%AD%97%E6%97%A7%E4%BB%AE%E5%90%8D%EF%BC%89" - "User timeout caused connection failure: Getting https://tools.wmflabs.org/wsexport/tool/book.php?format=epub-3&lang=ja&page=%E3%81%8F%E3%82%8A%E3%81%8B%E3%81%B8%E3%81%97%E7%AC%A6%E5%8F%B7%E3%81%AE%E4%BD%BF%E3%81%B2%E6%96%B9%EF%BC%88%E6%96%B0%E5%AD%97%E6%97%A7%E4%BB%AE%E5%90%8D%EF%BC%89 took longer than 20.0 seconds.."
"https://tools.wmflabs.org/wsexport/tool/book.php?format=epub&lang=pl&page=Rozmy%C5%9Blania+%28Marek+Aureliusz%29" - "User timeout caused connection failure: Getting https://tools.wmflabs.org/wsexport/tool/book.php?format=epub&lang=pl&page=Rozmy%C5%9Blania+%28Marek+Aureliusz%29 took longer than 20.0 seconds.."
"https://tools.wmflabs.org/wsexport/tool/book.php?format=pdf-a5&lang=pl&page=Rozmy%C5%9Blania+%28Marek+Aureliusz%29" - "User timeout caused connection failure: Getting https://tools.wmflabs.org/wsexport/tool/book.php?format=pdf-a5&lang=pl&page=Rozmy%C5%9Blania+%28Marek+Aureliusz%29 took longer than 20.0 seconds.."
"https://tools.wmflabs.org/wsexport/tool/book.php?format=mobi&lang=pl&page=Rozmy%C5%9Blania+%28Marek+Aureliusz%29" - "User timeout caused connection failure: Getting https://tools.wmflabs.org/wsexport/tool/book.php?format=mobi&lang=pl&page=Rozmy%C5%9Blania+%28Marek+Aureliusz%29 took longer than 20.0 seconds.."
"https://tools.wmflabs.org/wsexport/tool/book.php?format=pdf-a5&lang=pl&page=Z+logiki+t%C5%82um%C3%B3w" - "User timeout caused connection failure: Getting https://tools.wmflabs.org/wsexport/tool/book.php?format=pdf-a5&lang=pl&page=Z+logiki+t%C5%82um%C3%B3w took longer than 20.0 seconds.."
"https://tools.wmflabs.org/wsexport/tool/book.php?format=epub&lang=fr&page=Portraits+contemporains%2FTome+1" - "User timeout caused connection failure: Getting https://tools.wmflabs.org/wsexport/tool/book.php?format=epub&lang=fr&page=Portraits+contemporains%2FTome+1 took longer than 20.0 seconds.."
"https://tools.wmflabs.org/wsexport/tool/book.php?format=mobi&lang=fr&page=Revue+de+m%C3%A9taphysique+et+de+morale%2C+suppl%C3%A9ment+6%2C+1908" - "User timeout caused connection failure: Getting https://tools.wmflabs.org/wsexport/tool/book.php?format=mobi&lang=fr&page=Revue+de+m%C3%A9taphysique+et+de+morale%2C+suppl%C3%A9ment+6%2C+1908 took longer than 20.0 seconds.."
"https://tools.wmflabs.org/wsexport/tool/book.php?format=pdf-a5&lang=fr&page=Revue+de+m%C3%A9taphysique+et+de+morale%2C+suppl%C3%A9ment+6%2C+1908" - "User timeout caused connection failure: Getting https://tools.wmflabs.org/wsexport/tool/book.php?format=pdf-a5&lang=fr&page=Revue+de+m%C3%A9taphysique+et+de+morale%2C+suppl%C3%A9ment+6%2C+1908 took longer than 20.0 seconds.."
"https://tools.wmflabs.org/wsexport/tool/book.php?format=mobi&lang=fr&page=L%E2%80%99Emploi+des+math%C3%A9matiques+en+%C3%A9conomie+politique" - "User timeout caused connection failure: Getting https://tools.wmflabs.org/wsexport/tool/book.php?format=mobi&lang=fr&page=L%E2%80%99Emploi+des+math%C3%A9matiques+en+%C3%A9conomie+politique took longer than 20.0 seconds.."
"https://tools.wmflabs.org/wsexport/tool/book.php?format=pdf-a5&lang=fr&page=L%E2%80%99Emploi+des+math%C3%A9matiques+en+%C3%A9conomie+politique" - "User timeout caused connection failure: Getting https://tools.wmflabs.org/wsexport/tool/book.php?format=pdf-a5&lang=fr&page=L%E2%80%99Emploi+des+math%C3%A9matiques+en+%C3%A9conomie+politique took longer than 20.0 seconds.."
"https://tools.wmflabs.org/wsexport/tool/book.php?format=epub&lang=fr&page=L%E2%80%99Emploi+des+math%C3%A9matiques+en+%C3%A9conomie+politique" - "User timeout caused connection failure: Getting https://tools.wmflabs.org/wsexport/tool/book.php?format=epub&lang=fr&page=L%E2%80%99Emploi+des+math%C3%A9matiques+en+%C3%A9conomie+politique took longer than 20.0 seconds.."
"https://tools.wmflabs.org/wsexport/tool/book.php?format=mobi&lang=fr&page=L%E2%80%99%C3%89cho+des+jeunes%2C+novembre+1891" - "User timeout caused connection failure: Getting https://tools.wmflabs.org/wsexport/tool/book.php?format=mobi&lang=fr&page=L%E2%80%99%C3%89cho+des+jeunes%2C+novembre+1891 took longer than 20.0 seconds.."
"https://tools.wmflabs.org/wsexport/tool/book.php?format=pdf-a5&lang=fr&page=L%E2%80%99%C3%89cho+des+jeunes%2C+novembre+1891" - "User timeout caused connection failure: Getting https://tools.wmflabs.org/wsexport/tool/book.php?format=pdf-a5&lang=fr&page=L%E2%80%99%C3%89cho+des+jeunes%2C+novembre+1891 took longer than 20.0 seconds.."
"https://tools.wmflabs.org/wsexport/tool/book.php?format=epub&lang=fr&page=L%E2%80%99%C3%89cho+des+jeunes%2C+novembre+1891" - "User timeout caused connection failure: Getting https://tools.wmflabs.org/wsexport/tool/book.php?format=epub&lang=fr&page=L%E2%80%99%C3%89cho+des+jeunes%2C+novembre+1891 took longer than 20.0 seconds.."
"https://tools.wmflabs.org/wsexport/tool/book.php?format=mobi&lang=fr&page=D%C3%A9couverte+du+tombeau+de+Champlain" - "User timeout caused connection failure: Getting https://tools.wmflabs.org/wsexport/tool/book.php?format=mobi&lang=fr&page=D%C3%A9couverte+du+tombeau+de+Champlain took longer than 20.0 seconds.."
"https://tools.wmflabs.org/wsexport/tool/book.php?format=pdf-a5&lang=fr&page=D%C3%A9couverte+du+tombeau+de+Champlain" - "User timeout caused connection failure: Getting https://tools.wmflabs.org/wsexport/tool/book.php?format=pdf-a5&lang=fr&page=D%C3%A9couverte+du+tombeau+de+Champlain took longer than 20.0 seconds.."
"https://tools.wmflabs.org/wsexport/tool/book.php?format=epub&lang=fr&page=D%C3%A9couverte+du+tombeau+de+Champlain" - "User timeout caused connection failure: Getting https://tools.wmflabs.org/wsexport/tool/book.php?format=epub&lang=fr&page=D%C3%A9couverte+du+tombeau+de+Champlain took longer than 20.0 seconds.."
"https://tools.wmflabs.org/wsexport/tool/book.php?format=mobi&lang=fr&page=Anonyme+-+Huon+de+Bordeaux%2C+chanson+de+geste" - "User timeout caused connection failure: Getting https://tools.wmflabs.org/wsexport/tool/book.php?format=mobi&lang=fr&page=Anonyme+-+Huon+de+Bordeaux%2C+chanson+de+geste took longer than 20.0 seconds.."
"https://tools.wmflabs.org/wsexport/tool/book.php?format=pdf-a5&lang=fr&page=Anonyme+-+Huon+de+Bordeaux%2C+chanson+de+geste" - "User timeout caused connection failure: Getting https://tools.wmflabs.org/wsexport/tool/book.php?format=pdf-a5&lang=fr&page=Anonyme+-+Huon+de+Bordeaux%2C+chanson+de+geste took longer than 20.0 seconds.."
"https://tools.wmflabs.org/wsexport/tool/book.php?format=epub&lang=fr&page=Anonyme+-+Huon+de+Bordeaux%2C+chanson+de+geste" - "User timeout caused connection failure: Getting https://tools.wmflabs.org/wsexport/tool/book.php?format=epub&lang=fr&page=Anonyme+-+Huon+de+Bordeaux%2C+chanson+de+geste took longer than 20.0 seconds.."
"https://tools.wmflabs.org/wsexport/tool/book.php?format=mobi&lang=fr&page=L%E2%80%99Homme+qui+a+perdu+son+ombre" - "User timeout caused connection failure: Getting https://tools.wmflabs.org/wsexport/tool/book.php?format=mobi&lang=fr&page=L%E2%80%99Homme+qui+a+perdu+son+ombre took longer than 20.0 seconds.."
"https://tools.wmflabs.org/wsexport/tool/book.php?format=pdf-a5&lang=fr&page=L%E2%80%99Homme+qui+a+perdu+son+ombre" - "User timeout caused connection failure: Getting https://tools.wmflabs.org/wsexport/tool/book.php?format=pdf-a5&lang=fr&page=L%E2%80%99Homme+qui+a+perdu+son+ombre took longer than 20.0 seconds.."
"https://tools.wmflabs.org/wsexport/tool/book.php?format=epub&lang=fr&page=L%E2%80%99Homme+qui+a+perdu+son+ombre" - "User timeout caused connection failure: Getting https://tools.wmflabs.org/wsexport/tool/book.php?format=epub&lang=fr&page=L%E2%80%99Homme+qui+a+perdu+son+ombre took longer than 20.0 seconds.."
"https://tools.wmflabs.org/wsexport/tool/book.php?format=mobi&lang=fr&page=La+Pierre+de+Lune" - "User timeout caused connection failure: Getting https://tools.wmflabs.org/wsexport/tool/book.php?format=mobi&lang=fr&page=La+Pierre+de+Lune took longer than 20.0 seconds.."
"https://tools.wmflabs.org/wsexport/tool/book.php?format=pdf-a5&lang=fr&page=La+Pierre+de+Lune" - "User timeout caused connection failure: Getting https://tools.wmflabs.org/wsexport/tool/book.php?format=pdf-a5&lang=fr&page=La+Pierre+de+Lune took longer than 20.0 seconds.."
"https://tools.wmflabs.org/wsexport/tool/book.php?format=epub&lang=fr&page=La+Pierre+de+Lune" - "User timeout caused connection failure: Getting https://tools.wmflabs.org/wsexport/tool/book.php?format=epub&lang=fr&page=La+Pierre+de+Lune took longer than 20.0 seconds.."
"https://tools.wmflabs.org/wsexport/tool/book.php?format=mobi&lang=fr&page=Le+Journal+de+la+Huronne%2FLes+Hauts+Fourneaux" - "User timeout caused connection failure: Getting https://tools.wmflabs.org/wsexport/tool/book.php?format=mobi&lang=fr&page=Le+Journal+de+la+Huronne%2FLes+Hauts+Fourneaux took longer than 20.0 seconds.."
"https://tools.wmflabs.org/wsexport/tool/book.php?format=pdf-a5&lang=fr&page=Le+Journal+de+la+Huronne%2FLes+Hauts+Fourneaux" - "User timeout caused connection failure: Getting https://tools.wmflabs.org/wsexport/tool/book.php?format=pdf-a5&lang=fr&page=Le+Journal+de+la+Huronne%2FLes+Hauts+Fourneaux took longer than 20.0 seconds.."
"https://tools.wmflabs.org/wsexport/tool/book.php?format=epub&lang=fr&page=Le+Journal+de+la+Huronne%2FLes+Hauts+Fourneaux" - "User timeout caused connection failure: Getting https://tools.wmflabs.org/wsexport/tool/book.php?format=epub&lang=fr&page=Le+Journal+de+la+Huronne%2FLes+Hauts+Fourneaux took longer than 20.0 seconds.."
"https://tools.wmflabs.org/wsexport/tool/book.php?format=mobi&lang=fr&page=Esquisse+biographique+de+Sir+George-%C3%89tienne+Cartier" - "User timeout caused connection failure: Getting https://tools.wmflabs.org/wsexport/tool/book.php?format=mobi&lang=fr&page=Esquisse+biographique+de+Sir+George-%C3%89tienne+Cartier took longer than 20.0 seconds.."
"https://tools.wmflabs.org/wsexport/tool/book.php?format=pdf-a5&lang=fr&page=Esquisse+biographique+de+Sir+George-%C3%89tienne+Cartier" - "User timeout caused connection failure: Getting https://tools.wmflabs.org/wsexport/tool/book.php?format=pdf-a5&lang=fr&page=Esquisse+biographique+de+Sir+George-%C3%89tienne+Cartier took longer than 20.0 seconds.."
"https://tools.wmflabs.org/wsexport/tool/book.php?format=epub&lang=fr&page=Esquisse+biographique+de+Sir+George-%C3%89tienne+Cartier" - "User timeout caused connection failure: Getting https://tools.wmflabs.org/wsexport/tool/book.php?format=epub&lang=fr&page=Esquisse+biographique+de+Sir+George-%C3%89tienne+Cartier took longer than 20.0 seconds.."
"https://tools.wmflabs.org/wsexport/tool/book.php?format=mobi&lang=fr&page=Vie+de+Michel-Ange" - "User timeout caused connection failure: Getting https://tools.wmflabs.org/wsexport/tool/book.php?format=mobi&lang=fr&page=Vie+de+Michel-Ange took longer than 20.0 seconds.."
"https://tools.wmflabs.org/wsexport/tool/book.php?format=pdf-a5&lang=fr&page=Vie+de+Michel-Ange" - "User timeout caused connection failure: Getting https://tools.wmflabs.org/wsexport/tool/book.php?format=pdf-a5&lang=fr&page=Vie+de+Michel-Ange took longer than 20.0 seconds.."
"https://tools.wmflabs.org/wsexport/tool/book.php?format=epub&lang=fr&page=Vie+de+Michel-Ange" - "User timeout caused connection failure: Getting https://tools.wmflabs.org/wsexport/tool/book.php?format=epub&lang=fr&page=Vie+de+Michel-Ange took longer than 20.0 seconds.."
"https://tools.wmflabs.org/wsexport/tool/book.php?format=mobi&lang=fr&page=Lettres+de+voyages" - "User timeout caused connection failure: Getting https://tools.wmflabs.org/wsexport/tool/book.php?format=mobi&lang=fr&page=Lettres+de+voyages took longer than 20.0 seconds.."
"https://tools.wmflabs.org/wsexport/tool/book.php?format=pdf-a5&lang=fr&page=Lettres+de+voyages" - "User timeout caused connection failure: Getting https://tools.wmflabs.org/wsexport/tool/book.php?format=pdf-a5&lang=fr&page=Lettres+de+voyages took longer than 20.0 seconds.."
"https://tools.wmflabs.org/wsexport/tool/book.php?format=epub&lang=fr&page=Lettres+de+voyages" - "User timeout caused connection failure: Getting https://tools.wmflabs.org/wsexport/tool/book.php?format=epub&lang=fr&page=Lettres+de+voyages took longer than 20.0 seconds.."
"http://mediahunter.ru/blog/308.html" - "DNS lookup failed: address 'mediahunter.ru' not found: [Errno -2] Name or service not known."
"https://tools.wmflabs.org/wsexport/tool/book.php?format=mobi&lang=fr&page=L%E2%80%99imp%C3%B4t+progressif+sur+le+capital+et+le+revenu" - "User timeout caused connection failure: Getting https://tools.wmflabs.org/wsexport/tool/book.php?format=mobi&lang=fr&page=L%E2%80%99imp%C3%B4t+progressif+sur+le+capital+et+le+revenu took longer than 20.0 seconds.."
"https://tools.wmflabs.org/wsexport/tool/book.php?format=pdf-a5&lang=fr&page=L%E2%80%99imp%C3%B4t+progressif+sur+le+capital+et+le+revenu" - "User timeout caused connection failure: Getting https://tools.wmflabs.org/wsexport/tool/book.php?format=pdf-a5&lang=fr&page=L%E2%80%99imp%C3%B4t+progressif+sur+le+capital+et+le+revenu took longer than 20.0 seconds.."
"https://tools.wmflabs.org/wsexport/tool/book.php?format=epub&lang=fr&page=L%E2%80%99imp%C3%B4t+progressif+sur+le+capital+et+le+revenu" - "User timeout caused connection failure: Getting https://tools.wmflabs.org/wsexport/tool/book.php?format=epub&lang=fr&page=L%E2%80%99imp%C3%B4t+progressif+sur+le+capital+et+le+revenu took longer than 20.0 seconds.."
"https://www.commons.wikimedia.org/wiki/%D0%93%D0%BE%D0%BB%D0%BE%D0%B2%D0%BD%D0%B0_%D1%81%D1%82%D0%BE%D1%80%D1%96%D0%BD%D0%BA%D0%B0?uselang=uk" - "DNS lookup failed: address 'www.commons.wikimedia.org' not found: [Errno -2] Name or service not known."
"https://tools.wmflabs.org/wsexport/tool/book.php?format=mobi&lang=fr&page=Testament+olographe+de+Damoiselle+Jeanne" - "User timeout caused connection failure: Getting https://tools.wmflabs.org/wsexport/tool/book.php?format=mobi&lang=fr&page=Testament+olographe+de+Damoiselle+Jeanne took longer than 20.0 seconds.."
"https://www.meta.wikimedia.org/wiki/%D0%93%D0%BE%D0%BB%D0%BE%D0%B2%D0%BD%D0%B0_%D1%81%D1%82%D0%BE%D1%80%D1%96%D0%BD%D0%BA%D0%B0/uk" - "DNS lookup failed: address 'www.meta.wikimedia.org' not found: [Errno -2] Name or service not known."
"https://en.wikidata.org/" - "DNS lookup failed: address 'en.wikidata.org' not found: [Errno -2] Name or service not known."
"https://tools.wmflabs.org/wsexport/tool/book.php?format=pdf-a5&lang=fr&page=Testament+olographe+de+Damoiselle+Jeanne" - "User timeout caused connection failure: Getting https://tools.wmflabs.org/wsexport/tool/book.php?format=pdf-a5&lang=fr&page=Testament+olographe+de+Damoiselle+Jeanne took longer than 20.0 seconds.."
"https://www.facecook.com/chaudhry.waqas.3" - "DNS lookup failed: address 'www.facecook.com' not found: [Errno -2] Name or service not known."
"https://tools.wmflabs.org/wsexport/tool/book.php?format=epub&lang=fr&page=Testament+olographe+de+Damoiselle+Jeanne" - "User timeout caused connection failure: Getting https://tools.wmflabs.org/wsexport/tool/book.php?format=epub&lang=fr&page=Testament+olographe+de+Damoiselle+Jeanne took longer than 20.0 seconds.."
"http://wikitravel.org/" - "User timeout caused connection failure: Getting http://wikitravel.org/ took longer than 20.0 seconds.."
"http://th.wikiyoyage.org/" - "DNS lookup failed: address 'th.wikiyoyage.org' not found: [Errno -2] Name or service not known."
"http://th.wikidata.org/" - "DNS lookup failed: address 'th.wikidata.org' not found: [Errno -2] Name or service not known."
"http://solowiki.sourceforge.net/" - "[<twisted.python.failure.Failure twisted.internet.error.ConnectionLost: Connection to the other side was lost in a non-clean fashion.>]"
"https://tools.wmflabs.org/wsexport/tool/book.php?format=mobi&lang=fr&page=Anecdotes+normandes+%28Floquet%29" - "User timeout caused connection failure: Getting https://tools.wmflabs.org/wsexport/tool/book.php?format=mobi&lang=fr&page=Anecdotes+normandes+%28Floquet%29 took longer than 20.0 seconds.."
"http://newstrust.net/submit?popup=true&story%5Bauthorships_attributes%5D%5B%5D%5Bname%5D=Vikinova%C4%B5oj&story%5Breferred_by%5D=eo.wikinews.org&story%5Btitle%5D=%C4%88efpa%C4%9Do&story%5Burl%5D=http%3A%2F%2Feo.wikinews.org%2Fwiki%2F%C4%88efpa%C4%9Do" - "User timeout caused connection failure."
"http://money.whoyougle.ru/USD" - "DNS lookup failed: address 'money.whoyougle.ru' not found: [Errno -2] Name or service not known."
"http://articulus.com.ua/2008/02/12/kak-zashhishhayut-ot-poddelok-dollary-ssha/" - "DNS lookup failed: address 'articulus.com.ua' not found: [Errno -2] Name or service not known."
"http://pr.bank.gov.ua/ukr/konkurs.php" - "DNS lookup failed: address 'pr.bank.gov.ua' not found: [Errno -2] Name or service not known."
"http://conflict.rbc.ua/rus/sovet-kryma-sozdal-bank-kryma-provozglasil-ofitsialnymi-17032014114800" - "[<twisted.python.failure.Failure twisted.web._newclient.ParseError: (u'wrong number of parts', 'HTTP/1.1 404')>]"
"http://pr.bank.gov.ua/ukr/arhive_news.php?news_id=431" - "DNS lookup failed: address 'pr.bank.gov.ua' not found: [Errno -2] Name or service not known."
"http://www.collection.mumisma.ru/Laws/Ukr/Grn/nlug6.htm" - "DNS lookup failed: address 'www.collection.mumisma.ru' not found: [Errno -2] Name or service not known."
"http://money.whoyougle.ru/JPY" - "DNS lookup failed: address 'money.whoyougle.ru' not found: [Errno -2] Name or service not known."
"https://tools.wmflabs.org/wsexport/tool/book.php?format=pdf-a5&lang=fr&page=Anecdotes+normandes+%28Floquet%29" - "User timeout caused connection failure: Getting https://tools.wmflabs.org/wsexport/tool/book.php?format=pdf-a5&lang=fr&page=Anecdotes+normandes+%28Floquet%29 took longer than 20.0 seconds.."
"http://wiki.nectec.or.th/" - "User timeout caused connection failure."
"https://tools.wmflabs.org/wsexport/tool/book.php?format=epub&lang=fr&page=Anecdotes+normandes+%28Floquet%29" - "User timeout caused connection failure: Getting https://tools.wmflabs.org/wsexport/tool/book.php?format=epub&lang=fr&page=Anecdotes+normandes+%28Floquet%29 took longer than 20.0 seconds.."
"http://www.lioncity.net/buddhism/index.php?showforum=50" - "User timeout caused connection failure."
"https://ru.wikidata.org/wiki/Wikidata:%D0%97%D0%B0%D0%B3%D0%BB%D0%B0%D0%B2%D0%BD%D0%B0%D1%8F_%D1%81%D1%82%D1%80%D0%B0%D0%BD%D0%B8%D1%86%D0%B0?uselang=ru" - "DNS lookup failed: address 'ru.wikidata.org' not found: [Errno -2] Name or service not known."
"https://ru.wikidata.org/wiki/Wikidata:%D0%9A%D0%BE%D0%BB_%D0%B0%D1%80%D1%8B%D0%BD?uselang=ru" - "DNS lookup failed: address 'ru.wikidata.org' not found: [Errno -2] Name or service not known."
"http://en.wikidata.org/" - "DNS lookup failed: address 'en.wikidata.org' not found: [Errno -2] Name or service not known."
"https://http://ur.wikipedia.org/wiki/TRADEMARK" - "DNS lookup failed: address 'http' not found: [Errno -2] Name or service not known."
"http://www.palungjitrescuedisaster.com/wiki/" - "DNS lookup failed: address 'www.palungjitrescuedisaster.com' not found: [Errno -2] Name or service not known."
"http://www.panyathai.or.th/wiki" - "DNS lookup failed: address 'www.panyathai.or.th' not found: [Errno -2] Name or service not known."
"http://freshmeat.net/releases/169180/" - "[<twisted.python.failure.Failure twisted.internet.error.ConnectionLost: Connection to the other side was lost in a non-clean fashion.>]"
"http://wikipedia.sourceforge.net/" - "[<twisted.python.failure.Failure twisted.internet.error.ConnectionLost: Connection to the other side was lost in a non-clean fashion.>]"
"https://tools.wmflabs.org/wsexport/tool/book.php?format=mobi&lang=fr&page=La+besace+d%E2%80%99amour" - "User timeout caused connection failure: Getting https://tools.wmflabs.org/wsexport/tool/book.php?format=mobi&lang=fr&page=La+besace+d%E2%80%99amour took longer than 20.0 seconds.."
"http://www.punts.ch/" - "User timeout caused connection failure."
"http://link-building-service.info/" - "DNS lookup failed: address 'link-building-service.info' not found: [Errno -2] Name or service not known."
"http://www.linkbuildingservices4u.com/" - "DNS lookup failed: address 'www.linkbuildingservices4u.com' not found: [Errno -2] Name or service not known."
"http://lpnschoolsblog.com/" - "DNS lookup failed: address 'lpnschoolsblog.com' not found: [Errno -2] Name or service not known."
"http://aboutweapons.com.ua/category/historical-swords/viking-swords" - "DNS lookup failed: address 'aboutweapons.com.ua' not found: [Errno -2] Name or service not known."
"http://web.cdx.ru/wiki/rss" - "DNS lookup failed: address 'web.cdx.ru' not found: [Errno -2] Name or service not known."
"http://www.metta.lk/pali-utils/Pali-Proper-Names/index.html" - "DNS lookup failed: address 'www.metta.lk' not found: [Errno -2] Name or service not known."
"http://www.dark-truth.org/okt19-2006-12.html" - "DNS lookup failed: address 'www.dark-truth.org' not found: [Errno -2] Name or service not known."
"http://www.metta.lk/tipitaka/" - "DNS lookup failed: address 'www.metta.lk' not found: [Errno -2] Name or service not known."
"http://wapedia.mobi/mwl/" - "DNS lookup failed: address 'wapedia.mobi' not found: [Errno -2] Name or service not known."
"http://wikimedia.org.mo/" - "DNS lookup failed: address 'wikimedia.org.mo' not found: [Errno -2] Name or service not known."
"https://tools.wmflabs.org/wsexport/tool/book.php?format=pdf-a5&lang=fr&page=La+besace+d%E2%80%99amour" - "User timeout caused connection failure: Getting https://tools.wmflabs.org/wsexport/tool/book.php?format=pdf-a5&lang=fr&page=La+besace+d%E2%80%99amour took longer than 20.0 seconds.."
"http://www.giuru.ch/" - "User timeout caused connection failure."
"https://tools.wmflabs.org/wsexport/tool/book.php?format=mobi&lang=fr&page=La+Prison+du+Mid-Lothian" - "User timeout caused connection failure: Getting https://tools.wmflabs.org/wsexport/tool/book.php?format=mobi&lang=fr&page=La+Prison+du+Mid-Lothian took longer than 20.0 seconds.."
"http://www.wikimedia.org.mo/wiki/index.php/%E6%BE%B3%E9%96%80%E7%B6%AD%E5%9F%BA%E5%AA%92%E9%AB%94%E5%8D%94%E6%9C%83%E7%B5%84%E7%B9%94%E6%9E%B6%E6%A7%8B" - "DNS lookup failed: address 'www.wikimedia.org.mo' not found: [Errno -2] Name or service not known."
"http://wikimedia.ge/" - "DNS lookup failed: address 'wikimedia.ge' not found: [Errno -2] Name or service not known."
"http://wikimedia.bw/" - "DNS lookup failed: address 'wikimedia.bw' not found: [Errno -2] Name or service not known."
"https://tools.wmflabs.org/wsexport/tool/book.php?format=pdf-a5&lang=fr&page=La+Prison+du+Mid-Lothian" - "User timeout caused connection failure: Getting https://tools.wmflabs.org/wsexport/tool/book.php?format=pdf-a5&lang=fr&page=La+Prison+du+Mid-Lothian took longer than 20.0 seconds.."
"https://lists.wikimedia.bg/mailman/listinfo/info-l" - "User timeout caused connection failure."
"http://wiki.myquran.org/" - "DNS lookup failed: address 'wiki.myquran.org' not found: [Errno -2] Name or service not known."
"http://reduex.unex.es/cala/mod/resource/view.php?ide=13" - "DNS lookup failed: address 'reduex.unex.es' not found: [Errno -2] Name or service not known."
"http://www.translatewiki.net/" - "DNS lookup failed: address 'www.translatewiki.net' not found: [Errno -2] Name or service not known."
"http://freecode.com/search?with=309" - "[<twisted.python.failure.Failure twisted.internet.error.ConnectionLost: Connection to the other side was lost in a non-clean fashion.>]"
"http://wikimedia.bg/" - "User timeout caused connection failure."
"http://opencert.iist.unu.edu/" - "DNS lookup failed: address 'opencert.iist.unu.edu' not found: [Errno -2] Name or service not known."
"http://springerlink.metapress.com/app/home/contribution.asp?backto=issue%2C2%2C12&journal%2C14%2C33=&linkingpublicationresults%2C1%3A100262%2C1=&referrer=parent&wasp=hf0bld3qlk0unn8f8x2m" - "Connection was refused by other side: 111: Connection refused."
"http://www.yogaunity.org/" - "DNS lookup failed: address 'www.yogaunity.org' not found: [Errno -2] Name or service not known."
"https://upload.wikimedia.org/wikipedia/commons/3/37/Translating_the_wiki_way.webm" - "User timeout caused connection failure: Getting https://upload.wikimedia.org/wikipedia/commons/3/37/Translating_the_wiki_way.webm took longer than 20.0 seconds.."
"http://szugat.gmxhome.de/" - "User timeout caused connection failure."
"http://userscripts.org/scripts/review/12529" - "User timeout caused connection failure."
"http://tfcny.fdncenter.org/990s/990search/esearch.php" - "User timeout caused connection failure."
"http://okd.okfn.org/" - "DNS lookup failed: address 'okd.okfn.org' not found: [Errno -2] Name or service not known."
"http://muznews.rockzvuk.com/news/pervaja_v_mire_muzykalnaja_opera_s_otkrytymi_iskhodnikami/2012-01-25-202" - "User timeout caused connection failure."
"https://upload.wikimedia.org/wikipedia/commons/3/31/Ward_Cunningham,_Inventor_of_the_Wiki.webm" - "User timeout caused connection failure: Getting https://upload.wikimedia.org/wikipedia/commons/3/31/Ward_Cunningham,_Inventor_of_the_Wiki.webm took longer than 20.0 seconds.."
"http://www.societecivile.cd/node.php?id=592" - "DNS lookup failed: address 'www.societecivile.cd' not found: [Errno -2] Name or service not known."
"https://lb.wikidata.org/" - "DNS lookup failed: address 'lb.wikidata.org' not found: [Errno -2] Name or service not known."
"http://www.ceeba.at/" - "DNS lookup failed: address 'www.ceeba.at' not found: [Errno -2] Name or service not known."
"http://www.evp.edu.py/index.php?title=Portada" - "DNS lookup failed: address 'www.evp.edu.py' not found: [Errno -2] Name or service not known."
"http://projectmanagementwiki.org/" - "DNS lookup failed: address 'projectmanagementwiki.org' not found: [Errno -2] Name or service not known."
"http://www.omtim.com/" - "DNS lookup failed: address 'www.omtim.com' not found: [Errno -2] Name or service not known."
"http://wikimedia.ru/blog/2013/07/02/wikisourse-is-the-first/" - "User timeout caused connection failure: Getting http://wikimedia.ru/blog/2013/07/02/wikisourse-is-the-first/ took longer than 20.0 seconds.."
"https://www.pcworld.com/article/202452/why_linux_is_more_secure_than_windows.html" - "User timeout caused connection failure."
"http://jiangxi.jxnews.com.cn/system/2011/09/18/011774988.shtml" - "User timeout caused connection failure: Getting http://jiangxi.jxnews.com.cn/system/2011/09/18/011774988.shtml took longer than 20.0 seconds.."
"http://europe.eu.int/smartapi/cgi/sga_doc?lg=en&model=guichett&numdoc=31993L0098&smartapi%21celexapi%21prod%21CELEXnumdoc=" - "DNS lookup failed: address 'europe.eu.int' not found: [Errno -2] Name or service not known."
"http://co.wikipedia.7val.com/wiki/" - "DNS lookup failed: address 'co.wikipedia.7val.com' not found: [Errno -2] Name or service not known."
"http://www.jazeera.com.mv/" - "DNS lookup failed: address 'www.jazeera.com.mv' not found: [Errno -2] Name or service not known."
"http://www.aafathisnews.com.mv/di/news/" - "DNS lookup failed: address 'www.aafathisnews.com.mv' not found: [Errno -2] Name or service not known."
"http://www.miadhu.com.mv/div/index.php" - "DNS lookup failed: address 'www.miadhu.com.mv' not found: [Errno -2] Name or service not known."
"http://www.hamaroalhi.com.mv/" - "DNS lookup failed: address 'www.hamaroalhi.com.mv' not found: [Errno -2] Name or service not known."
"http://portal.perueduca.ed.pe:8080/CIApps/Curricular/Diccionario/index.htm" - "User timeout caused connection failure."
"http://www.websters-online-dictionary.org/definition/Aymara-english" - "User timeout caused connection failure."
"https://tools.wmflabs.org/wsexport/tool/book.php?format=epub-3&lang=en&page=Tom+Brown%27s+School+Days+%286th+ed%29" - "User timeout caused connection failure: Getting https://tools.wmflabs.org/wsexport/tool/book.php?format=epub-3&lang=en&page=Tom+Brown%27s+School+Days+%286th+ed%29 took longer than 20.0 seconds.."
"https://tools.wmflabs.org/wsexport/tool/book.php?format=pdf-a5&lang=en&page=Tom+Brown%27s+School+Days+%286th+ed%29" - "User timeout caused connection failure: Getting https://tools.wmflabs.org/wsexport/tool/book.php?format=pdf-a5&lang=en&page=Tom+Brown%27s+School+Days+%286th+ed%29 took longer than 20.0 seconds.."
"https://ak.wikidata.org/" - "DNS lookup failed: address 'ak.wikidata.org' not found: [Errno -2] Name or service not known."
"http://wapedia.mobi/ab/" - "DNS lookup failed: address 'wapedia.mobi' not found: [Errno -2] Name or service not known."
"http://wapedia.mobi/an/Portalada" - "DNS lookup failed: address 'wapedia.mobi' not found: [Errno -2] Name or service not known."
"http://www.svobodarus.com/" - "DNS lookup failed: address 'www.svobodarus.com' not found: [Errno -2] Name or service not known."
"https://tools.wmflabs.org/wsexport/tool/book.php?format=rtf&lang=en&page=Tom+Brown%27s+School+Days+%286th+ed%29" - "User timeout caused connection failure: Getting https://tools.wmflabs.org/wsexport/tool/book.php?format=rtf&lang=en&page=Tom+Brown%27s+School+Days+%286th+ed%29 took longer than 20.0 seconds.."
"http://forums.nordrus.org/" - "DNS lookup failed: address 'forums.nordrus.org' not found: [Errno -2] Name or service not known."
"http://libgen.org/comics/" - "[<twisted.python.failure.Failure twisted.internet.error.ConnectionDone: Connection was closed cleanly.>]"
"http://torrentpier.info/" - "DNS lookup failed: address 'torrentpier.info' not found: [Errno -2] Name or service not known."
"http://tools.wmflabs.org/h2bot/ps/?from=01-01-2013&p=year&t=2&to=31-12-2013&w=ru" - "User timeout caused connection failure: Getting http://tools.wmflabs.org/h2bot/ps/?from=01-01-2013&p=year&t=2&to=31-12-2013&w=ru took longer than 20.0 seconds.."
"http://libgen.org/foreignfiction/" - "[<twisted.python.failure.Failure twisted.internet.error.ConnectionDone: Connection was closed cleanly.>]"
"http://usbekistan.at/" - "DNS lookup failed: address 'usbekistan.at' not found: [Errno -2] Name or service not known."
"http://germanyvisa.by.ru/" - "DNS lookup failed: address 'germanyvisa.by.ru' not found: [Errno -2] Name or service not known."
"http://www.vladstudio.com/" - "[<twisted.python.failure.Failure twisted.web._newclient.ParseError: (u'wrong number of parts', 'HTTP/1.1 301')>]"
"http://coollib.lib/" - "DNS lookup failed: address 'coollib.lib' not found: [Errno -2] Name or service not known."
"http://www.strel-ka.ru/" - "DNS lookup failed: address 'www.strel-ka.ru' not found: [Errno -2] Name or service not known."
"http://visaru.info/" - "DNS lookup failed: address 'visaru.info' not found: [Errno -2] Name or service not known."
"http://reg.for.free/" - "DNS lookup failed: address 'reg.for.free' not found: [Errno -2] Name or service not known."
"http://reg.parody/" - "DNS lookup failed: address 'reg.parody' not found: [Errno -2] Name or service not known."
"http://seek.geek/" - "DNS lookup failed: address 'seek.geek' not found: [Errno -2] Name or service not known."
"http://register.gopher/" - "DNS lookup failed: address 'register.gopher' not found: [Errno -2] Name or service not known."
"http://reg.oss/" - "DNS lookup failed: address 'reg.oss' not found: [Errno -2] Name or service not known."
"http://register.neo/" - "DNS lookup failed: address 'register.neo' not found: [Errno -2] Name or service not known."
"http://opennic.oz/" - "DNS lookup failed: address 'opennic.oz' not found: [Errno -2] Name or service not known."
"http://register.fur/" - "DNS lookup failed: address 'register.fur' not found: [Errno -2] Name or service not known."
"http://register.bbs/" - "DNS lookup failed: address 'register.bbs' not found: [Errno -2] Name or service not known."
"http://reg.dyn/" - "DNS lookup failed: address 'reg.dyn' not found: [Errno -2] Name or service not known."
"http://grep.geek/" - "DNS lookup failed: address 'grep.geek' not found: [Errno -2] Name or service not known."
"http://www.promooliveoilrussia.org/page.php?code=13" - "DNS lookup failed: address 'www.promooliveoilrussia.org' not found: [Errno -2] Name or service not known."
"http://liganews.ru/post/28jul2014/russia/181-sibiryaki.html" - "DNS lookup failed: address 'liganews.ru' not found: [Errno -2] Name or service not known."
"http://mesharpe.metapress.com/" - "Connection was refused by other side: 111: Connection refused."
"http://lineblood.com/" - "DNS lookup failed: address 'lineblood.com' not found: [Errno -2] Name or service not known."
"http://www.journals.royalsoc.ac.uk/content/q74671t476444mq5/" - "Connection was refused by other side: 111: Connection refused."
"http://simbols.ru/articles/yablonya-yabloko.html" - "Connection was refused by other side: 111: Connection refused."
"http://journals.royalsociety.org/openurl.asp?doi=10.1098%2Frstb.2006.1915&genre=article" - "Connection was refused by other side: 111: Connection refused."
"http://journals.royalsociety.org/openurl.asp?doi=10.1098%2Frstb.2006.1914&genre=article" - "Connection was refused by other side: 111: Connection refused."
"http://www.mgjobs.co.za/" - "Connection was refused by other side: 111: Connection refused."
"http://minidonations.org/2010/02/social-benefit-organization/" - "User timeout caused connection failure."
"http://lib.ec/" - "User timeout caused connection failure."
"https://moikrug.ru/" - "User timeout caused connection failure."
"http://powertracker.org/" - "User timeout caused connection failure."
"http://www.dmma.co.za/" - "User timeout caused connection failure."
"http://eqworld.ipmnet.ru/ru/library/books/MiznerTornUiler_t3_1977ru.djvu" - "User timeout caused connection failure: Getting http://eqworld.ipmnet.ru/ru/library/books/MiznerTornUiler_t3_1977ru.djvu took longer than 20.0 seconds.."
"http://eqworld.ipmnet.ru/ru/library/books/MiznerTornUiler_t2_1977ru.djvu" - "User timeout caused connection failure: Getting http://eqworld.ipmnet.ru/ru/library/books/MiznerTornUiler_t2_1977ru.djvu took longer than 20.0 seconds.."
"http://eqworld.ipmnet.ru/ru/library/books/Kuranskij1979ru.djvu" - "User timeout caused connection failure: Getting http://eqworld.ipmnet.ru/ru/library/books/Kuranskij1979ru.djvu took longer than 20.0 seconds.."
"http://rfgost.ru/gost/319425/" - "User timeout caused connection failure."
"http://2000.net.ua/c/45842" - "User timeout caused connection failure."
"http://mega.km.ru/Health/encyclop.asp?TopicNumber=6044" - "User timeout caused connection failure."
"http://www.jems.com/index.html" - "User timeout caused connection failure: Getting http://www.jems.com/index.html took longer than 20.0 seconds.."
