"http://seyfullah.tauhid.biz" - "DNS lookup failed: address 'seyfullah.tauhid.biz' not found: [Errno -2] Name or service not known."
"http://www.islamdin.tv" - "DNS lookup failed: address 'www.islamdin.tv' not found: [Errno -2] Name or service not known."
"http://fisadilillahi.com" - "DNS lookup failed: address 'fisadilillahi.com' not found: [Errno -2] Name or service not known."
"http://s-mahat.ru" - "DNS lookup failed: address 's-mahat.ru' not found: [Errno -2] Name or service not known."
"http://rko.marsho.net" - "DNS lookup failed: address 'rko.marsho.net' not found: [Errno -2] Name or service not known."
"http://c4wcxidkfhvmzhw6.onion/sb.msg" - "DNS lookup failed: address 'c4wcxidkfhvmzhw6.onion' not found: [Errno -2] Name or service not known."
"http://www.islamdin.tv/2008-11-25-19-55-27.html" - "DNS lookup failed: address 'www.islamdin.tv' not found: [Errno -2] Name or service not known."
"http://www.islamdin.tv/2008-11-25-18-17-29.html" - "DNS lookup failed: address 'www.islamdin.tv' not found: [Errno -2] Name or service not known."
"http://www.islamdin.tv/2009-03-05-23-19-31.html" - "DNS lookup failed: address 'www.islamdin.tv' not found: [Errno -2] Name or service not known."
"http://www.islamdin.tv/2008-11-25-18-19-39.html" - "DNS lookup failed: address 'www.islamdin.tv' not found: [Errno -2] Name or service not known."
"http://www.wiki.tk/" - "DNS lookup failed: address 'www.wiki.tk' not found: [Errno -2] Name or service not known."
"http://thepiratebay.sx/" - "DNS lookup failed: address 'thepiratebay.sx' not found: [Errno -2] Name or service not known."
"http://cryptorise.info/news/bot-protiv-bitcoin-co-ltd/" - "DNS lookup failed: address 'cryptorise.info' not found: [Errno -2] Name or service not known."
"http://becoin.ru/2014/04/mt-gox-filied-for-luquidation/" - "DNS lookup failed: address 'becoin.ru' not found: [Errno -2] Name or service not known."
"http://cryptorise.info/news/bitcoin-thailand/" - "DNS lookup failed: address 'cryptorise.info' not found: [Errno -2] Name or service not known."
"http://www.ilearney.ru/conf/virtmoney/" - "DNS lookup failed: address 'www.ilearney.ru' not found: [Errno -2] Name or service not known."
"http://news.slashdot.org/story/11/02/10/189246/online-only-currency-bitcoin-reaches-dollar-parity" - "[<twisted.python.failure.Failure twisted.internet.error.ConnectionLost: Connection to the other side was lost in a non-clean fashion.>]"
"https://privatbank.ua/ru/map/" - "[<twisted.python.failure.Failure OpenSSL.SSL.Error: [('SSL routines', 'ssl3_read_bytes', 'ssl handshake failure')]>]"
"http://new.cms.com4s.ru/rus/developers/index.shtml" - "User timeout caused connection failure."
"http://metabank.ru/" - "User timeout caused connection failure."
"http://www.fxprime-popular.com/" - "User timeout caused connection failure: Getting http://www.fxprime-popular.com/ took longer than 20.0 seconds.."
"http://apparat.cc/news/bank-of-england-bitcoin/" - "User timeout caused connection failure."
"http://apparat.cc/network/btc-physical/" - "User timeout caused connection failure."
