"http://aif.udm.ru/russian/DAID/GV/GV.htm" - "User timeout caused connection failure."
"http://www.chelny.ru/" - "DNS lookup failed: address 'www.chelny.ru' not found: [Errno -2] Name or service not known."
"http://www.birzhaplus.ru/" - "User timeout caused connection failure: Getting http://www.birzhaplus.ru/ took longer than 20.0 seconds.."
"http://www.podrobnosti.com.ua/" - "DNS lookup failed: address 'www.podrobnosti.com.ua' not found: [Errno -2] Name or service not known."
"http://lt.webwombat.com/site/1054/index.htm" - "User timeout caused connection failure."
"http://www.bunimovich.ru/" - "User timeout caused connection failure."
"http://lt.webwombat.com/site/1055/index.htm" - "User timeout caused connection failure."
"http://youthyabloko.ru/" - "User timeout caused connection failure: Getting http://youthyabloko.ru/ took longer than 20.0 seconds.."
"http://onlinenewspaper/" - "DNS lookup failed: address 'onlinenewspaper' not found: [Errno -2] Name or service not known."
"http://www.cubanoticias.ain.cu/" - "DNS lookup failed: address 'www.cubanoticias.ain.cu' not found: [Errno -2] Name or service not known."
"http://lt.webwombat.com/site/1052/index.htm" - "User timeout caused connection failure."
"http://c.ic.com.au/openx/www/delivery/ck.php?cb=INSERT_RANDOM_NUMBER_HERE&n=a3221967" - "User timeout caused connection failure."
"http://lt.webwombat.com/site/1057/index.htm" - "User timeout caused connection failure."
"http://c.ic.com.au/openx/www/delivery/ck.php?cb=INSERT_RANDOM_NUMBER_HERE&n=a6787288" - "User timeout caused connection failure."
"http://lt.webwombat.com/site/1058/index.htm" - "User timeout caused connection failure."
"http://c.ic.com.au/openx/www/delivery/ck.php?cb=INSERT_RANDOM_NUMBER_HERE&n=aa594c73" - "User timeout caused connection failure."
"http://lt.webwombat.com/site/839/index.htm" - "User timeout caused connection failure."
"http://c.ic.com.au/openx/www/delivery/ck.php?cb=INSERT_RANDOM_NUMBER_HERE&n=af10a6e3" - "User timeout caused connection failure."
"http://lt.webwombat.com/site/1063/index.htm" - "User timeout caused connection failure."
"http://lt.webwombat.com/site/1064/index.htm" - "User timeout caused connection failure."
"http://lt.webwombat.com/site/1065/index.htm" - "User timeout caused connection failure."
"http://lt.webwombat.com/site/1067/index.htm" - "User timeout caused connection failure."
"http://lt.webwombat.com/site/1051/index.htm" - "User timeout caused connection failure."
"http://lt.webwombat.com/site/1050/index.htm" - "User timeout caused connection failure."
"http://lt.webwombat.com/site/17619/index.htm" - "User timeout caused connection failure."
"http://lt.webwombat.com/site/1046/index.htm" - "User timeout caused connection failure."
"http://lt.webwombat.com/site/1045/index.htm" - "User timeout caused connection failure."
"http://lt.webwombat.com/site/1044/index.htm" - "User timeout caused connection failure."
"http://lt.webwombat.com/site/1041/index.htm" - "User timeout caused connection failure."
"http://lt.webwombat.com/site/1040/index.htm" - "User timeout caused connection failure."
"http://lt.webwombat.com/site/15256/index.htm" - "User timeout caused connection failure."
"http://lt.webwombat.com/site/1039/index.htm" - "User timeout caused connection failure."
"http://lt.webwombat.com/site/1038/index.htm" - "User timeout caused connection failure."
"http://lt.webwombat.com/site/1049/index.htm" - "User timeout caused connection failure."
"http://lt.webwombat.com/site/1034/index.htm" - "User timeout caused connection failure."
"http://lt.webwombat.com/site/1033/index.htm" - "User timeout caused connection failure."
"http://lt.webwombat.com/site/1031/index.htm" - "User timeout caused connection failure."
"http://lt.webwombat.com/site/1028/index.htm" - "User timeout caused connection failure."
"http://lt.webwombat.com/site/1020/index.htm" - "User timeout caused connection failure."
"http://lt.webwombat.com/site/1019/index.htm" - "User timeout caused connection failure."
"http://lt.webwombat.com/site/838/index.htm" - "User timeout caused connection failure."
"http://lt.webwombat.com/site/1018/index.htm" - "User timeout caused connection failure."
"http://lt.webwombat.com/site/18450/index.htm" - "User timeout caused connection failure."
"http://lt.webwombat.com/site/9292/index.htm" - "User timeout caused connection failure."
"http://lt.webwombat.com/site/1017/index.htm" - "User timeout caused connection failure."
"http://lt.webwombat.com/site/10982/index.htm" - "User timeout caused connection failure."
"http://lt.webwombat.com/site/10573/index.htm" - "User timeout caused connection failure."
"http://lt.webwombat.com/site/830/index.htm" - "User timeout caused connection failure."
"http://lt.webwombat.com/site/17244/index.htm" - "User timeout caused connection failure."
"http://lt.webwombat.com/site/21129/index.htm" - "User timeout caused connection failure."
"http://lt.webwombat.com/site/1008/index.htm" - "User timeout caused connection failure."
"http://lt.webwombat.com/site/20184/index.htm" - "User timeout caused connection failure."
"http://lt.webwombat.com/site/1048/index.htm" - "User timeout caused connection failure."
"http://lt.webwombat.com/site/20392/index.htm" - "User timeout caused connection failure."
"http://lt.webwombat.com/site/1005/index.htm" - "User timeout caused connection failure."
"http://lt.webwombat.com/site/17631/index.htm" - "User timeout caused connection failure."
"http://lt.webwombat.com/site/1002/index.htm" - "User timeout caused connection failure."
"http://lt.webwombat.com/site/1001/index.htm" - "User timeout caused connection failure."
"http://lt.webwombat.com/site/997/index.htm" - "User timeout caused connection failure."
"http://lt.webwombat.com/site/996/index.htm" - "User timeout caused connection failure."
"http://lt.webwombat.com/site/993/index.htm" - "User timeout caused connection failure."
"http://lt.webwombat.com/site/995/index.htm" - "User timeout caused connection failure."
"http://lt.webwombat.com/site/992/index.htm" - "User timeout caused connection failure."
"http://lt.webwombat.com/site/989/index.htm" - "User timeout caused connection failure."
"http://lt.webwombat.com/site/986/index.htm" - "User timeout caused connection failure."
"http://lt.webwombat.com/site/983/index.htm" - "User timeout caused connection failure."
"http://lt.webwombat.com/site/982/index.htm" - "User timeout caused connection failure."
"http://lt.webwombat.com/site/981/index.htm" - "User timeout caused connection failure."
"http://lt.webwombat.com/site/18701/index.htm" - "User timeout caused connection failure."
"http://lt.webwombat.com/site/979/index.htm" - "User timeout caused connection failure."
"http://lt.webwombat.com/site/12504/index.htm" - "User timeout caused connection failure."
"http://lt.webwombat.com/site/972/index.htm" - "User timeout caused connection failure."
"http://lt.webwombat.com/site/968/index.htm" - "User timeout caused connection failure."
"http://lt.webwombat.com/site/967/index.htm" - "User timeout caused connection failure."
"http://lt.webwombat.com/site/965/index.htm" - "User timeout caused connection failure."
"http://lt.webwombat.com/site/10388/index.htm" - "User timeout caused connection failure."
"http://lt.webwombat.com/site/957/index.htm" - "User timeout caused connection failure."
"http://lt.webwombat.com/site/954/index.htm" - "User timeout caused connection failure."
"http://lt.webwombat.com/site/9312/index.htm" - "User timeout caused connection failure."
"http://lt.webwombat.com/site/953/index.htm" - "User timeout caused connection failure."
"http://lt.webwombat.com/site/12572/index.htm" - "User timeout caused connection failure."
"http://lt.webwombat.com/site/951/index.htm" - "User timeout caused connection failure."
"http://lt.webwombat.com/site/943/index.htm" - "User timeout caused connection failure."
"http://lt.webwombat.com/site/941/index.htm" - "User timeout caused connection failure."
"http://lt.webwombat.com/site/934/index.htm" - "User timeout caused connection failure."
"http://lt.webwombat.com/site/931/index.htm" - "User timeout caused connection failure."
"http://lt.webwombat.com/site/17435/index.htm" - "User timeout caused connection failure."
"http://lt.webwombat.com/site/829/index.htm" - "User timeout caused connection failure."
"http://lt.webwombat.com/site/921/index.htm" - "User timeout caused connection failure."
"http://lt.webwombat.com/site/920/index.htm" - "User timeout caused connection failure."
"http://lt.webwombat.com/site/919/index.htm" - "User timeout caused connection failure."
"http://lt.webwombat.com/site/918/index.htm" - "User timeout caused connection failure."
"http://lt.webwombat.com/site/912/index.htm" - "User timeout caused connection failure."
"http://lt.webwombat.com/site/904/index.htm" - "User timeout caused connection failure."
"http://lt.webwombat.com/site/901/index.htm" - "User timeout caused connection failure."
"http://lt.webwombat.com/site/11408/index.htm" - "User timeout caused connection failure."
"http://lt.webwombat.com/site/899/index.htm" - "User timeout caused connection failure."
"http://lt.webwombat.com/site/19194/index.htm" - "User timeout caused connection failure."
"http://lt.webwombat.com/site/896/index.htm" - "User timeout caused connection failure."
"http://lt.webwombat.com/site/895/index.htm" - "User timeout caused connection failure."
"http://lt.webwombat.com/site/891/index.htm" - "User timeout caused connection failure."
"http://lt.webwombat.com/site/889/index.htm" - "User timeout caused connection failure."
"http://lt.webwombat.com/site/885/index.htm" - "User timeout caused connection failure."
"http://lt.webwombat.com/site/17068/index.htm" - "User timeout caused connection failure."
"http://lt.webwombat.com/site/877/index.htm" - "User timeout caused connection failure."
"http://lt.webwombat.com/site/13313/index.htm" - "User timeout caused connection failure."
"http://lt.webwombat.com/site/13044/index.htm" - "User timeout caused connection failure."
"http://lt.webwombat.com/site/873/index.htm" - "User timeout caused connection failure."
"http://lt.webwombat.com/site/15972/index.htm" - "User timeout caused connection failure."
"http://lt.webwombat.com/site/1024/index.htm" - "User timeout caused connection failure."
"http://lt.webwombat.com/site/21177/index.htm" - "User timeout caused connection failure."
"http://lt.webwombat.com/site/871/index.htm" - "User timeout caused connection failure."
"http://lt.webwombat.com/site/875/index.htm" - "User timeout caused connection failure."
"http://lt.webwombat.com/site/870/index.htm" - "User timeout caused connection failure."
"http://lt.webwombat.com/site/869/index.htm" - "User timeout caused connection failure."
"http://answers.microsoft.com%20/" - "DNS lookup failed: address 'answers.microsoft.com%20' not found: [Errno -2] Name or service not known."
"http://www.you/" - "DNS lookup failed: address 'www.you' not found: [Errno -2] Name or service not known."
"http://lt.webwombat.com/site/17561/index.htm" - "User timeout caused connection failure."
"http://lt.webwombat.com/site/865/index.htm" - "User timeout caused connection failure."
"http://www.justlande/refd.com/english/Russia/Articles/Health/Healthcare-in-Russia" - "DNS lookup failed: address 'www.justlande' not found: [Errno -2] Name or service not known."
"http://global-economics.ru/transportnaya-sistema-rossiyiskoyi-federatscii.html" - "DNS lookup failed: address 'global-economics.ru' not found: [Errno -2] Name or service not known."
"https://www.foreigntranslations.com/languages/russian-translation/russian-language-history/?page-content.cfm%2Fpage%2Frussian-language=" - "Connection was refused by other side: 111: Connection refused."
"http://www.accd.edu/sac/history/keller/Mongols/states3.html" - "DNS lookup failed: address 'www.accd.edu' not found: [Errno -2] Name or service not known."
"http://graph.document.kremlin.ru/page.aspx?1=&1538006=" - "DNS lookup failed: address 'graph.document.kremlin.ru' not found: [Errno -2] Name or service not known."
"http://www.nidp.com/" - "DNS lookup failed: address 'www.nidp.com' not found: [Errno -2] Name or service not known."
"http://timesonline.globrix.com/property/" - "DNS lookup failed: address 'timesonline.globrix.com' not found: [Errno -2] Name or service not known."
"http://lt.webwombat.com/site/826/index.htm" - "User timeout caused connection failure."
"http://lt.webwombat.com/site/858/index.htm" - "User timeout caused connection failure."
"http://www.achtungpanzer.com/panzerkampfwagen-t-34r-soviet-t-34-in-german-service.htm" - "DNS lookup failed: address 'www.achtungpanzer.com' not found: [Errno -2] Name or service not known."
"http://lt.webwombat.com/site/854/index.htm" - "User timeout caused connection failure."
"http://lt.webwombat.com/site/1983/index.htm" - "User timeout caused connection failure."
"http://lt.webwombat.com/site/852/index.htm" - "User timeout caused connection failure."
"http://lt.webwombat.com/site/851/index.htm" - "User timeout caused connection failure."
"http://lt.webwombat.com/site/856/index.htm" - "User timeout caused connection failure."
"http://lt.webwombat.com/site/850/index.htm" - "User timeout caused connection failure."
"https://sputniknews.com/" - "User timeout caused connection failure."
"http://lt.webwombat.com/site/21151/index.htm" - "User timeout caused connection failure."
"http://lt.webwombat.com/site/847/index.htm" - "User timeout caused connection failure."
"http://lt.webwombat.com/site/842/index.htm" - "User timeout caused connection failure."
