"http://www.zmk-by.org" - "DNS lookup failed: address 'www.zmk-by.org' not found: [Errno -2] Name or service not known."
"http://www.ctf.nsys.by" - "DNS lookup failed: address 'www.ctf.nsys.by' not found: [Errno -2] Name or service not known."
"https://affiliate.baptisthost.net/idevaffiliate.php?id=1000&tid1=bt1000adbreak" - "[<twisted.python.failure.Failure OpenSSL.SSL.Error: [('SSL routines', 'ssl3_read_bytes', 'ssl handshake failure')]>]"
"http://xn--90av.xn--j1amh/" - "DNS lookup failed: address 'xn--90av.xn--j1amh' not found: [Errno -2] Name or service not known."
"http://.odnoklassniki.com" - "DNS lookup failed: address '.odnoklassniki.com' not found: [Errno -2] Name or service not known."
"http://h41156.www4.hp.com/education/index.aspx?cc=ua&ll=ru" - "[<twisted.python.failure.Failure twisted.internet.error.ConnectionLost: Connection to the other side was lost in a non-clean fashion.>]"
"https://www.joelosteen.com/" - "[<twisted.python.failure.Failure OpenSSL.SSL.Error: [('SSL routines', 'ssl3_read_bytes', 'tlsv1 alert internal error'), ('SSL routines', 'ssl3_write_bytes', 'ssl handshake failure')]>]"
"http://news.sobor.by/palomniki.php" - "DNS lookup failed: address 'news.sobor.by' not found: [Errno -2] Name or service not known."
"http://www.days.pravoslavie.ru/" - "DNS lookup failed: address 'www.days.pravoslavie.ru' not found: [Errno -2] Name or service not known."
"http://wmb.2pay.by/oplata/wm/?id=2891&new=1&page=4003&v2=koprulu" - "DNS lookup failed: address 'wmb.2pay.by' not found: [Errno -2] Name or service not known."
"http://wmb.2pay.by/oplata/wm/?id=2184&new=1&page=4003" - "DNS lookup failed: address 'wmb.2pay.by' not found: [Errno -2] Name or service not known."
"http://2pay.by/oplata/wm/?id=215&pay_inst=6" - "DNS lookup failed: address '2pay.by' not found: [Errno -2] Name or service not known."
"http://belsat.net/pay/scratch.html" - "DNS lookup failed: address 'belsat.net' not found: [Errno -2] Name or service not known."
"http://bernar.by/" - "DNS lookup failed: address 'bernar.by' not found: [Errno -2] Name or service not known."
"http://o%D0%B4%D0%BD%D0%BE%D0%BA%D0%BB%D0%B0%D1%81%D1%81%D0%BD%D0%B8%D0%BA%D0%B8/" - "DNS lookup failed: address 'o%D0%B4%D0%BD%D0%BE%D0%BA%D0%BB%D0%B0%D1%81%D1%81%D0%BD%D0%B8%D0%BA%D0%B8' not found: [Errno -2] Name or service not known."
"http://minds.by%20/" - "DNS lookup failed: address 'minds.by%20' not found: [Errno -2] Name or service not known."
"http://truth.belpro.ru/" - "DNS lookup failed: address 'truth.belpro.ru' not found: [Errno -2] Name or service not known."
"http://salvation.ktnet.kg/" - "DNS lookup failed: address 'salvation.ktnet.kg' not found: [Errno -2] Name or service not known."
"http://imperiya.by/" - "DNS lookup failed: address 'imperiya.by' not found: [Errno -2] Name or service not known."
"http://tepla.by/" - "DNS lookup failed: address 'tepla.by' not found: [Errno -2] Name or service not known."
"http://churchofgod.ru/" - "DNS lookup failed: address 'churchofgod.ru' not found: [Errno -2] Name or service not known."
"http://carrier.ru/" - "DNS lookup failed: address 'carrier.ru' not found: [Errno -2] Name or service not known."
"http://directhit.com.ua/ru/novosti/direct-hit-2013:-izvesten-short-list!" - "DNS lookup failed: address 'directhit.com.ua' not found: [Errno -2] Name or service not known."
"http://http://www.skvirel.com" - "DNS lookup failed: address 'http' not found: [Errno -2] Name or service not known."
"http://gen/astronim.by/portfolio/lode.html" - "DNS lookup failed: address 'gen' not found: [Errno -2] Name or service not known."
"http://gen/astronim.by/portfolio/savushkin.html" - "DNS lookup failed: address 'gen' not found: [Errno -2] Name or service not known."
"http://gen/astronim.by/portfolio/belbiz.html" - "DNS lookup failed: address 'gen' not found: [Errno -2] Name or service not known."
"http://gen/astronim.by/portfolio/all.html" - "DNS lookup failed: address 'gen' not found: [Errno -2] Name or service not known."
"http://im-life.com/" - "DNS lookup failed: address 'im-life.com' not found: [Errno -2] Name or service not known."
"http://www.lucia-silver.com/" - "DNS lookup failed: address 'www.lucia-silver.com' not found: [Errno -2] Name or service not known."
"http://www.fire-strazha.com/" - "DNS lookup failed: address 'www.fire-strazha.com' not found: [Errno -2] Name or service not known."
"http://catalog.boom.by/cncat_from.php?226437=" - "DNS lookup failed: address 'catalog.boom.by' not found: [Errno -2] Name or service not known."
"http://im-holding.net/" - "DNS lookup failed: address 'im-holding.net' not found: [Errno -2] Name or service not known."
"http://jobb.by/" - "DNS lookup failed: address 'jobb.by' not found: [Errno -2] Name or service not known."
"http://www.youth.im-narod.com/" - "DNS lookup failed: address 'www.youth.im-narod.com' not found: [Errno -2] Name or service not known."
"http://floorballukraine.net/site" - "DNS lookup failed: address 'floorballukraine.net' not found: [Errno -2] Name or service not known."
"http://smilefit.com.ua/" - "DNS lookup failed: address 'smilefit.com.ua' not found: [Errno -2] Name or service not known."
"http://http://www.gefest.com/ru/cooking/recepty/" - "DNS lookup failed: address 'http' not found: [Errno -2] Name or service not known."
"http://i-school.by/" - "DNS lookup failed: address 'i-school.by' not found: [Errno -2] Name or service not known."
"http://www.vap.by/" - "DNS lookup failed: address 'www.vap.by' not found: [Errno -2] Name or service not known."
"http://intellekt.by/" - "DNS lookup failed: address 'intellekt.by' not found: [Errno -2] Name or service not known."
"http://niifks.by/" - "DNS lookup failed: address 'niifks.by' not found: [Errno -2] Name or service not known."
"http://jbc.by/" - "DNS lookup failed: address 'jbc.by' not found: [Errno -2] Name or service not known."
"http://violstudio.by/" - "DNS lookup failed: address 'violstudio.by' not found: [Errno -2] Name or service not known."
"http://arcus.by/" - "DNS lookup failed: address 'arcus.by' not found: [Errno -2] Name or service not known."
"http://belife.by/" - "DNS lookup failed: address 'belife.by' not found: [Errno -2] Name or service not known."
"http://%D0%98%D0%BD%D1%82%D0%B5%D1%80%D0%B2%D1%8C%D1%8E:%20%22%D0%90%D0%B7%D0%B0%D1%80%D1%82%20%D0%BF%D0%B5%D1%80%D0%B5%D1%87%D0%B5%D1%80%D0%BA%D0%B8%D0%B2%D0%B0%D0%B5%D1%82%20%D1%81%D1%83%D0%B4%D1%8C%D0%B1%D1%8B%22/" - "DNS lookup failed: address '%D0%98%D0%BD%D1%82%D0%B5%D1%80%D0%B2%D1%8C%D1%8E' not found: [Errno -2] Name or service not known."
"http://http://salesandmarketing.by/mystery-shopper/" - "DNS lookup failed: address 'http' not found: [Errno -2] Name or service not known."
"http://yoginiya.by/" - "DNS lookup failed: address 'yoginiya.by' not found: [Errno -2] Name or service not known."
"http://www.elitateam.com%20/" - "DNS lookup failed: address 'www.elitateam.com%20' not found: [Errno -2] Name or service not known."
"http://www.kadres.by/" - "DNS lookup failed: address 'www.kadres.by' not found: [Errno -2] Name or service not known."
"http://wwww.omegatheme.com/" - "DNS lookup failed: address 'wwww.omegatheme.com' not found: [Errno -2] Name or service not known."
"http://artline-vip.by/" - "DNS lookup failed: address 'artline-vip.by' not found: [Errno -2] Name or service not known."
"http://www.newstaffcompany.com/" - "DNS lookup failed: address 'www.newstaffcompany.com' not found: [Errno -2] Name or service not known."
"http://amadin.by/" - "DNS lookup failed: address 'amadin.by' not found: [Errno -2] Name or service not known."
"http://www.intermaster.by/" - "DNS lookup failed: address 'www.intermaster.by' not found: [Errno -2] Name or service not known."
"http://www.aceccor.com/" - "DNS lookup failed: address 'www.aceccor.com' not found: [Errno -2] Name or service not known."
"http://asplusom.by/" - "DNS lookup failed: address 'asplusom.by' not found: [Errno -2] Name or service not known."
"http://%3Ca%20href=%22http://1k.by/%22%20target=%22_blank%22%20title=%22%CF%E5%F0%E2%FB%E9%20%CA%E0%F2%E0%EB%EE%E3%20-%20%CF%F0%E5%E4%EB%EE%E6%E5%ED%E8%FF%20%EF%F0%EE%E4%E0%E2%F6%EE%E2,%20%EA%E0%F2%E0%EB%EE%E3%20%F6%E5%ED.%22%3E%3Cimg%20src=%22http://1k.by/images/site/pics/1k88_31.gif%22%20width=%2288%22%20height=%2231%22%20border=%220%22%20alt=%22%CF%E5%F0%E2%FB%E9%20%CA%E0%F2%E0%EB%EE%E3%20-%20%CF%F0%E5%E4%EB%EE%E6%E5%ED%E8%FF%20%EF%F0%EE%E4%E0%E2%F6%EE%E2,%20%EA%E0%F2%E0%EB%EE%E3%20%F6%E5%ED%22%3E%3C/a%3E" - "DNS lookup failed: address '%3Ca%20href=%22http' not found: [Errno -2] Name or service not known."
"http://serviceclub.by/" - "DNS lookup failed: address 'serviceclub.by' not found: [Errno -2] Name or service not known."
"http://vse-kursi.by/" - "DNS lookup failed: address 'vse-kursi.by' not found: [Errno -2] Name or service not known."
"http://initiative.by/" - "DNS lookup failed: address 'initiative.by' not found: [Errno -2] Name or service not known."
"http://www.1c82/by" - "DNS lookup failed: address 'www.1c82' not found: [Errno -2] Name or service not known."
"http://skill-up.by/" - "DNS lookup failed: address 'skill-up.by' not found: [Errno -2] Name or service not known."
"http://autoeconom.by/" - "DNS lookup failed: address 'autoeconom.by' not found: [Errno -2] Name or service not known."
"http://lpmaker.by/" - "DNS lookup failed: address 'lpmaker.by' not found: [Errno -2] Name or service not known."
"http://4it.by/" - "DNS lookup failed: address '4it.by' not found: [Errno -2] Name or service not known."
"http://adevyur.ru/" - "DNS lookup failed: address 'adevyur.ru' not found: [Errno -2] Name or service not known."
"http://aliansclub.by/" - "DNS lookup failed: address 'aliansclub.by' not found: [Errno -2] Name or service not known."
"http://personnel-international.com/" - "[<twisted.python.failure.Failure twisted.web._newclient.ParseError: (u'wrong number of parts', 'HTTP/1.1 303')>]"
"http://www.miura.by%20/" - "DNS lookup failed: address 'www.miura.by%20' not found: [Errno -2] Name or service not known."
"http://1-avtolombard.by/" - "DNS lookup failed: address '1-avtolombard.by' not found: [Errno -2] Name or service not known."
"http://www.autocity24.by/" - "DNS lookup failed: address 'www.autocity24.by' not found: [Errno -2] Name or service not known."
"http://ivk.by/" - "DNS lookup failed: address 'ivk.by' not found: [Errno -2] Name or service not known."
"http://www.comma.oil.com/" - "DNS lookup failed: address 'www.comma.oil.com' not found: [Errno -2] Name or service not known."
"http://171.by/" - "DNS lookup failed: address '171.by' not found: [Errno -2] Name or service not known."
"http://avto-ok.by/" - "DNS lookup failed: address 'avto-ok.by' not found: [Errno -2] Name or service not known."
"http://auto-evakuator.by/" - "DNS lookup failed: address 'auto-evakuator.by' not found: [Errno -2] Name or service not known."
"http://eka1.u6363.moko.vps-private.net/node/7" - "DNS lookup failed: address 'eka1.u6363.moko.vps-private.net' not found: [Errno -2] Name or service not known."
"http://avtobossexpress.by/" - "DNS lookup failed: address 'avtobossexpress.by' not found: [Errno -2] Name or service not known."
"http://able-logistics.by/" - "DNS lookup failed: address 'able-logistics.by' not found: [Errno -2] Name or service not known."
"http://megaby.net/section/sar/site.php?url=kupileasing.by" - "DNS lookup failed: address 'megaby.net' not found: [Errno -2] Name or service not known."
"http://%D0%B0%D0%B2%D1%82%D0%BE%D0%B1%D1%83%D1%81%D1%8B.%D0%B1%D0%B5%D0%BB/" - "DNS lookup failed: address '%D0%B0%D0%B2%D1%82%D0%BE%D0%B1%D1%83%D1%81%D1%8B.%D0%B1%D0%B5%D0%BB' not found: [Errno -2] Name or service not known."
"http://minskcarhire.com/" - "DNS lookup failed: address 'minskcarhire.com' not found: [Errno -2] Name or service not known."
"http://absavto.by/" - "DNS lookup failed: address 'absavto.by' not found: [Errno -2] Name or service not known."
"http://www.itsway.net/" - "DNS lookup failed: address 'www.itsway.net' not found: [Errno -2] Name or service not known."
"http://rcar.by/" - "DNS lookup failed: address 'rcar.by' not found: [Errno -2] Name or service not known."
"http://llimoxxx.by/" - "DNS lookup failed: address 'llimoxxx.by' not found: [Errno -2] Name or service not known."
"http://webset.by/" - "DNS lookup failed: address 'webset.by' not found: [Errno -2] Name or service not known."
"http://www.auto-party.by/" - "DNS lookup failed: address 'www.auto-party.by' not found: [Errno -2] Name or service not known."
"http://limyzin.by/" - "DNS lookup failed: address 'limyzin.by' not found: [Errno -2] Name or service not known."
"http://www.usacarsearch.ru/demo/iaai/" - "DNS lookup failed: address 'www.usacarsearch.ru' not found: [Errno -2] Name or service not known."
"http://myjoomlasite.ru/" - "DNS lookup failed: address 'myjoomlasite.ru' not found: [Errno -2] Name or service not known."
"http://www.date.by/" - "DNS lookup failed: address 'www.date.by' not found: [Errno -2] Name or service not known."
"http://www.mimak.by/" - "DNS lookup failed: address 'www.mimak.by' not found: [Errno -2] Name or service not known."
"http://www.%D1%82%D0%B5%D1%85%D0%BE%D1%81%D0%BC%D0%BE%D1%82%D1%80-%D0%B7%D0%B0%D1%81%D0%BB%D0%B0%D0%B2%D0%BB%D1%8C.%D0%B1%D0%B5%D0%BB/" - "DNS lookup failed: address 'www.%D1%82%D0%B5%D1%85%D0%BE%D1%81%D0%BC%D0%BE%D1%82%D1%80-%D0%B7%D0%B0%D1%81%D0%BB%D0%B0%D0%B2%D0%BB%D1%8C.%D0%B1%D0%B5%D0%BB' not found: [Errno -2] Name or service not known."
"http://%D0%B0%D0%B2%D1%82%D0%BE%D0%B4%D0%BE%D0%BC.%D0%B1%D0%B5%D0%BB/" - "DNS lookup failed: address '%D0%B0%D0%B2%D1%82%D0%BE%D0%B4%D0%BE%D0%BC.%D0%B1%D0%B5%D0%BB' not found: [Errno -2] Name or service not known."
"http://stisho.by/" - "DNS lookup failed: address 'stisho.by' not found: [Errno -2] Name or service not known."
"http://%D0%B0%D0%BA%D1%80%D0%BE%D0%B1%D0%B0%D1%82%D0%B8%D0%BA%D0%B0.com/" - "DNS lookup failed: address '%D0%B0%D0%BA%D1%80%D0%BE%D0%B1%D0%B0%D1%82%D0%B8%D0%BA%D0%B0.com' not found: [Errno -2] Name or service not known."
"http://www.tca.by/" - "DNS lookup failed: address 'www.tca.by' not found: [Errno -2] Name or service not known."
"http://bit-broker.by/" - "DNS lookup failed: address 'bit-broker.by' not found: [Errno -2] Name or service not known."
"http://www.megacaremissions.org%20/" - "DNS lookup failed: address 'www.megacaremissions.org%20' not found: [Errno -2] Name or service not known."
"http://115.%D0%B1%D0%B5%D0%BB/" - "DNS lookup failed: address '115.%D0%B1%D0%B5%D0%BB' not found: [Errno -2] Name or service not known."
"http://http://ilnostropanequotidiano.org/" - "DNS lookup failed: address 'http' not found: [Errno -2] Name or service not known."
"http://www.draftlight.net/dnex/mp3player/minicaster/" - "DNS lookup failed: address 'www.draftlight.net' not found: [Errno -2] Name or service not known."
"http://http://visnews-ita.blogspot.it/2014/02/il-papa-ai-nuovi-cardinali-la-chiesa-ha.html" - "DNS lookup failed: address 'http' not found: [Errno -2] Name or service not known."
"http://http://visnews-ita.blogspot.it/2014/02/conclusione-concistoro-straordinario.html" - "DNS lookup failed: address 'http' not found: [Errno -2] Name or service not known."
"http://ibn-gor.org.ua/" - "DNS lookup failed: address 'ibn-gor.org.ua' not found: [Errno -2] Name or service not known."
"http://rkc.kh.ua/" - "DNS lookup failed: address 'rkc.kh.ua' not found: [Errno -2] Name or service not known."
"http://%20dostavka.euroopt.by/" - "DNS lookup failed: address '%20dostavka.euroopt.by' not found: [Errno -2] Name or service not known."
"http://tnlogistik.de/" - "User timeout caused connection failure."
"http://www.minedu.unibel.by/" - "User timeout caused connection failure."
"http://www.belpam.ru/" - "User timeout caused connection failure."
"http://mycglife.ru/" - "User timeout caused connection failure."
"http://www.templete.ru/" - "User timeout caused connection failure."
"http://ng.by/ru/issues?art_id=66973" - "User timeout caused connection failure."
"http://hodatai.com/" - "User timeout caused connection failure."
"http://www.yo-auto.ru/" - "User timeout caused connection failure."
"http://churchonrock.com/" - "User timeout caused connection failure."
"http://forum.tambovnet.org/" - "User timeout caused connection failure."
"http://radio.grodno.net:8000/radioforum" - "User timeout caused connection failure: Getting http://radio.grodno.net:8000/radioforum took longer than 20.0 seconds.."
"http://hostgame.by/" - "User timeout caused connection failure."
