"http://www.antifa.com.ua" - "DNS lookup failed: address 'www.antifa.com.ua' not found: [Errno -2] Name or service not known."
"http://onlinefilms.com.ua" - "DNS lookup failed: address 'onlinefilms.com.ua' not found: [Errno -2] Name or service not known."
"http://kolebcev.v-teme.com" - "DNS lookup failed: address 'kolebcev.v-teme.com' not found: [Errno -2] Name or service not known."
"http://www.blacktree.tv/" - "DNS lookup failed: address 'www.blacktree.tv' not found: [Errno -2] Name or service not known."
"http://spotthestation.gov" - "DNS lookup failed: address 'spotthestation.gov' not found: [Errno -2] Name or service not known."
"https://wwws.givex.com/cws/bonappetit/consumer/main/home.py" - "[<twisted.python.failure.Failure OpenSSL.SSL.Error: [('SSL routines', 'ssl3_read_bytes', 'ssl handshake failure')]>]"
"https://sumall.com/thankyou" - "[<twisted.python.failure.Failure OpenSSL.SSL.Error: [('SSL routines', 'ssl3_read_bytes', 'ssl handshake failure')]>]"
"https://sumall.com/myweek" - "[<twisted.python.failure.Failure OpenSSL.SSL.Error: [('SSL routines', 'ssl3_read_bytes', 'ssl handshake failure')]>]"
"http://www.bencoakwell.com/" - "DNS lookup failed: address 'www.bencoakwell.com' not found: [Errno -2] Name or service not known."
"http://www.childhoodcancer.com" - "User timeout caused connection failure."
"http://soho.st.uz" - "DNS lookup failed: address 'soho.st.uz' not found: [Errno -2] Name or service not known."
"http://drydenart.weebly.co" - "DNS lookup failed: address 'drydenart.weebly.co' not found: [Errno -2] Name or service not known."
"http://index_.shtml/" - "DNS lookup failed: address 'index_.shtml' not found: [Errno -2] Name or service not known."
"http://www.topshops.com.ua/" - "DNS lookup failed: address 'www.topshops.com.ua' not found: [Errno -2] Name or service not known."
"http://%ED%E8%EA%EE%EB%E0%E9-%E4%EE%F0%EE%F8%E5%ED%EA%EE.%F0%F4/blog65.htm" - "DNS lookup failed: address '%ED%E8%EA%EE%EB%E0%E9-%E4%EE%F0%EE%F8%E5%ED%EA%EE.%F0%F4' not found: [Errno -2] Name or service not known."
"http://%ED%E8%EA%EE%EB%E0%E9-%E4%EE%F0%EE%F8%E5%ED%EA%EE.%F0%F4/" - "DNS lookup failed: address '%ED%E8%EA%EE%EB%E0%E9-%E4%EE%F0%EE%F8%E5%ED%EA%EE.%F0%F4' not found: [Errno -2] Name or service not known."
"http://www.dnsabri.ir/" - "DNS lookup failed: address 'www.dnsabri.ir' not found: [Errno -2] Name or service not known."
"http://secure.bcclassified.com/placead_categories.cmp?sfid=1054" - "DNS lookup failed: address 'secure.bcclassified.com' not found: [Errno -2] Name or service not known."
"http://magnesiumandnursing/" - "DNS lookup failed: address 'magnesiumandnursing' not found: [Errno -2] Name or service not known."
"http://bitsofbee.com%20/" - "DNS lookup failed: address 'bitsofbee.com%20' not found: [Errno -2] Name or service not known."
"http://@bitsofbee/" - "DNS lookup failed: address '@bitsofbee' not found: [Errno -2] Name or service not known."
"http://mentorboard.jobtarget.com/nsca" - "DNS lookup failed: address 'mentorboard.jobtarget.com' not found: [Errno -2] Name or service not known."
"http://caseywilliams/" - "DNS lookup failed: address 'caseywilliams' not found: [Errno -2] Name or service not known."
"http://myweb2.search.yahoo.com/myresults/bookmarklet?t=KartenQuiz+-+das+Spiel+f%C3%83%C2%BCr+Ortskundige&u=http%3A%2F%2Fwww.kartenquiz.de" - "DNS lookup failed: address 'myweb2.search.yahoo.com' not found: [Errno -2] Name or service not known."
"http://yadadamean/" - "DNS lookup failed: address 'yadadamean' not found: [Errno -2] Name or service not known."
"https://www.kakkis.org/" - "Connection was refused by other side: 111: Connection refused."
"http://www.furl.net/storeIt.jsp?t=KartenQuiz+-+das+Spiel+f%C3%83%C2%BCr+Ortskundige&u=http%3A%2F%2Fwww.kartenquiz.de" - "User timeout caused connection failure."
"http://www.well-tree-learning.co.uk/" - "User timeout caused connection failure."
"http://vice.cn/noisey" - "User timeout caused connection failure."
"http://www.nsca-shanghai.com.cn/" - "User timeout caused connection failure: Getting http://www.nsca-shanghai.com.cn/ took longer than 20.0 seconds.."
"http://www.tvchannelzero.com/careers" - "User timeout caused connection failure: Getting http://www.tvchannelzero.com/careers took longer than 20.0 seconds.."
"http://www.condenastcareers.com/" - "User timeout caused connection failure."
"http://healthycanadians.gc.ca/" - "User timeout caused connection failure."
"http://tribune.com/" - "User timeout caused connection failure."
