"http://ww3.seo-crack.com?kwrf=http%3A%2F%2Fproxy-base.com%2F" - "[<twisted.python.failure.Failure twisted.web._newclient.ParseError: (u'wrong number of parts', '<html>')>]"
"http://www.biglion.by?no_auth=1" - "[<twisted.python.failure.Failure twisted.web._newclient.ParseError: (u'wrong number of parts', '<html>')>]"
"http://shymkent.biglion.kz?no_auth=1" - "[<twisted.python.failure.Failure twisted.web._newclient.ParseError: (u'wrong number of parts', '<html>')>]"
"http://karaganda.biglion.kz?no_auth=1" - "[<twisted.python.failure.Failure twisted.web._newclient.ParseError: (u'wrong number of parts', '<html>')>]"
"http://astana.biglion.kz?no_auth=1" - "[<twisted.python.failure.Failure twisted.web._newclient.ParseError: (u'wrong number of parts', '<html>')>]"
"http://www.biglion.kz?no_auth=1" - "[<twisted.python.failure.Failure twisted.web._newclient.ParseError: (u'wrong number of parts', '<html>')>]"
"http://aktobe.biglion.kz?no_auth=1" - "[<twisted.python.failure.Failure twisted.web._newclient.ParseError: (u'wrong number of parts', '<html>')>]"
"http://else_ua.biglion.ua?no_auth=1" - "[<twisted.python.failure.Failure twisted.web._newclient.ParseError: (u'wrong number of parts', '<html>')>]"
"http://odessa.biglion.ua?no_auth=1" - "[<twisted.python.failure.Failure twisted.web._newclient.ParseError: (u'wrong number of parts', '<html>')>]"
"http://mogilev.biglion.by?no_auth=1" - "[<twisted.python.failure.Failure twisted.web._newclient.ParseError: (u'wrong number of parts', '<html>')>]"
"http://gomel.biglion.by?no_auth=1" - "[<twisted.python.failure.Failure twisted.web._newclient.ParseError: (u'wrong number of parts', '<html>')>]"
"http://kharkov.biglion.ua?no_auth=1" - "[<twisted.python.failure.Failure twisted.web._newclient.ParseError: (u'wrong number of parts', '<html>')>]"
"http://donetsk.biglion.ua?no_auth=1" - "[<twisted.python.failure.Failure twisted.web._newclient.ParseError: (u'wrong number of parts', '<html>')>]"
"http://www.biglion.ua?no_auth=1" - "[<twisted.python.failure.Failure twisted.web._newclient.ParseError: (u'wrong number of parts', '<html>')>]"
"http://dnepropetrovsk.biglion.ua?no_auth=1" - "[<twisted.python.failure.Failure twisted.web._newclient.ParseError: (u'wrong number of parts', '<html>')>]"
"http://grodno.biglion.by?no_auth=1" - "[<twisted.python.failure.Failure twisted.web._newclient.ParseError: (u'wrong number of parts', '<html>')>]"
"http://vitebsk.biglion.by?no_auth=1" - "[<twisted.python.failure.Failure twisted.web._newclient.ParseError: (u'wrong number of parts', '<html>')>]"
"http://brest.biglion.by?no_auth=1" - "[<twisted.python.failure.Failure twisted.web._newclient.ParseError: (u'wrong number of parts', '<html>')>]"
"http://grodno.lc/category/glavnoe/news24103.html" - "DNS lookup failed: address 'grodno.lc' not found: [Errno -2] Name or service not known."
"http://minds.by%20/" - "DNS lookup failed: address 'minds.by%20' not found: [Errno -2] Name or service not known."
"http://grodno.lc/category/proisshestviya/news24101.html" - "DNS lookup failed: address 'grodno.lc' not found: [Errno -2] Name or service not known."
"http://grodno.lc/category/proisshestviya/news24102.html" - "DNS lookup failed: address 'grodno.lc' not found: [Errno -2] Name or service not known."
"http://grodno.lc/" - "DNS lookup failed: address 'grodno.lc' not found: [Errno -2] Name or service not known."
"http://grodno.lc/category/zhizn/news24105.html" - "DNS lookup failed: address 'grodno.lc' not found: [Errno -2] Name or service not known."
"http://grodno.lc/category/proisshestviya/news24106.html" - "DNS lookup failed: address 'grodno.lc' not found: [Errno -2] Name or service not known."
"http://%D0%BA%D1%83%D1%80%D1%812.%D1%80%D1%84/griven-moscow" - "DNS lookup failed: address '%D0%BA%D1%83%D1%80%D1%812.%D1%80%D1%84' not found: [Errno -2] Name or service not known."
"http://%D0%BA%D1%83%D1%80%D1%812.%D1%80%D1%84/euro-moscow" - "DNS lookup failed: address '%D0%BA%D1%83%D1%80%D1%812.%D1%80%D1%84' not found: [Errno -2] Name or service not known."
"http://africa.dezmonde.com/estate/" - "DNS lookup failed: address 'africa.dezmonde.com' not found: [Errno -2] Name or service not known."
"http://%D0%BA%D1%83%D1%80%D1%812.%D1%80%D1%84/pound_sterling-moscow" - "DNS lookup failed: address '%D0%BA%D1%83%D1%80%D1%812.%D1%80%D1%84' not found: [Errno -2] Name or service not known."
"http://%D0%BA%D1%83%D1%80%D1%812.%D1%80%D1%84/belarus_ruble-moscow" - "DNS lookup failed: address '%D0%BA%D1%83%D1%80%D1%812.%D1%80%D1%84' not found: [Errno -2] Name or service not known."
"http://%D0%BA%D1%83%D1%80%D1%812.%D1%80%D1%84/dollar-moscow" - "DNS lookup failed: address '%D0%BA%D1%83%D1%80%D1%812.%D1%80%D1%84' not found: [Errno -2] Name or service not known."
"http://%E0%E2%F2%EE%EF%E5%F0%E5%F2%FF%E6%EA%E0.%F0%F4/" - "DNS lookup failed: address '%E0%E2%F2%EE%EF%E5%F0%E5%F2%FF%E6%EA%E0.%F0%F4' not found: [Errno -2] Name or service not known."
"http://%F0%E0-%E0%F1%F2%F0%E0.%F0%F4/" - "DNS lookup failed: address '%F0%E0-%E0%F1%F2%F0%E0.%F0%F4' not found: [Errno -2] Name or service not known."
"http://borisov-spas.shneider-host.ru/svyato-voskresenskij-kafedralnyj-sobor/attachment/zvon092_d94" - "DNS lookup failed: address 'borisov-spas.shneider-host.ru' not found: [Errno -2] Name or service not known."
"http://alexchurch.dp.ua/" - "DNS lookup failed: address 'alexchurch.dp.ua' not found: [Errno -2] Name or service not known."
"http://o%D0%B4%D0%BD%D0%BE%D0%BA%D0%BB%D0%B0%D1%81%D1%81%D0%BD%D0%B8%D0%BA%D0%B8/" - "DNS lookup failed: address 'o%D0%B4%D0%BD%D0%BE%D0%BA%D0%BB%D0%B0%D1%81%D1%81%D0%BD%D0%B8%D0%BA%D0%B8' not found: [Errno -2] Name or service not known."
"http://borisov-spas.shneider-host.ru/svyato-voskresenskij-kafedralnyj-sobor/attachment/sobor105_d94" - "DNS lookup failed: address 'borisov-spas.shneider-host.ru' not found: [Errno -2] Name or service not known."
"http://news.sobor.by/palomniki.php" - "DNS lookup failed: address 'news.sobor.by' not found: [Errno -2] Name or service not known."
"http://www.days.pravoslavie.ru/" - "DNS lookup failed: address 'www.days.pravoslavie.ru' not found: [Errno -2] Name or service not known."
"http://www.sobor.by%20%20%20%20/" - "DNS lookup failed: address 'www.sobor.by%20%20%20%20' not found: [Errno -2] Name or service not known."
"http://www.sobor.by%20%20%20%20%20/" - "DNS lookup failed: address 'www.sobor.by%20%20%20%20%20' not found: [Errno -2] Name or service not known."
"http://%D0%BB%D0%B8%D1%82%D1%84%D0%BB%D0%B0%D0%B3%D0%BC%D0%B0%D0%BD.%D1%80%D1%84/" - "DNS lookup failed: address '%D0%BB%D0%B8%D1%82%D1%84%D0%BB%D0%B0%D0%B3%D0%BC%D0%B0%D0%BD.%D1%80%D1%84' not found: [Errno -2] Name or service not known."
"http://%D0%93%D0%B0%D0%B7%D0%B5%D1%82%D0%B0.ru/" - "DNS lookup failed: address '%D0%93%D0%B0%D0%B7%D0%B5%D1%82%D0%B0.ru' not found: [Errno -2] Name or service not known."
"http://www.sobor.by%20%20%20%20%20%20%20/" - "DNS lookup failed: address 'www.sobor.by%20%20%20%20%20%20%20' not found: [Errno -2] Name or service not known."
"http://sobor-hotimsk.by%20%20/" - "DNS lookup failed: address 'sobor-hotimsk.by%20%20' not found: [Errno -2] Name or service not known."
"http://www.%E0%ED%E4%F0%E5%E5%E2%F1%EA%E8%E9-%F5%F0%E0%EC.%F0%F4/" - "DNS lookup failed: address 'www.%E0%ED%E4%F0%E5%E5%E2%F1%EA%E8%E9-%F5%F0%E0%EC.%F0%F4' not found: [Errno -2] Name or service not known."
"http://2pay.by/oplata/wm/?id=215&pay_inst=6" - "DNS lookup failed: address '2pay.by' not found: [Errno -2] Name or service not known."
"http://wmb.2pay.by/oplata/wm/?id=2184&new=1&page=4003" - "DNS lookup failed: address 'wmb.2pay.by' not found: [Errno -2] Name or service not known."
"http://wmb.2pay.by/oplata/wm/?id=2891&new=1&page=4003&v2=koprulu" - "DNS lookup failed: address 'wmb.2pay.by' not found: [Errno -2] Name or service not known."
"http://yaroslavl.biglion.ruhttp://www.biglion.ru/mobile_apps/" - "DNS lookup failed: address 'yaroslavl.biglion.ruhttp' not found: [Errno -2] Name or service not known."
"http://www.sobor.by%20/" - "DNS lookup failed: address 'www.sobor.by%20' not found: [Errno -2] Name or service not known."
"http://www.sobor.by%20%20/" - "DNS lookup failed: address 'www.sobor.by%20%20' not found: [Errno -2] Name or service not known."
"http://www.sobor.by%20%20%20/" - "DNS lookup failed: address 'www.sobor.by%20%20%20' not found: [Errno -2] Name or service not known."
"http://rodnik-online.ru/" - "DNS lookup failed: address 'rodnik-online.ru' not found: [Errno -2] Name or service not known."
"http://www.supcourt.by/" - "DNS lookup failed: address 'www.supcourt.by' not found: [Errno -2] Name or service not known."
"http://belsat.net/pay/scratch.html" - "DNS lookup failed: address 'belsat.net' not found: [Errno -2] Name or service not known."
"http://forum.tambovnet.org/" - "DNS lookup failed: address 'forum.tambovnet.org' not found: [Errno -2] Name or service not known."
"http://www.orthodox-ural.ru:8000/listen.pls" - "User timeout caused connection failure."
"http://bookmaps.ru/" - "User timeout caused connection failure: Getting http://bookmaps.ru/ took longer than 20.0 seconds.."
"http://hostgame.by/" - "User timeout caused connection failure."
