"http://www.mn.ru//world/20130308/339398257.html" - "[<twisted.python.failure.Failure twisted.web._newclient.ParseError: (u'wrong number of parts', 'HTTP/1.1 404')>]"
"http://answers.microsoft.com%20/" - "DNS lookup failed: address 'answers.microsoft.com%20' not found: [Errno -2] Name or service not known."
"http://%D0%BF%D1%80%D0%B5%D0%BC%D0%B8%D1%8F%D0%B1%D0%B8%D0%B7%D0%BD%D0%B5%D1%81%D1%83%D1%81%D0%BF%D0%B5%D1%85.%D1%80%D1%84/" - "DNS lookup failed: address '%D0%BF%D1%80%D0%B5%D0%BC%D0%B8%D1%8F%D0%B1%D0%B8%D0%B7%D0%BD%D0%B5%D1%81%D1%83%D1%81%D0%BF%D0%B5%D1%85.%D1%80%D1%84' not found: [Errno -2] Name or service not known."
"http://http://startupwomen.ru" - "DNS lookup failed: address 'http' not found: [Errno -2] Name or service not known."
"http://%D0%BF%D1%80%D0%BE%D0%BC%D0%BC%D0%BE%D0%BD%D0%B8%D1%82%D0%BE%D1%80.%D1%80%D1%84/support-measures/" - "DNS lookup failed: address '%D0%BF%D1%80%D0%BE%D0%BC%D0%BC%D0%BE%D0%BD%D0%B8%D1%82%D0%BE%D1%80.%D1%80%D1%84' not found: [Errno -2] Name or service not known."
"http://%F1%E2%FF%E7%ED%EE%E9%EC%EE%E1%E0%E9%EB.%F0%F4/" - "DNS lookup failed: address '%F1%E2%FF%E7%ED%EE%E9%EC%EE%E1%E0%E9%EB.%F0%F4' not found: [Errno -2] Name or service not known."
"http://www.siliconpulse.com/" - "DNS lookup failed: address 'www.siliconpulse.com' not found: [Errno -2] Name or service not known."
"http://http://www.svyaznoy.ru/e-catalog/" - "DNS lookup failed: address 'http' not found: [Errno -2] Name or service not known."
"http://ie8.smoothfusion.com/WallStreetJournal/view.aspx" - "DNS lookup failed: address 'ie8.smoothfusion.com' not found: [Errno -2] Name or service not known."
"http://vandpolman.com/" - "DNS lookup failed: address 'vandpolman.com' not found: [Errno -2] Name or service not known."
"http://isc2.dhl.com/" - "Connection was refused by other side: 111: Connection refused."
"http://www.podrobnosti.com.ua/" - "DNS lookup failed: address 'www.podrobnosti.com.ua' not found: [Errno -2] Name or service not known."
"http://http://top.rbc.ru/politics/24/03/2014/913149.shtml" - "DNS lookup failed: address 'http' not found: [Errno -2] Name or service not known."
"http://www.sim4fly.com/" - "DNS lookup failed: address 'www.sim4fly.com' not found: [Errno -2] Name or service not known."
"http://tribuna.ru/" - "DNS lookup failed: address 'tribuna.ru' not found: [Errno -2] Name or service not known."
"http://www.ikomentare.cz/" - "DNS lookup failed: address 'www.ikomentare.cz' not found: [Errno -2] Name or service not known."
"http://www.jpost.co.il/'http:/www.jpost.com/Middle-East/EUs-Ashton-heads-to-Egypt-for-crisis-talks-321364'" - "[<twisted.python.failure.Failure twisted.internet.error.ConnectionLost: Connection to the other side was lost in a non-clean fashion.>]"
"http://ef.1939-1945.net/b001_005_1.shtml" - "DNS lookup failed: address 'ef.1939-1945.net' not found: [Errno -2] Name or service not known."
"http://mendel.su/articles/140" - "DNS lookup failed: address 'mendel.su' not found: [Errno -2] Name or service not known."
"http://youthprogram.ru/" - "DNS lookup failed: address 'youthprogram.ru' not found: [Errno -2] Name or service not known."
"http://www.radiorus.ru/news.html?date=12-10-2010&id=505134.html&rid=346" - "[<twisted.python.failure.Failure twisted.web._newclient.ParseError: (u'wrong number of parts', 'HTTP/1.1 500')>]"
"http://online.sberbank.ru/" - "User timeout caused connection failure."
