"http://kavkazcenter.info" - "DNS lookup failed: address 'kavkazcenter.info' not found: [Errno -2] Name or service not known."
"http://kavkaz.org.uk" - "Connection was refused by other side: 111: Connection refused."
"http://www.fark.com/submit?amp=&amp=&amp=&linktype=Misc&new_comment=FileFlyer+-+Store+and+Send+your+files%2C+fast%21&new_link_other=TeamDroid&new_url=http%3A%2F%2Fwww.fileflyer.com%2Fview%2Fsw5ktAD" - "User timeout caused connection failure."
"http://www.fark.com/cgi/submit.pl?amp=&amp=&amp=&linktype=Misc&new_comment=FileFlyer+-+Store+and+Send+your+files%2C+fast%21&new_link_other=TeamDroid&new_url=http%3A%2F%2Fwww.fileflyer.com%2Fview%2F21nYMBA" - "User timeout caused connection failure."
"http://soprotivlenie.marsho.net" - "DNS lookup failed: address 'soprotivlenie.marsho.net' not found: [Errno -2] Name or service not known."
"http://www.iraqiasaeb.org/asaeb2007/" - "DNS lookup failed: address 'www.iraqiasaeb.org' not found: [Errno -2] Name or service not known."
"http://www.ahmadov.biz/" - "DNS lookup failed: address 'www.ahmadov.biz' not found: [Errno -2] Name or service not known."
"http://arabic.jaamiiraq.com/index.php" - "DNS lookup failed: address 'arabic.jaamiiraq.com' not found: [Errno -2] Name or service not known."
"http://almedad.com/jama3a/" - "DNS lookup failed: address 'almedad.com' not found: [Errno -2] Name or service not known."
"http://islamiciraq.modawanati.com/" - "DNS lookup failed: address 'islamiciraq.modawanati.com' not found: [Errno -2] Name or service not known."
"http://www.worldchechnyaday.com/" - "DNS lookup failed: address 'www.worldchechnyaday.com' not found: [Errno -2] Name or service not known."
"http://post.m-g.pw/" - "DNS lookup failed: address 'post.m-g.pw' not found: [Errno -2] Name or service not known."
"http://www.keepmyfile.com/download/96ec681445245" - "DNS lookup failed: address 'www.keepmyfile.com' not found: [Errno -2] Name or service not known."
"http://www.tribuna.ru/" - "DNS lookup failed: address 'www.tribuna.ru' not found: [Errno -2] Name or service not known."
"http://visafifa.championat.com/viewer/256?t=w" - "DNS lookup failed: address 'visafifa.championat.com' not found: [Errno -2] Name or service not known."
"http://d.turboupload.com/d/1579196/rousse.zip.html" - "DNS lookup failed: address 'd.turboupload.com' not found: [Errno -2] Name or service not known."
"http://dh/" - "DNS lookup failed: address 'dh' not found: [Errno -2] Name or service not known."
"http://www.simpy.com/simpy/LinkAdd.do?href=http%3A%2F%2Fwww.fileflyer.com%2Fview%2Fsw5ktAD&tags=FileFlyer&title=Check+out+this+file" - "DNS lookup failed: address 'www.simpy.com' not found: [Errno -2] Name or service not known."
"http://www.simpy.com/simpy/LinkAdd.do?href=http%3A%2F%2Fwww.fileflyer.com%2Fview%2F21nYMBA&tags=FileFlyer&title=Check+out+this+file" - "DNS lookup failed: address 'www.simpy.com' not found: [Errno -2] Name or service not known."
"http://www.badongo.com/file/3336018" - "User timeout caused connection failure."
"http://www.zshare.net/download/2167275be11886/" - "User timeout caused connection failure."
"http://www.zshare.net/download/2147935513e013/" - "User timeout caused connection failure."
"http://www.speedshare.org/xp3L4pIlnB" - "DNS lookup failed: address 'www.speedshare.org' not found: [Errno -2] Name or service not known."
"http://www.xasavyurt.com/&/NSS_3_420.divx" - "DNS lookup failed: address 'www.xasavyurt.com' not found: [Errno -2] Name or service not known."
"http://www.speedshare.org/hcmBcbUasE" - "DNS lookup failed: address 'www.speedshare.org' not found: [Errno -2] Name or service not known."
"http://www.badongo.com/file/2721522" - "User timeout caused connection failure."
"http://www.speedshare.org/Kz5JMxRbP6" - "DNS lookup failed: address 'www.speedshare.org' not found: [Errno -2] Name or service not known."
"http://www.speedshare.org/aBNGUhjLbO" - "DNS lookup failed: address 'www.speedshare.org' not found: [Errno -2] Name or service not known."
"http://www.speedshare.org/6WHnAfum8E" - "DNS lookup failed: address 'www.speedshare.org' not found: [Errno -2] Name or service not known."
"http://www.speedshare.org/zqewi0yCw8" - "DNS lookup failed: address 'www.speedshare.org' not found: [Errno -2] Name or service not known."
"http://www.speedshare.org/UXpMuhAfB2" - "DNS lookup failed: address 'www.speedshare.org' not found: [Errno -2] Name or service not known."
"http://www.speedshare.org/2ItGcJzTrE" - "DNS lookup failed: address 'www.speedshare.org' not found: [Errno -2] Name or service not known."
"http://www.speedshare.org/i6987WLBvx" - "DNS lookup failed: address 'www.speedshare.org' not found: [Errno -2] Name or service not known."
"http://www.speedshare.org/fEQCrYoiGq" - "DNS lookup failed: address 'www.speedshare.org' not found: [Errno -2] Name or service not known."
"http://www.islamcom.ru/material.php?id=227" - "DNS lookup failed: address 'www.islamcom.ru' not found: [Errno -2] Name or service not known."
"http://www.speedshare.org/slz1f106ti" - "DNS lookup failed: address 'www.speedshare.org' not found: [Errno -2] Name or service not known."
"http://www.speedshare.org/GBdiPXherj" - "DNS lookup failed: address 'www.speedshare.org' not found: [Errno -2] Name or service not known."
"http://www.kabardeyonline.org/" - "DNS lookup failed: address 'www.kabardeyonline.org' not found: [Errno -2] Name or service not known."
"http://www.kabardeyonline.org/ru/index.htm" - "DNS lookup failed: address 'www.kabardeyonline.org' not found: [Errno -2] Name or service not known."
"http://www.speedshare.org/ltnf71MOJo" - "DNS lookup failed: address 'www.speedshare.org' not found: [Errno -2] Name or service not known."
"http://www.speedshare.org/maDZEQ1nry" - "DNS lookup failed: address 'www.speedshare.org' not found: [Errno -2] Name or service not known."
"http://www.zshare.net/download/rapidup_na_straje_shariata_1_rm_61-rm-8p9.html" - "User timeout caused connection failure."
"http://www.zshare.net/download/rapidup_na_straje_shariata_1_rm_61-rm.html" - "User timeout caused connection failure."
"http://www.zshare.net/download/2147615c5fa00e/" - "User timeout caused connection failure."
"http://www.zshare.net/video/2164365e991103/" - "User timeout caused connection failure."
"http://www.shamilonline.org" - "User timeout caused connection failure."
"http://www.zshare.net/video/2160279d5810a9/" - "User timeout caused connection failure."
"http://www.zshare.net/download/rapidup_na_straje_shariata_1_rm_61-rm-xxy.html" - "User timeout caused connection failure."
"http://www.zshare.net/download/rapidup_na_straje_shariata_1_rm_61-rm-scr.html" - "User timeout caused connection failure."
"http://www.zshare.net/download/rapidup_na_straje_shariata_1_rm_61-rm-b87.html" - "User timeout caused connection failure."
"http://www.zshare.net/download/rapidup_na_straje_shariata_1_3gp_31-3gp.html" - "User timeout caused connection failure."
"http://www.zshare.net/download/rousse-doc.html" - "User timeout caused connection failure."
"http://www.zshare.net/download/rapidup_na_straje_shariata_1_3gp_31-3gp-cwt.html" - "User timeout caused connection failure."
"http://www.zshare.net/video/2149273667d159/" - "User timeout caused connection failure."
