"http://love.mygorod.ru" - "DNS lookup failed: address 'love.mygorod.ru' not found: [Errno -2] Name or service not known."
"http://www.love.australia.ru" - "DNS lookup failed: address 'www.love.australia.ru' not found: [Errno -2] Name or service not known."
"http://subscribe.ru%2Fcatalog%2Ftech.auto.gibdd=" - "DNS lookup failed: address 'subscribe.ru%2Fcatalog%2Ftech.auto.gibdd=' not found: [Errno -2] Name or service not known."
"http://subscribe.ru%2Fcatalog%2Ftech.auto.tuningmedia=" - "DNS lookup failed: address 'subscribe.ru%2Fcatalog%2Ftech.auto.tuningmedia=' not found: [Errno -2] Name or service not known."
"http://subscribe.ru%2Fcatalog%2Ftech.auto.automedia=" - "DNS lookup failed: address 'subscribe.ru%2Fcatalog%2Ftech.auto.automedia=' not found: [Errno -2] Name or service not known."
"http://subscribe.ru%2Fcatalog%2Ftech.auto.jeepinfo=" - "DNS lookup failed: address 'subscribe.ru%2Fcatalog%2Ftech.auto.jeepinfo=' not found: [Errno -2] Name or service not known."
"http://insights.chitika.com/2012/operating-system-market-share-november-2012-update/" - "User timeout caused connection failure."
"http://insights.chitika.com/2012/web-browser-market-share-november-2012-update/" - "User timeout caused connection failure."
"http://insights.chitika.com/2012/search-engine-market-share-november-2012-update/" - "User timeout caused connection failure."
"http://www.vdv.tomsk.ru/" - "DNS lookup failed: address 'www.vdv.tomsk.ru' not found: [Errno -2] Name or service not known."
"http://aif.udm.ru/russian/DAID/GV/GV.htm" - "User timeout caused connection failure."
"http://Opera.as/r5y" - "DNS lookup failed: address 'Opera.as' not found: [Errno -2] Name or service not known."
"http://www.chelny.ru/" - "DNS lookup failed: address 'www.chelny.ru' not found: [Errno -2] Name or service not known."
"http://subscr.aif.ru/" - "[<twisted.python.failure.Failure twisted.web._newclient.ParseError: (u'wrong number of parts', 'HTTP/1.1 200')>]"
"http://www.maillist.ru/50960" - "DNS lookup failed: address 'www.maillist.ru' not found: [Errno -2] Name or service not known."
"http://prestigechat.net%20/" - "DNS lookup failed: address 'prestigechat.net%20' not found: [Errno -2] Name or service not known."
"http://www.bestrussiandating.com" - "DNS lookup failed: address 'www.bestrussiandating.com' not found: [Errno -2] Name or service not known."
"http://russian-top.ru/in.php?id=atletika" - "DNS lookup failed: address 'russian-top.ru' not found: [Errno -2] Name or service not known."
"http://affiliate.anastasia-international.com/aw.aspx?A=103571&B=130&Task=Click" - "DNS lookup failed: address 'affiliate.anastasia-international.com' not found: [Errno -2] Name or service not known."
"http://auction-wm.ru/" - "DNS lookup failed: address 'auction-wm.ru' not found: [Errno -2] Name or service not known."
"http://free.communicationfree.com/" - "DNS lookup failed: address 'free.communicationfree.com' not found: [Errno -2] Name or service not known."
"http://kontakt-love.com%20/" - "DNS lookup failed: address 'kontakt-love.com%20' not found: [Errno -2] Name or service not known."
"http://communicationfree.com/" - "DNS lookup failed: address 'communicationfree.com' not found: [Errno -2] Name or service not known."
"http://communicationfree.com/videochat.html" - "DNS lookup failed: address 'communicationfree.com' not found: [Errno -2] Name or service not known."
"http://love.communicationfree.com/" - "DNS lookup failed: address 'love.communicationfree.com' not found: [Errno -2] Name or service not known."
"http://druzhby.net/" - "DNS lookup failed: address 'druzhby.net' not found: [Errno -2] Name or service not known."
"http://page.construction/" - "DNS lookup failed: address 'page.construction' not found: [Errno -2] Name or service not known."
"http://lt.webwombat.com/site/839/index.htm" - "User timeout caused connection failure."
"http://archives.maillist.ru/50960" - "DNS lookup failed: address 'archives.maillist.ru' not found: [Errno -2] Name or service not known."
"http://www.maillist.ru/" - "DNS lookup failed: address 'www.maillist.ru' not found: [Errno -2] Name or service not known."
"http://www.voucher-instant.com/" - "User timeout caused connection failure."
"http://www.a34.ru/" - "DNS lookup failed: address 'www.a34.ru' not found: [Errno -2] Name or service not known."
"http://splogmaster.ru/" - "DNS lookup failed: address 'splogmaster.ru' not found: [Errno -2] Name or service not known."
"http://lt.webwombat.com/site/1063/index.htm" - "User timeout caused connection failure."
"http://lt.webwombat.com/site/1064/index.htm" - "User timeout caused connection failure."
"http://lt.webwombat.com/site/1065/index.htm" - "User timeout caused connection failure."
"http://sobaka.com.ua/" - "Connection was refused by other side: 111: Connection refused."
"http://keyboard.useridea.com/" - "User timeout caused connection failure."
"http://useridea.com/" - "User timeout caused connection failure."
"http://www.sec.ru/" - "User timeout caused connection failure."
"http://goto.kz/" - "User timeout caused connection failure."
"http://goto.kz/?fromsite=111" - "User timeout caused connection failure."
"http://metrika.kz/" - "User timeout caused connection failure."
"http://http://top.bigmir.net/report/125856//" - "DNS lookup failed: address 'http' not found: [Errno -2] Name or service not known."
"http://mosoblcnti.com/css/aforizmyi_pro_finansovoe_planirovanie.html" - "DNS lookup failed: address 'mosoblcnti.com' not found: [Errno -2] Name or service not known."
"http://metrika.kz/?fromsite=248" - "User timeout caused connection failure."
"http://enbek.com/" - "User timeout caused connection failure."
"http://www.luxprima.ru/" - "User timeout caused connection failure: Getting http://www.luxprima.ru/ took longer than 20.0 seconds.."
"http://elteh-nn.ru/%D1%81%D0%BE%D0%BD%D0%BD%D0%B8%D0%BA-%D1%82%D0%BE%D0%BB%D0%BA%D0%BE%D0%B2%D0%B0%D0%BD%D0%B8%D0%B5-%D1%81%D0%BD%D0%BE%D0%B2-%D1%87%D0%B0%D1%81%D1%8B" - "DNS lookup failed: address 'elteh-nn.ru' not found: [Errno -2] Name or service not known."
"http://copoka-news.ru/2011/05/%D1%81%D0%BE%D0%BD%D0%BD%D0%B8%D0%BA-%D1%82%D0%BE%D0%BB%D0%BA%D0%BE%D0%B2%D0%B0%D0%BD%D0%B8%D0%B5-%D1%81%D0%BD%D0%BE%D0%B2/" - "DNS lookup failed: address 'copoka-news.ru' not found: [Errno -2] Name or service not known."
"http://mosaics.com.ua/" - "DNS lookup failed: address 'mosaics.com.ua' not found: [Errno -2] Name or service not known."
"http://goresh.us/" - "DNS lookup failed: address 'goresh.us' not found: [Errno -2] Name or service not known."
"http://desiresofmilano.com/hermes-company-profile" - "[<twisted.python.failure.Failure twisted.internet.error.ConnectionLost: Connection to the other side was lost in a non-clean fashion.>]"
"http://www.luxprima.ru/index.php?category=deti&do=cat" - "User timeout caused connection failure: Getting http://www.luxprima.ru/index.php?category=deti&do=cat took longer than 20.0 seconds.."
"http://www.luxprima.ru/index.php?category=biblioteka&do=cat" - "User timeout caused connection failure: Getting http://www.luxprima.ru/index.php?category=biblioteka&do=cat took longer than 20.0 seconds.."
"http://www.divanoblomova.ru/" - "DNS lookup failed: address 'www.divanoblomova.ru' not found: [Errno -2] Name or service not known."
"http://answers.microsoft.com%20/" - "DNS lookup failed: address 'answers.microsoft.com%20' not found: [Errno -2] Name or service not known."
"http://www,news-city.info/" - "DNS lookup failed: address 'www,news-city.info' not found: [Errno -2] Name or service not known."
"http://themoscownews.com/" - "DNS lookup failed: address 'themoscownews.com' not found: [Errno -2] Name or service not known."
"http://www.mngz.ru/" - "[<twisted.python.failure.Failure twisted.internet.error.ConnectionDone: Connection was closed cleanly.>]"
"http://c.ic.com.au/openx/www/delivery/ck.php?cb=INSERT_RANDOM_NUMBER_HERE&n=a3221967" - "DNS lookup failed: address 'c.ic.com.au' not found: [Errno -2] Name or service not known."
"http://c.ic.com.au/openx/www/delivery/ck.php?cb=INSERT_RANDOM_NUMBER_HERE&n=aa594c73" - "DNS lookup failed: address 'c.ic.com.au' not found: [Errno -2] Name or service not known."
"http://c.ic.com.au/openx/www/delivery/ck.php?cb=INSERT_RANDOM_NUMBER_HERE&n=a6787288" - "DNS lookup failed: address 'c.ic.com.au' not found: [Errno -2] Name or service not known."
"http://www.cubanoticias.ain.cu/" - "DNS lookup failed: address 'www.cubanoticias.ain.cu' not found: [Errno -2] Name or service not known."
"http://onlinenewspaper/" - "DNS lookup failed: address 'onlinenewspaper' not found: [Errno -2] Name or service not known."
"http://www.genialnee.net/kartinki/10/" - "DNS lookup failed: address 'www.genialnee.net' not found: [Errno -2] Name or service not known."
"http://www.podrobnosti.com.ua/" - "DNS lookup failed: address 'www.podrobnosti.com.ua' not found: [Errno -2] Name or service not known."
"http://lt.webwombat.com/site/1058/index.htm" - "User timeout caused connection failure."
"https://tools.wmflabs.org/geohack/geohack.php?pagename=Herm%C3%A8s&params=48_52_8.16_N_2_19_18.33_E_region%3AFR_type%3Alandmark" - "User timeout caused connection failure: Getting https://tools.wmflabs.org/geohack/geohack.php?pagename=Herm%C3%A8s&params=48_52_8.16_N_2_19_18.33_E_region%3AFR_type%3Alandmark took longer than 20.0 seconds.."
"http://lt.webwombat.com/site/1057/index.htm" - "User timeout caused connection failure."
"http://lt.webwombat.com/site/1055/index.htm" - "User timeout caused connection failure."
"http://www.bunimovich.ru/" - "User timeout caused connection failure."
"http://lt.webwombat.com/site/1054/index.htm" - "User timeout caused connection failure."
"http://lt.webwombat.com/site/1052/index.htm" - "User timeout caused connection failure."
"http://lt.webwombat.com/site/1051/index.htm" - "User timeout caused connection failure."
"http://lt.webwombat.com/site/1050/index.htm" - "User timeout caused connection failure."
"http://lt.webwombat.com/site/17619/index.htm" - "User timeout caused connection failure."
"http://lt.webwombat.com/site/1046/index.htm" - "User timeout caused connection failure."
"http://lt.webwombat.com/site/1045/index.htm" - "User timeout caused connection failure."
"http://lt.webwombat.com/site/1044/index.htm" - "User timeout caused connection failure."
"http://lt.webwombat.com/site/1041/index.htm" - "User timeout caused connection failure."
"http://lt.webwombat.com/site/1040/index.htm" - "User timeout caused connection failure."
"http://lt.webwombat.com/site/15256/index.htm" - "User timeout caused connection failure."
"http://lt.webwombat.com/site/1039/index.htm" - "User timeout caused connection failure."
"http://lt.webwombat.com/site/1038/index.htm" - "User timeout caused connection failure."
"http://lt.webwombat.com/site/1049/index.htm" - "User timeout caused connection failure."
"http://lt.webwombat.com/site/1034/index.htm" - "User timeout caused connection failure."
"http://lt.webwombat.com/site/1033/index.htm" - "User timeout caused connection failure."
"http://lt.webwombat.com/site/1031/index.htm" - "User timeout caused connection failure."
"http://lt.webwombat.com/site/1028/index.htm" - "User timeout caused connection failure."
"http://lt.webwombat.com/site/1020/index.htm" - "User timeout caused connection failure."
"http://lt.webwombat.com/site/1019/index.htm" - "User timeout caused connection failure."
"http://lt.webwombat.com/site/838/index.htm" - "User timeout caused connection failure."
"http://lt.webwombat.com/site/1018/index.htm" - "User timeout caused connection failure."
"http://lt.webwombat.com/site/18450/index.htm" - "User timeout caused connection failure."
"http://lt.webwombat.com/site/9292/index.htm" - "User timeout caused connection failure."
"http://lt.webwombat.com/site/1017/index.htm" - "User timeout caused connection failure."
"http://lt.webwombat.com/site/10982/index.htm" - "User timeout caused connection failure."
"http://lt.webwombat.com/site/10573/index.htm" - "User timeout caused connection failure."
"http://lt.webwombat.com/site/830/index.htm" - "User timeout caused connection failure."
"http://lt.webwombat.com/site/17244/index.htm" - "User timeout caused connection failure."
"http://lt.webwombat.com/site/21129/index.htm" - "User timeout caused connection failure."
"http://lt.webwombat.com/site/1008/index.htm" - "User timeout caused connection failure."
"http://lt.webwombat.com/site/20184/index.htm" - "User timeout caused connection failure."
"http://lt.webwombat.com/site/1048/index.htm" - "User timeout caused connection failure."
"http://lt.webwombat.com/site/20392/index.htm" - "User timeout caused connection failure."
"http://lt.webwombat.com/site/1005/index.htm" - "User timeout caused connection failure."
"http://lt.webwombat.com/site/17631/index.htm" - "User timeout caused connection failure."
"http://lt.webwombat.com/site/1002/index.htm" - "User timeout caused connection failure."
"http://lt.webwombat.com/site/1001/index.htm" - "User timeout caused connection failure."
"http://lt.webwombat.com/site/997/index.htm" - "User timeout caused connection failure."
"http://lt.webwombat.com/site/996/index.htm" - "User timeout caused connection failure."
"http://lt.webwombat.com/site/993/index.htm" - "User timeout caused connection failure."
"http://lt.webwombat.com/site/995/index.htm" - "User timeout caused connection failure."
"http://lt.webwombat.com/site/992/index.htm" - "User timeout caused connection failure."
"http://lt.webwombat.com/site/989/index.htm" - "User timeout caused connection failure."
"http://lt.webwombat.com/site/986/index.htm" - "User timeout caused connection failure."
"http://lt.webwombat.com/site/983/index.htm" - "User timeout caused connection failure."
"http://lt.webwombat.com/site/982/index.htm" - "User timeout caused connection failure."
"http://lt.webwombat.com/site/981/index.htm" - "User timeout caused connection failure."
"http://lt.webwombat.com/site/18701/index.htm" - "User timeout caused connection failure."
"http://lt.webwombat.com/site/979/index.htm" - "User timeout caused connection failure."
"http://lt.webwombat.com/site/12504/index.htm" - "User timeout caused connection failure."
"http://lt.webwombat.com/site/972/index.htm" - "User timeout caused connection failure."
"http://lt.webwombat.com/site/968/index.htm" - "User timeout caused connection failure."
"http://lt.webwombat.com/site/967/index.htm" - "User timeout caused connection failure."
"http://lt.webwombat.com/site/965/index.htm" - "User timeout caused connection failure."
"http://lt.webwombat.com/site/10388/index.htm" - "User timeout caused connection failure."
"http://lt.webwombat.com/site/9312/index.htm" - "User timeout caused connection failure."
"http://lt.webwombat.com/site/953/index.htm" - "User timeout caused connection failure."
"http://lt.webwombat.com/site/12572/index.htm" - "User timeout caused connection failure."
"http://lt.webwombat.com/site/951/index.htm" - "User timeout caused connection failure."
"http://lt.webwombat.com/site/943/index.htm" - "User timeout caused connection failure."
"http://lt.webwombat.com/site/941/index.htm" - "User timeout caused connection failure."
"http://lt.webwombat.com/site/940/index.htm" - "User timeout caused connection failure."
"http://lt.webwombat.com/site/20489/index.htm" - "User timeout caused connection failure."
"http://lt.webwombat.com/site/938/index.htm" - "User timeout caused connection failure."
"http://lt.webwombat.com/site/934/index.htm" - "User timeout caused connection failure."
"http://lt.webwombat.com/site/931/index.htm" - "User timeout caused connection failure."
"http://lt.webwombat.com/site/17435/index.htm" - "User timeout caused connection failure."
"http://lt.webwombat.com/site/829/index.htm" - "User timeout caused connection failure."
"http://lt.webwombat.com/site/921/index.htm" - "User timeout caused connection failure."
"http://lt.webwombat.com/site/920/index.htm" - "User timeout caused connection failure."
"http://lt.webwombat.com/site/919/index.htm" - "User timeout caused connection failure."
"http://lt.webwombat.com/site/918/index.htm" - "User timeout caused connection failure."
"http://lt.webwombat.com/site/912/index.htm" - "User timeout caused connection failure."
"http://lt.webwombat.com/site/904/index.htm" - "User timeout caused connection failure."
"http://lt.webwombat.com/site/901/index.htm" - "User timeout caused connection failure."
"http://lt.webwombat.com/site/11408/index.htm" - "User timeout caused connection failure."
"http://lt.webwombat.com/site/899/index.htm" - "User timeout caused connection failure."
"http://lt.webwombat.com/site/19194/index.htm" - "User timeout caused connection failure."
"http://lt.webwombat.com/site/896/index.htm" - "User timeout caused connection failure."
"http://lt.webwombat.com/site/895/index.htm" - "User timeout caused connection failure."
"http://lt.webwombat.com/site/891/index.htm" - "User timeout caused connection failure."
"http://lt.webwombat.com/site/889/index.htm" - "User timeout caused connection failure."
"http://lt.webwombat.com/site/885/index.htm" - "User timeout caused connection failure."
"http://lt.webwombat.com/site/17068/index.htm" - "User timeout caused connection failure."
"http://lt.webwombat.com/site/877/index.htm" - "User timeout caused connection failure."
"http://lt.webwombat.com/site/13313/index.htm" - "User timeout caused connection failure."
"http://lt.webwombat.com/site/13044/index.htm" - "User timeout caused connection failure."
"http://lt.webwombat.com/site/873/index.htm" - "User timeout caused connection failure."
"http://lt.webwombat.com/site/15972/index.htm" - "User timeout caused connection failure."
"http://lt.webwombat.com/site/1024/index.htm" - "User timeout caused connection failure."
"http://lt.webwombat.com/site/21177/index.htm" - "User timeout caused connection failure."
"http://lt.webwombat.com/site/871/index.htm" - "User timeout caused connection failure."
"http://lt.webwombat.com/site/875/index.htm" - "User timeout caused connection failure."
"http://lt.webwombat.com/site/870/index.htm" - "User timeout caused connection failure."
"http://lt.webwombat.com/site/869/index.htm" - "User timeout caused connection failure."
"http://lt.webwombat.com/site/17561/index.htm" - "User timeout caused connection failure."
"http://themoscownews.com/russia/20120417/189640006.html" - "DNS lookup failed: address 'themoscownews.com' not found: [Errno -2] Name or service not known."
"http://www.justlande/refd.com/english/Russia/Articles/Health/Healthcare-in-Russia" - "DNS lookup failed: address 'www.justlande' not found: [Errno -2] Name or service not known."
"http://graph.document.kremlin.ru/page.aspx?1=&1538006=" - "DNS lookup failed: address 'graph.document.kremlin.ru' not found: [Errno -2] Name or service not known."
"https://www.foreigntranslations.com/languages/russian-translation/russian-language-history/?page-content.cfm%2Fpage%2Frussian-language=" - "Connection was refused by other side: 111: Connection refused."
"http://global-economics.ru/transportnaya-sistema-rossiyiskoyi-federatscii.html" - "DNS lookup failed: address 'global-economics.ru' not found: [Errno -2] Name or service not known."
"http://www.accd.edu/sac/history/keller/Mongols/states3.html" - "DNS lookup failed: address 'www.accd.edu' not found: [Errno -2] Name or service not known."
"http://www.nidp.com/" - "DNS lookup failed: address 'www.nidp.com' not found: [Errno -2] Name or service not known."
"http://timesonline.globrix.com/property/" - "DNS lookup failed: address 'timesonline.globrix.com' not found: [Errno -2] Name or service not known."
"http://datingyes.com" - "DNS lookup failed: address 'datingyes.com' not found: [Errno -2] Name or service not known."
"http://lt.webwombat.com/site/865/index.htm" - "User timeout caused connection failure."
"http://lt.webwombat.com/site/826/index.htm" - "User timeout caused connection failure."
"http://lt.webwombat.com/site/858/index.htm" - "User timeout caused connection failure."
"http://lt.webwombat.com/site/854/index.htm" - "User timeout caused connection failure."
"https://sputniknews.com/" - "User timeout caused connection failure."
"http://lt.webwombat.com/site/1983/index.htm" - "User timeout caused connection failure."
"https://tools.wmflabs.org/geohack/geohack.php?pagename=Russia&params=60_N_90_E_" - "User timeout caused connection failure: Getting https://tools.wmflabs.org/geohack/geohack.php?pagename=Russia&params=60_N_90_E_ took longer than 20.0 seconds.."
"http://lt.webwombat.com/site/852/index.htm" - "User timeout caused connection failure."
"http://www.etymonline.com/index.php?term=Russia" - "User timeout caused connection failure."
"http://lt.webwombat.com/site/851/index.htm" - "User timeout caused connection failure."
"https://tools.wmflabs.org/geohack/geohack.php?pagename=Russia&params=55_45_N_37_37_E_type%3Acity" - "User timeout caused connection failure: Getting https://tools.wmflabs.org/geohack/geohack.php?pagename=Russia&params=55_45_N_37_37_E_type%3Acity took longer than 20.0 seconds.."
"http://lt.webwombat.com/site/856/index.htm" - "User timeout caused connection failure."
"http://lt.webwombat.com/site/850/index.htm" - "User timeout caused connection failure."
"http://lt.webwombat.com/site/21151/index.htm" - "User timeout caused connection failure."
"http://lt.webwombat.com/site/847/index.htm" - "User timeout caused connection failure."
