"http://kolebcev.v-teme.com" - "DNS lookup failed: address 'kolebcev.v-teme.com' not found: [Errno -2] Name or service not known."
"http://onlinefilms.com.ua" - "DNS lookup failed: address 'onlinefilms.com.ua' not found: [Errno -2] Name or service not known."
"http://www.antifa.com.ua" - "DNS lookup failed: address 'www.antifa.com.ua' not found: [Errno -2] Name or service not known."
"https://sumall.com/thankyou" - "[<twisted.python.failure.Failure OpenSSL.SSL.Error: [('SSL routines', 'ssl3_read_bytes', 'ssl handshake failure')]>]"
"https://sumall.com/myweek" - "[<twisted.python.failure.Failure OpenSSL.SSL.Error: [('SSL routines', 'ssl3_read_bytes', 'ssl handshake failure')]>]"
"http://www.bencoakwell.com/" - "DNS lookup failed: address 'www.bencoakwell.com' not found: [Errno -2] Name or service not known."
"http://www.childhoodcancer.com" - "User timeout caused connection failure."
"https://myaccount.canadiens.com%20/" - "Codepoint U+0025 at position 4 of u'com%20' not allowed"
"http://soho.st.uz" - "DNS lookup failed: address 'soho.st.uz' not found: [Errno -2] Name or service not known."
"https://movietvtechgeeks.com/bundesliga-game-week-16-soccer-review/?utm_source=dlvr.it&utm_medium=twitter" - "[<twisted.python.failure.Failure OpenSSL.SSL.Error: [('SSL routines', 'ssl3_read_bytes', 'ssl handshake failure')]>]"
"http://it.How" - "DNS lookup failed: address 'it.How' not found: [Errno -2] Name or service not known."
"http://%ED%E8%EA%EE%EB%E0%E9-%E4%EE%F0%EE%F8%E5%ED%EA%EE.%F0%F4/" - "DNS lookup failed: address '%ED%E8%EA%EE%EB%E0%E9-%E4%EE%F0%EE%F8%E5%ED%EA%EE.%F0%F4' not found: [Errno -2] Name or service not known."
"http://index_.shtml/" - "DNS lookup failed: address 'index_.shtml' not found: [Errno -2] Name or service not known."
"http://www.dnsabri.ir/" - "DNS lookup failed: address 'www.dnsabri.ir' not found: [Errno -2] Name or service not known."
"http://%ED%E8%EA%EE%EB%E0%E9-%E4%EE%F0%EE%F8%E5%ED%EA%EE.%F0%F4/blog65.htm" - "DNS lookup failed: address '%ED%E8%EA%EE%EB%E0%E9-%E4%EE%F0%EE%F8%E5%ED%EA%EE.%F0%F4' not found: [Errno -2] Name or service not known."
"http://magnesiumandnursing/" - "DNS lookup failed: address 'magnesiumandnursing' not found: [Errno -2] Name or service not known."
"http://exnihilovineyards.com%20/" - "DNS lookup failed: address 'exnihilovineyards.com%20' not found: [Errno -2] Name or service not known."
"http://import.buy.com/" - "DNS lookup failed: address 'import.buy.com' not found: [Errno -2] Name or service not known."
"http://%3Chttp://www.ew.com/article/2015/08/12/star-wars-luke-skywalker-hooked-jj-abrams/2" - "DNS lookup failed: address '%3Chttp' not found: [Errno -2] Name or service not known."
"http://www.proext.com/" - "[<twisted.python.failure.Failure twisted.internet.error.ConnectionLost: Connection to the other side was lost in a non-clean fashion.>]"
"https://www.circsource.com/store/csloginpage.html?MagId=120" - "[<twisted.python.failure.Failure OpenSSL.SSL.Error: [('SSL routines', 'ssl3_read_bytes', 'sslv3 alert handshake failure'), ('SSL routines', 'ssl3_write_bytes', 'ssl handshake failure')]>]"
"http://%D1%81%D0%B0%D0%B2%D0%B8%D0%BE.%D1%80%D1%84/" - "DNS lookup failed: address '%D1%81%D0%B0%D0%B2%D0%B8%D0%BE.%D1%80%D1%84' not found: [Errno -2] Name or service not known."
"http://%E2%80%8Bwww.vallenevado.com/en" - "DNS lookup failed: address '%E2%80%8Bwww.vallenevado.com' not found: [Errno -2] Name or service not known."
"http://%20http://canadiens.nhl.com/club/page.htm?id=56576" - "DNS lookup failed: address '%20http' not found: [Errno -2] Name or service not known."
"http://www.residentadvisor.net/feature.aspx?2553=" - "[<twisted.python.failure.Failure twisted.internet.error.ConnectionLost: Connection to the other side was lost in a non-clean fashion.>]"
"http://myweb2.search.yahoo.com/myresults/bookmarklet?t=KartenQuiz+-+das+Spiel+f%C3%83%C2%BCr+Ortskundige&u=http%3A%2F%2Fwww.kartenquiz.de" - "DNS lookup failed: address 'myweb2.search.yahoo.com' not found: [Errno -2] Name or service not known."
"http://andrew/" - "DNS lookup failed: address 'andrew' not found: [Errno -2] Name or service not known."
"http://secure.bcclassified.com/placead_categories.cmp?sfid=1054" - "DNS lookup failed: address 'secure.bcclassified.com' not found: [Errno -2] Name or service not known."
"http://www.albertasnowboarding.com/" - "DNS lookup failed: address 'www.albertasnowboarding.com' not found: [Errno -2] Name or service not known."
"https://www.sarah.com/sararisteska/greece/" - "DNS lookup failed: address 'www.sarah.com' not found: [Errno -2] Name or service not known."
"http://www.faza.ru/" - "DNS lookup failed: address 'www.faza.ru' not found: [Errno -2] Name or service not known."
"http://www.furl.net/storeIt.jsp?t=KartenQuiz+-+das+Spiel+f%C3%83%C2%BCr+Ortskundige&u=http%3A%2F%2Fwww.kartenquiz.de" - "User timeout caused connection failure."
"http://www.simplesharebuttons.com/" - "User timeout caused connection failure: Getting http://www.simplesharebuttons.com/ took longer than 20.0 seconds.."
"http://www.tvchannelzero.com/careers" - "User timeout caused connection failure: Getting http://www.tvchannelzero.com/careers took longer than 20.0 seconds.."
"http://www.logoyes.com/" - "User timeout caused connection failure."
"http://healthycanadians.gc.ca/" - "User timeout caused connection failure."
"http://www.ladylib.net/" - "User timeout caused connection failure."
