"http://*love.kulichki.*" - "DNS lookup failed: address '*love.kulichki.*' not found: [Errno -2] Name or service not known."
"https://mail.my.com/" - "User timeout caused connection failure."
"https://www.aceticket.com/boston-red-sox-tickets" - "[<twisted.python.failure.Failure OpenSSL.SSL.Error: [('SSL routines', 'ssl3_read_bytes', 'ssl handshake failure')]>]"
"https://www.aceticket.com/new-england-revolution-tickets" - "[<twisted.python.failure.Failure OpenSSL.SSL.Error: [('SSL routines', 'ssl3_read_bytes', 'ssl handshake failure')]>]"
"https://www.aceticket.com/new-england-patriots-tickets" - "[<twisted.python.failure.Failure OpenSSL.SSL.Error: [('SSL routines', 'ssl3_read_bytes', 'ssl handshake failure')]>]"
"https://www.aceticket.com/boston-bruins-tickets" - "[<twisted.python.failure.Failure OpenSSL.SSL.Error: [('SSL routines', 'ssl3_read_bytes', 'ssl handshake failure')]>]"
"https://www.aceticket.com/boston-celtics-tickets" - "[<twisted.python.failure.Failure OpenSSL.SSL.Error: [('SSL routines', 'ssl3_read_bytes', 'ssl handshake failure')]>]"
"https://flynashville.com/news-and-media/press-releases/Pages/SouthwestFlight31.aspx" - "[<twisted.python.failure.Failure OpenSSL.SSL.Error: [('SSL routines', 'ssl3_read_bytes', 'ssl handshake failure')]>]"
"https://flynashville.com/news-and-media/press-releases/Pages/SFO.aspx" - "[<twisted.python.failure.Failure OpenSSL.SSL.Error: [('SSL routines', 'ssl3_read_bytes', 'ssl handshake failure')]>]"
"https://www.flynashville.com/" - "[<twisted.python.failure.Failure OpenSSL.SSL.Error: [('SSL routines', 'ssl3_read_bytes', 'ssl handshake failure')]>]"
"https://flynashville.com/comments" - "[<twisted.python.failure.Failure OpenSSL.SSL.Error: [('SSL routines', 'ssl3_read_bytes', 'ssl handshake failure')]>]"
"http://%20http://www.away.ru/object/voshititelnaya-villa-na-lazurnom-beregu-9%20" - "DNS lookup failed: address '%20http' not found: [Errno -2] Name or service not known."
"http://kissyou.ru/" - "DNS lookup failed: address 'kissyou.ru' not found: [Errno -2] Name or service not known."
"http://lib.students.ru/" - "DNS lookup failed: address 'lib.students.ru' not found: [Errno -2] Name or service not known."
"http://www.ranker.ru/scripts/sqltmex.dll?category=4&id=22813&page=1&sort=today+desc&tpl=_top_tod_yest.htm" - "DNS lookup failed: address 'www.ranker.ru' not found: [Errno -2] Name or service not known."
"http://eng.rzd.ru%0A/" - "DNS lookup failed: address 'eng.rzd.ru%0A' not found: [Errno -2] Name or service not known."
"http://elevatemedia.co.uk/" - "DNS lookup failed: address 'elevatemedia.co.uk' not found: [Errno -2] Name or service not known."
"http://rzd.ru%0A/" - "DNS lookup failed: address 'rzd.ru%0A' not found: [Errno -2] Name or service not known."
"http://pass.rzd.ru%0A/" - "DNS lookup failed: address 'pass.rzd.ru%0A' not found: [Errno -2] Name or service not known."
"https://partner.pricegrabber.com/mss_main.php?ccode=us&rfid=a14&sec=6" - "[<twisted.python.failure.Failure OpenSSL.SSL.Error: [('SSL routines', 'ssl3_read_bytes', 'ssl handshake failure')]>]"
"http://privacy.yahoo.com%20/" - "DNS lookup failed: address 'privacy.yahoo.com%20' not found: [Errno -2] Name or service not known."
"https://www.circsource.com/store/csloginpage.html?MagId=338" - "[<twisted.python.failure.Failure OpenSSL.SSL.Error: [('SSL routines', 'ssl3_read_bytes', 'sslv3 alert handshake failure'), ('SSL routines', 'ssl3_write_bytes', 'ssl handshake failure')]>]"
"https://www.circsource.com/" - "[<twisted.python.failure.Failure OpenSSL.SSL.Error: [('SSL routines', 'ssl3_read_bytes', 'sslv3 alert handshake failure'), ('SSL routines', 'ssl3_write_bytes', 'ssl handshake failure')]>]"
"https://www.circsource.com/store/Subscribe.html?magazineId=338&sourceCode=I9ABSN" - "[<twisted.python.failure.Failure OpenSSL.SSL.Error: [('SSL routines', 'ssl3_read_bytes', 'sslv3 alert handshake failure'), ('SSL routines', 'ssl3_write_bytes', 'ssl handshake failure')]>]"
"https://www.circsource.com/store/Subscribe.html?magazineId=342&sourceCode=I9ABQN" - "[<twisted.python.failure.Failure OpenSSL.SSL.Error: [('SSL routines', 'ssl3_read_bytes', 'sslv3 alert handshake failure'), ('SSL routines', 'ssl3_write_bytes', 'ssl handshake failure')]>]"
"https://www.circsource.com/store/csloginpage.html?MagId=340" - "[<twisted.python.failure.Failure OpenSSL.SSL.Error: [('SSL routines', 'ssl3_read_bytes', 'sslv3 alert handshake failure'), ('SSL routines', 'ssl3_write_bytes', 'ssl handshake failure')]>]"
"https://www.circsource.com/store/csloginpage.html?MagId=342" - "[<twisted.python.failure.Failure OpenSSL.SSL.Error: [('SSL routines', 'ssl3_read_bytes', 'sslv3 alert handshake failure'), ('SSL routines', 'ssl3_write_bytes', 'ssl handshake failure')]>]"
"https://www.circsource.com/store/storeBackIssMagazines.html?magazineId=342" - "[<twisted.python.failure.Failure OpenSSL.SSL.Error: [('SSL routines', 'ssl3_read_bytes', 'sslv3 alert handshake failure'), ('SSL routines', 'ssl3_write_bytes', 'ssl handshake failure')]>]"
"http://www.disneystore.comtransfer/280559//disney-tsum-tsum/mn/1024503/?att=DcomM_HP_Store_TsumTsumTuesdayGuardiansoftheGalaxy_151215&cmp=OTL-Dcom" - "DNS lookup failed: address 'www.disneystore.comtransfer' not found: [Errno -2] Name or service not known."
"https://www.circsource.com/store/Subscribe.html?magazineId=339&sourceCode=I9ABSN" - "[<twisted.python.failure.Failure OpenSSL.SSL.Error: [('SSL routines', 'ssl3_read_bytes', 'sslv3 alert handshake failure'), ('SSL routines', 'ssl3_write_bytes', 'ssl handshake failure')]>]"
"https://www.circsource.com/store/Subscribe.html?magazineId=123&sourceCode=I9ABNN" - "[<twisted.python.failure.Failure OpenSSL.SSL.Error: [('SSL routines', 'ssl3_read_bytes', 'sslv3 alert handshake failure'), ('SSL routines', 'ssl3_write_bytes', 'ssl handshake failure')]>]"
"https://www.circsource.com/store/Subscribe.html?magazineId=290&sourceCode=I9ANLN" - "[<twisted.python.failure.Failure OpenSSL.SSL.Error: [('SSL routines', 'ssl3_read_bytes', 'sslv3 alert handshake failure'), ('SSL routines', 'ssl3_write_bytes', 'ssl handshake failure')]>]"
"https://www.circsource.com/store/storeBackIssMagazines.html?magazineId=124" - "[<twisted.python.failure.Failure OpenSSL.SSL.Error: [('SSL routines', 'ssl3_read_bytes', 'sslv3 alert handshake failure'), ('SSL routines', 'ssl3_write_bytes', 'ssl handshake failure')]>]"
"https://www.circsource.com/store/Subscribe.html?offerId=289&sourceCode=I1CGNN" - "[<twisted.python.failure.Failure OpenSSL.SSL.Error: [('SSL routines', 'ssl3_read_bytes', 'sslv3 alert handshake failure'), ('SSL routines', 'ssl3_write_bytes', 'ssl handshake failure')]>]"
"https://www.circsource.com/store/storeBackIssMagazines.html?magazineId=119" - "[<twisted.python.failure.Failure OpenSSL.SSL.Error: [('SSL routines', 'ssl3_read_bytes', 'sslv3 alert handshake failure'), ('SSL routines', 'ssl3_write_bytes', 'ssl handshake failure')]>]"
"https://www.circsource.com/store/Subscribe.html?magazineId=258&sourceCode=I9ABNN" - "[<twisted.python.failure.Failure OpenSSL.SSL.Error: [('SSL routines', 'ssl3_read_bytes', 'sslv3 alert handshake failure'), ('SSL routines', 'ssl3_write_bytes', 'ssl handshake failure')]>]"
"https://www.circsource.com/store/Subscribe.html?magazineId=119&sourceCode=I9ABNN" - "[<twisted.python.failure.Failure OpenSSL.SSL.Error: [('SSL routines', 'ssl3_read_bytes', 'sslv3 alert handshake failure'), ('SSL routines', 'ssl3_write_bytes', 'ssl handshake failure')]>]"
"https://www.circsource.com/store/csloginpage.html?MagId=120" - "[<twisted.python.failure.Failure OpenSSL.SSL.Error: [('SSL routines', 'ssl3_read_bytes', 'sslv3 alert handshake failure'), ('SSL routines', 'ssl3_write_bytes', 'ssl handshake failure')]>]"
"https://www.circsource.com/store/csloginpage.html?MagId=119" - "[<twisted.python.failure.Failure OpenSSL.SSL.Error: [('SSL routines', 'ssl3_read_bytes', 'sslv3 alert handshake failure'), ('SSL routines', 'ssl3_write_bytes', 'ssl handshake failure')]>]"
"https://www.circsource.com/store/csloginpage.html?MagId=124" - "[<twisted.python.failure.Failure OpenSSL.SSL.Error: [('SSL routines', 'ssl3_read_bytes', 'sslv3 alert handshake failure'), ('SSL routines', 'ssl3_write_bytes', 'ssl handshake failure')]>]"
"https://www.circsource.com/store/Subscribe.html?magazineId=124&sourceCode=I9ABSN" - "[<twisted.python.failure.Failure OpenSSL.SSL.Error: [('SSL routines', 'ssl3_read_bytes', 'sslv3 alert handshake failure'), ('SSL routines', 'ssl3_write_bytes', 'ssl handshake failure')]>]"
"https://www.circsource.com/store/csloginpage.html?MagId=85" - "[<twisted.python.failure.Failure OpenSSL.SSL.Error: [('SSL routines', 'ssl3_read_bytes', 'sslv3 alert handshake failure'), ('SSL routines', 'ssl3_write_bytes', 'ssl handshake failure')]>]"
"https://www.circsource.com/store/Subscribe.html?magazineId=290&sourceCode=I0FBPU" - "[<twisted.python.failure.Failure OpenSSL.SSL.Error: [('SSL routines', 'ssl3_read_bytes', 'sslv3 alert handshake failure'), ('SSL routines', 'ssl3_write_bytes', 'ssl handshake failure')]>]"
"https://www.circsource.com/store/Subscribe.html?magazineId=85&sourceCode=I9ABSN" - "[<twisted.python.failure.Failure OpenSSL.SSL.Error: [('SSL routines', 'ssl3_read_bytes', 'sslv3 alert handshake failure'), ('SSL routines', 'ssl3_write_bytes', 'ssl handshake failure')]>]"
"https://www.circsource.com/store/storeBackIssMagazines.html?magazineId=85" - "[<twisted.python.failure.Failure OpenSSL.SSL.Error: [('SSL routines', 'ssl3_read_bytes', 'sslv3 alert handshake failure'), ('SSL routines', 'ssl3_write_bytes', 'ssl handshake failure')]>]"
"https://www.circsource.com/store/Subscribe.html?magazineId=290&sourceCode=I9ABQN" - "[<twisted.python.failure.Failure OpenSSL.SSL.Error: [('SSL routines', 'ssl3_read_bytes', 'sslv3 alert handshake failure'), ('SSL routines', 'ssl3_write_bytes', 'ssl handshake failure')]>]"
"https://www.circsource.com/store/storeBackIssMagazines.html?magazineId=290" - "[<twisted.python.failure.Failure OpenSSL.SSL.Error: [('SSL routines', 'ssl3_read_bytes', 'sslv3 alert handshake failure'), ('SSL routines', 'ssl3_write_bytes', 'ssl handshake failure')]>]"
"https://www.circsource.com/store/Subscribe.html?magazineId=290&sourceCode=I9ABNN" - "[<twisted.python.failure.Failure OpenSSL.SSL.Error: [('SSL routines', 'ssl3_read_bytes', 'sslv3 alert handshake failure'), ('SSL routines', 'ssl3_write_bytes', 'ssl handshake failure')]>]"
"https://www.circsource.com/store/Subscribe.html?magazineId=290&sourceCode=I9AGSN&type=gift" - "[<twisted.python.failure.Failure OpenSSL.SSL.Error: [('SSL routines', 'ssl3_read_bytes', 'sslv3 alert handshake failure'), ('SSL routines', 'ssl3_write_bytes', 'ssl handshake failure')]>]"
"https://www.circsource.com/store/Subscribe.html?magazineId=123&sourceCode=I9ANAN" - "[<twisted.python.failure.Failure OpenSSL.SSL.Error: [('SSL routines', 'ssl3_read_bytes', 'sslv3 alert handshake failure'), ('SSL routines', 'ssl3_write_bytes', 'ssl handshake failure')]>]"
"https://www.circsource.com/store/csloginpage.html?MagId=123" - "[<twisted.python.failure.Failure OpenSSL.SSL.Error: [('SSL routines', 'ssl3_read_bytes', 'sslv3 alert handshake failure'), ('SSL routines', 'ssl3_write_bytes', 'ssl handshake failure')]>]"
"https://www.circsource.com/store/csloginpage.html?MagId=290" - "[<twisted.python.failure.Failure OpenSSL.SSL.Error: [('SSL routines', 'ssl3_read_bytes', 'sslv3 alert handshake failure'), ('SSL routines', 'ssl3_write_bytes', 'ssl handshake failure')]>]"
"http://u6hp16lepby/" - "DNS lookup failed: address 'u6hp16lepby' not found: [Errno -2] Name or service not known."
"https://www.circsource.com/store/csloginpage.html?MagId=339" - "[<twisted.python.failure.Failure OpenSSL.SSL.Error: [('SSL routines', 'ssl3_read_bytes', 'sslv3 alert handshake failure'), ('SSL routines', 'ssl3_write_bytes', 'ssl handshake failure')]>]"
"https://www.circsource.com/store/Subscribe.html?magazineId=339&sourceCode=I9ABQN" - "[<twisted.python.failure.Failure OpenSSL.SSL.Error: [('SSL routines', 'ssl3_read_bytes', 'sslv3 alert handshake failure'), ('SSL routines', 'ssl3_write_bytes', 'ssl handshake failure')]>]"
"https://publish.comcast.net/" - "User timeout caused connection failure."
"http://www.leolan.com/gusary/buh/arhiv2/" - "User timeout caused connection failure: Getting http://www.leolan.com/gusary/buh/arhiv2/ took longer than 20.0 seconds.."
"http://www.leolan.com/gusary/buh/" - "User timeout caused connection failure: Getting http://www.leolan.com/gusary/buh/ took longer than 20.0 seconds.."
"http://www.leolan.com/gusary/buh/arhiv2/?konglomeraty_2=" - "User timeout caused connection failure: Getting http://www.leolan.com/gusary/buh/arhiv2/?konglomeraty_2= took longer than 20.0 seconds.."
"http://72.14.203.104/search?hl=zh-CN&q=cache:http://www.sh.xcmc.com.cn/" - "User timeout caused connection failure."
"http://72.14.203.104" - "User timeout caused connection failure."
"http://alcomp.net.ua/" - "User timeout caused connection failure: Getting http://alcomp.net.ua/ took longer than 20.0 seconds.."
