"http://top.more.ua/?fromsite=1268" - "Connection was refused by other side: 111: Connection refused."
"http://apps.thirteenthfloor.org/Proxy/" - "DNS lookup failed: address 'apps.thirteenthfloor.org' not found: [Errno -2] Name or service not known."
"http://www.prime-bookmark.ru/" - "DNS lookup failed: address 'www.prime-bookmark.ru' not found: [Errno -2] Name or service not known."
"http://top.more.ua/" - "Connection was refused by other side: 111: Connection refused."
"http://see-ukr.org.ua/" - "DNS lookup failed: address 'see-ukr.org.ua' not found: [Errno -2] Name or service not known."
"http://www.safari.kharkov.ua/view_index.php?id=112" - "DNS lookup failed: address 'www.safari.kharkov.ua' not found: [Errno -2] Name or service not known."
"http://www.safari.kharkov.ua/view_index.php?id=108" - "DNS lookup failed: address 'www.safari.kharkov.ua' not found: [Errno -2] Name or service not known."
"http://facebook.c/" - "DNS lookup failed: address 'facebook.c' not found: [Errno -2] Name or service not known."
"http://facebook/" - "DNS lookup failed: address 'facebook' not found: [Errno -2] Name or service not known."
"http://r-murman.ru/" - "DNS lookup failed: address 'r-murman.ru' not found: [Errno -2] Name or service not known."
"http://gu-li.net.ua/" - "DNS lookup failed: address 'gu-li.net.ua' not found: [Errno -2] Name or service not known."
"http://go-everywhere.net/" - "DNS lookup failed: address 'go-everywhere.net' not found: [Errno -2] Name or service not known."
"http://tiny.pl/qvzmp" - "[<twisted.python.failure.Failure twisted.web._newclient.ParseError: (u'wrong number of parts', 'HTTP/1.1 301')>]"
"http://yaxochu.ru/blogs/o-sekse/seks-v-zhizni-224.html" - "DNS lookup failed: address 'yaxochu.ru' not found: [Errno -2] Name or service not known."
"http://yaxochu.ru/seks-stati/seks-stati/chem-polezen-seks.html" - "DNS lookup failed: address 'yaxochu.ru' not found: [Errno -2] Name or service not known."
"http://finance.bel.biz/" - "Connection was refused by other side: 111: Connection refused."
"http://fitnesshealth.in.ua/" - "DNS lookup failed: address 'fitnesshealth.in.ua' not found: [Errno -2] Name or service not known."
"http://management.bel.biz/" - "Connection was refused by other side: 111: Connection refused."
"http://mvtop.ru/" - "DNS lookup failed: address 'mvtop.ru' not found: [Errno -2] Name or service not known."
"http://remgid.com/" - "DNS lookup failed: address 'remgid.com' not found: [Errno -2] Name or service not known."
"http://%D1%84%D0%B0%D0%B9%D1%82%D0%B7%D0%BE%D0%BD%D0%B0.in.ua/" - "DNS lookup failed: address '%D1%84%D0%B0%D0%B9%D1%82%D0%B7%D0%BE%D0%BD%D0%B0.in.ua' not found: [Errno -2] Name or service not known."
"http://www.airguns.tk/profile/suigintoufag" - "DNS lookup failed: address 'www.airguns.tk' not found: [Errno -2] Name or service not known."
"http://sundali.kz/" - "DNS lookup failed: address 'sundali.kz' not found: [Errno -2] Name or service not known."
"http://oniomania.net.ua/" - "DNS lookup failed: address 'oniomania.net.ua' not found: [Errno -2] Name or service not known."
"http://biz-net.tk/" - "DNS lookup failed: address 'biz-net.tk' not found: [Errno -2] Name or service not known."
"http://economics.bel.biz/" - "Connection was refused by other side: 111: Connection refused."
"http://technology.bel.biz/" - "Connection was refused by other side: 111: Connection refused."
"http://www.odinsex.ru/" - "DNS lookup failed: address 'www.odinsex.ru' not found: [Errno -2] Name or service not known."
"http://www.assoc.biz/news_cats.php?cat_id=18" - "DNS lookup failed: address 'www.assoc.biz' not found: [Errno -2] Name or service not known."
"http://go.ir.ru/enter.phtml" - "DNS lookup failed: address 'go.ir.ru' not found: [Errno -2] Name or service not known."
"http://www.wapi.kiev.ua/" - "User timeout caused connection failure."
"http://www.tripleseven.us/proxy/" - "User timeout caused connection failure."
"http://www.raduga-tv.ru/" - "User timeout caused connection failure."
"https://www.ntvplus.ru/" - "User timeout caused connection failure."
"http://www.ctc-tv.ru/" - "User timeout caused connection failure."
"http://www.tv37.novoch.ru/" - "User timeout caused connection failure."
