"http://datmob.net" - "DNS lookup failed: address 'datmob.net' not found: [Errno -2] Name or service not known."
"http://www.rbkmoney.com?id=4257" - "[<twisted.python.failure.Failure twisted.web._newclient.ParseError: (u'wrong number of parts', '<html>')>]"
"http://www.rbkmoney.com?p=55508" - "[<twisted.python.failure.Failure twisted.web._newclient.ParseError: (u'wrong number of parts', '<html>')>]"
"http://1-%D1%85%D0%BE%D1%81%D1%82.%D1%80%D1%84/" - "DNS lookup failed: address '1-%D1%85%D0%BE%D1%81%D1%82.%D1%80%D1%84' not found: [Errno -2] Name or service not known."
"http://www.kraina.by.ru/" - "DNS lookup failed: address 'www.kraina.by.ru' not found: [Errno -2] Name or service not known."
"http://wwwomen.by.ru/" - "DNS lookup failed: address 'wwwomen.by.ru' not found: [Errno -2] Name or service not known."
"http://yuschenko.boom.ru/" - "DNS lookup failed: address 'yuschenko.boom.ru' not found: [Errno -2] Name or service not known."
"http://xn---37-6cdtwkd2bhcm8a.xn--p1ai/" - "DNS lookup failed: address 'xn---37-6cdtwkd2bhcm8a.xn--p1ai' not found: [Errno -2] Name or service not known."
"http://radiogames.su/" - "DNS lookup failed: address 'radiogames.su' not found: [Errno -2] Name or service not known."
"http://znakomstva.wmoneypay.ru/" - "DNS lookup failed: address 'znakomstva.wmoneypay.ru' not found: [Errno -2] Name or service not known."
"http://www.wmoneypay.ru/" - "DNS lookup failed: address 'www.wmoneypay.ru' not found: [Errno -2] Name or service not known."
"http://russianwomen.wmoneypay.ru/" - "DNS lookup failed: address 'russianwomen.wmoneypay.ru' not found: [Errno -2] Name or service not known."
"http://partners.b2m.ru/register.php?id=73341" - "DNS lookup failed: address 'partners.b2m.ru' not found: [Errno -2] Name or service not known."
"http://www.newsukraine.com.ua/" - "DNS lookup failed: address 'www.newsukraine.com.ua' not found: [Errno -2] Name or service not known."
"http://www.designandtranslation.ru/" - "DNS lookup failed: address 'www.designandtranslation.ru' not found: [Errno -2] Name or service not known."
"http://www.mfutur.ru/" - "DNS lookup failed: address 'www.mfutur.ru' not found: [Errno -2] Name or service not known."
"http://manual.ucoz.nethttp://manual.ucoz.net/board/44" - "DNS lookup failed: address 'manual.ucoz.nethttp' not found: [Errno -2] Name or service not known."
"http://manual.ucoz.nethttp://manual.ucoz.net/board/30" - "DNS lookup failed: address 'manual.ucoz.nethttp' not found: [Errno -2] Name or service not known."
"http://manual.ucoz.nethttp://manual.ucoz.net/board/36" - "DNS lookup failed: address 'manual.ucoz.nethttp' not found: [Errno -2] Name or service not known."
"http://gattaca.com.ua/" - "DNS lookup failed: address 'gattaca.com.ua' not found: [Errno -2] Name or service not known."
"http://www.jordansbredretro.com/" - "An error occurred while connecting: 104: Connection reset by peer."
"http://lutecia.carnage.ru/inf.pl?user=%D2%E0%F2%E0-%E2%EE%E8%ED" - "[<twisted.python.failure.Failure twisted.web._newclient.ParseError: (u'wrong number of parts', 'HTTP/1.1 303')>]"
"http://http://top.bigmir.net/report/125856//" - "DNS lookup failed: address 'http' not found: [Errno -2] Name or service not known."
"http://www.slv.org.ua/" - "DNS lookup failed: address 'www.slv.org.ua' not found: [Errno -2] Name or service not known."
"http://sointerpro.ru/" - "DNS lookup failed: address 'sointerpro.ru' not found: [Errno -2] Name or service not known."
"http://profifarma.com/" - "DNS lookup failed: address 'profifarma.com' not found: [Errno -2] Name or service not known."
"http://www.rusmysl.ru/" - "DNS lookup failed: address 'www.rusmysl.ru' not found: [Errno -2] Name or service not known."
"http://www.rusmysl.ru/2001IV/4389/438908-Dek20.html" - "DNS lookup failed: address 'www.rusmysl.ru' not found: [Errno -2] Name or service not known."
"http://www.booked.net/City-Kiev-18881/" - "[<twisted.python.failure.Failure twisted.web._newclient.ParseError: (u'wrong number of parts', 'HTTP/1.1 301')>]"
"http://www.ua-pravda.com/" - "DNS lookup failed: address 'www.ua-pravda.com' not found: [Errno -2] Name or service not known."
"http://nikforum.mk.ua/" - "DNS lookup failed: address 'nikforum.mk.ua' not found: [Errno -2] Name or service not known."
"http://e2000.kyiv.org/" - "DNS lookup failed: address 'e2000.kyiv.org' not found: [Errno -2] Name or service not known."
"http://www.jameswolcott.com/" - "DNS lookup failed: address 'www.jameswolcott.com' not found: [Errno -2] Name or service not known."
"http://www.vslux.ru/" - "DNS lookup failed: address 'www.vslux.ru' not found: [Errno -2] Name or service not known."
"http://www.vslux.ru/article.phtml?id=1367" - "DNS lookup failed: address 'www.vslux.ru' not found: [Errno -2] Name or service not known."
"http://usinfo.state.gov/usinfo/products/washfile.html" - "DNS lookup failed: address 'usinfo.state.gov' not found: [Errno -2] Name or service not known."
"http://efedorov.ru/" - "DNS lookup failed: address 'efedorov.ru' not found: [Errno -2] Name or service not known."
"http://ad.a-v.net.ua/adclick.php?n=af0e19ea" - "DNS lookup failed: address 'ad.a-v.net.ua' not found: [Errno -2] Name or service not known."
"http://www.bellydance.mk.ua/" - "DNS lookup failed: address 'www.bellydance.mk.ua' not found: [Errno -2] Name or service not known."
"http://fabrikant.org.ua/" - "DNS lookup failed: address 'fabrikant.org.ua' not found: [Errno -2] Name or service not known."
"http://www.kcna.co.jp/index-e.htm" - "[<twisted.python.failure.Failure twisted.internet.error.ConnectionLost: Connection to the other side was lost in a non-clean fashion.>]"
"http://www.galaxyclub.ru/" - "DNS lookup failed: address 'www.galaxyclub.ru' not found: [Errno -2] Name or service not known."
"http://www.militarycity.com/valor/honor.html" - "User timeout caused connection failure."
"http://www.steynonline.com/" - "User timeout caused connection failure."
"http://www2.irna.ir/en/" - "User timeout caused connection failure."
"http://passport.yandex.ru/passport?mode=restore" - "User timeout caused connection failure."
"http://xn--h1aeh.xn--j1amh/" - "User timeout caused connection failure."
"http://download.ua/" - "User timeout caused connection failure."
"http://www.rian.ru/" - "User timeout caused connection failure."
"http://yanao.ru/" - "User timeout caused connection failure."
"http://www.press-attache.ru/" - "User timeout caused connection failure."
"http://banner.kiev.ua:8080/" - "User timeout caused connection failure."
"http://old.nic.ua/eng/index.html" - "User timeout caused connection failure."
