"http://sochi2014.tvnoviny.sk" - "User timeout caused connection failure."
"https://www.pfizer.pt/" - "[<twisted.python.failure.Failure OpenSSL.SSL.Error: [('SSL routines', 'SSL3_GET_RECORD', 'wrong version number')]>]"
"https://www.waterstones.com/%20" - "[<twisted.python.failure.Failure twisted.web._newclient.ParseError: (u'wrong number of parts', 'HTTP/1.1 404')>]"
"http://ww3.lateboots.com?kwrf=http%3A%2F%2Frodonline.typepad.com%2F" - "[<twisted.python.failure.Failure twisted.web._newclient.ParseError: (u'wrong number of parts', '<html>')>]"
"http://andrewsullivan.thedailybeast.com/" - "DNS lookup failed: address 'andrewsullivan.thedailybeast.com' not found: [Errno -2] Name or service not known."
"http://www.afterelton.com/TV/2007/2/noahsarc.html" - "User timeout caused connection failure: Getting http://www.afterelton.com/TV/2007/2/noahsarc.html took longer than 20.0 seconds.."
"http://widgetserver.amazon.com/invalid" - "DNS lookup failed: address 'widgetserver.amazon.com' not found: [Errno -2] Name or service not known."
"http://z-deactivated-www.tribunemediaservices.com/" - "DNS lookup failed: address 'z-deactivated-www.tribunemediaservices.com' not found: [Errno -2] Name or service not known."
"http://info@lgbtnet.ru/" - "DNS lookup failed: address 'info@lgbtnet.ru' not found: [Errno -2] Name or service not known."
"http://www.moscowpride.ru" - "DNS lookup failed: address 'www.moscowpride.ru' not found: [Errno -2] Name or service not known."
"http://www.chickdowntown.com/" - "DNS lookup failed: address 'www.chickdowntown.com' not found: [Errno -2] Name or service not known."
"http://http;//fb.me/humanrightscampaign" - "DNS lookup failed: address 'http;' not found: [Errno -2] Name or service not known."
"http://answers.microsoft.com%20/" - "DNS lookup failed: address 'answers.microsoft.com%20' not found: [Errno -2] Name or service not known."
"http://www.e316.com/" - "[<twisted.python.failure.Failure twisted.internet.error.ConnectionLost: Connection to the other side was lost in a non-clean fashion.>]"
"http://multistream.sporttv.pt/" - "DNS lookup failed: address 'multistream.sporttv.pt' not found: [Errno -2] Name or service not known."
"http://www.rte.player.ie/" - "DNS lookup failed: address 'www.rte.player.ie' not found: [Errno -2] Name or service not known."
"http://www.bhrt.bh/" - "DNS lookup failed: address 'www.bhrt.bh' not found: [Errno -2] Name or service not known."
"https://isdarat.tv/15638" - "DNS lookup failed: address 'isdarat.tv' not found: [Errno -2] Name or service not known."
"http://www.live.err.ee/vikerraadio/" - "DNS lookup failed: address 'www.live.err.ee' not found: [Errno -2] Name or service not known."
"http://www.orbitz.comlesbian_and_gay.tgay-friendly/car-rental/" - "DNS lookup failed: address 'www.orbitz.comlesbian_and_gay.tgay-friendly' not found: [Errno -2] Name or service not known."
"http://www.orbitz.comlesbian_and_gay.tgay-friendly/hotels/" - "DNS lookup failed: address 'www.orbitz.comlesbian_and_gay.tgay-friendly' not found: [Errno -2] Name or service not known."
"http://www.orbitz.comlesbian_and_gay.tgay-friendly/flights/" - "DNS lookup failed: address 'www.orbitz.comlesbian_and_gay.tgay-friendly' not found: [Errno -2] Name or service not known."
"https://isdarat.tv/16440" - "DNS lookup failed: address 'isdarat.tv' not found: [Errno -2] Name or service not known."
"http://www.idahomophobia.org/" - "DNS lookup failed: address 'www.idahomophobia.org' not found: [Errno -2] Name or service not known."
"http://andrewsullivan.thedailybeast.com/2012/07/anderson-cooper-the-fact-is-im-gay.html" - "DNS lookup failed: address 'andrewsullivan.thedailybeast.com' not found: [Errno -2] Name or service not known."
"http://www.books.com.tw%20/" - "DNS lookup failed: address 'www.books.com.tw%20' not found: [Errno -2] Name or service not known."
"http://www.alefbookstores.com%20/" - "DNS lookup failed: address 'www.alefbookstores.com%20' not found: [Errno -2] Name or service not known."
"http://www.christianbook.com/Christian/Books/home?event=AFF&p=1016993" - "[<twisted.python.failure.Failure twisted.internet.error.ConnectionLost: Connection to the other side was lost in a non-clean fashion.>]"
"http://www.totalinformation.com/" - "DNS lookup failed: address 'www.totalinformation.com' not found: [Errno -2] Name or service not known."
"https://www.mph.com.sg/" - "[<twisted.python.failure.Failure OpenSSL.SSL.Error: [('SSL routines', 'SSL3_GET_RECORD', 'wrong version number')]>]"
"https://www.totalinformation.com/" - "DNS lookup failed: address 'www.totalinformation.com' not found: [Errno -2] Name or service not known."
"http://www.globalexchangestore.org/default.asp" - "DNS lookup failed: address 'www.globalexchangestore.org' not found: [Errno -2] Name or service not known."
"http://www.messagefire.com/" - "DNS lookup failed: address 'www.messagefire.com' not found: [Errno -2] Name or service not known."
"http://www.giantbikes.net/" - "User timeout caused connection failure."
"http://www.deep-focus.net/" - "User timeout caused connection failure."
"http://www.libmanmusic.com/" - "DNS lookup failed: address 'www.libmanmusic.com' not found: [Errno -2] Name or service not known."
"http://www.theyoungturks.com/" - "User timeout caused connection failure."
"http://www.artmeetscommerce.net/" - "DNS lookup failed: address 'www.artmeetscommerce.net' not found: [Errno -2] Name or service not known."
"http://www.whitetrashpalace.com/" - "DNS lookup failed: address 'www.whitetrashpalace.com' not found: [Errno -2] Name or service not known."
"http://www.echristianwebhosting.com/" - "User timeout caused connection failure."
"http://www.blackmask.com/page.php" - "User timeout caused connection failure."
"http://davidbadash.com/" - "User timeout caused connection failure."
"http://213.251.145.96/cable/2007/06/07PARIS2743.html" - "User timeout caused connection failure."
"http://www.ecookbooks.com/" - "User timeout caused connection failure."
"http://nasheer.me/sh_9/" - "DNS lookup failed: address 'nasheer.me' not found: [Errno -2] Name or service not known."
"http://www.afterelton.com/blog/brianjuergens/exclusive-david-hyde-pierce-is-officially-out" - "User timeout caused connection failure: Getting http://www.afterelton.com/blog/brianjuergens/exclusive-david-hyde-pierce-is-officially-out took longer than 20.0 seconds.."
"http://www.hyattincentiverewards.com/" - "User timeout caused connection failure: Getting http://www.hyattincentiverewards.com/ took longer than 20.0 seconds.."
"http://sisterstalk.tblog.com/" - "User timeout caused connection failure: Getting http://sisterstalk.tblog.com/ took longer than 20.0 seconds.."
"http://www.pamshouseblend.com/rss/rss2.xml" - "DNS lookup failed: address 'www.pamshouseblend.com' not found: [Errno -2] Name or service not known."
"http://warandpiece.com/" - "DNS lookup failed: address 'warandpiece.com' not found: [Errno -2] Name or service not known."
"http://wampum.wabanaki.net/" - "Connection was refused by other side: 111: Connection refused."
"http://thetalentshow.org/" - "DNS lookup failed: address 'thetalentshow.org' not found: [Errno -2] Name or service not known."
"http://www.beijing-2022.cn/en/" - "User timeout caused connection failure."
"http://www.thepoorman.net/" - "DNS lookup failed: address 'www.thepoorman.net' not found: [Errno -2] Name or service not known."
"http://www.openleft.com/" - "DNS lookup failed: address 'www.openleft.com' not found: [Errno -2] Name or service not known."
"http://www.myleftnutmeg.com/" - "DNS lookup failed: address 'www.myleftnutmeg.com' not found: [Errno -2] Name or service not known."
"http://noquarterusa.blog/net/" - "DNS lookup failed: address 'noquarterusa.blog' not found: [Errno -2] Name or service not known."
"http://bluejersey.net/" - "DNS lookup failed: address 'bluejersey.net' not found: [Errno -2] Name or service not known."
"http://www.reachm.com/amstreet/" - "DNS lookup failed: address 'www.reachm.com' not found: [Errno -2] Name or service not known."
"http://loldarian.com/" - "DNS lookup failed: address 'loldarian.com' not found: [Errno -2] Name or service not known."
"http://blog.johngress.com/" - "DNS lookup failed: address 'blog.johngress.com' not found: [Errno -2] Name or service not known."
"http://blueindiana.net/" - "DNS lookup failed: address 'blueindiana.net' not found: [Errno -2] Name or service not known."
"http://femmefluff.com/" - "DNS lookup failed: address 'femmefluff.com' not found: [Errno -2] Name or service not known."
"http://www.simplyfredsmith.blogspot.com%20/" - "DNS lookup failed: address 'www.simplyfredsmith.blogspot.com%20' not found: [Errno -2] Name or service not known."
"http://www.onlyadtv.com%20/" - "DNS lookup failed: address 'www.onlyadtv.com%20' not found: [Errno -2] Name or service not known."
"http://www.pinkdome.com/" - "User timeout caused connection failure."
"http://www.veraoca.com/" - "DNS lookup failed: address 'www.veraoca.com' not found: [Errno -2] Name or service not known."
"http://www.lgbtpov.com%20/" - "DNS lookup failed: address 'www.lgbtpov.com%20' not found: [Errno -2] Name or service not known."
"http://wiki.pinkapproved.com/" - "DNS lookup failed: address 'wiki.pinkapproved.com' not found: [Errno -2] Name or service not known."
"http://www.matrimoniohomoafetivo.com.br/" - "DNS lookup failed: address 'www.matrimoniohomoafetivo.com.br' not found: [Errno -2] Name or service not known."
"https://isdarat.tv/19762" - "DNS lookup failed: address 'isdarat.tv' not found: [Errno -2] Name or service not known."
"http://dnh8.org/mea2z" - "DNS lookup failed: address 'dnh8.org' not found: [Errno -2] Name or service not known."
"http://popnography.com/" - "User timeout caused connection failure."
"https://www2.xlibris.com/bookstore/bookdisplay.asp?bookid=39108" - "[<twisted.python.failure.Failure OpenSSL.SSL.Error: [('SSL routines', 'ssl3_read_bytes', 'sslv3 alert handshake failure'), ('SSL routines', 'ssl3_write_bytes', 'ssl handshake failure')]>]"
"http://www.marraigequlityusa.org/" - "DNS lookup failed: address 'www.marraigequlityusa.org' not found: [Errno -2] Name or service not known."
"http://www.thenewcivilrightsmovment.com/" - "DNS lookup failed: address 'www.thenewcivilrightsmovment.com' not found: [Errno -2] Name or service not known."
"http://www.pamshouseblend.com/frontPage.do" - "DNS lookup failed: address 'www.pamshouseblend.com' not found: [Errno -2] Name or service not known."
"http://google.feedburner.com/" - "DNS lookup failed: address 'google.feedburner.com' not found: [Errno -2] Name or service not known."
"http://www.pamshouseblend.com/" - "DNS lookup failed: address 'www.pamshouseblend.com' not found: [Errno -2] Name or service not known."
"http://www.mobius.name/blog/" - "DNS lookup failed: address 'www.mobius.name' not found: [Errno -2] Name or service not known."
"http://newyork.blogger.cbslocal.com/most-valuable-blogger/blog/73-joemygod/" - "DNS lookup failed: address 'newyork.blogger.cbslocal.com' not found: [Errno -2] Name or service not known."
"http://piter.lgbtnet.ru/" - "User timeout caused connection failure."
"http://boringbill.net/" - "DNS lookup failed: address 'boringbill.net' not found: [Errno -2] Name or service not known."
"http://www.thegaymarriageblog.com/" - "DNS lookup failed: address 'www.thegaymarriageblog.com' not found: [Errno -2] Name or service not known."
"http://sfaaam@yahoo.com/" - "DNS lookup failed: address 'sfaaam@yahoo.com' not found: [Errno -2] Name or service not known."
"http://www.podrobnosti.com.ua/" - "DNS lookup failed: address 'www.podrobnosti.com.ua' not found: [Errno -2] Name or service not known."
"http://twitter.usatoday.com%20%20/" - "DNS lookup failed: address 'twitter.usatoday.com%20%20' not found: [Errno -2] Name or service not known."
"http://planetivy.co.uk/offbeat/56860/new-anti-gay-laws-in-russia/?replytocom=15469" - "DNS lookup failed: address 'planetivy.co.uk' not found: [Errno -2] Name or service not known."
"http://www.healthpolicysolutions.org/2013/07/17/transgender-teen-settles-landmark-health-case/" - "DNS lookup failed: address 'www.healthpolicysolutions.org' not found: [Errno -2] Name or service not known."
"http://tribuna.ru/" - "DNS lookup failed: address 'tribuna.ru' not found: [Errno -2] Name or service not known."
"http://www.varietyrussia.com/" - "DNS lookup failed: address 'www.varietyrussia.com' not found: [Errno -2] Name or service not known."
"http://www.kaiwright.com/new.php" - "User timeout caused connection failure."
"http://www.afterelton.com/blog/brianjuergens/afterelton-hot-100-rod-mccullom" - "User timeout caused connection failure: Getting http://www.afterelton.com/blog/brianjuergens/afterelton-hot-100-rod-mccullom took longer than 20.0 seconds.."
"http://www.afterelton.com/people/2007/6/rodmccullom" - "User timeout caused connection failure: Getting http://www.afterelton.com/people/2007/6/rodmccullom took longer than 20.0 seconds.."
"http://www.afterelton.com/archive/elton/people/2007/3/race.html" - "User timeout caused connection failure: Getting http://www.afterelton.com/archive/elton/people/2007/3/race.html took longer than 20.0 seconds.."
"http://www.kaiwright.com/" - "User timeout caused connection failure."
"http://www.bloglines.com/sub/http://davidmixner.typepad.com/david_mixner/rss.xml" - "User timeout caused connection failure."
"http://www.afterelton.com/" - "User timeout caused connection failure: Getting http://www.afterelton.com/ took longer than 20.0 seconds.."
"https://petition.president.gov.ua/petition/8605" - "User timeout caused connection failure: Getting https://petition.president.gov.ua/petition/8605 took longer than 20.0 seconds.."
"https://petition.president.gov.ua/petition/4185" - "User timeout caused connection failure: Getting https://petition.president.gov.ua/petition/4185 took longer than 20.0 seconds.."
"http://www.fark.com/" - "User timeout caused connection failure."
