"http://limonova.v-teme.com" - "DNS lookup failed: address 'limonova.v-teme.com' not found: [Errno -2] Name or service not known."
"http://liability-insurance-company.com" - "DNS lookup failed: address 'liability-insurance-company.com' not found: [Errno -2] Name or service not known."
"http://blanki.net.ua" - "DNS lookup failed: address 'blanki.net.ua' not found: [Errno -2] Name or service not known."
"http://www.samsunggalaxynote2.info" - "DNS lookup failed: address 'www.samsunggalaxynote2.info' not found: [Errno -2] Name or service not known."
"http://insights.chitika.com/2012/operating-system-market-share-november-2012-update/" - "User timeout caused connection failure."
"http://insights.chitika.com/2012/web-browser-market-share-november-2012-update/" - "User timeout caused connection failure."
"http://insights.chitika.com/2012/search-engine-market-share-november-2012-update/" - "User timeout caused connection failure."
"http://ttps//blog-proxy.formstack.com/2015/marketing-kpis-2016/?utm_source=twitter.com&utm_medium=social&utm_term=&utm_content=formstack%20blog&utm_campaign=digital%20marcom" - "DNS lookup failed: address 'ttps' not found: [Errno -2] Name or service not known."
"http://www.krown-product.net/meshworks/" - "DNS lookup failed: address 'www.krown-product.net' not found: [Errno -2] Name or service not known."
"http://uptime.ru/downtime.php?host_id=8078" - "DNS lookup failed: address 'uptime.ru' not found: [Errno -2] Name or service not known."
"http://www.journalist-pro.com/" - "DNS lookup failed: address 'www.journalist-pro.com' not found: [Errno -2] Name or service not known."
"http://%D0%93%D0%B0%D0%B7%D0%B5%D1%82%D0%B0.ru/" - "DNS lookup failed: address '%D0%93%D0%B0%D0%B7%D0%B5%D1%82%D0%B0.ru' not found: [Errno -2] Name or service not known."
"http://www.com.inkover.org/" - "DNS lookup failed: address 'www.com.inkover.org' not found: [Errno -2] Name or service not known."
"http://www.popularsite.ru/" - "DNS lookup failed: address 'www.popularsite.ru' not found: [Errno -2] Name or service not known."
"http://privacy.yahoo.com%20/" - "DNS lookup failed: address 'privacy.yahoo.com%20' not found: [Errno -2] Name or service not known."
"http://answers.microsoft.com%20/" - "DNS lookup failed: address 'answers.microsoft.com%20' not found: [Errno -2] Name or service not known."
"http://www.twi/" - "DNS lookup failed: address 'www.twi' not found: [Errno -2] Name or service not known."
"http://www.thematology.com/" - "DNS lookup failed: address 'www.thematology.com' not found: [Errno -2] Name or service not known."
"http://valovtv.ru/" - "DNS lookup failed: address 'valovtv.ru' not found: [Errno -2] Name or service not known."
"http://www.ee.inkover.org/" - "DNS lookup failed: address 'www.ee.inkover.org' not found: [Errno -2] Name or service not known."
"http://cubinfo.ru/" - "User timeout caused connection failure: Getting http://cubinfo.ru/ took longer than 20.0 seconds.."
