"http://tolerance.ngo.ru" - "DNS lookup failed: address 'tolerance.ngo.ru' not found: [Errno -2] Name or service not known."
"http://www.gulag.ipvnews.org" - "DNS lookup failed: address 'www.gulag.ipvnews.org' not found: [Errno -2] Name or service not known."
"https://www.hostmonster.com/cgi/terms" - "[<twisted.python.failure.Failure OpenSSL.SSL.Error: [('SSL routines', 'ssl3_read_bytes', 'ssl handshake failure')]>]"
"https://www.hostmonster.com/" - "[<twisted.python.failure.Failure OpenSSL.SSL.Error: [('SSL routines', 'ssl3_read_bytes', 'ssl handshake failure')]>]"
"http://www.6400625.ru%2F%3Fpartid=237" - "DNS lookup failed: address 'www.6400625.ru%2F%3Fpartid=237' not found: [Errno -2] Name or service not known."
"https://adage.com/help/emailprefs" - "User timeout caused connection failure."
"https://adage.com/help/emailprefs.php" - "User timeout caused connection failure."
"http://english" - "DNS lookup failed: address 'english' not found: [Errno -2] Name or service not known."
"https://www.hostmonster.com/cgi/signup" - "[<twisted.python.failure.Failure OpenSSL.SSL.Error: [('SSL routines', 'ssl3_read_bytes', 'ssl handshake failure')]>]"
"https://www.hostmonster.com/cgi/info/about_us" - "[<twisted.python.failure.Failure OpenSSL.SSL.Error: [('SSL routines', 'ssl3_read_bytes', 'ssl handshake failure')]>]"
"https://www.hostmonster.com/cgi-bin/partner" - "[<twisted.python.failure.Failure OpenSSL.SSL.Error: [('SSL routines', 'ssl3_read_bytes', 'ssl handshake failure')]>]"
"https://www.hostmonster.com/cgi/help" - "[<twisted.python.failure.Failure OpenSSL.SSL.Error: [('SSL routines', 'ssl3_read_bytes', 'ssl handshake failure')]>]"
"https://www.hostmonster.com/cgi/info/contact_us" - "[<twisted.python.failure.Failure OpenSSL.SSL.Error: [('SSL routines', 'ssl3_read_bytes', 'ssl handshake failure')]>]"
"https://www.hostmonster.com/cgi/info/hosting_features" - "[<twisted.python.failure.Failure OpenSSL.SSL.Error: [('SSL routines', 'ssl3_read_bytes', 'ssl handshake failure')]>]"
"http://www.mirinfo.ru/" - "DNS lookup failed: address 'www.mirinfo.ru' not found: [Errno -2] Name or service not known."
"http://blog/contributor/shinko-tana" - "DNS lookup failed: address 'blog' not found: [Errno -2] Name or service not known."
"http://www.web.xristiane.ru/" - "DNS lookup failed: address 'www.web.xristiane.ru' not found: [Errno -2] Name or service not known."
"http://shop.piter.com/book_about.phtml?id=978594723935&web_ok=yes" - "DNS lookup failed: address 'shop.piter.com' not found: [Errno -2] Name or service not known."
"http://%D0%93%D0%B0%D0%B7%D0%B5%D1%82%D0%B0.ru/" - "DNS lookup failed: address '%D0%93%D0%B0%D0%B7%D0%B5%D1%82%D0%B0.ru' not found: [Errno -2] Name or service not known."
"http://%ED%E5%E4%E2%E8%E6%E8%EC%EE%F1%F2%FC%EA%EE%F1%F2%E0%E4%E5%EB%FC%F1%EE%EB%FC.%F0%F4/" - "DNS lookup failed: address '%ED%E5%E4%E2%E8%E6%E8%EC%EE%F1%F2%FC%EA%EE%F1%F2%E0%E4%E5%EB%FC%F1%EE%EB%FC.%F0%F4' not found: [Errno -2] Name or service not known."
"http://www.svobo/" - "DNS lookup failed: address 'www.svobo' not found: [Errno -2] Name or service not known."
"http://recruiting@freedomhouse.org/" - "DNS lookup failed: address 'recruiting@freedomhouse.org' not found: [Errno -2] Name or service not known."
"http://mashaalradio.com%20/" - "DNS lookup failed: address 'mashaalradio.com%20' not found: [Errno -2] Name or service not known."
"http://http;//fb.me/humanrightscampaign" - "DNS lookup failed: address 'http;' not found: [Errno -2] Name or service not known."
"http://www.cretiveinc.ie/" - "DNS lookup failed: address 'www.cretiveinc.ie' not found: [Errno -2] Name or service not known."
"http://adage.salary.com/" - "DNS lookup failed: address 'adage.salary.com' not found: [Errno -2] Name or service not known."
"http://itsourtime.com/legal/rules.html" - "DNS lookup failed: address 'itsourtime.com' not found: [Errno -2] Name or service not known."
"http://naftex-ltd.com/" - "DNS lookup failed: address 'naftex-ltd.com' not found: [Errno -2] Name or service not known."
"http://p-b-s.su/" - "Connection was refused by other side: 111: Connection refused."
"http://import.buy.com/" - "DNS lookup failed: address 'import.buy.com' not found: [Errno -2] Name or service not known."
"http://%D0%B2%D0%B5%D0%BB%D0%B8%D0%BA%D0%BE%D0%B9%D0%BF%D0%BE%D0%B1%D0%B5%D0%B4%D0%B570.%D1%80%D1%84/" - "DNS lookup failed: address '%D0%B2%D0%B5%D0%BB%D0%B8%D0%BA%D0%BE%D0%B9%D0%BF%D0%BE%D0%B1%D0%B5%D0%B4%D0%B570.%D1%80%D1%84' not found: [Errno -2] Name or service not known."
"http://www.sim4fly.com/" - "DNS lookup failed: address 'www.sim4fly.com' not found: [Errno -2] Name or service not known."
"http://msk.rufront.ru/" - "DNS lookup failed: address 'msk.rufront.ru' not found: [Errno -2] Name or service not known."
"http://%D0%BA%D0%B0%D1%87%D0%B5%D1%81%D1%82%D0%B2%D0%BE.%D1%80%D1%84/" - "DNS lookup failed: address '%D0%BA%D0%B0%D1%87%D0%B5%D1%81%D1%82%D0%B2%D0%BE.%D1%80%D1%84' not found: [Errno -2] Name or service not known."
"http://%D1%80%D1%81%D0%BF%D0%BF.%D1%80%D1%84/" - "DNS lookup failed: address '%D1%80%D1%81%D0%BF%D0%BF.%D1%80%D1%84' not found: [Errno -2] Name or service not known."
"http://lbm.protobaselabs.com/" - "Connection was refused by other side: 111: Connection refused."
"http://www.tribuna.ru/" - "DNS lookup failed: address 'www.tribuna.ru' not found: [Errno -2] Name or service not known."
"http://bespredel-2013-pravo.su/home" - "DNS lookup failed: address 'bespredel-2013-pravo.su' not found: [Errno -2] Name or service not known."
"http://vk/" - "DNS lookup failed: address 'vk' not found: [Errno -2] Name or service not known."
"http://www.politzeki.voinenet.ru/index.php?aid=16523" - "DNS lookup failed: address 'www.politzeki.voinenet.ru' not found: [Errno -2] Name or service not known."
"http://politzeki.voinenet.ru/index.php?aid=16623" - "DNS lookup failed: address 'politzeki.voinenet.ru' not found: [Errno -2] Name or service not known."
"http://politzeki.voinenet.ru/index.php?aid=16527" - "DNS lookup failed: address 'politzeki.voinenet.ru' not found: [Errno -2] Name or service not known."
"http://selfmade-women.com/" - "DNS lookup failed: address 'selfmade-women.com' not found: [Errno -2] Name or service not known."
"http://www.stepkin.ru/" - "DNS lookup failed: address 'www.stepkin.ru' not found: [Errno -2] Name or service not known."
"http://www.ranker.ru/scripts/sqltmex.dll?category=6&id=34624&page=1&sort=today+desc&tpl=_top_tod_yest.htm" - "DNS lookup failed: address 'www.ranker.ru' not found: [Errno -2] Name or service not known."
"http://atmos.in.ua/" - "DNS lookup failed: address 'atmos.in.ua' not found: [Errno -2] Name or service not known."
"http://www.vozvelichim.ru/" - "DNS lookup failed: address 'www.vozvelichim.ru' not found: [Errno -2] Name or service not known."
"http://www.svetlanabakhmina.com/" - "DNS lookup failed: address 'www.svetlanabakhmina.com' not found: [Errno -2] Name or service not known."
"http://www.rsmkomi.org/" - "DNS lookup failed: address 'www.rsmkomi.org' not found: [Errno -2] Name or service not known."
"http://www.sintera.ut5.ru/" - "DNS lookup failed: address 'www.sintera.ut5.ru' not found: [Errno -2] Name or service not known."
"http://www.yukos.ru/main.shtml" - "DNS lookup failed: address 'www.yukos.ru' not found: [Errno -2] Name or service not known."
"http://www.khodorkovskytrial.com/" - "DNS lookup failed: address 'www.khodorkovskytrial.com' not found: [Errno -2] Name or service not known."
"http://%E7%E0%F9%E8%F2%E0.org/" - "DNS lookup failed: address '%E7%E0%F9%E8%F2%E0.org' not found: [Errno -2] Name or service not known."
"http://157%D1%83%D0%BA.%D1%80%D1%84/" - "DNS lookup failed: address '157%D1%83%D0%BA.%D1%80%D1%84' not found: [Errno -2] Name or service not known."
"http://%D0%BF%D1%80%D0%B0%D0%B2%D0%BE%D0%B4%D0%B5%D1%82%D0%B5%D0%B9.%D1%80%D1%84/" - "DNS lookup failed: address '%D0%BF%D1%80%D0%B0%D0%B2%D0%BE%D0%B4%D0%B5%D1%82%D0%B5%D0%B9.%D1%80%D1%84' not found: [Errno -2] Name or service not known."
"http://%D0%B0%D0%B4%D0%B2%D0%BE%D0%BA%D0%B0%D1%82.%D0%B4%D0%B5%D1%82%D0%B8/" - "DNS lookup failed: address '%D0%B0%D0%B4%D0%B2%D0%BE%D0%BA%D0%B0%D1%82.%D0%B4%D0%B5%D1%82%D0%B8' not found: [Errno -2] Name or service not known."
"http://http://mikhail_khodorkovsky_society.blogspot.com/" - "DNS lookup failed: address 'http' not found: [Errno -2] Name or service not known."
"http://www.yukosshareholdercoalition.com/index.htm" - "DNS lookup failed: address 'www.yukosshareholdercoalition.com' not found: [Errno -2] Name or service not known."
"http://www.bilder.tgp-amateure.info/" - "DNS lookup failed: address 'www.bilder.tgp-amateure.info' not found: [Errno -2] Name or service not known."
"http://www.hardcore-kostenlos.info/" - "DNS lookup failed: address 'www.hardcore-kostenlos.info' not found: [Errno -2] Name or service not known."
"http://www.brfond.ru/home/" - "DNS lookup failed: address 'www.brfond.ru' not found: [Errno -2] Name or service not known."
"http://www.russiatoday.ru/news/news/20386" - "DNS lookup failed: address 'www.russiatoday.ru' not found: [Errno -2] Name or service not known."
"http://www.future-of-russia.org/" - "DNS lookup failed: address 'www.future-of-russia.org' not found: [Errno -2] Name or service not known."
"http://amnesty/" - "DNS lookup failed: address 'amnesty' not found: [Errno -2] Name or service not known."
"http://uk.search.news.yahoo.com/search/news_ukie?fr=slv1-&h=s&nice=mikhail+khodorkovsky+YUKOS&p=mikhail+khodorkovsky+YUKOS&y=i&z=date" - "DNS lookup failed: address 'uk.search.news.yahoo.com' not found: [Errno -2] Name or service not known."
"http://khersonnews.com/zapah-grazhdanskoy-voyny-vsyo-otchyotlivee" - "DNS lookup failed: address 'khersonnews.com' not found: [Errno -2] Name or service not known."
"http://www.cdi.org/russia/johnson/5617-12.cfm%20" - "DNS lookup failed: address 'www.cdi.org' not found: [Errno -2] Name or service not known."
"http://xn--d1alaleccn3j.xn--p1ai/" - "DNS lookup failed: address 'xn--d1alaleccn3j.xn--p1ai' not found: [Errno -2] Name or service not known."
"http://www.mbktrial.com/updates/july_16_mbk_statement.cfm" - "DNS lookup failed: address 'www.mbktrial.com' not found: [Errno -2] Name or service not known."
"http://www.preobrinfo.ru/" - "Connection was refused by other side: 111: Connection refused."
"http://www.iraq-war.ru/article/303947" - "DNS lookup failed: address 'www.iraq-war.ru' not found: [Errno -2] Name or service not known."
"http://expression.freedomhouse.org/" - "User timeout caused connection failure."
"http://%5Ewww.mfa.gov.mn/" - "DNS lookup failed: address '%5Ewww.mfa.gov.mn' not found: [Errno -2] Name or service not known."
"http://%E1%EB%E0%E3%EE-%E4%E5%F2%FF%EC.%F0%F4/" - "DNS lookup failed: address '%E1%EB%E0%E3%EE-%E4%E5%F2%FF%EC.%F0%F4' not found: [Errno -2] Name or service not known."
"http://ye-ti.ru/" - "DNS lookup failed: address 'ye-ti.ru' not found: [Errno -2] Name or service not known."
"http://www.voisko-donskoe.ru/forum/" - "DNS lookup failed: address 'www.voisko-donskoe.ru' not found: [Errno -2] Name or service not known."
"http://37.%E4%E5%F2%F1%E0%E4-%E0%E1%E8%ED%F1%EA%E8%E9.%F0%F4/" - "DNS lookup failed: address '37.%E4%E5%F2%F1%E0%E4-%E0%E1%E8%ED%F1%EA%E8%E9.%F0%F4' not found: [Errno -2] Name or service not known."
"http://44.%E4%E5%F2%F1%E0%E4-%E0%E1%E8%ED%F1%EA%E8%E9.%F0%F4/" - "DNS lookup failed: address '44.%E4%E5%F2%F1%E0%E4-%E0%E1%E8%ED%F1%EA%E8%E9.%F0%F4' not found: [Errno -2] Name or service not known."
"http://%D0%BA%D0%B0%D0%B7%D0%B0%D1%87%D0%B5%D1%81%D1%82%D0%B2%D0%BE%D0%BC%D0%BE%D1%81%D0%BA%D0%B2%D1%8B.%D1%80%D1%84/" - "DNS lookup failed: address '%D0%BA%D0%B0%D0%B7%D0%B0%D1%87%D0%B5%D1%81%D1%82%D0%B2%D0%BE%D0%BC%D0%BE%D1%81%D0%BA%D0%B2%D1%8B.%D1%80%D1%84' not found: [Errno -2] Name or service not known."
"http://24.%E4%E5%F2%F1%E0%E4-%E0%E1%E8%ED%F1%EA%E8%E9.%F0%F4/" - "DNS lookup failed: address '24.%E4%E5%F2%F1%E0%E4-%E0%E1%E8%ED%F1%EA%E8%E9.%F0%F4' not found: [Errno -2] Name or service not known."
"http://16.%E4%E5%F2%F1%E0%E4-%E0%E1%E8%ED%F1%EA%E8%E9.%F0%F4/" - "DNS lookup failed: address '16.%E4%E5%F2%F1%E0%E4-%E0%E1%E8%ED%F1%EA%E8%E9.%F0%F4' not found: [Errno -2] Name or service not known."
"http://20.%E4%E5%F2%F1%E0%E4-%E0%E1%E8%ED%F1%EA%E8%E9.%F0%F4/" - "DNS lookup failed: address '20.%E4%E5%F2%F1%E0%E4-%E0%E1%E8%ED%F1%EA%E8%E9.%F0%F4' not found: [Errno -2] Name or service not known."
"http://tomorrowsgaspricetoday.com/gas-prices/?Calgary-Gas-Prices=&city=119" - "User timeout caused connection failure: Getting http://tomorrowsgaspricetoday.com/gas-prices/?Calgary-Gas-Prices=&city=119 took longer than 20.0 seconds.."
"http://12.%E4%E5%F2%F1%E0%E4-%E0%E1%E8%ED%F1%EA%E8%E9.%F0%F4/" - "DNS lookup failed: address '12.%E4%E5%F2%F1%E0%E4-%E0%E1%E8%ED%F1%EA%E8%E9.%F0%F4' not found: [Errno -2] Name or service not known."
"http://tomorrowsgaspricetoday.com/gas-prices/?Edmonton-Gas-Prices=&city=120" - "User timeout caused connection failure: Getting http://tomorrowsgaspricetoday.com/gas-prices/?Edmonton-Gas-Prices=&city=120 took longer than 20.0 seconds.."
"http://10.%E4%E5%F2%F1%E0%E4-%E0%E1%E8%ED%F1%EA%E8%E9.%F0%F4/" - "DNS lookup failed: address '10.%E4%E5%F2%F1%E0%E4-%E0%E1%E8%ED%F1%EA%E8%E9.%F0%F4' not found: [Errno -2] Name or service not known."
"http://9.%E4%E5%F2%F1%E0%E4-%E0%E1%E8%ED%F1%EA%E8%E9.%F0%F4/" - "DNS lookup failed: address '9.%E4%E5%F2%F1%E0%E4-%E0%E1%E8%ED%F1%EA%E8%E9.%F0%F4' not found: [Errno -2] Name or service not known."
"http://tomorrowsgaspricetoday.com/gas-prices/?Regina-Gas-Prices=&city=326" - "User timeout caused connection failure: Getting http://tomorrowsgaspricetoday.com/gas-prices/?Regina-Gas-Prices=&city=326 took longer than 20.0 seconds.."
"http://www.cmv49wyn6vectn84wv5tect45fc5.com/" - "DNS lookup failed: address 'www.cmv49wyn6vectn84wv5tect45fc5.com' not found: [Errno -2] Name or service not known."
"http://www.xcmwnv54ec8tnv5cev5jfdcnv5.com/" - "DNS lookup failed: address 'www.xcmwnv54ec8tnv5cev5jfdcnv5.com' not found: [Errno -2] Name or service not known."
"http://tomorrowsgaspricetoday.com/gas-prices/?Winnipeg-Gas-Prices=&city=117" - "User timeout caused connection failure: Getting http://tomorrowsgaspricetoday.com/gas-prices/?Winnipeg-Gas-Prices=&city=117 took longer than 20.0 seconds.."
"http://11.%E4%E5%F2%F1%E0%E4-%E0%E1%E8%ED%F1%EA%E8%E9.%F0%F4/" - "DNS lookup failed: address '11.%E4%E5%F2%F1%E0%E4-%E0%E1%E8%ED%F1%EA%E8%E9.%F0%F4' not found: [Errno -2] Name or service not known."
"http://www.ccn2785xdnwdc5bwedsj4wsndb.com/" - "DNS lookup failed: address 'www.ccn2785xdnwdc5bwedsj4wsndb.com' not found: [Errno -2] Name or service not known."
"http://www.slmfa.gov.lk/" - "DNS lookup failed: address 'www.slmfa.gov.lk' not found: [Errno -2] Name or service not known."
"http://tomorrowsgaspricetoday.com/gas-prices/?Halifax-Gas-Prices=&city=496" - "User timeout caused connection failure: Getting http://tomorrowsgaspricetoday.com/gas-prices/?Halifax-Gas-Prices=&city=496 took longer than 20.0 seconds.."
"http://www.%EF%F0%EE%E5%EA%F2-%E7%ED%E0%EA-%EA%E0%F7%E5%F1%F2%E2%E0.%F0%F4/" - "DNS lookup failed: address 'www.%EF%F0%EE%E5%EA%F2-%E7%ED%E0%EA-%EA%E0%F7%E5%F1%F2%E2%E0.%F0%F4' not found: [Errno -2] Name or service not known."
"http://www.%EC%E0%F2%E5%F0%E8-%F0%EE%F1%F1%E8%E8.%F0%F4/" - "DNS lookup failed: address 'www.%EC%E0%F2%E5%F0%E8-%F0%EE%F1%F1%E8%E8.%F0%F4' not found: [Errno -2] Name or service not known."
"http://tomorrowsgaspricetoday.com/gas-prices/?Montreal-Gas-Prices=&city=244" - "User timeout caused connection failure: Getting http://tomorrowsgaspricetoday.com/gas-prices/?Montreal-Gas-Prices=&city=244 took longer than 20.0 seconds.."
"http://%F1%F0%E5%E4%E0%F2%E5%ED%ED%E8%F1%E0.%F0%F4/" - "DNS lookup failed: address '%F1%F0%E5%E4%E0%F2%E5%ED%ED%E8%F1%E0.%F0%F4' not found: [Errno -2] Name or service not known."
"http://%ED%E1%F0%F4.%F0%F4/" - "DNS lookup failed: address '%ED%E1%F0%F4.%F0%F4' not found: [Errno -2] Name or service not known."
"http://www.memorialitalia.it%0A/" - "DNS lookup failed: address 'www.memorialitalia.it%0A' not found: [Errno -2] Name or service not known."
"http://%D0%BF%D0%BE%D0%BC%D0%BE%D1%87%D1%8C%D0%B2%D1%81%D0%B5%D0%BC.%D1%80%D1%84/" - "DNS lookup failed: address '%D0%BF%D0%BE%D0%BC%D0%BE%D1%87%D1%8C%D0%B2%D1%81%D0%B5%D0%BC.%D1%80%D1%84' not found: [Errno -2] Name or service not known."
"http://%E1%EE%EB%FC%F8%EE%E5%EF%F0%E0%E2%E8%F2%E5%EB%FC%F1%F2%E2%EE.%F0%F4/debate/" - "DNS lookup failed: address '%E1%EE%EB%FC%F8%EE%E5%EF%F0%E0%E2%E8%F2%E5%EB%FC%F1%F2%E2%EE.%F0%F4' not found: [Errno -2] Name or service not known."
"http://%D1%81%D0%B8%D0%BB%D1%8C%D0%BD%D1%8B%D0%B5%D0%B4%D1%83%D1%85%D0%BE%D0%BC.%D1%80%D1%84/" - "DNS lookup failed: address '%D1%81%D0%B8%D0%BB%D1%8C%D0%BD%D1%8B%D0%B5%D0%B4%D1%83%D1%85%D0%BE%D0%BC.%D1%80%D1%84' not found: [Errno -2] Name or service not known."
"http://rspp@rspp.ru/" - "DNS lookup failed: address 'rspp@rspp.ru' not found: [Errno -2] Name or service not known."
"http://%D1%80%D1%81%D0%BF%D0%BF.%D1%80%D1%84/simplepage/253" - "DNS lookup failed: address '%D1%80%D1%81%D0%BF%D0%BF.%D1%80%D1%84' not found: [Errno -2] Name or service not known."
"http://%D0%BF%D1%80%D0%B5%D0%B7%D0%B8%D0%B4%D0%B5%D0%BD%D1%82.%D1%80%D1%84/" - "DNS lookup failed: address '%D0%BF%D1%80%D0%B5%D0%B7%D0%B8%D0%B4%D0%B5%D0%BD%D1%82.%D1%80%D1%84' not found: [Errno -2] Name or service not known."
"http://www.memorial.de%0A/" - "DNS lookup failed: address 'www.memorial.de%0A' not found: [Errno -2] Name or service not known."
"http://tomorrowsgaspricetoday.com/gas-prices/?Ottawa-Gas-Prices=&city=86" - "User timeout caused connection failure: Getting http://tomorrowsgaspricetoday.com/gas-prices/?Ottawa-Gas-Prices=&city=86 took longer than 20.0 seconds.."
"http://%D0%BF%D1%80%D0%B0%D0%B2%D0%B8%D1%82%D0%B5%D0%BB%D1%8C%D1%81%D1%82%D0%B2%D0%BE.%D1%80%D1%84/" - "DNS lookup failed: address '%D0%BF%D1%80%D0%B0%D0%B2%D0%B8%D1%82%D0%B5%D0%BB%D1%8C%D1%81%D1%82%D0%B2%D0%BE.%D1%80%D1%84' not found: [Errno -2] Name or service not known."
"http://%D0%BE%D0%BD%D0%BB%D0%B0%D0%B9%D0%BD%D0%B8%D0%BD%D1%81%D0%BF%D0%B5%D0%BA%D1%86%D0%B8%D1%8F.%D1%80%D1%84/" - "DNS lookup failed: address '%D0%BE%D0%BD%D0%BB%D0%B0%D0%B9%D0%BD%D0%B8%D0%BD%D1%81%D0%BF%D0%B5%D0%BA%D1%86%D0%B8%D1%8F.%D1%80%D1%84' not found: [Errno -2] Name or service not known."
"http://softmaker.panic.internal/panic/ukr/portfolio" - "DNS lookup failed: address 'softmaker.panic.internal' not found: [Errno -2] Name or service not known."
"http://softmaker.panic.internal/panic/rus/" - "DNS lookup failed: address 'softmaker.panic.internal' not found: [Errno -2] Name or service not known."
"http://softmaker.panic.internal/panic/eng/" - "DNS lookup failed: address 'softmaker.panic.internal' not found: [Errno -2] Name or service not known."
"http://softmaker.panic.internal/panic/ukr/portfolio/books/part552" - "DNS lookup failed: address 'softmaker.panic.internal' not found: [Errno -2] Name or service not known."
"http://softmaker.panic.internal/panic/ukr/portfolio/calligraphy/part553" - "DNS lookup failed: address 'softmaker.panic.internal' not found: [Errno -2] Name or service not known."
"http://softmaker.panic.internal/panic/ukr/portfolio/advertising/part551" - "DNS lookup failed: address 'softmaker.panic.internal' not found: [Errno -2] Name or service not known."
"http://softmaker.panic.internal/panic/ukr/studio" - "DNS lookup failed: address 'softmaker.panic.internal' not found: [Errno -2] Name or service not known."
"http://softmaker.panic.internal/panic/ukr/portfolio/calligraphy/part554" - "DNS lookup failed: address 'softmaker.panic.internal' not found: [Errno -2] Name or service not known."
"http://softmaker.panic.internal/panic/ukr/news" - "DNS lookup failed: address 'softmaker.panic.internal' not found: [Errno -2] Name or service not known."
"http://ppni44.ru/" - "DNS lookup failed: address 'ppni44.ru' not found: [Errno -2] Name or service not known."
"http://www.ln.mid.ru/" - "DNS lookup failed: address 'www.ln.mid.ru' not found: [Errno -2] Name or service not known."
"http://blog.melnik-ua.com/2013/01/facebook.html" - "DNS lookup failed: address 'blog.melnik-ua.com' not found: [Errno -2] Name or service not known."
"http://www.mid.tj/" - "User timeout caused connection failure."
"http://portal.mfa.kz/portal/page/portal/mfa" - "DNS lookup failed: address 'portal.mfa.kz' not found: [Errno -2] Name or service not known."
"https://money.mail.ru/pay/other/aif_dobroeserdce/" - "[<twisted.python.failure.Failure twisted.web._newclient.ParseError: (u'wrong number of parts', 'HTTP/1.1 302')>]"
"http://ipicture.ru/" - "User timeout caused connection failure."
"http://www.radikaly.ru" - "DNS lookup failed: address 'www.radikaly.ru' not found: [Errno -2] Name or service not known."
"http://bia-news.ru/news/74985/" - "User timeout caused connection failure."
"http://rao.rosminzdrav.ru/" - "User timeout caused connection failure."
"http://www.adrecom.net/products/cms.htm" - "User timeout caused connection failure."
"http://www.adrecom.net/" - "User timeout caused connection failure."
"http://www.germes-lada.ru/" - "DNS lookup failed: address 'www.germes-lada.ru' not found: [Errno -2] Name or service not known."
"http://www.darwin.museum.ru/" - "User timeout caused connection failure."
"http://tomorrowsgaspricetoday.com/gas-prices/?Toronto-Gas-Prices=&city=133" - "User timeout caused connection failure: Getting http://tomorrowsgaspricetoday.com/gas-prices/?Toronto-Gas-Prices=&city=133 took longer than 20.0 seconds.."
"http://tomorrowsgaspricetoday.com/gas-prices/?Vancouver-Gas-Prices=&city=123" - "User timeout caused connection failure: Getting http://tomorrowsgaspricetoday.com/gas-prices/?Vancouver-Gas-Prices=&city=123 took longer than 20.0 seconds.."
"http://www.oblcit.ru/index.html" - "User timeout caused connection failure."
"http://new.hse.ru/C18/C8/kaf-stat/default.aspx" - "User timeout caused connection failure."
"http://khodorkovsky.com/" - "User timeout caused connection failure: Getting http://khodorkovsky.com/ took longer than 20.0 seconds.."
"http://rapidshare.com/files/159120317/barrier10302008.mp3.html" - "User timeout caused connection failure."
"http://politzeki.mypeople.ru/" - "User timeout caused connection failure."
"http://www.sps.ru/" - "User timeout caused connection failure."
"http://www.threesonline.in/" - "DNS lookup failed: address 'www.threesonline.in' not found: [Errno -2] Name or service not known."
"http://www.seprava.ru" - "DNS lookup failed: address 'www.seprava.ru' not found: [Errno -2] Name or service not known."
"http://www.ucsmr.ru" - "DNS lookup failed: address 'www.ucsmr.ru' not found: [Errno -2] Name or service not known."
"http://www.slv.org.ua/" - "DNS lookup failed: address 'www.slv.org.ua' not found: [Errno -2] Name or service not known."
"http://Indiaplaza.com" - "User timeout caused connection failure."
"http://xn--h1aeh.xn--j1amh/" - "User timeout caused connection failure."
"http://download.ua/" - "User timeout caused connection failure."
"http://old.nic.ua/eng/index.html" - "User timeout caused connection failure."
