"http://www.bykau.by.ru" - "DNS lookup failed: address 'www.bykau.by.ru' not found: [Errno -2] Name or service not known."
"http://www.dziejaslou.by" - "DNS lookup failed: address 'www.dziejaslou.by' not found: [Errno -2] Name or service not known."
"http://music.fromby.net" - "DNS lookup failed: address 'music.fromby.net' not found: [Errno -2] Name or service not known."
"http://pananieba.org" - "DNS lookup failed: address 'pananieba.org' not found: [Errno -2] Name or service not known."
"http://itv.byshowvideo/showfromindex/11623.html" - "DNS lookup failed: address 'itv.byshowvideo' not found: [Errno -2] Name or service not known."
"http://ultra-music.com%0A/" - "DNS lookup failed: address 'ultra-music.com%0A' not found: [Errno -2] Name or service not known."
"http://frahmenty.knihi.com/" - "DNS lookup failed: address 'frahmenty.knihi.com' not found: [Errno -2] Name or service not known."
"http://nihil.knihi.com/" - "DNS lookup failed: address 'nihil.knihi.com' not found: [Errno -2] Name or service not known."
"http://www.mirinfo.ru/" - "DNS lookup failed: address 'www.mirinfo.ru' not found: [Errno -2] Name or service not known."
"http://global.tenpay.com%20/" - "DNS lookup failed: address 'global.tenpay.com%20' not found: [Errno -2] Name or service not known."
"http://arche.home.by/" - "DNS lookup failed: address 'arche.home.by' not found: [Errno -2] Name or service not known."
"http://www.red.by/redban/href?place=4048&rnd=1000" - "[<twisted.python.failure.Failure twisted.internet.error.ConnectionDone: Connection was closed cleanly.>]"
"http://rating.911.by/top/" - "DNS lookup failed: address 'rating.911.by' not found: [Errno -2] Name or service not known."
"http://paseka.by/" - "DNS lookup failed: address 'paseka.by' not found: [Errno -2] Name or service not known."
"http://www.red.by/redban/href?place=13229&rnd=1000" - "[<twisted.python.failure.Failure twisted.internet.error.ConnectionDone: Connection was closed cleanly.>]"
"http://www.blogxchange.us/?r=59439" - "DNS lookup failed: address 'www.blogxchange.us' not found: [Errno -2] Name or service not known."
"http://www.blogexplosion.com/index.php?ref=rydel" - "[<twisted.python.failure.Failure twisted.internet.error.ConnectionLost: Connection to the other side was lost in a non-clean fashion.>]"
"http://belarus.tolblogs.org/" - "DNS lookup failed: address 'belarus.tolblogs.org' not found: [Errno -2] Name or service not known."
"http://www.svik.org/Politivold.htm" - "[<twisted.python.failure.Failure twisted.internet.error.ConnectionDone: Connection was closed cleanly.>]"
"http://www.germes-lada.ru/" - "DNS lookup failed: address 'www.germes-lada.ru' not found: [Errno -2] Name or service not known."
"http://www.home.no/zwiazek-polakow/tekst-TW.htm" - "User timeout caused connection failure."
"http://files.knihi.com/Slounik/scanned/NNP.Bierasciejskaja.djvu" - "User timeout caused connection failure: Getting http://files.knihi.com/Slounik/scanned/NNP.Bierasciejskaja.djvu took longer than 20.0 seconds.."
"http://files.knihi.com/Slounik/scanned/NNP.Viciebskaja.djvu" - "User timeout caused connection failure: Getting http://files.knihi.com/Slounik/scanned/NNP.Viciebskaja.djvu took longer than 20.0 seconds.."
"http://weblogs.macleans.ca/paulwells/" - "User timeout caused connection failure."
"http://files.knihi.com/Slounik/scanned/NNP.Mahilouskaja.djvu" - "User timeout caused connection failure: Getting http://files.knihi.com/Slounik/scanned/NNP.Mahilouskaja.djvu took longer than 20.0 seconds.."
"http://www.dziejaslou.by/" - "DNS lookup failed: address 'www.dziejaslou.by' not found: [Errno -2] Name or service not known."
"http://www.bloglines.com/sub/http://www.br23.net/en?feed=rss2" - "User timeout caused connection failure."
"http://files.knihi.com/Slounik/scanned/NNP.Homielskaja.djvu" - "User timeout caused connection failure: Getting http://files.knihi.com/Slounik/scanned/NNP.Homielskaja.djvu took longer than 20.0 seconds.."
"http://files.knihi.com/Slounik/scanned/NNP.Haradzienskaja.djvu" - "User timeout caused connection failure: Getting http://files.knihi.com/Slounik/scanned/NNP.Haradzienskaja.djvu took longer than 20.0 seconds.."
"http://files.knihi.com/Slounik/02/slo/Bielaruskaja_hramatyka_1985_1.djvu" - "User timeout caused connection failure: Getting http://files.knihi.com/Slounik/02/slo/Bielaruskaja_hramatyka_1985_1.djvu took longer than 20.0 seconds.."
"http://files.knihi.com/Slounik/02/slo/Bielaruskaja_hramatyka_1985_2.djvu" - "User timeout caused connection failure: Getting http://files.knihi.com/Slounik/02/slo/Bielaruskaja_hramatyka_1985_2.djvu took longer than 20.0 seconds.."
"http://files.knihi.com/Slounik/02/slo/Hramatyka_bielaruskaj_movy_1962_1.djvu" - "User timeout caused connection failure: Getting http://files.knihi.com/Slounik/02/slo/Hramatyka_bielaruskaj_movy_1962_1.djvu took longer than 20.0 seconds.."
"http://zautra.by/art.php?sn_nid=20051" - "User timeout caused connection failure: Getting http://zautra.by/art.php?sn_nid=20051 took longer than 20.0 seconds.."
"http://www.sdb.com.cn/website/page" - "User timeout caused connection failure: Getting http://www.sdb.com.cn/website/page took longer than 20.0 seconds.."
"http://files.knihi.com/Slounik/02/slo/Hramatyka_bielaruskaj_movy_1962_2.djvu" - "User timeout caused connection failure: Getting http://files.knihi.com/Slounik/02/slo/Hramatyka_bielaruskaj_movy_1962_2.djvu took longer than 20.0 seconds.."
"http://files.knihi.com/Slounik/02/slo/Fanetyka.djvu" - "User timeout caused connection failure: Getting http://files.knihi.com/Slounik/02/slo/Fanetyka.djvu took longer than 20.0 seconds.."
"http://files.knihi.com/Slounik/scanned/NNP.Mienskaja.djvu" - "User timeout caused connection failure: Getting http://files.knihi.com/Slounik/scanned/NNP.Mienskaja.djvu took longer than 20.0 seconds.."
"http://files.knihi.com/Slounik/01/slouniki/ESBM/ESBM_05.djvu" - "User timeout caused connection failure: Getting http://files.knihi.com/Slounik/01/slouniki/ESBM/ESBM_05.djvu took longer than 20.0 seconds.."
"http://files.knihi.com/Slounik/01/slouniki/ESBM/ESBM_04.djvu" - "User timeout caused connection failure: Getting http://files.knihi.com/Slounik/01/slouniki/ESBM/ESBM_04.djvu took longer than 20.0 seconds.."
"http://radio.grodno.net:8000/radioforum" - "User timeout caused connection failure: Getting http://radio.grodno.net:8000/radioforum took longer than 20.0 seconds.."
"http://files.knihi.com/Slounik/01/slouniki/ESBM/ESBM_03.djvu" - "User timeout caused connection failure: Getting http://files.knihi.com/Slounik/01/slouniki/ESBM/ESBM_03.djvu took longer than 20.0 seconds.."
"http://files.knihi.com/Slounik/01/slouniki/ESBM/ESBM_02.djvu" - "User timeout caused connection failure: Getting http://files.knihi.com/Slounik/01/slouniki/ESBM/ESBM_02.djvu took longer than 20.0 seconds.."
"http://files.knihi.com/Slounik/01/slouniki/ESBM/ESBM_01.djvu" - "User timeout caused connection failure: Getting http://files.knihi.com/Slounik/01/slouniki/ESBM/ESBM_01.djvu took longer than 20.0 seconds.."
"http://www.mediakra/" - "DNS lookup failed: address 'www.mediakra' not found: [Errno -2] Name or service not known."
"http://zbi%C3%B3rki.gov.pl/" - "DNS lookup failed: address 'zbi%C3%B3rki.gov.pl' not found: [Errno -2] Name or service not known."
"http://mashaalradio.com%20/" - "DNS lookup failed: address 'mashaalradio.com%20' not found: [Errno -2] Name or service not known."
"http://46562.37735.xi0jz7.cn/" - "DNS lookup failed: address '46562.37735.xi0jz7.cn' not found: [Errno -2] Name or service not known."
"http://6gjr8.11024.xi0jz7.cn/" - "DNS lookup failed: address '6gjr8.11024.xi0jz7.cn' not found: [Errno -2] Name or service not known."
"http://7cvfw.30873.xi0jz7.cn/" - "DNS lookup failed: address '7cvfw.30873.xi0jz7.cn' not found: [Errno -2] Name or service not known."
"http://files.knihi.com/Slounik/01/slouniki/Slovar_bielorusskaho_nariecija.Nosovic.djvu" - "User timeout caused connection failure: Getting http://files.knihi.com/Slounik/01/slouniki/Slovar_bielorusskaho_nariecija.Nosovic.djvu took longer than 20.0 seconds.."
"http://files.knihi.com/Slounik/02/enc/EP5.djvu" - "User timeout caused connection failure: Getting http://files.knihi.com/Slounik/02/enc/EP5.djvu took longer than 20.0 seconds.."
"http://rbk4a.49444.xi0jz7.cn/" - "DNS lookup failed: address 'rbk4a.49444.xi0jz7.cn' not found: [Errno -2] Name or service not known."
"http://wpqoo.90629.11jj.top/" - "DNS lookup failed: address 'wpqoo.90629.11jj.top' not found: [Errno -2] Name or service not known."
"http://fi0km.22310.11jj.top/" - "DNS lookup failed: address 'fi0km.22310.11jj.top' not found: [Errno -2] Name or service not known."
"http://izbb3.53566.11jj.top/" - "DNS lookup failed: address 'izbb3.53566.11jj.top' not found: [Errno -2] Name or service not known."
"http://m3g9x.86228.11jj.top/" - "DNS lookup failed: address 'm3g9x.86228.11jj.top' not found: [Errno -2] Name or service not known."
"http://suxbs.93764.xi0jz7.cn/" - "DNS lookup failed: address 'suxbs.93764.xi0jz7.cn' not found: [Errno -2] Name or service not known."
"http://gyzae.68202.xi0jz7.cn/" - "DNS lookup failed: address 'gyzae.68202.xi0jz7.cn' not found: [Errno -2] Name or service not known."
"http://bqhik.50285.xi0jz7.cn/" - "DNS lookup failed: address 'bqhik.50285.xi0jz7.cn' not found: [Errno -2] Name or service not known."
"http://7cd8b.22345.11jj.top/" - "DNS lookup failed: address '7cd8b.22345.11jj.top' not found: [Errno -2] Name or service not known."
"http://3myqk.16935.xi0jz7.cn/" - "DNS lookup failed: address '3myqk.16935.xi0jz7.cn' not found: [Errno -2] Name or service not known."
"http://qg9m2.11414.xi0jz7.cn/" - "DNS lookup failed: address 'qg9m2.11414.xi0jz7.cn' not found: [Errno -2] Name or service not known."
"http://6v9ds.19317.xi0jz7.cn/" - "DNS lookup failed: address '6v9ds.19317.xi0jz7.cn' not found: [Errno -2] Name or service not known."
"http://tdd6f.50539.11jj.top/" - "DNS lookup failed: address 'tdd6f.50539.11jj.top' not found: [Errno -2] Name or service not known."
"http://5q5pm.58978.11jj.top/" - "DNS lookup failed: address '5q5pm.58978.11jj.top' not found: [Errno -2] Name or service not known."
"http://nrm.by.com/" - "DNS lookup failed: address 'nrm.by.com' not found: [Errno -2] Name or service not known."
"http://bmqi1.85162.11jj.top/" - "DNS lookup failed: address 'bmqi1.85162.11jj.top' not found: [Errno -2] Name or service not known."
"http://files.knihi.com/Slounik/02/enc/EP4.djvu" - "User timeout caused connection failure: Getting http://files.knihi.com/Slounik/02/enc/EP4.djvu took longer than 20.0 seconds.."
"http://hetvs.21002.xi0jz7.cn/" - "DNS lookup failed: address 'hetvs.21002.xi0jz7.cn' not found: [Errno -2] Name or service not known."
"http://emdo1.93129.11jj.top/" - "DNS lookup failed: address 'emdo1.93129.11jj.top' not found: [Errno -2] Name or service not known."
"http://reuwg.41907.xi0jz7.cn/" - "DNS lookup failed: address 'reuwg.41907.xi0jz7.cn' not found: [Errno -2] Name or service not known."
"http://files.knihi.com/Slounik/02/enc/EP3.djvu" - "User timeout caused connection failure: Getting http://files.knihi.com/Slounik/02/enc/EP3.djvu took longer than 20.0 seconds.."
"http://files.knihi.com/Slounik/02/enc/EP2.djvu" - "User timeout caused connection failure: Getting http://files.knihi.com/Slounik/02/enc/EP2.djvu took longer than 20.0 seconds.."
"http://files.knihi.com/Slounik/02/enc/EP1.djvu" - "User timeout caused connection failure: Getting http://files.knihi.com/Slounik/02/enc/EP1.djvu took longer than 20.0 seconds.."
"http://files.knihi.com/Slounik/02/enc/EGB_tom6a.djvu" - "User timeout caused connection failure: Getting http://files.knihi.com/Slounik/02/enc/EGB_tom6a.djvu took longer than 20.0 seconds.."
"http://files.knihi.com/Slounik/02/enc/EGB_tom5_badscan.djvu" - "User timeout caused connection failure: Getting http://files.knihi.com/Slounik/02/enc/EGB_tom5_badscan.djvu took longer than 20.0 seconds.."
"http://files.knihi.com/Slounik/02/enc/EGB_tom4.djvu" - "User timeout caused connection failure: Getting http://files.knihi.com/Slounik/02/enc/EGB_tom4.djvu took longer than 20.0 seconds.."
"http://files.knihi.com/Slounik/02/enc/EGB_tom3.djvu" - "User timeout caused connection failure: Getting http://files.knihi.com/Slounik/02/enc/EGB_tom3.djvu took longer than 20.0 seconds.."
"http://files.knihi.com/Slounik/02/enc/EGB_tom2.djvu" - "User timeout caused connection failure: Getting http://files.knihi.com/Slounik/02/enc/EGB_tom2.djvu took longer than 20.0 seconds.."
"http://files.knihi.com/Slounik/02/enc/EGB_tom1.djvu" - "User timeout caused connection failure: Getting http://files.knihi.com/Slounik/02/enc/EGB_tom1.djvu took longer than 20.0 seconds.."
"http://files.knihi.com/Slounik/02/enc/Blakitnaja_kniha_Bielarusi.djvu" - "User timeout caused connection failure: Getting http://files.knihi.com/Slounik/02/enc/Blakitnaja_kniha_Bielarusi.djvu took longer than 20.0 seconds.."
