"https://tools.wmflabs.org/phetools/statistics.php" - "User timeout caused connection failure: Getting https://tools.wmflabs.org/phetools/statistics.php took longer than 20.0 seconds.."
"http://www.legisworks.org/GPO/STATUTE-100-Pg2085.pdf" - "User timeout caused connection failure: Getting http://www.legisworks.org/GPO/STATUTE-100-Pg2085.pdf took longer than 20.0 seconds.."
"https://shop.wikimedia.org%7cwikimedia/" - "Codepoint U+0025 at position 4 of u'org%7cwikimedia' not allowed"
"http://deployment.wikimedia.beta.wmflabs.org/" - "User timeout caused connection failure: Getting http://deployment.wikimedia.beta.wmflabs.org/ took longer than 20.0 seconds.."
"http://mignews.com/news/economics/world/110913_173123_15573.html" - "[<twisted.python.failure.Failure twisted.internet.error.ConnectionDone: Connection was closed cleanly.>, <twisted.python.failure.Failure twisted.web.http._DataLoss: Chunked decoder in 'CHUNK_LENGTH' state, still expecting more data to get to 'FINISHED' state.>]"
"http://www.isubmitit.com/invinceable-reviews//hidden-perverse-effects.html" - "DNS lookup failed: address 'www.isubmitit.com' not found: [Errno -2] Name or service not known."
"https://dumps.wikimedia.org/enwiki/latest/enwiki-latest-pages-articles.xml.bz2" - ""
"http://leere.seite/wikipedia-zugriffszahlen-bestatigen-second-screen-trend/" - "DNS lookup failed: address 'leere.seite' not found: [Errno -2] Name or service not known."
"https://www.hostmonster.com/track/phpbbsoftwareltd/footer" - "[<twisted.python.failure.Failure OpenSSL.SSL.Error: [('SSL routines', 'ssl3_read_bytes', 'ssl handshake failure')]>]"
"https://tools.wmflabs.org/wikitrends/2012.html" - "User timeout caused connection failure: Getting https://tools.wmflabs.org/wikitrends/2012.html took longer than 20.0 seconds.."
"http://www.artlebedev.ru/kovodstvo/sections/95.html" - "[<twisted.python.failure.Failure twisted.web._newclient.ParseError: (u'wrong number of parts', 'HTTP/1.1 404')>]"
"http://www.artlebedev.ru/kovodstvo/sections/1.html" - "[<twisted.python.failure.Failure twisted.web._newclient.ParseError: (u'wrong number of parts', 'HTTP/1.1 404')>]"
"https://www.newsday.co.zw/" - "[<twisted.python.failure.Failure OpenSSL.SSL.Error: [('SSL routines', 'ssl3_read_bytes', 'ssl handshake failure')]>]"
"http://insights.chitika.com/2012/operating-system-market-share-november-2012-update/" - "User timeout caused connection failure."
"http://insights.chitika.com/2012/web-browser-market-share-november-2012-update/" - "User timeout caused connection failure."
"http://insights.chitika.com/2012/search-engine-market-share-november-2012-update/" - "User timeout caused connection failure."
"https://tools.wmflabs.org/catfood/catfood.php?motd=1" - "User timeout caused connection failure: Getting https://tools.wmflabs.org/catfood/catfood.php?motd=1 took longer than 20.0 seconds.."
"http://www.svobodarus.com/" - "DNS lookup failed: address 'www.svobodarus.com' not found: [Errno -2] Name or service not known."
"http://forums.svetrus.org/" - "DNS lookup failed: address 'forums.svetrus.org' not found: [Errno -2] Name or service not known."
"http://okd.okfn.org/" - "DNS lookup failed: address 'okd.okfn.org' not found: [Errno -2] Name or service not known."
"https://www.facecook.com/chaudhry.waqas.3" - "DNS lookup failed: address 'www.facecook.com' not found: [Errno -2] Name or service not known."
"http://irate.sourceforge.net/" - "[<twisted.python.failure.Failure twisted.internet.error.ConnectionLost: Connection to the other side was lost in a non-clean fashion.>]"
"https://tools.wmflabs.org/wsexport/tool/book.php?format=epub&lang=it&page=Eneide_%28Caro%29" - "User timeout caused connection failure: Getting https://tools.wmflabs.org/wsexport/tool/book.php?format=epub&lang=it&page=Eneide_%28Caro%29 took longer than 20.0 seconds.."
"https://tools.wmflabs.org/wsexport/tool/book.php?format=epub&lang=pl&page=Akt+5-go+listopada+a+Sprawa+Polska" - "User timeout caused connection failure: Getting https://tools.wmflabs.org/wsexport/tool/book.php?format=epub&lang=pl&page=Akt+5-go+listopada+a+Sprawa+Polska took longer than 20.0 seconds.."
"http://fussball_en_de.deacademic.com/" - "User timeout caused connection failure."
"https://tools.wmflabs.org/wsexport/tool/book.php?format=pdf-a5&lang=pl&page=Akt+5-go+listopada+a+Sprawa+Polska" - "User timeout caused connection failure: Getting https://tools.wmflabs.org/wsexport/tool/book.php?format=pdf-a5&lang=pl&page=Akt+5-go+listopada+a+Sprawa+Polska took longer than 20.0 seconds.."
"http://politics_en_ru.academic.ru/" - "User timeout caused connection failure."
"https://tools.wmflabs.org/wsexport/tool/book.php?format=mobi&lang=pl&page=Akt+5-go+listopada+a+Sprawa+Polska" - "User timeout caused connection failure: Getting https://tools.wmflabs.org/wsexport/tool/book.php?format=mobi&lang=pl&page=Akt+5-go+listopada+a+Sprawa+Polska took longer than 20.0 seconds.."
"http://biology_en_ru.academic.ru/" - "User timeout caused connection failure."
"http://az:ana/" - "DNS lookup failed: address 'az' not found: [Errno -2] Name or service not known."
"http://wine_en_ru.academic.ru/" - "User timeout caused connection failure."
"https://tools.wmflabs.org/wsexport/tool/book.php?format=epub&lang=pl&page=Lalka+%28Prus%29" - "User timeout caused connection failure: Getting https://tools.wmflabs.org/wsexport/tool/book.php?format=epub&lang=pl&page=Lalka+%28Prus%29 took longer than 20.0 seconds.."
"https://tools.wmflabs.org/wsexport/tool/book.php?format=pdf-a5&lang=pl&page=Lalka+%28Prus%29" - "User timeout caused connection failure: Getting https://tools.wmflabs.org/wsexport/tool/book.php?format=pdf-a5&lang=pl&page=Lalka+%28Prus%29 took longer than 20.0 seconds.."
"https://tools.wmflabs.org/wsexport/tool/book.php?format=mobi&lang=pl&page=Lalka+%28Prus%29" - "User timeout caused connection failure: Getting https://tools.wmflabs.org/wsexport/tool/book.php?format=mobi&lang=pl&page=Lalka+%28Prus%29 took longer than 20.0 seconds.."
"https://tools.wmflabs.org/wsexport/tool/book.php?format=epub&lang=pl&page=Powie%C5%9Bci+z+1001+nocy+opracowane+dla+dzieci" - "User timeout caused connection failure: Getting https://tools.wmflabs.org/wsexport/tool/book.php?format=epub&lang=pl&page=Powie%C5%9Bci+z+1001+nocy+opracowane+dla+dzieci took longer than 20.0 seconds.."
"https://tools.wmflabs.org/wsexport/tool/book.php?format=pdf-a5&lang=pl&page=Powie%C5%9Bci+z+1001+nocy+opracowane+dla+dzieci" - "User timeout caused connection failure: Getting https://tools.wmflabs.org/wsexport/tool/book.php?format=pdf-a5&lang=pl&page=Powie%C5%9Bci+z+1001+nocy+opracowane+dla+dzieci took longer than 20.0 seconds.."
"https://tools.wmflabs.org/wsexport/tool/book.php?format=mobi&lang=pl&page=Powie%C5%9Bci+z+1001+nocy+opracowane+dla+dzieci" - "User timeout caused connection failure: Getting https://tools.wmflabs.org/wsexport/tool/book.php?format=mobi&lang=pl&page=Powie%C5%9Bci+z+1001+nocy+opracowane+dla+dzieci took longer than 20.0 seconds.."
"https://tools.wmflabs.org/wikivoyage/w/artmap.php?lang=de" - "User timeout caused connection failure: Getting https://tools.wmflabs.org/wikivoyage/w/artmap.php?lang=de took longer than 20.0 seconds.."
"https://tools.wmflabs.org/wikiviewstats/index.php?lang=ro&locale=ro&page=Pagina_principal%C4%83&project=wikivoyage" - "User timeout caused connection failure: Getting https://tools.wmflabs.org/wikiviewstats/index.php?lang=ro&locale=ro&page=Pagina_principal%C4%83&project=wikivoyage took longer than 20.0 seconds.."
"https://tools.wmflabs.org/wsexport/tool/book.php?format=epub&lang=it&page=Ultime_lettere_di_Jacopo_Ortis" - "User timeout caused connection failure: Getting https://tools.wmflabs.org/wsexport/tool/book.php?format=epub&lang=it&page=Ultime_lettere_di_Jacopo_Ortis took longer than 20.0 seconds.."
"https://tools.wmflabs.org/wsexport/tool/book.php?format=epub&lang=it&page=Con_gli_occhi_chiusi" - "User timeout caused connection failure: Getting https://tools.wmflabs.org/wsexport/tool/book.php?format=epub&lang=it&page=Con_gli_occhi_chiusi took longer than 20.0 seconds.."
"https://tools.wmflabs.org/wsexport/tool/book.php?format=epub&lang=it&page=La_cucina_futurista" - "User timeout caused connection failure: Getting https://tools.wmflabs.org/wsexport/tool/book.php?format=epub&lang=it&page=La_cucina_futurista took longer than 20.0 seconds.."
"https://tools.wmflabs.org/wsexport/tool/book.php?format=epub&lang=it&page=Il_crepuscolo_degli_idoli" - "User timeout caused connection failure: Getting https://tools.wmflabs.org/wsexport/tool/book.php?format=epub&lang=it&page=Il_crepuscolo_degli_idoli took longer than 20.0 seconds.."
"https://tools.wmflabs.org/wsexport/tool/book.php?format=epub&lang=it&page=Il_libro_delle_vergini" - "User timeout caused connection failure: Getting https://tools.wmflabs.org/wsexport/tool/book.php?format=epub&lang=it&page=Il_libro_delle_vergini took longer than 20.0 seconds.."
"https://tools.wmflabs.org/wsexport/tool/book.php?format=epub&lang=it&page=Le_nebule" - "User timeout caused connection failure: Getting https://tools.wmflabs.org/wsexport/tool/book.php?format=epub&lang=it&page=Le_nebule took longer than 20.0 seconds.."
"https://tools.wmflabs.org/wsexport/tool/book.php?format=epub&lang=it&page=Il_sigillo_d%27amore" - "User timeout caused connection failure: Getting https://tools.wmflabs.org/wsexport/tool/book.php?format=epub&lang=it&page=Il_sigillo_d%27amore took longer than 20.0 seconds.."
"https://tools.wmflabs.org/wsexport/tool/book.php?format=epub&lang=it&page=Tesoro_letterario_di_Ercolano%2C_ossia%2C_la_reale_officina_dei_papiri_ercolanesi" - "User timeout caused connection failure: Getting https://tools.wmflabs.org/wsexport/tool/book.php?format=epub&lang=it&page=Tesoro_letterario_di_Ercolano%2C_ossia%2C_la_reale_officina_dei_papiri_ercolanesi took longer than 20.0 seconds.."
"https://tools.wmflabs.org/wsexport/tool/book.php?format=mobi&lang=ja&page=%E3%81%8F%E3%82%8A%E3%81%8B%E3%81%B8%E3%81%97%E7%AC%A6%E5%8F%B7%E3%81%AE%E4%BD%BF%E3%81%B2%E6%96%B9%EF%BC%88%E6%96%B0%E5%AD%97%E6%97%A7%E4%BB%AE%E5%90%8D%EF%BC%89" - "User timeout caused connection failure: Getting https://tools.wmflabs.org/wsexport/tool/book.php?format=mobi&lang=ja&page=%E3%81%8F%E3%82%8A%E3%81%8B%E3%81%B8%E3%81%97%E7%AC%A6%E5%8F%B7%E3%81%AE%E4%BD%BF%E3%81%B2%E6%96%B9%EF%BC%88%E6%96%B0%E5%AD%97%E6%97%A7%E4%BB%AE%E5%90%8D%EF%BC%89 took longer than 20.0 seconds.."
"https://tools.wmflabs.org/wsexport/tool/book.php?format=pdf-a5&lang=ja&page=%E3%81%8F%E3%82%8A%E3%81%8B%E3%81%B8%E3%81%97%E7%AC%A6%E5%8F%B7%E3%81%AE%E4%BD%BF%E3%81%B2%E6%96%B9%EF%BC%88%E6%96%B0%E5%AD%97%E6%97%A7%E4%BB%AE%E5%90%8D%EF%BC%89" - "User timeout caused connection failure: Getting https://tools.wmflabs.org/wsexport/tool/book.php?format=pdf-a5&lang=ja&page=%E3%81%8F%E3%82%8A%E3%81%8B%E3%81%B8%E3%81%97%E7%AC%A6%E5%8F%B7%E3%81%AE%E4%BD%BF%E3%81%B2%E6%96%B9%EF%BC%88%E6%96%B0%E5%AD%97%E6%97%A7%E4%BB%AE%E5%90%8D%EF%BC%89 took longer than 20.0 seconds.."
"https://tools.wmflabs.org/wsexport/tool/book.php?format=epub-3&lang=ja&page=%E3%81%8F%E3%82%8A%E3%81%8B%E3%81%B8%E3%81%97%E7%AC%A6%E5%8F%B7%E3%81%AE%E4%BD%BF%E3%81%B2%E6%96%B9%EF%BC%88%E6%96%B0%E5%AD%97%E6%97%A7%E4%BB%AE%E5%90%8D%EF%BC%89" - "User timeout caused connection failure: Getting https://tools.wmflabs.org/wsexport/tool/book.php?format=epub-3&lang=ja&page=%E3%81%8F%E3%82%8A%E3%81%8B%E3%81%B8%E3%81%97%E7%AC%A6%E5%8F%B7%E3%81%AE%E4%BD%BF%E3%81%B2%E6%96%B9%EF%BC%88%E6%96%B0%E5%AD%97%E6%97%A7%E4%BB%AE%E5%90%8D%EF%BC%89 took longer than 20.0 seconds.."
"https://tools.wmflabs.org/wsexport/tool/book.php?format=mobi&lang=ja&page=%E6%97%A5%E6%9C%AC%E5%9C%8B%E7%B1%B3%E5%88%A9%E5%A0%85%E5%90%88%E8%A1%86%E5%9C%8B%E5%92%8C%E8%A6%AA%E6%A2%9D%E7%B4%84" - "User timeout caused connection failure: Getting https://tools.wmflabs.org/wsexport/tool/book.php?format=mobi&lang=ja&page=%E6%97%A5%E6%9C%AC%E5%9C%8B%E7%B1%B3%E5%88%A9%E5%A0%85%E5%90%88%E8%A1%86%E5%9C%8B%E5%92%8C%E8%A6%AA%E6%A2%9D%E7%B4%84 took longer than 20.0 seconds.."
"https://tools.wmflabs.org/wsexport/tool/book.php?format=pdf-a5&lang=ja&page=%E6%97%A5%E6%9C%AC%E5%9C%8B%E7%B1%B3%E5%88%A9%E5%A0%85%E5%90%88%E8%A1%86%E5%9C%8B%E5%92%8C%E8%A6%AA%E6%A2%9D%E7%B4%84" - "User timeout caused connection failure: Getting https://tools.wmflabs.org/wsexport/tool/book.php?format=pdf-a5&lang=ja&page=%E6%97%A5%E6%9C%AC%E5%9C%8B%E7%B1%B3%E5%88%A9%E5%A0%85%E5%90%88%E8%A1%86%E5%9C%8B%E5%92%8C%E8%A6%AA%E6%A2%9D%E7%B4%84 took longer than 20.0 seconds.."
"https://tools.wmflabs.org/wsexport/tool/book.php?format=epub-3&lang=ja&page=%E6%97%A5%E6%9C%AC%E5%9C%8B%E7%B1%B3%E5%88%A9%E5%A0%85%E5%90%88%E8%A1%86%E5%9C%8B%E5%92%8C%E8%A6%AA%E6%A2%9D%E7%B4%84" - "User timeout caused connection failure: Getting https://tools.wmflabs.org/wsexport/tool/book.php?format=epub-3&lang=ja&page=%E6%97%A5%E6%9C%AC%E5%9C%8B%E7%B1%B3%E5%88%A9%E5%A0%85%E5%90%88%E8%A1%86%E5%9C%8B%E5%92%8C%E8%A6%AA%E6%A2%9D%E7%B4%84 took longer than 20.0 seconds.."
"https://tools.wmflabs.org/wsexport/tool/book.php?format=epub&lang=fr&page=L%E2%80%99Emploi+des+math%C3%A9matiques+en+%C3%A9conomie+politique" - "User timeout caused connection failure: Getting https://tools.wmflabs.org/wsexport/tool/book.php?format=epub&lang=fr&page=L%E2%80%99Emploi+des+math%C3%A9matiques+en+%C3%A9conomie+politique took longer than 20.0 seconds.."
"https://tools.wmflabs.org/wsexport/tool/book.php?format=mobi&lang=fr&page=La+Noire+Idole" - "User timeout caused connection failure: Getting https://tools.wmflabs.org/wsexport/tool/book.php?format=mobi&lang=fr&page=La+Noire+Idole took longer than 20.0 seconds.."
"https://tools.wmflabs.org/wsexport/tool/book.php?format=pdf-a5&lang=fr&page=La+Noire+Idole" - "User timeout caused connection failure: Getting https://tools.wmflabs.org/wsexport/tool/book.php?format=pdf-a5&lang=fr&page=La+Noire+Idole took longer than 20.0 seconds.."
"https://tools.wmflabs.org/wsexport/tool/book.php?format=epub&lang=fr&page=La+Noire+Idole" - "User timeout caused connection failure: Getting https://tools.wmflabs.org/wsexport/tool/book.php?format=epub&lang=fr&page=La+Noire+Idole took longer than 20.0 seconds.."
"https://tools.wmflabs.org/wsexport/tool/book.php?format=mobi&lang=fr&page=Le+Principe+anarchiste" - "User timeout caused connection failure: Getting https://tools.wmflabs.org/wsexport/tool/book.php?format=mobi&lang=fr&page=Le+Principe+anarchiste took longer than 20.0 seconds.."
"https://tools.wmflabs.org/wsexport/tool/book.php?format=pdf-a5&lang=fr&page=Le+Principe+anarchiste" - "User timeout caused connection failure: Getting https://tools.wmflabs.org/wsexport/tool/book.php?format=pdf-a5&lang=fr&page=Le+Principe+anarchiste took longer than 20.0 seconds.."
"https://tools.wmflabs.org/wsexport/tool/book.php?format=epub&lang=fr&page=Le+Principe+anarchiste" - "User timeout caused connection failure: Getting https://tools.wmflabs.org/wsexport/tool/book.php?format=epub&lang=fr&page=Le+Principe+anarchiste took longer than 20.0 seconds.."
"https://tools.wmflabs.org/wsexport/tool/book.php?format=mobi&lang=fr&page=Communisme+et+anarchie" - "User timeout caused connection failure: Getting https://tools.wmflabs.org/wsexport/tool/book.php?format=mobi&lang=fr&page=Communisme+et+anarchie took longer than 20.0 seconds.."
"https://tools.wmflabs.org/wsexport/tool/book.php?format=pdf-a5&lang=fr&page=Communisme+et+anarchie" - "User timeout caused connection failure: Getting https://tools.wmflabs.org/wsexport/tool/book.php?format=pdf-a5&lang=fr&page=Communisme+et+anarchie took longer than 20.0 seconds.."
"https://tools.wmflabs.org/wsexport/tool/book.php?format=epub&lang=fr&page=Communisme+et+anarchie" - "User timeout caused connection failure: Getting https://tools.wmflabs.org/wsexport/tool/book.php?format=epub&lang=fr&page=Communisme+et+anarchie took longer than 20.0 seconds.."
"https://tools.wmflabs.org/wsexport/tool/book.php?format=mobi&lang=fr&page=Jacquou+le+Croquant" - "User timeout caused connection failure: Getting https://tools.wmflabs.org/wsexport/tool/book.php?format=mobi&lang=fr&page=Jacquou+le+Croquant took longer than 20.0 seconds.."
"https://tools.wmflabs.org/wsexport/tool/book.php?format=pdf-a5&lang=fr&page=Jacquou+le+Croquant" - "User timeout caused connection failure: Getting https://tools.wmflabs.org/wsexport/tool/book.php?format=pdf-a5&lang=fr&page=Jacquou+le+Croquant took longer than 20.0 seconds.."
"https://tools.wmflabs.org/wsexport/tool/book.php?format=epub&lang=fr&page=Jacquou+le+Croquant" - "User timeout caused connection failure: Getting https://tools.wmflabs.org/wsexport/tool/book.php?format=epub&lang=fr&page=Jacquou+le+Croquant took longer than 20.0 seconds.."
"https://tools.wmflabs.org/wsexport/tool/book.php?format=mobi&lang=fr&page=L%E2%80%99Emploi+des+math%C3%A9matiques+en+%C3%A9conomie+politique" - "User timeout caused connection failure: Getting https://tools.wmflabs.org/wsexport/tool/book.php?format=mobi&lang=fr&page=L%E2%80%99Emploi+des+math%C3%A9matiques+en+%C3%A9conomie+politique took longer than 20.0 seconds.."
"https://tools.wmflabs.org/wsexport/tool/book.php?format=pdf-a5&lang=fr&page=L%E2%80%99Emploi+des+math%C3%A9matiques+en+%C3%A9conomie+politique" - "User timeout caused connection failure: Getting https://tools.wmflabs.org/wsexport/tool/book.php?format=pdf-a5&lang=fr&page=L%E2%80%99Emploi+des+math%C3%A9matiques+en+%C3%A9conomie+politique took longer than 20.0 seconds.."
"https://tools.wmflabs.org/wsexport/tool/book.php?format=mobi&lang=fr&page=L%E2%80%99%C3%89cho+des+jeunes%2C+novembre+1891" - "User timeout caused connection failure: Getting https://tools.wmflabs.org/wsexport/tool/book.php?format=mobi&lang=fr&page=L%E2%80%99%C3%89cho+des+jeunes%2C+novembre+1891 took longer than 20.0 seconds.."
"https://tools.wmflabs.org/wsexport/tool/book.php?format=pdf-a5&lang=fr&page=L%E2%80%99%C3%89cho+des+jeunes%2C+novembre+1891" - "User timeout caused connection failure: Getting https://tools.wmflabs.org/wsexport/tool/book.php?format=pdf-a5&lang=fr&page=L%E2%80%99%C3%89cho+des+jeunes%2C+novembre+1891 took longer than 20.0 seconds.."
"https://tools.wmflabs.org/wsexport/tool/book.php?format=epub&lang=fr&page=L%E2%80%99%C3%89cho+des+jeunes%2C+novembre+1891" - "User timeout caused connection failure: Getting https://tools.wmflabs.org/wsexport/tool/book.php?format=epub&lang=fr&page=L%E2%80%99%C3%89cho+des+jeunes%2C+novembre+1891 took longer than 20.0 seconds.."
"https://tools.wmflabs.org/wsexport/tool/book.php?format=mobi&lang=fr&page=D%C3%A9couverte+du+tombeau+de+Champlain" - "User timeout caused connection failure: Getting https://tools.wmflabs.org/wsexport/tool/book.php?format=mobi&lang=fr&page=D%C3%A9couverte+du+tombeau+de+Champlain took longer than 20.0 seconds.."
"https://tools.wmflabs.org/wsexport/tool/book.php?format=pdf-a5&lang=fr&page=D%C3%A9couverte+du+tombeau+de+Champlain" - "User timeout caused connection failure: Getting https://tools.wmflabs.org/wsexport/tool/book.php?format=pdf-a5&lang=fr&page=D%C3%A9couverte+du+tombeau+de+Champlain took longer than 20.0 seconds.."
"https://tools.wmflabs.org/wsexport/tool/book.php?format=epub&lang=fr&page=D%C3%A9couverte+du+tombeau+de+Champlain" - "User timeout caused connection failure: Getting https://tools.wmflabs.org/wsexport/tool/book.php?format=epub&lang=fr&page=D%C3%A9couverte+du+tombeau+de+Champlain took longer than 20.0 seconds.."
"https://tools.wmflabs.org/wsexport/tool/book.php?format=mobi&lang=fr&page=Anonyme+-+Huon+de+Bordeaux%2C+chanson+de+geste" - "User timeout caused connection failure: Getting https://tools.wmflabs.org/wsexport/tool/book.php?format=mobi&lang=fr&page=Anonyme+-+Huon+de+Bordeaux%2C+chanson+de+geste took longer than 20.0 seconds.."
"https://tools.wmflabs.org/wsexport/tool/book.php?format=pdf-a5&lang=fr&page=Anonyme+-+Huon+de+Bordeaux%2C+chanson+de+geste" - "User timeout caused connection failure: Getting https://tools.wmflabs.org/wsexport/tool/book.php?format=pdf-a5&lang=fr&page=Anonyme+-+Huon+de+Bordeaux%2C+chanson+de+geste took longer than 20.0 seconds.."
"https://tools.wmflabs.org/wsexport/tool/book.php?format=epub&lang=fr&page=Anonyme+-+Huon+de+Bordeaux%2C+chanson+de+geste" - "User timeout caused connection failure: Getting https://tools.wmflabs.org/wsexport/tool/book.php?format=epub&lang=fr&page=Anonyme+-+Huon+de+Bordeaux%2C+chanson+de+geste took longer than 20.0 seconds.."
"https://tools.wmflabs.org/wsexport/tool/book.php?format=mobi&lang=fr&page=L%E2%80%99Homme+qui+a+perdu+son+ombre" - "User timeout caused connection failure: Getting https://tools.wmflabs.org/wsexport/tool/book.php?format=mobi&lang=fr&page=L%E2%80%99Homme+qui+a+perdu+son+ombre took longer than 20.0 seconds.."
"https://tools.wmflabs.org/wsexport/tool/book.php?format=pdf-a5&lang=fr&page=L%E2%80%99Homme+qui+a+perdu+son+ombre" - "User timeout caused connection failure: Getting https://tools.wmflabs.org/wsexport/tool/book.php?format=pdf-a5&lang=fr&page=L%E2%80%99Homme+qui+a+perdu+son+ombre took longer than 20.0 seconds.."
"https://tools.wmflabs.org/wsexport/tool/book.php?format=epub&lang=fr&page=L%E2%80%99Homme+qui+a+perdu+son+ombre" - "User timeout caused connection failure: Getting https://tools.wmflabs.org/wsexport/tool/book.php?format=epub&lang=fr&page=L%E2%80%99Homme+qui+a+perdu+son+ombre took longer than 20.0 seconds.."
"https://tools.wmflabs.org/wsexport/tool/book.php?format=mobi&lang=fr&page=La+Pierre+de+Lune" - "User timeout caused connection failure: Getting https://tools.wmflabs.org/wsexport/tool/book.php?format=mobi&lang=fr&page=La+Pierre+de+Lune took longer than 20.0 seconds.."
"https://tools.wmflabs.org/wsexport/tool/book.php?format=pdf-a5&lang=fr&page=La+Pierre+de+Lune" - "User timeout caused connection failure: Getting https://tools.wmflabs.org/wsexport/tool/book.php?format=pdf-a5&lang=fr&page=La+Pierre+de+Lune took longer than 20.0 seconds.."
"https://tools.wmflabs.org/wsexport/tool/book.php?format=epub&lang=fr&page=La+Pierre+de+Lune" - "User timeout caused connection failure: Getting https://tools.wmflabs.org/wsexport/tool/book.php?format=epub&lang=fr&page=La+Pierre+de+Lune took longer than 20.0 seconds.."
"https://tools.wmflabs.org/wsexport/tool/book.php?format=mobi&lang=fr&page=Le+Journal+de+la+Huronne%2FLes+Hauts+Fourneaux" - "User timeout caused connection failure: Getting https://tools.wmflabs.org/wsexport/tool/book.php?format=mobi&lang=fr&page=Le+Journal+de+la+Huronne%2FLes+Hauts+Fourneaux took longer than 20.0 seconds.."
"https://tools.wmflabs.org/wsexport/tool/book.php?format=pdf-a5&lang=fr&page=Le+Journal+de+la+Huronne%2FLes+Hauts+Fourneaux" - "User timeout caused connection failure: Getting https://tools.wmflabs.org/wsexport/tool/book.php?format=pdf-a5&lang=fr&page=Le+Journal+de+la+Huronne%2FLes+Hauts+Fourneaux took longer than 20.0 seconds.."
"https://tools.wmflabs.org/wsexport/tool/book.php?format=epub&lang=fr&page=Le+Journal+de+la+Huronne%2FLes+Hauts+Fourneaux" - "User timeout caused connection failure: Getting https://tools.wmflabs.org/wsexport/tool/book.php?format=epub&lang=fr&page=Le+Journal+de+la+Huronne%2FLes+Hauts+Fourneaux took longer than 20.0 seconds.."
"https://tools.wmflabs.org/wsexport/tool/book.php?format=mobi&lang=fr&page=Esquisse+biographique+de+Sir+George-%C3%89tienne+Cartier" - "User timeout caused connection failure: Getting https://tools.wmflabs.org/wsexport/tool/book.php?format=mobi&lang=fr&page=Esquisse+biographique+de+Sir+George-%C3%89tienne+Cartier took longer than 20.0 seconds.."
"https://tools.wmflabs.org/wsexport/tool/book.php?format=pdf-a5&lang=fr&page=Esquisse+biographique+de+Sir+George-%C3%89tienne+Cartier" - "User timeout caused connection failure: Getting https://tools.wmflabs.org/wsexport/tool/book.php?format=pdf-a5&lang=fr&page=Esquisse+biographique+de+Sir+George-%C3%89tienne+Cartier took longer than 20.0 seconds.."
"https://tools.wmflabs.org/wsexport/tool/book.php?format=epub&lang=fr&page=Esquisse+biographique+de+Sir+George-%C3%89tienne+Cartier" - "User timeout caused connection failure: Getting https://tools.wmflabs.org/wsexport/tool/book.php?format=epub&lang=fr&page=Esquisse+biographique+de+Sir+George-%C3%89tienne+Cartier took longer than 20.0 seconds.."
"https://tools.wmflabs.org/wsexport/tool/book.php?format=mobi&lang=fr&page=Vie+de+Michel-Ange" - "User timeout caused connection failure: Getting https://tools.wmflabs.org/wsexport/tool/book.php?format=mobi&lang=fr&page=Vie+de+Michel-Ange took longer than 20.0 seconds.."
"https://tools.wmflabs.org/wsexport/tool/book.php?format=pdf-a5&lang=fr&page=Vie+de+Michel-Ange" - "User timeout caused connection failure: Getting https://tools.wmflabs.org/wsexport/tool/book.php?format=pdf-a5&lang=fr&page=Vie+de+Michel-Ange took longer than 20.0 seconds.."
"https://tools.wmflabs.org/wsexport/tool/book.php?format=epub&lang=fr&page=Vie+de+Michel-Ange" - "User timeout caused connection failure: Getting https://tools.wmflabs.org/wsexport/tool/book.php?format=epub&lang=fr&page=Vie+de+Michel-Ange took longer than 20.0 seconds.."
"https://tools.wmflabs.org/wsexport/tool/book.php?format=mobi&lang=fr&page=Lettres+de+voyages" - "User timeout caused connection failure: Getting https://tools.wmflabs.org/wsexport/tool/book.php?format=mobi&lang=fr&page=Lettres+de+voyages took longer than 20.0 seconds.."
"https://tools.wmflabs.org/wsexport/tool/book.php?format=pdf-a5&lang=fr&page=Lettres+de+voyages" - "User timeout caused connection failure: Getting https://tools.wmflabs.org/wsexport/tool/book.php?format=pdf-a5&lang=fr&page=Lettres+de+voyages took longer than 20.0 seconds.."
"https://tools.wmflabs.org/wsexport/tool/book.php?format=epub&lang=fr&page=Lettres+de+voyages" - "User timeout caused connection failure: Getting https://tools.wmflabs.org/wsexport/tool/book.php?format=epub&lang=fr&page=Lettres+de+voyages took longer than 20.0 seconds.."
"https://tools.wmflabs.org/wsexport/tool/book.php?format=mobi&lang=fr&page=L%E2%80%99imp%C3%B4t+progressif+sur+le+capital+et+le+revenu" - "User timeout caused connection failure: Getting https://tools.wmflabs.org/wsexport/tool/book.php?format=mobi&lang=fr&page=L%E2%80%99imp%C3%B4t+progressif+sur+le+capital+et+le+revenu took longer than 20.0 seconds.."
"https://tools.wmflabs.org/wsexport/tool/book.php?format=pdf-a5&lang=fr&page=L%E2%80%99imp%C3%B4t+progressif+sur+le+capital+et+le+revenu" - "User timeout caused connection failure: Getting https://tools.wmflabs.org/wsexport/tool/book.php?format=pdf-a5&lang=fr&page=L%E2%80%99imp%C3%B4t+progressif+sur+le+capital+et+le+revenu took longer than 20.0 seconds.."
"https://tools.wmflabs.org/wsexport/tool/book.php?format=epub&lang=fr&page=L%E2%80%99imp%C3%B4t+progressif+sur+le+capital+et+le+revenu" - "User timeout caused connection failure: Getting https://tools.wmflabs.org/wsexport/tool/book.php?format=epub&lang=fr&page=L%E2%80%99imp%C3%B4t+progressif+sur+le+capital+et+le+revenu took longer than 20.0 seconds.."
"https://tools.wmflabs.org/wsexport/tool/book.php?format=mobi&lang=fr&page=Testament+olographe+de+Damoiselle+Jeanne" - "User timeout caused connection failure: Getting https://tools.wmflabs.org/wsexport/tool/book.php?format=mobi&lang=fr&page=Testament+olographe+de+Damoiselle+Jeanne took longer than 20.0 seconds.."
"https://tools.wmflabs.org/wsexport/tool/book.php?format=pdf-a5&lang=fr&page=Testament+olographe+de+Damoiselle+Jeanne" - "User timeout caused connection failure: Getting https://tools.wmflabs.org/wsexport/tool/book.php?format=pdf-a5&lang=fr&page=Testament+olographe+de+Damoiselle+Jeanne took longer than 20.0 seconds.."
"https://tools.wmflabs.org/wsexport/tool/book.php?format=epub&lang=fr&page=Testament+olographe+de+Damoiselle+Jeanne" - "User timeout caused connection failure: Getting https://tools.wmflabs.org/wsexport/tool/book.php?format=epub&lang=fr&page=Testament+olographe+de+Damoiselle+Jeanne took longer than 20.0 seconds.."
"https://tools.wmflabs.org/wsexport/tool/book.php?format=mobi&lang=fr&page=Anecdotes+normandes+%28Floquet%29" - "User timeout caused connection failure: Getting https://tools.wmflabs.org/wsexport/tool/book.php?format=mobi&lang=fr&page=Anecdotes+normandes+%28Floquet%29 took longer than 20.0 seconds.."
"https://tools.wmflabs.org/wsexport/tool/book.php?format=pdf-a5&lang=fr&page=Anecdotes+normandes+%28Floquet%29" - "User timeout caused connection failure: Getting https://tools.wmflabs.org/wsexport/tool/book.php?format=pdf-a5&lang=fr&page=Anecdotes+normandes+%28Floquet%29 took longer than 20.0 seconds.."
"https://tools.wmflabs.org/wsexport/tool/book.php?format=epub&lang=fr&page=Anecdotes+normandes+%28Floquet%29" - "User timeout caused connection failure: Getting https://tools.wmflabs.org/wsexport/tool/book.php?format=epub&lang=fr&page=Anecdotes+normandes+%28Floquet%29 took longer than 20.0 seconds.."
"https://tools.wmflabs.org/wsexport/tool/book.php?format=mobi&lang=fr&page=La+besace+d%E2%80%99amour" - "User timeout caused connection failure: Getting https://tools.wmflabs.org/wsexport/tool/book.php?format=mobi&lang=fr&page=La+besace+d%E2%80%99amour took longer than 20.0 seconds.."
"https://tools.wmflabs.org/wsexport/tool/book.php?format=pdf-a5&lang=fr&page=La+besace+d%E2%80%99amour" - "User timeout caused connection failure: Getting https://tools.wmflabs.org/wsexport/tool/book.php?format=pdf-a5&lang=fr&page=La+besace+d%E2%80%99amour took longer than 20.0 seconds.."
"https://tools.wmflabs.org/wsexport/tool/book.php?format=epub&lang=fr&page=La+besace+d%E2%80%99amour" - "User timeout caused connection failure: Getting https://tools.wmflabs.org/wsexport/tool/book.php?format=epub&lang=fr&page=La+besace+d%E2%80%99amour took longer than 20.0 seconds.."
"https://tools.wmflabs.org/wsexport/tool/book.php?format=mobi&lang=fr&page=R%C3%A9flexions+sur+l%E2%80%99art+des+vers" - "User timeout caused connection failure: Getting https://tools.wmflabs.org/wsexport/tool/book.php?format=mobi&lang=fr&page=R%C3%A9flexions+sur+l%E2%80%99art+des+vers took longer than 20.0 seconds.."
"https://tools.wmflabs.org/wsexport/tool/book.php?format=pdf-a5&lang=fr&page=R%C3%A9flexions+sur+l%E2%80%99art+des+vers" - "User timeout caused connection failure: Getting https://tools.wmflabs.org/wsexport/tool/book.php?format=pdf-a5&lang=fr&page=R%C3%A9flexions+sur+l%E2%80%99art+des+vers took longer than 20.0 seconds.."
"https://tools.wmflabs.org/wsexport/tool/book.php?format=epub&lang=fr&page=R%C3%A9flexions+sur+l%E2%80%99art+des+vers" - "User timeout caused connection failure: Getting https://tools.wmflabs.org/wsexport/tool/book.php?format=epub&lang=fr&page=R%C3%A9flexions+sur+l%E2%80%99art+des+vers took longer than 20.0 seconds.."
"https://tools.wmflabs.org/wsexport/tool/book.php?format=mobi&lang=fr&page=La+Prison+du+Mid-Lothian" - "User timeout caused connection failure: Getting https://tools.wmflabs.org/wsexport/tool/book.php?format=mobi&lang=fr&page=La+Prison+du+Mid-Lothian took longer than 20.0 seconds.."
"https://tools.wmflabs.org/wsexport/tool/book.php?format=pdf-a5&lang=fr&page=La+Prison+du+Mid-Lothian" - "User timeout caused connection failure: Getting https://tools.wmflabs.org/wsexport/tool/book.php?format=pdf-a5&lang=fr&page=La+Prison+du+Mid-Lothian took longer than 20.0 seconds.."
"https://tools.wmflabs.org/wsexport/tool/book.php?format=epub&lang=fr&page=La+Prison+du+Mid-Lothian" - "User timeout caused connection failure: Getting https://tools.wmflabs.org/wsexport/tool/book.php?format=epub&lang=fr&page=La+Prison+du+Mid-Lothian took longer than 20.0 seconds.."
"https://tools.wmflabs.org/wsexport/tool/book.php?format=mobi&lang=fr&page=Le+Testament+du+docteur+Irnerius" - "User timeout caused connection failure: Getting https://tools.wmflabs.org/wsexport/tool/book.php?format=mobi&lang=fr&page=Le+Testament+du+docteur+Irnerius took longer than 20.0 seconds.."
"https://tools.wmflabs.org/wsexport/tool/book.php?format=pdf-a5&lang=fr&page=Le+Testament+du+docteur+Irnerius" - "User timeout caused connection failure: Getting https://tools.wmflabs.org/wsexport/tool/book.php?format=pdf-a5&lang=fr&page=Le+Testament+du+docteur+Irnerius took longer than 20.0 seconds.."
"https://tools.wmflabs.org/wsexport/tool/book.php?format=epub&lang=fr&page=Le+Testament+du+docteur+Irnerius" - "User timeout caused connection failure: Getting https://tools.wmflabs.org/wsexport/tool/book.php?format=epub&lang=fr&page=Le+Testament+du+docteur+Irnerius took longer than 20.0 seconds.."
"https://tools.wmflabs.org/wsexport/tool/book.php?format=mobi&lang=fr&page=L%E2%80%99Ab%C3%AEme+%28Charles+Dickens%29" - "User timeout caused connection failure: Getting https://tools.wmflabs.org/wsexport/tool/book.php?format=mobi&lang=fr&page=L%E2%80%99Ab%C3%AEme+%28Charles+Dickens%29 took longer than 20.0 seconds.."
"https://tools.wmflabs.org/wsexport/tool/book.php?format=pdf-a5&lang=fr&page=L%E2%80%99Ab%C3%AEme+%28Charles+Dickens%29" - "User timeout caused connection failure: Getting https://tools.wmflabs.org/wsexport/tool/book.php?format=pdf-a5&lang=fr&page=L%E2%80%99Ab%C3%AEme+%28Charles+Dickens%29 took longer than 20.0 seconds.."
"https://tools.wmflabs.org/wsexport/tool/book.php?format=epub&lang=fr&page=L%E2%80%99Ab%C3%AEme+%28Charles+Dickens%29" - "User timeout caused connection failure: Getting https://tools.wmflabs.org/wsexport/tool/book.php?format=epub&lang=fr&page=L%E2%80%99Ab%C3%AEme+%28Charles+Dickens%29 took longer than 20.0 seconds.."
"https://tools.wmflabs.org/wsexport/tool/book.php?format=pdf-a4&lang=bn&page=%E0%A6%AC%E0%A6%A1%E0%A6%BC%E0%A6%A6%E0%A6%BF%E0%A6%A6%E0%A6%BF" - "User timeout caused connection failure: Getting https://tools.wmflabs.org/wsexport/tool/book.php?format=pdf-a4&lang=bn&page=%E0%A6%AC%E0%A6%A1%E0%A6%BC%E0%A6%A6%E0%A6%BF%E0%A6%A6%E0%A6%BF took longer than 20.0 seconds.."
"https://tools.wmflabs.org/wsexport/tool/book.php?format=odt&lang=bn&page=%E0%A6%AC%E0%A6%A1%E0%A6%BC%E0%A6%A6%E0%A6%BF%E0%A6%A6%E0%A6%BF" - "User timeout caused connection failure: Getting https://tools.wmflabs.org/wsexport/tool/book.php?format=odt&lang=bn&page=%E0%A6%AC%E0%A6%A1%E0%A6%BC%E0%A6%A6%E0%A6%BF%E0%A6%A6%E0%A6%BF took longer than 20.0 seconds.."
"https://tools.wmflabs.org/wsexport/tool/book.php?format=epub-3&lang=bn&page=%E0%A6%AC%E0%A6%A1%E0%A6%BC%E0%A6%A6%E0%A6%BF%E0%A6%A6%E0%A6%BF" - "User timeout caused connection failure: Getting https://tools.wmflabs.org/wsexport/tool/book.php?format=epub-3&lang=bn&page=%E0%A6%AC%E0%A6%A1%E0%A6%BC%E0%A6%A6%E0%A6%BF%E0%A6%A6%E0%A6%BF took longer than 20.0 seconds.."
"http://tools.wmflabs.org/wsexport/tool/book.php?format=epub&lang=ca&page=Tres+flors+de+la+caritat" - "User timeout caused connection failure: Getting http://tools.wmflabs.org/wsexport/tool/book.php?format=epub&lang=ca&page=Tres+flors+de+la+caritat took longer than 20.0 seconds.."
"http://tools.wmflabs.org/wsexport/tool/book.php?format=epub&lang=ca&page=Discursos+pronunciats+en+lo+dinar+donat+en+lo+restaurant+Mart%C3%ADn+a+la+Comissi%C3%B3+Catalana" - "User timeout caused connection failure: Getting http://tools.wmflabs.org/wsexport/tool/book.php?format=epub&lang=ca&page=Discursos+pronunciats+en+lo+dinar+donat+en+lo+restaurant+Mart%C3%ADn+a+la+Comissi%C3%B3+Catalana took longer than 20.0 seconds.."
"http://tools.wmflabs.org/wsexport/tool/book.php?format=epub&lang=ca&page=En+Pep+Botella" - "User timeout caused connection failure: Getting http://tools.wmflabs.org/wsexport/tool/book.php?format=epub&lang=ca&page=En+Pep+Botella took longer than 20.0 seconds.."
"https://en.wikidata.org/" - "DNS lookup failed: address 'en.wikidata.org' not found: [Errno -2] Name or service not known."
"http://tools.wmflabs.org/wsexport/tool/book.php?format=epub&lang=ca&page=%C2%A1Son+ells%21%21..." - "User timeout caused connection failure: Getting http://tools.wmflabs.org/wsexport/tool/book.php?format=epub&lang=ca&page=%C2%A1Son+ells%21%21... took longer than 20.0 seconds.."
"http://wikitravel.org/" - "User timeout caused connection failure: Getting http://wikitravel.org/ took longer than 20.0 seconds.."
"http://tools.wmflabs.org/wsexport/tool/book.php?format=epub&lang=ca&page=Don+Jaume+en+Sant+Jeroni" - "User timeout caused connection failure: Getting http://tools.wmflabs.org/wsexport/tool/book.php?format=epub&lang=ca&page=Don+Jaume+en+Sant+Jeroni took longer than 20.0 seconds.."
"http://newstrust.net/submit?popup=true&story%5Bauthorships_attributes%5D%5B%5D%5Bname%5D=Vikinova%C4%B5oj&story%5Breferred_by%5D=eo.wikinews.org&story%5Btitle%5D=%C4%88efpa%C4%9Do&story%5Burl%5D=http%3A%2F%2Feo.wikinews.org%2Fwiki%2F%C4%88efpa%C4%9Do" - "User timeout caused connection failure."
"http://tools.wmflabs.org/wsexport/tool/book.php?format=epub&lang=ca&page=Las+set+baladas" - "User timeout caused connection failure: Getting http://tools.wmflabs.org/wsexport/tool/book.php?format=epub&lang=ca&page=Las+set+baladas took longer than 20.0 seconds.."
"https://www.meta.wikimedia.org/wiki/%D0%93%D0%BE%D0%BB%D0%BE%D0%B2%D0%BD%D0%B0_%D1%81%D1%82%D0%BE%D1%80%D1%96%D0%BD%D0%BA%D0%B0/uk" - "DNS lookup failed: address 'www.meta.wikimedia.org' not found: [Errno -2] Name or service not known."
"https://www.commons.wikimedia.org/wiki/%D0%93%D0%BE%D0%BB%D0%BE%D0%B2%D0%BD%D0%B0_%D1%81%D1%82%D0%BE%D1%80%D1%96%D0%BD%D0%BA%D0%B0?uselang=uk" - "DNS lookup failed: address 'www.commons.wikimedia.org' not found: [Errno -2] Name or service not known."
"http://tools.wmflabs.org/wsexport/tool/book.php?format=epub&lang=ca&page=Discurs+llegit+en+la+festa+de+repartici%C3%B3+de+premis+del+Centro+Catalanesch" - "User timeout caused connection failure: Getting http://tools.wmflabs.org/wsexport/tool/book.php?format=epub&lang=ca&page=Discurs+llegit+en+la+festa+de+repartici%C3%B3+de+premis+del+Centro+Catalanesch took longer than 20.0 seconds.."
"http://tools.wmflabs.org/wsexport/tool/book.php?format=epub&lang=ca&page=Bons+Consells" - "User timeout caused connection failure: Getting http://tools.wmflabs.org/wsexport/tool/book.php?format=epub&lang=ca&page=Bons+Consells took longer than 20.0 seconds.."
"http://th.wikidata.org/" - "DNS lookup failed: address 'th.wikidata.org' not found: [Errno -2] Name or service not known."
"http://th.wikiyoyage.org/" - "DNS lookup failed: address 'th.wikiyoyage.org' not found: [Errno -2] Name or service not known."
"http://solowiki.sourceforge.net/" - "[<twisted.python.failure.Failure twisted.internet.error.ConnectionLost: Connection to the other side was lost in a non-clean fashion.>]"
"http://tools.wmflabs.org/wsexport/tool/book.php?format=epub&lang=ca&page=Passi%C3%B3+de+Nostre+Senyor+Jesuchrist" - "User timeout caused connection failure: Getting http://tools.wmflabs.org/wsexport/tool/book.php?format=epub&lang=ca&page=Passi%C3%B3+de+Nostre+Senyor+Jesuchrist took longer than 20.0 seconds.."
"http://mathematical_de_ru.academic.ru/" - "User timeout caused connection failure."
"http://tools.wmflabs.org/wsexport/tool/book.php?format=epub&lang=ca&page=Cansons+de+Montserrat" - "User timeout caused connection failure: Getting http://tools.wmflabs.org/wsexport/tool/book.php?format=epub&lang=ca&page=Cansons+de+Montserrat took longer than 20.0 seconds.."
"http://engineering_de_en.enacademic.com/" - "User timeout caused connection failure."
"https://http://ur.wikipedia.org/wiki/TRADEMARK" - "DNS lookup failed: address 'http' not found: [Errno -2] Name or service not known."
"https://ru.wikidata.org/wiki/Wikidata:%D0%9A%D0%BE%D0%BB_%D0%B0%D1%80%D1%8B%D0%BD?uselang=ru" - "DNS lookup failed: address 'ru.wikidata.org' not found: [Errno -2] Name or service not known."
"http://en.wikidata.org/" - "DNS lookup failed: address 'en.wikidata.org' not found: [Errno -2] Name or service not known."
"https://ru.wikidata.org/wiki/Wikidata:%D0%97%D0%B0%D0%B3%D0%BB%D0%B0%D0%B2%D0%BD%D0%B0%D1%8F_%D1%81%D1%82%D1%80%D0%B0%D0%BD%D0%B8%D1%86%D0%B0?uselang=ru" - "DNS lookup failed: address 'ru.wikidata.org' not found: [Errno -2] Name or service not known."
"http://www.ifolder.com/" - "DNS lookup failed: address 'www.ifolder.com' not found: [Errno -2] Name or service not known."
"http://tools.wmflabs.org/wsexport/tool/book.php?format=epub&lang=ca&page=Poes%C3%ADas+fant%C3%A1sticas+en+mallorqu%C3%AD" - "User timeout caused connection failure: Getting http://tools.wmflabs.org/wsexport/tool/book.php?format=epub&lang=ca&page=Poes%C3%ADas+fant%C3%A1sticas+en+mallorqu%C3%AD took longer than 20.0 seconds.."
"http://plastics_de_ru.academic.ru/" - "User timeout caused connection failure."
"http://wikipedia.sourceforge.net/" - "[<twisted.python.failure.Failure twisted.internet.error.ConnectionLost: Connection to the other side was lost in a non-clean fashion.>]"
"http://freshmeat.net/releases/169180/" - "[<twisted.python.failure.Failure twisted.internet.error.ConnectionLost: Connection to the other side was lost in a non-clean fashion.>]"
"http://tools.wmflabs.org/dewikinews-rss/" - "User timeout caused connection failure: Getting http://tools.wmflabs.org/dewikinews-rss/ took longer than 20.0 seconds.."
"http://polytechnic_fr_ru.academic.ru/" - "User timeout caused connection failure."
"http://www.panyathai.or.th/wiki" - "DNS lookup failed: address 'www.panyathai.or.th' not found: [Errno -2] Name or service not known."
"http://www.palungjitrescuedisaster.com/wiki/" - "DNS lookup failed: address 'www.palungjitrescuedisaster.com' not found: [Errno -2] Name or service not known."
"http://www.linkbuildingservices4u.com/" - "DNS lookup failed: address 'www.linkbuildingservices4u.com' not found: [Errno -2] Name or service not known."
"http://lpnschoolsblog.com/" - "DNS lookup failed: address 'lpnschoolsblog.com' not found: [Errno -2] Name or service not known."
"http://tools.wmflabs.org/wmcounter/" - "User timeout caused connection failure: Getting http://tools.wmflabs.org/wmcounter/ took longer than 20.0 seconds.."
"http://www.thegrizasonline.com/inmotion-hosting-review-inmotion-hosting-coupon" - "[<twisted.python.failure.Failure twisted.internet.error.ConnectionLost: Connection to the other side was lost in a non-clean fashion.>]"
"https://tools.wmflabs.org/magnustools/html2wiki.php" - "User timeout caused connection failure: Getting https://tools.wmflabs.org/magnustools/html2wiki.php took longer than 20.0 seconds.."
"https://tools.wmflabs.org/wikitrends/tamil-most-visited-this-month.html" - "User timeout caused connection failure: Getting https://tools.wmflabs.org/wikitrends/tamil-most-visited-this-month.html took longer than 20.0 seconds.."
"http://wiki.nectec.or.th/" - "User timeout caused connection failure."
"http://aboutweapons.com.ua/category/historical-swords/viking-swords" - "DNS lookup failed: address 'aboutweapons.com.ua' not found: [Errno -2] Name or service not known."
"http://www.dark-truth.org/okt19-2006-12.html" - "DNS lookup failed: address 'www.dark-truth.org' not found: [Errno -2] Name or service not known."
"http://web.cdx.ru/wiki/rss" - "DNS lookup failed: address 'web.cdx.ru' not found: [Errno -2] Name or service not known."
"https://tools.wmflabs.org/wikitrends/tamil-most-visited-this-week.html" - "User timeout caused connection failure: Getting https://tools.wmflabs.org/wikitrends/tamil-most-visited-this-week.html took longer than 20.0 seconds.."
"http://www.lioncity.net/buddhism/index.php?showforum=50" - "User timeout caused connection failure."
"http://www.metta.lk/pali-utils/Pali-Proper-Names/index.html" - "DNS lookup failed: address 'www.metta.lk' not found: [Errno -2] Name or service not known."
"http://www.metta.lk/tipitaka/" - "DNS lookup failed: address 'www.metta.lk' not found: [Errno -2] Name or service not known."
"https://tools.wmflabs.org/wikitrends/tamil-most-visited-today.html" - "User timeout caused connection failure: Getting https://tools.wmflabs.org/wikitrends/tamil-most-visited-today.html took longer than 20.0 seconds.."
"https://upload.wikimedia.org/wikipedia/commons/7/7b/Toolserver_and_Wikimedia_Labs_-_San_Francisco_Wikipedia_Hackathon_2012.ogv" - "User timeout caused connection failure: Getting https://upload.wikimedia.org/wikipedia/commons/7/7b/Toolserver_and_Wikimedia_Labs_-_San_Francisco_Wikipedia_Hackathon_2012.ogv took longer than 20.0 seconds.."
"http://wapedia.mobi/mwl/" - "DNS lookup failed: address 'wapedia.mobi' not found: [Errno -2] Name or service not known."
"http://lilurl.sourceforge.net/" - "[<twisted.python.failure.Failure twisted.internet.error.ConnectionLost: Connection to the other side was lost in a non-clean fashion.>]"
"http://tools.wmflabs.org/wikitrends/telugu-uptrends-this-week.html" - "User timeout caused connection failure: Getting http://tools.wmflabs.org/wikitrends/telugu-uptrends-this-week.html took longer than 20.0 seconds.."
"https://tools.wmflabs.org/meta/globalgroups/" - "User timeout caused connection failure: Getting https://tools.wmflabs.org/meta/globalgroups/ took longer than 20.0 seconds.."
"http://userscripts.org/scripts/review/12529" - "User timeout caused connection failure."
"https://tools.wmflabs.org/krdbot/otrs/" - "User timeout caused connection failure: Getting https://tools.wmflabs.org/krdbot/otrs/ took longer than 20.0 seconds.."
"http://wikimedia.ge/" - "DNS lookup failed: address 'wikimedia.ge' not found: [Errno -2] Name or service not known."
"http://wikimedia.bw/" - "DNS lookup failed: address 'wikimedia.bw' not found: [Errno -2] Name or service not known."
"http://www.wikimedia.org.mo/wiki/index.php/%E6%BE%B3%E9%96%80%E7%B6%AD%E5%9F%BA%E5%AA%92%E9%AB%94%E5%8D%94%E6%9C%83%E7%B5%84%E7%B9%94%E6%9E%B6%E6%A7%8B" - "DNS lookup failed: address 'www.wikimedia.org.mo' not found: [Errno -2] Name or service not known."
"http://reduex.unex.es/cala/mod/resource/view.php?ide=13" - "DNS lookup failed: address 'reduex.unex.es' not found: [Errno -2] Name or service not known."
"http://wiki.myquran.org/" - "DNS lookup failed: address 'wiki.myquran.org' not found: [Errno -2] Name or service not known."
"http://wikimedia.org.mo/" - "DNS lookup failed: address 'wikimedia.org.mo' not found: [Errno -2] Name or service not known."
"http://www.translatewiki.net/" - "DNS lookup failed: address 'www.translatewiki.net' not found: [Errno -2] Name or service not known."
"http://freecode.com/search?with=309" - "[<twisted.python.failure.Failure twisted.internet.error.ConnectionLost: Connection to the other side was lost in a non-clean fashion.>]"
"http://tools.wmflabs.org/wm-bot/logs" - "User timeout caused connection failure: Getting http://tools.wmflabs.org/wm-bot/logs took longer than 20.0 seconds.."
"https://upload.wikimedia.org/wikipedia/commons/3/37/Translating_the_wiki_way.webm" - "User timeout caused connection failure: Getting https://upload.wikimedia.org/wikipedia/commons/3/37/Translating_the_wiki_way.webm took longer than 20.0 seconds.."
"http://www.omtim.com/" - "DNS lookup failed: address 'www.omtim.com' not found: [Errno -2] Name or service not known."
"http://tools.wmflabs.org/wikitrends/hindi-most-visited-this-month.html" - "User timeout caused connection failure: Getting http://tools.wmflabs.org/wikitrends/hindi-most-visited-this-month.html took longer than 20.0 seconds.."
"http://tools.wmflabs.org/wikitrends/hindi-most-visited-this-week.html" - "User timeout caused connection failure: Getting http://tools.wmflabs.org/wikitrends/hindi-most-visited-this-week.html took longer than 20.0 seconds.."
"http://szugat.gmxhome.de/" - "User timeout caused connection failure."
"https://upload.wikimedia.org/wikipedia/commons/3/31/Ward_Cunningham,_Inventor_of_the_Wiki.webm" - "User timeout caused connection failure: Getting https://upload.wikimedia.org/wikipedia/commons/3/31/Ward_Cunningham,_Inventor_of_the_Wiki.webm took longer than 20.0 seconds.."
"http://europe.eu.int/smartapi/cgi/sga_doc?lg=en&model=guichett&numdoc=31993L0098&smartapi%21celexapi%21prod%21CELEXnumdoc=" - "DNS lookup failed: address 'europe.eu.int' not found: [Errno -2] Name or service not known."
"http://opencert.iist.unu.edu/" - "DNS lookup failed: address 'opencert.iist.unu.edu' not found: [Errno -2] Name or service not known."
"http://springerlink.metapress.com/app/home/contribution.asp?backto=issue%2C2%2C12&journal%2C14%2C33=&linkingpublicationresults%2C1%3A100262%2C1=&referrer=parent&wasp=hf0bld3qlk0unn8f8x2m" - "Connection was refused by other side: 111: Connection refused."
"http://tools.wmflabs.org/wikitrends/hindi-most-visited-today.html" - "User timeout caused connection failure: Getting http://tools.wmflabs.org/wikitrends/hindi-most-visited-today.html took longer than 20.0 seconds.."
"https://tools.wmflabs.org/meetbot/wikimedia-office/2014/wikimedia-office.2014-03-28-17.04.html" - "User timeout caused connection failure: Getting https://tools.wmflabs.org/meetbot/wikimedia-office/2014/wikimedia-office.2014-03-28-17.04.html took longer than 20.0 seconds.."
"http://thechangelog.com/" - "User timeout caused connection failure."
"http://muznews.rockzvuk.com/news/pervaja_v_mire_muzykalnaja_opera_s_otkrytymi_iskhodnikami/2012-01-25-202" - "User timeout caused connection failure."
"https://lb.wikidata.org/" - "DNS lookup failed: address 'lb.wikidata.org' not found: [Errno -2] Name or service not known."
"http://www.ceeba.at/" - "DNS lookup failed: address 'www.ceeba.at' not found: [Errno -2] Name or service not known."
"https://tools.wmflabs.org/meetbot/wikimedia-office/2014/wikimedia-office.2014-04-22-03.30.log.html" - "User timeout caused connection failure: Getting https://tools.wmflabs.org/meetbot/wikimedia-office/2014/wikimedia-office.2014-04-22-03.30.log.html took longer than 20.0 seconds.."
"http://frwebgate.access.gpo.gov/cgi-bin/usc.cgi?ACTION=BROWSE&title=26usc" - "[<twisted.python.failure.Failure twisted.internet.error.ConnectionLost: Connection to the other side was lost in a non-clean fashion.>]"
"http://www.yogaunity.org/" - "DNS lookup failed: address 'www.yogaunity.org' not found: [Errno -2] Name or service not known."
"https://tools.wmflabs.org/meetbot/wikimedia-office/2014/wikimedia-office.2014-05-14-18.01.html" - "User timeout caused connection failure: Getting https://tools.wmflabs.org/meetbot/wikimedia-office/2014/wikimedia-office.2014-05-14-18.01.html took longer than 20.0 seconds.."
"http://tfcny.fdncenter.org/990s/990search/esearch.php" - "User timeout caused connection failure."
"https://tools.wmflabs.org/meetbot/wikimedia-office/2014/wikimedia-office.2014-06-17-17.32.log.html" - "User timeout caused connection failure: Getting https://tools.wmflabs.org/meetbot/wikimedia-office/2014/wikimedia-office.2014-06-17-17.32.log.html took longer than 20.0 seconds.."
"https://tools.wmflabs.org/wm-bot/logs/index.php?display=%23wikimedia-office" - "User timeout caused connection failure: Getting https://tools.wmflabs.org/wm-bot/logs/index.php?display=%23wikimedia-office took longer than 20.0 seconds.."
"https://bots.wmflabs.org/~wm-bot/logs/#wikimedia-office/?C=M&O=D" - "User timeout caused connection failure: Getting https://bots.wmflabs.org/~wm-bot/logs/ took longer than 20.0 seconds.."
"http://projectmanagementwiki.org/" - "DNS lookup failed: address 'projectmanagementwiki.org' not found: [Errno -2] Name or service not known."
"https://tools.wmflabs.org/pirsquared/hakka_conversion/hakka.php" - "User timeout caused connection failure: Getting https://tools.wmflabs.org/pirsquared/hakka_conversion/hakka.php took longer than 20.0 seconds.."
"http://bots.wmflabs.org/~wm-bot/logs/#wikimedia-office/20151215.txt" - "User timeout caused connection failure: Getting http://bots.wmflabs.org/~wm-bot/logs/ took longer than 20.0 seconds.."
"http://pr.bank.gov.ua/ukr/konkurs.php" - "DNS lookup failed: address 'pr.bank.gov.ua' not found: [Errno -2] Name or service not known."
"http://pr.bank.gov.ua/ukr/arhive_news.php?news_id=431" - "DNS lookup failed: address 'pr.bank.gov.ua' not found: [Errno -2] Name or service not known."
"http://www.collection.mumisma.ru/Laws/Ukr/Grn/nlug6.htm" - "DNS lookup failed: address 'www.collection.mumisma.ru' not found: [Errno -2] Name or service not known."
"http://conflict.rbc.ua/rus/sovet-kryma-sozdal-bank-kryma-provozglasil-ofitsialnymi-17032014114800" - "[<twisted.python.failure.Failure twisted.web._newclient.ParseError: (u'wrong number of parts', 'HTTP/1.1 404')>]"
"https://tools.wmflabs.org/glamtools/treeviews/" - "User timeout caused connection failure: Getting https://tools.wmflabs.org/glamtools/treeviews/ took longer than 20.0 seconds.."
"http://money.whoyougle.ru/JPY" - "DNS lookup failed: address 'money.whoyougle.ru' not found: [Errno -2] Name or service not known."
"http://www.evp.edu.py/index.php?title=Portada" - "DNS lookup failed: address 'www.evp.edu.py' not found: [Errno -2] Name or service not known."
"http://articulus.com.ua/2008/02/12/kak-zashhishhayut-ot-poddelok-dollary-ssha/" - "DNS lookup failed: address 'articulus.com.ua' not found: [Errno -2] Name or service not known."
"https://tools.wmflabs.org/reasonator/?q=Q42" - "User timeout caused connection failure: Getting https://tools.wmflabs.org/reasonator/?q=Q42 took longer than 20.0 seconds.."
"http://money.whoyougle.ru/USD" - "DNS lookup failed: address 'money.whoyougle.ru' not found: [Errno -2] Name or service not known."
"https://tools.wmflabs.org/geohack/geohack.php?pagename=Pinacoteca_do_Estado_de_S%C3%A3o_Paulo&params=23.5342_S_46.6336_W_source%3Akolossus-frwiki" - "User timeout caused connection failure: Getting https://tools.wmflabs.org/geohack/geohack.php?pagename=Pinacoteca_do_Estado_de_S%C3%A3o_Paulo&params=23.5342_S_46.6336_W_source%3Akolossus-frwiki took longer than 20.0 seconds.."
"http://www.bonalingvo.it/index.php/%C4%88i-tiu_Esperanto_estus_turka" - "DNS lookup failed: address 'www.bonalingvo.it' not found: [Errno -2] Name or service not known."
"http://mediahunter.ru/blog/308.html" - "DNS lookup failed: address 'mediahunter.ru' not found: [Errno -2] Name or service not known."
"http://www.rickharrison.com/language/bloated.html" - "DNS lookup failed: address 'www.rickharrison.com' not found: [Errno -2] Name or service not known."
"http://dok.esperantic.org/ced/eurlan.htm" - "DNS lookup failed: address 'dok.esperantic.org' not found: [Errno -2] Name or service not known."
"http://home.att.net/~el_sxadaj/kbiblio.htm" - "DNS lookup failed: address 'home.att.net' not found: [Errno -2] Name or service not known."
"http://data.aad.gov.au/aadc/gaz/scar/display_name.cfm?gaz_id=136818" - "[<twisted.python.failure.Failure twisted.internet.error.ConnectionDone: Connection was closed cleanly.>]"
"https://tools.wmflabs.org/wsexport/tool/book.php?format=epub-3&lang=en&page=Tom+Brown%27s+School+Days+%286th+ed%29" - "User timeout caused connection failure: Getting https://tools.wmflabs.org/wsexport/tool/book.php?format=epub-3&lang=en&page=Tom+Brown%27s+School+Days+%286th+ed%29 took longer than 20.0 seconds.."
"http://www.jazeera.com.mv/" - "DNS lookup failed: address 'www.jazeera.com.mv' not found: [Errno -2] Name or service not known."
"http://www.hamaroalhi.com.mv/" - "DNS lookup failed: address 'www.hamaroalhi.com.mv' not found: [Errno -2] Name or service not known."
"http://www.miadhu.com.mv/div/index.php" - "DNS lookup failed: address 'www.miadhu.com.mv' not found: [Errno -2] Name or service not known."
"http://www.aafathisnews.com.mv/di/news/" - "DNS lookup failed: address 'www.aafathisnews.com.mv' not found: [Errno -2] Name or service not known."
"https://tools.wmflabs.org/wsexport/tool/book.php?format=pdf-a5&lang=en&page=Tom+Brown%27s+School+Days+%286th+ed%29" - "User timeout caused connection failure: Getting https://tools.wmflabs.org/wsexport/tool/book.php?format=pdf-a5&lang=en&page=Tom+Brown%27s+School+Days+%286th+ed%29 took longer than 20.0 seconds.."
"https://www.pcworld.com/article/202452/why_linux_is_more_secure_than_windows.html" - "User timeout caused connection failure."
"http://minidonations.org/2010/02/social-benefit-organization/" - "User timeout caused connection failure."
"https://tools.wmflabs.org/wsexport/tool/book.php?format=rtf&lang=en&page=Tom+Brown%27s+School+Days+%286th+ed%29" - "User timeout caused connection failure: Getting https://tools.wmflabs.org/wsexport/tool/book.php?format=rtf&lang=en&page=Tom+Brown%27s+School+Days+%286th+ed%29 took longer than 20.0 seconds.."
"http://wapedia.mobi/ab/" - "DNS lookup failed: address 'wapedia.mobi' not found: [Errno -2] Name or service not known."
"http://wapedia.mobi/an/Portalada" - "DNS lookup failed: address 'wapedia.mobi' not found: [Errno -2] Name or service not known."
"https://ak.wikidata.org/" - "DNS lookup failed: address 'ak.wikidata.org' not found: [Errno -2] Name or service not known."
"http://co.wikipedia.7val.com/wiki/" - "DNS lookup failed: address 'co.wikipedia.7val.com' not found: [Errno -2] Name or service not known."
"http://zhursol.com/" - "DNS lookup failed: address 'zhursol.com' not found: [Errno -2] Name or service not known."
"http://www.reefnet.gov.sy/Arabic_Proficiency/12.htm" - "User timeout caused connection failure."
"http://forums.nordrus.org/" - "DNS lookup failed: address 'forums.nordrus.org' not found: [Errno -2] Name or service not known."
"http://libgen.org/comics/" - "[<twisted.python.failure.Failure twisted.internet.error.ConnectionDone: Connection was closed cleanly.>]"
"http://libgen.org/foreignfiction/" - "[<twisted.python.failure.Failure twisted.internet.error.ConnectionDone: Connection was closed cleanly.>]"
"https://tools.wmflabs.org/awb/stats" - "User timeout caused connection failure: Getting https://tools.wmflabs.org/awb/stats took longer than 20.0 seconds.."
"http://portal.perueduca.ed.pe:8080/CIApps/Curricular/Diccionario/index.htm" - "User timeout caused connection failure."
"http://www.vladstudio.com/" - "[<twisted.python.failure.Failure twisted.web._newclient.ParseError: (u'wrong number of parts', 'HTTP/1.1 301')>]"
"http://torrentpier.info/" - "DNS lookup failed: address 'torrentpier.info' not found: [Errno -2] Name or service not known."
"http://coollib.lib/" - "DNS lookup failed: address 'coollib.lib' not found: [Errno -2] Name or service not known."
"https://tools.wmflabs.org/anomiebot/available-packages.php" - "User timeout caused connection failure: Getting https://tools.wmflabs.org/anomiebot/available-packages.php took longer than 20.0 seconds.."
"http://business-forex.ru/informers.html" - "DNS lookup failed: address 'business-forex.ru' not found: [Errno -2] Name or service not known."
"http://reg.parody/" - "DNS lookup failed: address 'reg.parody' not found: [Errno -2] Name or service not known."
"http://opennic.oz/" - "DNS lookup failed: address 'opennic.oz' not found: [Errno -2] Name or service not known."
"http://reg.oss/" - "DNS lookup failed: address 'reg.oss' not found: [Errno -2] Name or service not known."
"http://register.neo/" - "DNS lookup failed: address 'register.neo' not found: [Errno -2] Name or service not known."
"http://register.fur/" - "DNS lookup failed: address 'register.fur' not found: [Errno -2] Name or service not known."
"http://reg.for.free/" - "DNS lookup failed: address 'reg.for.free' not found: [Errno -2] Name or service not known."
"http://register.gopher/" - "DNS lookup failed: address 'register.gopher' not found: [Errno -2] Name or service not known."
"http://reg.dyn/" - "DNS lookup failed: address 'reg.dyn' not found: [Errno -2] Name or service not known."
"http://grep.geek/" - "DNS lookup failed: address 'grep.geek' not found: [Errno -2] Name or service not known."
"http://seek.geek/" - "DNS lookup failed: address 'seek.geek' not found: [Errno -2] Name or service not known."
"http://www.retro.fm/" - "DNS lookup failed: address 'www.retro.fm' not found: [Errno -2] Name or service not known."
"http://register.bbs/" - "DNS lookup failed: address 'register.bbs' not found: [Errno -2] Name or service not known."
"http://nablyudatel@tv-culture.ru/" - "DNS lookup failed: address 'nablyudatel@tv-culture.ru' not found: [Errno -2] Name or service not known."
"http://slon.ru/articles/130856/" - "[<twisted.python.failure.Failure twisted.web._newclient.ParseError: (u'wrong number of parts', 'HTTP/1.1 301')>]"
"https://tools.wmflabs.org/" - "User timeout caused connection failure: Getting https://tools.wmflabs.org/ took longer than 20.0 seconds.."
"http://www.mileycyrusandherdeadpetz.com!/" - "DNS lookup failed: address 'www.mileycyrusandherdeadpetz.com!' not found: [Errno -2] Name or service not known."
"http://tools.wmflabs.org/" - "User timeout caused connection failure: Getting http://tools.wmflabs.org/ took longer than 20.0 seconds.."
"http://tools.wmflabs.org/huggle/docs/head" - "User timeout caused connection failure: Getting http://tools.wmflabs.org/huggle/docs/head took longer than 20.0 seconds.."
"http://powertracker.org/" - "User timeout caused connection failure."
"http://mesharpe.metapress.com/" - "Connection was refused by other side: 111: Connection refused."
"http://www.zhutovski.ru/" - "DNS lookup failed: address 'www.zhutovski.ru' not found: [Errno -2] Name or service not known."
"http://immigration.andrewz.org/" - "DNS lookup failed: address 'immigration.andrewz.org' not found: [Errno -2] Name or service not known."
"http://tools.wmflabs.org/h2bot/ps/?from=01-01-2013&p=year&t=2&to=31-12-2013&w=ru" - "User timeout caused connection failure: Getting http://tools.wmflabs.org/h2bot/ps/?from=01-01-2013&p=year&t=2&to=31-12-2013&w=ru took longer than 20.0 seconds.."
"http://www.strel-ka.ru/" - "DNS lookup failed: address 'www.strel-ka.ru' not found: [Errno -2] Name or service not known."
"http://lib.ec/" - "DNS lookup failed: address 'lib.ec' not found: [Errno -2] Name or service not known."
"http://visaru.info/" - "DNS lookup failed: address 'visaru.info' not found: [Errno -2] Name or service not known."
"http://usbekistan.at/" - "DNS lookup failed: address 'usbekistan.at' not found: [Errno -2] Name or service not known."
"http://www.hellas.ru/" - "DNS lookup failed: address 'www.hellas.ru' not found: [Errno -2] Name or service not known."
"http://germanyvisa.by.ru/" - "DNS lookup failed: address 'germanyvisa.by.ru' not found: [Errno -2] Name or service not known."
"http://journals.royalsociety.org/openurl.asp?doi=10.1098%2Frstb.2006.1915&genre=article" - "Connection was refused by other side: 111: Connection refused."
"http://www.mgjobs.co.za/" - "Connection was refused by other side: 111: Connection refused."
"http://tools.wmflabs.org/h2bot/reports/2013/ruwiki_pages.html" - "User timeout caused connection failure: Getting http://tools.wmflabs.org/h2bot/reports/2013/ruwiki_pages.html took longer than 20.0 seconds.."
"http://tools.wmflabs.org/h2bot/reports/2013/ruwikiquote.html" - "User timeout caused connection failure: Getting http://tools.wmflabs.org/h2bot/reports/2013/ruwikiquote.html took longer than 20.0 seconds.."
"http://wikimedia.ru/blog/2013/07/02/wikisourse-is-the-first/" - "User timeout caused connection failure: Getting http://wikimedia.ru/blog/2013/07/02/wikisourse-is-the-first/ took longer than 20.0 seconds.."
"http://tools.wmflabs.org/h2bot/reports/2013/ruwikibooks.html" - "User timeout caused connection failure: Getting http://tools.wmflabs.org/h2bot/reports/2013/ruwikibooks.html took longer than 20.0 seconds.."
"http://mega.km.ru/Health/encyclop.asp?TopicNumber=6044" - "User timeout caused connection failure."
"http://rfgost.ru/gost/319425/" - "User timeout caused connection failure."
"http://www.journals.royalsoc.ac.uk/content/q74671t476444mq5/" - "Connection was refused by other side: 111: Connection refused."
"http://journals.royalsociety.org/openurl.asp?doi=10.1098%2Frstb.2006.1914&genre=article" - "Connection was refused by other side: 111: Connection refused."
"http://simbols.ru/articles/yablonya-yabloko.html" - "Connection was refused by other side: 111: Connection refused."
"http://www.promooliveoilrussia.org/page.php?code=13" - "DNS lookup failed: address 'www.promooliveoilrussia.org' not found: [Errno -2] Name or service not known."
"http://www.relativity.ru/faq/" - "DNS lookup failed: address 'www.relativity.ru' not found: [Errno -2] Name or service not known."
"http://tools.wmflabs.org/h2bot/reports/2013/ruwikisource.html" - "User timeout caused connection failure: Getting http://tools.wmflabs.org/h2bot/reports/2013/ruwikisource.html took longer than 20.0 seconds.."
"http://tools.wmflabs.org/h2bot/reports/2013/ruwiktionary.html" - "User timeout caused connection failure: Getting http://tools.wmflabs.org/h2bot/reports/2013/ruwiktionary.html took longer than 20.0 seconds.."
"http://tools.wmflabs.org/h2bot/reports/2013/ruwiki.html" - "User timeout caused connection failure: Getting http://tools.wmflabs.org/h2bot/reports/2013/ruwiki.html took longer than 20.0 seconds.."
"http://tools.wmflabs.org/h2bot/reports/2013/ruwikinews.html" - "User timeout caused connection failure: Getting http://tools.wmflabs.org/h2bot/reports/2013/ruwikinews.html took longer than 20.0 seconds.."
"http://tools.wmflabs.org/h2bot/reports/2013/wikivoyage.html" - "User timeout caused connection failure: Getting http://tools.wmflabs.org/h2bot/reports/2013/wikivoyage.html took longer than 20.0 seconds.."
"http://eqworld.ipmnet.ru/ru/library/books/MiznerTornUiler_t3_1977ru.djvu" - "User timeout caused connection failure: Getting http://eqworld.ipmnet.ru/ru/library/books/MiznerTornUiler_t3_1977ru.djvu took longer than 20.0 seconds.."
"http://tools.wmflabs.org/h2bot/reports/2013/ruwikiversity.html" - "User timeout caused connection failure: Getting http://tools.wmflabs.org/h2bot/reports/2013/ruwikiversity.html took longer than 20.0 seconds.."
"http://eqworld.ipmnet.ru/ru/library/books/MiznerTornUiler_t2_1977ru.djvu" - "User timeout caused connection failure: Getting http://eqworld.ipmnet.ru/ru/library/books/MiznerTornUiler_t2_1977ru.djvu took longer than 20.0 seconds.."
"https://tools.wmflabs.org/geohack/geohack.php?pagename=Nuremberg&params=49_27_N_11_5_E_type%3Acity%28498876%29_region%3ADE-BY" - "User timeout caused connection failure: Getting https://tools.wmflabs.org/geohack/geohack.php?pagename=Nuremberg&params=49_27_N_11_5_E_type%3Acity%28498876%29_region%3ADE-BY took longer than 20.0 seconds.."
"http://eqworld.ipmnet.ru/ru/library/books/MiznerTornUiler_t1_1977ru.djvu" - "User timeout caused connection failure: Getting http://eqworld.ipmnet.ru/ru/library/books/MiznerTornUiler_t1_1977ru.djvu took longer than 20.0 seconds.."
"http://eqworld.ipmnet.ru/ru/library/books/Kuranskij1979ru.djvu" - "User timeout caused connection failure: Getting http://eqworld.ipmnet.ru/ru/library/books/Kuranskij1979ru.djvu took longer than 20.0 seconds.."
"https://tools.wmflabs.org/geohack/geohack.php?pagename=Nazi_party_rally_grounds&params=49.43_N_11.12_E_type%3Alandmark_region%3ADE" - "User timeout caused connection failure: Getting https://tools.wmflabs.org/geohack/geohack.php?pagename=Nazi_party_rally_grounds&params=49.43_N_11.12_E_type%3Alandmark_region%3ADE took longer than 20.0 seconds.."
"http://2000.net.ua/c/45842" - "User timeout caused connection failure."
