"http://www.cossa.ru/news/244/113800/" - "User timeout caused connection failure: Getting http://www.cossa.ru/news/244/113800/ took longer than 20.0 seconds.."
"https://changelog.com/" - "[<twisted.python.failure.Failure OpenSSL.SSL.Error: [('SSL routines', 'ssl3_read_bytes', 'ssl handshake failure')]>]"
"http://www.zhukova.info/" - "User timeout caused connection failure."
"http://english" - "DNS lookup failed: address 'english' not found: [Errno -2] Name or service not known."
"http://www.komitee.r2.ru/" - "DNS lookup failed: address 'www.komitee.r2.ru' not found: [Errno -2] Name or service not known."
"http://www.ng-saratov.ru/" - "DNS lookup failed: address 'www.ng-saratov.ru' not found: [Errno -2] Name or service not known."
"http://%D0%BE%D0%B1%D0%BB%D0%B0%D1%81%D1%82%D1%8C%D0%B1%D1%83%D0%B4%D1%83%D1%89%D0%B5%D0%B3%D0%BE.%D1%80%D1%84/" - "DNS lookup failed: address '%D0%BE%D0%B1%D0%BB%D0%B0%D1%81%D1%82%D1%8C%D0%B1%D1%83%D0%B4%D1%83%D1%89%D0%B5%D0%B3%D0%BE.%D1%80%D1%84' not found: [Errno -2] Name or service not known."
"http://nazdem.info/" - "DNS lookup failed: address 'nazdem.info' not found: [Errno -2] Name or service not known."
"http://www.informationweek.com/blog/main/archives/2008/01/the_five_open_s.html" - "[<twisted.python.failure.Failure twisted.internet.error.ConnectionLost: Connection to the other side was lost in a non-clean fashion.>]"
"http://wwp.mirabilis.com/scripts/Search.dll?to=4746435" - "DNS lookup failed: address 'wwp.mirabilis.com' not found: [Errno -2] Name or service not known."
"http://www.krl-uprava.ru/" - "DNS lookup failed: address 'www.krl-uprava.ru' not found: [Errno -2] Name or service not known."
"http://www.bezproblem.spb.ru/" - "[<twisted.python.failure.Failure twisted.internet.error.ConnectionDone: Connection was closed cleanly.>, <twisted.python.failure.Failure twisted.web.http._DataLoss: >]"
"http://www.%D0%BB%D0%B5%D1%82%D0%BA%D0%B0.%D1%80%D1%84/" - "DNS lookup failed: address 'www.%D0%BB%D0%B5%D1%82%D0%BA%D0%B0.%D1%80%D1%84' not found: [Errno -2] Name or service not known."
"http://kazakikerchi.com.ua/index.php/kerch-cossack-union.html" - "DNS lookup failed: address 'kazakikerchi.com.ua' not found: [Errno -2] Name or service not known."
"http://www.gosuslugi.ru/ru/" - "[<twisted.python.failure.Failure twisted.internet.error.ConnectionDone: Connection was closed cleanly.>]"
"http://www.lrt.lt/mediateka/laidos/D/2036/dabar_pasaulyje_rusu_kalba_" - "DNS lookup failed: address 'www.lrt.lt' not found: [Errno -2] Name or service not known."
"http://www.ifolder.com/" - "DNS lookup failed: address 'www.ifolder.com' not found: [Errno -2] Name or service not known."
"http://www.panyathai.or.th/wiki" - "DNS lookup failed: address 'www.panyathai.or.th' not found: [Errno -2] Name or service not known."
"http://freshmeat.net/releases/169180/" - "[<twisted.python.failure.Failure twisted.internet.error.ConnectionLost: Connection to the other side was lost in a non-clean fashion.>]"
"https://http://ur.wikipedia.org/wiki/TRADEMARK" - "DNS lookup failed: address 'http' not found: [Errno -2] Name or service not known."
"http://www.palungjitrescuedisaster.com/wiki/" - "DNS lookup failed: address 'www.palungjitrescuedisaster.com' not found: [Errno -2] Name or service not known."
"http://wikipedia.sourceforge.net/" - "[<twisted.python.failure.Failure twisted.internet.error.ConnectionLost: Connection to the other side was lost in a non-clean fashion.>]"
"http://www.linkbuildingservices4u.com/" - "DNS lookup failed: address 'www.linkbuildingservices4u.com' not found: [Errno -2] Name or service not known."
"http://lpnschoolsblog.com/" - "DNS lookup failed: address 'lpnschoolsblog.com' not found: [Errno -2] Name or service not known."
"http://www.thegrizasonline.com/inmotion-hosting-review-inmotion-hosting-coupon" - "An error occurred while connecting: 104: Connection reset by peer."
"http://www.translatewiki.net/" - "DNS lookup failed: address 'www.translatewiki.net' not found: [Errno -2] Name or service not known."
"http://sta-sta.ru/?p=36279" - "User timeout caused connection failure: Getting http://sta-sta.ru/?p=36279 took longer than 20.0 seconds.."
"http://reduex.unex.es/cala/mod/resource/view.php?ide=13" - "DNS lookup failed: address 'reduex.unex.es' not found: [Errno -2] Name or service not known."
"http://www.omtim.com/" - "DNS lookup failed: address 'www.omtim.com' not found: [Errno -2] Name or service not known."
"http://runews.radeant.com/" - "DNS lookup failed: address 'runews.radeant.com' not found: [Errno -2] Name or service not known."
"http://wiki.myquran.org/" - "DNS lookup failed: address 'wiki.myquran.org' not found: [Errno -2] Name or service not known."
"http://freecode.com/search?with=309" - "[<twisted.python.failure.Failure twisted.internet.error.ConnectionLost: Connection to the other side was lost in a non-clean fashion.>]"
"http://opencert.iist.unu.edu/" - "DNS lookup failed: address 'opencert.iist.unu.edu' not found: [Errno -2] Name or service not known."
"http://politzeki.mypeople.ru/" - "User timeout caused connection failure."
"http://www.sps.ru/" - "User timeout caused connection failure."
"http://piratebrowser.com/" - "[<twisted.python.failure.Failure twisted.internet.error.ConnectionLost: Connection to the other side was lost in a non-clean fashion.>]"
"http://springerlink.metapress.com/app/home/contribution.asp?backto=issue%2C2%2C12&journal%2C14%2C33=&linkingpublicationresults%2C1%3A100262%2C1=&referrer=parent&wasp=hf0bld3qlk0unn8f8x2m" - "Connection was refused by other side: 111: Connection refused."
"http://www.yogaunity.org/" - "DNS lookup failed: address 'www.yogaunity.org' not found: [Errno -2] Name or service not known."
"http://%D0%A7%D0%B5%D1%80%D0%B5%D1%88%D0%BD%D1%8F/" - "DNS lookup failed: address '%D0%A7%D0%B5%D1%80%D0%B5%D1%88%D0%BD%D1%8F' not found: [Errno -2] Name or service not known."
"http://www.crusaders.pro/" - "DNS lookup failed: address 'www.crusaders.pro' not found: [Errno -2] Name or service not known."
"https://ipv6.lurkmore.to/" - "DNS lookup failed: address 'ipv6.lurkmore.to' not found: [Errno -2] Name or service not known."
"http://mixmag.ru/" - "DNS lookup failed: address 'mixmag.ru' not found: [Errno -2] Name or service not known."
"http://tribuna.ru/" - "DNS lookup failed: address 'tribuna.ru' not found: [Errno -2] Name or service not known."
"http://wiki.noreply.org/noreply/TheOnionRouter/TorFAQ" - "DNS lookup failed: address 'wiki.noreply.org' not found: [Errno -2] Name or service not known."
"http://www.svoboda.or/" - "DNS lookup failed: address 'www.svoboda.or' not found: [Errno -2] Name or service not known."
"http://www.svobo/" - "DNS lookup failed: address 'www.svobo' not found: [Errno -2] Name or service not known."
"http://projectmanagementwiki.org/" - "DNS lookup failed: address 'projectmanagementwiki.org' not found: [Errno -2] Name or service not known."
"http://sdm.sourceforge.net/" - "[<twisted.python.failure.Failure twisted.internet.error.ConnectionLost: Connection to the other side was lost in a non-clean fashion.>]"
"http://3ginet.org.ua/stati" - "DNS lookup failed: address '3ginet.org.ua' not found: [Errno -2] Name or service not known."
"http://privacy.hro.org/" - "DNS lookup failed: address 'privacy.hro.org' not found: [Errno -2] Name or service not known."
"http://%D0%B2%D0%B5%D0%BB%D0%B8%D0%BA%D0%BE%D0%B9%D0%BF%D0%BE%D0%B1%D0%B5%D0%B4%D0%B570.%D1%80%D1%84/" - "DNS lookup failed: address '%D0%B2%D0%B5%D0%BB%D0%B8%D0%BA%D0%BE%D0%B9%D0%BF%D0%BE%D0%B1%D0%B5%D0%B4%D0%B570.%D1%80%D1%84' not found: [Errno -2] Name or service not known."
"http://wos.anho.org/security/" - "DNS lookup failed: address 'wos.anho.org' not found: [Errno -2] Name or service not known."
"http://truecrypt.sourceforge.net/" - "[<twisted.python.failure.Failure twisted.internet.error.ConnectionLost: Connection to the other side was lost in a non-clean fashion.>]"
"http://localhost:7657/tunnels.jsp" - "Connection was refused by other side: 111: Connection refused."
"http://localhost:7657/i2ptunnel/index.jsp" - "Connection was refused by other side: 111: Connection refused."
"http://truecrypt.org/" - "DNS lookup failed: address 'truecrypt.org' not found: [Errno -2] Name or service not known."
"http://gaim-encryption.sourceforge.net/" - "[<twisted.python.failure.Failure twisted.internet.error.ConnectionLost: Connection to the other side was lost in a non-clean fashion.>]"
"http://localhost:7658/" - "Connection was refused by other side: 111: Connection refused."
"http://localhost:7657/i2psnark" - "Connection was refused by other side: 111: Connection refused."
"http://politzeki.voinenet.ru/index.php?aid=16623" - "DNS lookup failed: address 'politzeki.voinenet.ru' not found: [Errno -2] Name or service not known."
"http://politzeki.voinenet.ru/index.php?aid=16527" - "DNS lookup failed: address 'politzeki.voinenet.ru' not found: [Errno -2] Name or service not known."
"http://www.sim4fly.com/" - "DNS lookup failed: address 'www.sim4fly.com' not found: [Errno -2] Name or service not known."
"http://www.stepkin.ru/" - "DNS lookup failed: address 'www.stepkin.ru' not found: [Errno -2] Name or service not known."
"http://www.bookinist.su/book465308.html" - "DNS lookup failed: address 'www.bookinist.su' not found: [Errno -2] Name or service not known."
"http://www.politzeki.voinenet.ru/index.php?aid=16523" - "DNS lookup failed: address 'www.politzeki.voinenet.ru' not found: [Errno -2] Name or service not known."
"https://upload.wikimedia.org/wikipedia/commons/3/31/Ward_Cunningham,_Inventor_of_the_Wiki.webm" - "User timeout caused connection failure: Getting https://upload.wikimedia.org/wikipedia/commons/3/31/Ward_Cunningham,_Inventor_of_the_Wiki.webm took longer than 20.0 seconds.."
"http://www.yukos.ru/main.shtml" - "DNS lookup failed: address 'www.yukos.ru' not found: [Errno -2] Name or service not known."
"http://www.svetlanabakhmina.com/" - "DNS lookup failed: address 'www.svetlanabakhmina.com' not found: [Errno -2] Name or service not known."
"http://localhost:7657/susidns/index.jsp" - "Connection was refused by other side: 111: Connection refused."
"http://www.khodorkovskytrial.com/" - "DNS lookup failed: address 'www.khodorkovskytrial.com' not found: [Errno -2] Name or service not known."
"http://localhost:7657/susimail/susimail" - "Connection was refused by other side: 111: Connection refused."
"http://mashaalradio.com%20/" - "DNS lookup failed: address 'mashaalradio.com%20' not found: [Errno -2] Name or service not known."
"http://www.anonymizer.ru/checklogin.php3" - "DNS lookup failed: address 'www.anonymizer.ru' not found: [Errno -2] Name or service not known."
"http://www.anonymizer.ru/vkontakte.php" - "DNS lookup failed: address 'www.anonymizer.ru' not found: [Errno -2] Name or service not known."
"https://www.pcworld.com/article/202452/why_linux_is_more_secure_than_windows.html" - "User timeout caused connection failure."
"http://muznews.rockzvuk.com/news/pervaja_v_mire_muzykalnaja_opera_s_otkrytymi_iskhodnikami/2012-01-25-202" - "User timeout caused connection failure."
"http://www.anonymizer.ru/odnoklassniki.php" - "DNS lookup failed: address 'www.anonymizer.ru' not found: [Errno -2] Name or service not known."
"http://www.anonymizer.ru/" - "DNS lookup failed: address 'www.anonymizer.ru' not found: [Errno -2] Name or service not known."
"http://forum.anonymizer.ru/" - "DNS lookup failed: address 'forum.anonymizer.ru' not found: [Errno -2] Name or service not known."
"http://bookstore.uz/context/detail/4522589/" - "DNS lookup failed: address 'bookstore.uz' not found: [Errno -2] Name or service not known."
"https://upload.wikimedia.org/wikipedia/commons/3/37/Translating_the_wiki_way.webm" - "User timeout caused connection failure: Getting https://upload.wikimedia.org/wikipedia/commons/3/37/Translating_the_wiki_way.webm took longer than 20.0 seconds.."
"http://szugat.gmxhome.de/" - "User timeout caused connection failure."
"http://userscripts.org/scripts/review/12529" - "User timeout caused connection failure."
"http://wiki.nectec.or.th/" - "User timeout caused connection failure."
"http://www.lebrandcorp.ru/" - "User timeout caused connection failure."
"http://kalinspb.ru/" - "User timeout caused connection failure."
"http://www.iovrf.ru/" - "User timeout caused connection failure: Getting http://www.iovrf.ru/ took longer than 20.0 seconds.."
"http://rapidshare.com/files/159120317/barrier10302008.mp3.html" - "User timeout caused connection failure."
"http://anobox.ru/" - "User timeout caused connection failure."
