"http://www.web-contact.com/" - "[<twisted.python.failure.Failure twisted.web._newclient.ParseError: (u'wrong number of parts', 'HTTP/1.1 200')>]"
"http://www.cars.ru:8081/articles/news/133261/?utm_source=feedburner&utm_medium=feed&utm_campaign=Feed%3A+carsru%2Fnews+%28CARS.ru+-+News%29" - "User timeout caused connection failure."
"http://%D0%BF%D0%B0%D0%BD%D1%81%D0%B8%D0%BE%D0%BD%D0%B0%D1%82-%D0%B4%D1%80%D1%83%D0%B6%D0%BE%D0%BA.%D1%80%D1%84/" - "DNS lookup failed: address '%D0%BF%D0%B0%D0%BD%D1%81%D0%B8%D0%BE%D0%BD%D0%B0%D1%82-%D0%B4%D1%80%D1%83%D0%B6%D0%BE%D0%BA.%D1%80%D1%84' not found: [Errno -2] Name or service not known."
"http://tribuna.ru/" - "DNS lookup failed: address 'tribuna.ru' not found: [Errno -2] Name or service not known."
"http://%D0%BD%D0%B5%D0%BA%D1%81%D1%82.su/" - "DNS lookup failed: address '%D0%BD%D0%B5%D0%BA%D1%81%D1%82.su' not found: [Errno -2] Name or service not known."
"http://webmail.ur.ru/" - "DNS lookup failed: address 'webmail.ur.ru' not found: [Errno -2] Name or service not known."
"http://ww.inmailbox.jimdo.com/" - "DNS lookup failed: address 'ww.inmailbox.jimdo.com' not found: [Errno -2] Name or service not known."
"http://only4u.su/" - "DNS lookup failed: address 'only4u.su' not found: [Errno -2] Name or service not known."
"http://yuvma.od.ua/" - "DNS lookup failed: address 'yuvma.od.ua' not found: [Errno -2] Name or service not known."
"http://beautygroup.com.ua/" - "DNS lookup failed: address 'beautygroup.com.ua' not found: [Errno -2] Name or service not known."
"http://http://avtobab.ru/public/tehnologii/avto/422-kupit-avto-s-probegom-plyusy-i-minusy-takoy-pokupki.html" - "DNS lookup failed: address 'http' not found: [Errno -2] Name or service not known."
"http://%D0%B1%D0%B0%D0%B9%D0%BA%D0%B8.%D1%83%D0%BA%D1%80/" - "DNS lookup failed: address '%D0%B1%D0%B0%D0%B9%D0%BA%D0%B8.%D1%83%D0%BA%D1%80' not found: [Errno -2] Name or service not known."
"http://maksnik.org.ua/" - "DNS lookup failed: address 'maksnik.org.ua' not found: [Errno -2] Name or service not known."
"http://best.maksnik.com/" - "DNS lookup failed: address 'best.maksnik.com' not found: [Errno -2] Name or service not known."
"http://web.maksnik.com/" - "DNS lookup failed: address 'web.maksnik.com' not found: [Errno -2] Name or service not known."
"http://sexi.maksnik.com/" - "DNS lookup failed: address 'sexi.maksnik.com' not found: [Errno -2] Name or service not known."
"http://porno.maksnik.com/" - "DNS lookup failed: address 'porno.maksnik.com' not found: [Errno -2] Name or service not known."
"http://http://izvestia.ru/" - "DNS lookup failed: address 'http' not found: [Errno -2] Name or service not known."
"http://corptest.nxt.ru/" - "DNS lookup failed: address 'corptest.nxt.ru' not found: [Errno -2] Name or service not known."
"http://strinds-smu1.ru/" - "DNS lookup failed: address 'strinds-smu1.ru' not found: [Errno -2] Name or service not known."
"http://mail.strinds-smu1.ru/" - "DNS lookup failed: address 'mail.strinds-smu1.ru' not found: [Errno -2] Name or service not known."
"http://mail.baskinrobbins.ru/" - "DNS lookup failed: address 'mail.baskinrobbins.ru' not found: [Errno -2] Name or service not known."
"http://rostov.tn.ru/" - "DNS lookup failed: address 'rostov.tn.ru' not found: [Errno -2] Name or service not known."
"http://mail.kur.ru/" - "DNS lookup failed: address 'mail.kur.ru' not found: [Errno -2] Name or service not known."
"http://fftv.ru/" - "DNS lookup failed: address 'fftv.ru' not found: [Errno -2] Name or service not known."
"http://%EF%E5%F0%F1%EE%ED%E0%EB%FC%ED%FB%E5%E4%E0%ED%ED%FB%E5.%E4%E5%F2%E8/" - "DNS lookup failed: address '%EF%E5%F0%F1%EE%ED%E0%EB%FC%ED%FB%E5%E4%E0%ED%ED%FB%E5.%E4%E5%F2%E8' not found: [Errno -2] Name or service not known."
"http://%D0%B2%D0%B8%D0%BF-%D0%BF%D0%BE%D1%87%D1%82%D0%B0.%D1%80%D1%84/" - "DNS lookup failed: address '%D0%B2%D0%B8%D0%BF-%D0%BF%D0%BE%D1%87%D1%82%D0%B0.%D1%80%D1%84' not found: [Errno -2] Name or service not known."
"http://%D0%93%D0%B0%D0%B7%D0%B5%D1%82%D0%B0.ru/" - "DNS lookup failed: address '%D0%93%D0%B0%D0%B7%D0%B5%D1%82%D0%B0.ru' not found: [Errno -2] Name or service not known."
"http://icant.ru/" - "DNS lookup failed: address 'icant.ru' not found: [Errno -2] Name or service not known."
"https://yota.ru/" - "[<twisted.python.failure.Failure twisted.internet.error.ConnectionDone: Connection was closed cleanly.>]"
"http://auto.drom.ru/addbull/" - "[<twisted.python.failure.Failure twisted.web._newclient.ParseError: (u'wrong number of parts', 'HTTP/1.1 200')>]"
"http://www.russian.rt.com/" - "DNS lookup failed: address 'www.russian.rt.com' not found: [Errno -2] Name or service not known."
"http://www.ag.ru/" - "[<twisted.python.failure.Failure twisted.web._newclient.ParseError: (u'wrong number of parts', 'HTTP/1.1 200')>]"
"http://www.vgorode.ru/promo?link_id=107" - "DNS lookup failed: address 'www.vgorode.ru' not found: [Errno -2] Name or service not known."
"http://vgorode.ru/" - "DNS lookup failed: address 'vgorode.ru' not found: [Errno -2] Name or service not known."
"http://passport.yandex.ru/for/nextmail.ru/?mode=restore" - "User timeout caused connection failure."
"http://vecherexplain.com/" - "User timeout caused connection failure."
"http://mail.velton-krsn.ru/" - "User timeout caused connection failure."
"http://mailbox.su/" - "User timeout caused connection failure: Getting http://mailbox.su/ took longer than 20.0 seconds.."
"http://www.pochta.ws/" - "User timeout caused connection failure."
