"http://new-faceparty.com" - "DNS lookup failed: address 'new-faceparty.com' not found: [Errno -2] Name or service not known."
"http://roman-kalinin.com" - "DNS lookup failed: address 'roman-kalinin.com' not found: [Errno -2] Name or service not known."
"http://manual.ucoz.nethttp://manual.ucoz.net/board/36" - "DNS lookup failed: address 'manual.ucoz.nethttp' not found: [Errno -2] Name or service not known."
"http://guid.%s/" - "DNS lookup failed: address 'guid.%s' not found: [Errno -2] Name or service not known."
"http://visual-group.com.ua/" - "DNS lookup failed: address 'visual-group.com.ua' not found: [Errno -2] Name or service not known."
"http://manual.ucoz.nethttp://manual.ucoz.net/board/44" - "DNS lookup failed: address 'manual.ucoz.nethttp' not found: [Errno -2] Name or service not known."
"http://manual.ucoz.nethttp://manual.ucoz.net/board/30" - "DNS lookup failed: address 'manual.ucoz.nethttp' not found: [Errno -2] Name or service not known."
"http://fc-arsenal.uz/" - "DNS lookup failed: address 'fc-arsenal.uz' not found: [Errno -2] Name or service not known."
"http://www.konami.comgames/browse/?gameType=Console_Games&genre=Trading+Card+Game+" - "DNS lookup failed: address 'www.konami.comgames' not found: [Errno -2] Name or service not known."
"http://%D0%93%D0%B0%D0%B7%D0%B5%D1%82%D0%B0.ru/" - "DNS lookup failed: address '%D0%93%D0%B0%D0%B7%D0%B5%D1%82%D0%B0.ru' not found: [Errno -2] Name or service not known."
"http://www.julidoll.ru/glav.php" - "DNS lookup failed: address 'www.julidoll.ru' not found: [Errno -2] Name or service not known."
"http://%D0%BA%D1%83%D0%BA%D0%BB%D0%B0%D1%8F.%D1%80%D1%84/" - "DNS lookup failed: address '%D0%BA%D1%83%D0%BA%D0%BB%D0%B0%D1%8F.%D1%80%D1%84' not found: [Errno -2] Name or service not known."
"http://www.***/" - "DNS lookup failed: address 'www.***' not found: [Errno -2] Name or service not known."
"http://bpb-team.2x4.ru/" - "DNS lookup failed: address 'bpb-team.2x4.ru' not found: [Errno -2] Name or service not known."
"http://mrl.cj2a.ru/forum/index.php" - "DNS lookup failed: address 'mrl.cj2a.ru' not found: [Errno -2] Name or service not known."
"http://dezteam.ru/" - "DNS lookup failed: address 'dezteam.ru' not found: [Errno -2] Name or service not known."
"http://ilosos.kiev.ua/" - "DNS lookup failed: address 'ilosos.kiev.ua' not found: [Errno -2] Name or service not known."
"http://multiv.mp/" - "DNS lookup failed: address 'multiv.mp' not found: [Errno -2] Name or service not known."
"http://passport.yandex.ru/passport?mode=restore" - "User timeout caused connection failure."
"http://socialclub.rockstargames.com/crew/efo_team" - "User timeout caused connection failure."
