"http://e-mmm.com" - "DNS lookup failed: address 'e-mmm.com' not found: [Errno -2] Name or service not known."
"https://www.i.instagram.com/smart_realt/" - "DNS lookup failed: address 'www.i.instagram.com' not found: [Errno -2] Name or service not known."
"http://ur1.ca/g2mxn" - "User timeout caused connection failure."
"https://www.i.instagram.com/symbalby/" - "DNS lookup failed: address 'www.i.instagram.com' not found: [Errno -2] Name or service not known."
"http://biz-new.office.liga.net/all/prodovolstvie/intervyu/3171064-agrokhozyaystvo-akhmetova-voyna-voynoy-a-agrobiznes-po-raspisaniyu.htm" - "DNS lookup failed: address 'biz-new.office.liga.net' not found: [Errno -2] Name or service not known."
"http://kemhubri.dephub.go.id/knkt/ntsc_aviation/baru/Final%20Report%20PK-AXC.pdf" - "User timeout caused connection failure: Getting http://kemhubri.dephub.go.id/knkt/ntsc_aviation/baru/Final%20Report%20PK-AXC.pdf took longer than 20.0 seconds.."
"https://www.webcreationuk.co.uk/" - "[<twisted.python.failure.Failure OpenSSL.SSL.Error: [('SSL routines', 'ssl3_read_bytes', 'ssl handshake failure')]>]"
"http://www.vap.by/" - "DNS lookup failed: address 'www.vap.by' not found: [Errno -2] Name or service not known."
"http://directhit.com.ua/ru/novosti/direct-hit-2013:-izvesten-short-list!" - "DNS lookup failed: address 'directhit.com.ua' not found: [Errno -2] Name or service not known."
"http://modum.by%20/" - "DNS lookup failed: address 'modum.by%20' not found: [Errno -2] Name or service not known."
"http://niifks.by/" - "DNS lookup failed: address 'niifks.by' not found: [Errno -2] Name or service not known."
"http://gen/astronim.by/portfolio/savushkin.html" - "DNS lookup failed: address 'gen' not found: [Errno -2] Name or service not known."
"http://http://www.skvirel.com" - "DNS lookup failed: address 'http' not found: [Errno -2] Name or service not known."
"http://gen/astronim.by/portfolio/lode.html" - "DNS lookup failed: address 'gen' not found: [Errno -2] Name or service not known."
"http://gen/astronim.by/portfolio/all.html" - "DNS lookup failed: address 'gen' not found: [Errno -2] Name or service not known."
"http://gen/astronim.by/portfolio/belbiz.html" - "DNS lookup failed: address 'gen' not found: [Errno -2] Name or service not known."
"http://pda.forum.tut.by/" - "DNS lookup failed: address 'pda.forum.tut.by' not found: [Errno -2] Name or service not known."
"http://deluxemedia.by/" - "DNS lookup failed: address 'deluxemedia.by' not found: [Errno -2] Name or service not known."
"http://ninebot.by/" - "DNS lookup failed: address 'ninebot.by' not found: [Errno -2] Name or service not known."
"http://edulabtech.by/" - "DNS lookup failed: address 'edulabtech.by' not found: [Errno -2] Name or service not known."
"http://coffeelab.by/" - "DNS lookup failed: address 'coffeelab.by' not found: [Errno -2] Name or service not known."
"http://jackclub.by/" - "DNS lookup failed: address 'jackclub.by' not found: [Errno -2] Name or service not known."
"http://intellekt.by/" - "DNS lookup failed: address 'intellekt.by' not found: [Errno -2] Name or service not known."
"http://traetski.by/" - "DNS lookup failed: address 'traetski.by' not found: [Errno -2] Name or service not known."
"http://attractions.by/" - "DNS lookup failed: address 'attractions.by' not found: [Errno -2] Name or service not known."
"http://www.myplaceclub.by/ru" - "DNS lookup failed: address 'www.myplaceclub.by' not found: [Errno -2] Name or service not known."
"http://ritterburg.by/" - "DNS lookup failed: address 'ritterburg.by' not found: [Errno -2] Name or service not known."
"http://l-brus.by/" - "DNS lookup failed: address 'l-brus.by' not found: [Errno -2] Name or service not known."
"http://doodahking.by/" - "DNS lookup failed: address 'doodahking.by' not found: [Errno -2] Name or service not known."
"http://www.shalimar.by/" - "DNS lookup failed: address 'www.shalimar.by' not found: [Errno -2] Name or service not known."
"http://paintball-rx.by/" - "DNS lookup failed: address 'paintball-rx.by' not found: [Errno -2] Name or service not known."
"http://aliansclub.by/" - "DNS lookup failed: address 'aliansclub.by' not found: [Errno -2] Name or service not known."
"http://www.president.gov.by/press23538.html" - "[<twisted.python.failure.Failure twisted.internet.error.ConnectionDone: Connection was closed cleanly.>]"
"http://www.president.gov.by/press23538.html%20" - "[<twisted.python.failure.Failure twisted.internet.error.ConnectionDone: Connection was closed cleanly.>]"
"http://radio.grodno.net:8000/radioforum" - "User timeout caused connection failure: Getting http://radio.grodno.net:8000/radioforum took longer than 20.0 seconds.."
"http://www.szukamypolski.com/gap/index.php?l=bel" - "User timeout caused connection failure."
"http://gorad.by/" - "User timeout caused connection failure."
"https://www.wildlife.ca.gov/Fishing/Hatcheries/Iron-Gate" - "[<twisted.python.failure.Failure OpenSSL.SSL.Error: [('SSL routines', 'ssl3_read_bytes', 'ssl handshake failure')]>]"
"http://www.kohlerfaucetguys.com/pa/kohler-faucets-in-reading/" - "DNS lookup failed: address 'www.kohlerfaucetguys.com' not found: [Errno -2] Name or service not known."
"http://www.kohlerfaucetguys.com/pa/kohler-faucets-in-erie/" - "DNS lookup failed: address 'www.kohlerfaucetguys.com' not found: [Errno -2] Name or service not known."
"http://www.kohlerfaucetguys.com/ny/kohler-faucets-in-yonkers/" - "DNS lookup failed: address 'www.kohlerfaucetguys.com' not found: [Errno -2] Name or service not known."
"http://www.kohlerfaucetguys.com/ca/kohler-faucets-in-ontario/" - "DNS lookup failed: address 'www.kohlerfaucetguys.com' not found: [Errno -2] Name or service not known."
"http://www.kohlerfaucetguys.com/ga/kohler-faucets-in-columbus/" - "DNS lookup failed: address 'www.kohlerfaucetguys.com' not found: [Errno -2] Name or service not known."
"http://www.kohlerfaucetguys.com/al/kohler-faucets-in-huntsville/" - "DNS lookup failed: address 'www.kohlerfaucetguys.com' not found: [Errno -2] Name or service not known."
"http://www.kohlerfaucetguys.com/tx/kohler-faucets-in-irving/" - "DNS lookup failed: address 'www.kohlerfaucetguys.com' not found: [Errno -2] Name or service not known."
"http://www.kohlerfaucetguys.com/ga/kohler-faucets-in-macon/" - "DNS lookup failed: address 'www.kohlerfaucetguys.com' not found: [Errno -2] Name or service not known."
"http://www.kohlerfaucetguys.com/oh/kohler-faucets-in-youngstown/" - "DNS lookup failed: address 'www.kohlerfaucetguys.com' not found: [Errno -2] Name or service not known."
"http://www.kohlerfaucetguys.com/fl/kohler-faucets-in-lake-worth/" - "DNS lookup failed: address 'www.kohlerfaucetguys.com' not found: [Errno -2] Name or service not known."
"http://www.kohlerfaucetguys.com/mi/kohler-faucets-in-lansing/" - "DNS lookup failed: address 'www.kohlerfaucetguys.com' not found: [Errno -2] Name or service not known."
"http://www.kohlerfaucetguys.com/ga/kohler-faucets-in-decatur/" - "DNS lookup failed: address 'www.kohlerfaucetguys.com' not found: [Errno -2] Name or service not known."
"http://www.kohlerfaucetguys.com/va/kohler-faucets-in-newport-news/" - "DNS lookup failed: address 'www.kohlerfaucetguys.com' not found: [Errno -2] Name or service not known."
"http://www.kohlerfaucetguys.com/wi/kohler-faucets-in-green-bay/" - "DNS lookup failed: address 'www.kohlerfaucetguys.com' not found: [Errno -2] Name or service not known."
"https://www.health.ny.gov/environmental/lead/sources.htm" - "[<twisted.python.failure.Failure OpenSSL.SSL.Error: [('SSL routines', 'ssl3_read_bytes', 'ssl handshake failure')]>]"
"http://www.kohlerfaucetguys.com/sc/kohler-faucets-in-charleston/" - "DNS lookup failed: address 'www.kohlerfaucetguys.com' not found: [Errno -2] Name or service not known."
"http://www.kohlerfaucetguys.com/mi/kohler-faucets-in-flint/" - "DNS lookup failed: address 'www.kohlerfaucetguys.com' not found: [Errno -2] Name or service not known."
"http://www.kohlerfaucetguys.com/ca/kohler-faucets-in-salinas/" - "DNS lookup failed: address 'www.kohlerfaucetguys.com' not found: [Errno -2] Name or service not known."
"http://www.kohlerfaucetguys.com/ca/kohler-faucets-in-whittier/" - "DNS lookup failed: address 'www.kohlerfaucetguys.com' not found: [Errno -2] Name or service not known."
"http://www.kohlerfaucetguys.com/ca/kohler-faucets-in-van-nuys/" - "DNS lookup failed: address 'www.kohlerfaucetguys.com' not found: [Errno -2] Name or service not known."
"http://www.kohlerfaucetguys.com/fl/kohler-faucets-in-fort-myers/" - "DNS lookup failed: address 'www.kohlerfaucetguys.com' not found: [Errno -2] Name or service not known."
"http://www.kohlerfaucetguys.com/fl/kohler-faucets-in-gainesville/" - "DNS lookup failed: address 'www.kohlerfaucetguys.com' not found: [Errno -2] Name or service not known."
"http://www.kohlerfaucetguys.com/az/kohler-faucets-in-chandler/" - "DNS lookup failed: address 'www.kohlerfaucetguys.com' not found: [Errno -2] Name or service not known."
"http://www.kohlerfaucetguys.com/il/kohler-faucets-in-rockford/" - "DNS lookup failed: address 'www.kohlerfaucetguys.com' not found: [Errno -2] Name or service not known."
"http://www.kohlerfaucetguys.com/ca/kohler-faucets-in-garden-grove/" - "DNS lookup failed: address 'www.kohlerfaucetguys.com' not found: [Errno -2] Name or service not known."
"http://www.kohlerfaucetguys.com/sc/kohler-faucets-in-greenville/" - "DNS lookup failed: address 'www.kohlerfaucetguys.com' not found: [Errno -2] Name or service not known."
"http://www.kohlerfaucetguys.com/ca/kohler-faucets-in-torrance/" - "DNS lookup failed: address 'www.kohlerfaucetguys.com' not found: [Errno -2] Name or service not known."
"http://www.kohlerfaucetguys.com/ga/kohler-faucets-in-lawrenceville/" - "DNS lookup failed: address 'www.kohlerfaucetguys.com' not found: [Errno -2] Name or service not known."
"http://www.kohlerfaucetguys.com/ca/kohler-faucets-in-chula-vista/" - "DNS lookup failed: address 'www.kohlerfaucetguys.com' not found: [Errno -2] Name or service not known."
"http://www.kohlerfaucetguys.com/tx/kohler-faucets-in-laredo/" - "DNS lookup failed: address 'www.kohlerfaucetguys.com' not found: [Errno -2] Name or service not known."
"http://www.kohlerfaucetguys.com/fl/kohler-faucets-in-bradenton/" - "DNS lookup failed: address 'www.kohlerfaucetguys.com' not found: [Errno -2] Name or service not known."
"http://www.kohlerfaucetguys.com/fl/kohler-faucets-in-clearwater/" - "DNS lookup failed: address 'www.kohlerfaucetguys.com' not found: [Errno -2] Name or service not known."
"http://www.kohlerfaucetguys.com/nv/kohler-faucets-in-henderson/" - "DNS lookup failed: address 'www.kohlerfaucetguys.com' not found: [Errno -2] Name or service not known."
"http://www.kohlerfaucetguys.com/va/kohler-faucets-in-arlington/" - "DNS lookup failed: address 'www.kohlerfaucetguys.com' not found: [Errno -2] Name or service not known."
"http://www.kohlerfaucetguys.com/ms/kohler-faucets-in-jackson/" - "DNS lookup failed: address 'www.kohlerfaucetguys.com' not found: [Errno -2] Name or service not known."
"http://www.kohlerfaucetguys.com/ca/kohler-faucets-in-huntington-beach/" - "DNS lookup failed: address 'www.kohlerfaucetguys.com' not found: [Errno -2] Name or service not known."
"http://www.kohlerfaucetguys.com/ca/kohler-faucets-in-fontana/" - "DNS lookup failed: address 'www.kohlerfaucetguys.com' not found: [Errno -2] Name or service not known."
"http://www.kohlerfaucetguys.com/ma/kohler-faucets-in-worcester/" - "DNS lookup failed: address 'www.kohlerfaucetguys.com' not found: [Errno -2] Name or service not known."
"http://www.kohlerfaucetguys.com/ny/kohler-faucets-in-astoria/" - "DNS lookup failed: address 'www.kohlerfaucetguys.com' not found: [Errno -2] Name or service not known."
"http://www.kohlerfaucetguys.com/ca/kohler-faucets-in-santa-rosa/" - "DNS lookup failed: address 'www.kohlerfaucetguys.com' not found: [Errno -2] Name or service not known."
"http://www.kohlerfaucetguys.com/ca/kohler-faucets-in-hayward/" - "DNS lookup failed: address 'www.kohlerfaucetguys.com' not found: [Errno -2] Name or service not known."
"http://www.kohlerfaucetguys.com/or/kohler-faucets-in-eugene/" - "DNS lookup failed: address 'www.kohlerfaucetguys.com' not found: [Errno -2] Name or service not known."
"http://www.kohlerfaucetguys.com/tn/kohler-faucets-in-chattanooga/" - "DNS lookup failed: address 'www.kohlerfaucetguys.com' not found: [Errno -2] Name or service not known."
"http://www.kohlerfaucetguys.com/in/kohler-faucets-in-evansville/" - "DNS lookup failed: address 'www.kohlerfaucetguys.com' not found: [Errno -2] Name or service not known."
"http://www.kohlerfaucetguys.com/ca/kohler-faucets-in-glendale/" - "DNS lookup failed: address 'www.kohlerfaucetguys.com' not found: [Errno -2] Name or service not known."
"http://www.kohlerfaucetguys.com/ca/kohler-faucets-in-oxnard/" - "DNS lookup failed: address 'www.kohlerfaucetguys.com' not found: [Errno -2] Name or service not known."
"http://www.kohlerfaucetguys.com/az/kohler-faucets-in-tempe/" - "DNS lookup failed: address 'www.kohlerfaucetguys.com' not found: [Errno -2] Name or service not known."
"http://cashadvanceloansinga.work/" - "DNS lookup failed: address 'cashadvanceloansinga.work' not found: [Errno -2] Name or service not known."
"http://%20dostavka.euroopt.by/" - "DNS lookup failed: address '%20dostavka.euroopt.by' not found: [Errno -2] Name or service not known."
"http://absavto.by/" - "DNS lookup failed: address 'absavto.by' not found: [Errno -2] Name or service not known."
"http://avfocus.by/" - "DNS lookup failed: address 'avfocus.by' not found: [Errno -2] Name or service not known."
"http://gotoanswer.stanford.edu/propane_heater-10215839/" - "User timeout caused connection failure."
"http://www.yo-auto.ru/" - "User timeout caused connection failure."
"http://burgerbar.by/" - "User timeout caused connection failure."
"https://ie.microsoft.com/" - "User timeout caused connection failure."
"http://keysigning.org/methods/sassaman-efficient" - "User timeout caused connection failure."
"http://nation.org.ua/" - "User timeout caused connection failure."
"http://violstudio.by/" - "DNS lookup failed: address 'violstudio.by' not found: [Errno -2] Name or service not known."
"https://booking-openhire.silkroad.com/epostings/index.cfm?JobOwner=992539&company_id=1006&fuseaction=app.jobinfo&id=23&jobid=31&level=levelid1&levelid1=2726&parent=IT+&source=ONLINE&startflag=2&version=1" - "DNS lookup failed: address 'booking-openhire.silkroad.com' not found: [Errno -2] Name or service not known."
"http://www.aceccor.com/" - "DNS lookup failed: address 'www.aceccor.com' not found: [Errno -2] Name or service not known."
"http://jbc.by/" - "DNS lookup failed: address 'jbc.by' not found: [Errno -2] Name or service not known."
"http://www.kadres.by/" - "DNS lookup failed: address 'www.kadres.by' not found: [Errno -2] Name or service not known."
"http://belife.by/" - "DNS lookup failed: address 'belife.by' not found: [Errno -2] Name or service not known."
"http://asplusom.by/" - "DNS lookup failed: address 'asplusom.by' not found: [Errno -2] Name or service not known."
"http://personnel-international.com/" - "[<twisted.python.failure.Failure twisted.web._newclient.ParseError: (u'wrong number of parts', 'HTTP/1.1 303')>]"
"http://www.1c82/by" - "DNS lookup failed: address 'www.1c82' not found: [Errno -2] Name or service not known."
"http://serviceclub.by/" - "DNS lookup failed: address 'serviceclub.by' not found: [Errno -2] Name or service not known."
"http://llimoxxx.by/" - "DNS lookup failed: address 'llimoxxx.by' not found: [Errno -2] Name or service not known."
"http://vse-kursi.by/" - "DNS lookup failed: address 'vse-kursi.by' not found: [Errno -2] Name or service not known."
"http://jobb.by/" - "DNS lookup failed: address 'jobb.by' not found: [Errno -2] Name or service not known."
"http://ivk.by/" - "DNS lookup failed: address 'ivk.by' not found: [Errno -2] Name or service not known."
"http://auto-evakuator.by/" - "DNS lookup failed: address 'auto-evakuator.by' not found: [Errno -2] Name or service not known."
"http://avtobossexpress.by/" - "DNS lookup failed: address 'avtobossexpress.by' not found: [Errno -2] Name or service not known."
"http://limyzin.by/" - "DNS lookup failed: address 'limyzin.by' not found: [Errno -2] Name or service not known."
"http://%D0%B0%D0%B2%D1%82%D0%BE%D0%B1%D1%83%D1%81%D1%8B.%D0%B1%D0%B5%D0%BB/" - "DNS lookup failed: address '%D0%B0%D0%B2%D1%82%D0%BE%D0%B1%D1%83%D1%81%D1%8B.%D0%B1%D0%B5%D0%BB' not found: [Errno -2] Name or service not known."
"http://bernar.by/" - "DNS lookup failed: address 'bernar.by' not found: [Errno -2] Name or service not known."
"http://able-logistics.by/" - "DNS lookup failed: address 'able-logistics.by' not found: [Errno -2] Name or service not known."
"http://skill-up.by/" - "DNS lookup failed: address 'skill-up.by' not found: [Errno -2] Name or service not known."
"http://%D0%B0%D0%B2%D1%82%D0%BE%D0%B4%D0%BE%D0%BC.%D0%B1%D0%B5%D0%BB/" - "DNS lookup failed: address '%D0%B0%D0%B2%D1%82%D0%BE%D0%B4%D0%BE%D0%BC.%D0%B1%D0%B5%D0%BB' not found: [Errno -2] Name or service not known."
"http://rcar.by/" - "DNS lookup failed: address 'rcar.by' not found: [Errno -2] Name or service not known."
"http://www.%D1%82%D0%B5%D1%85%D0%BE%D1%81%D0%BC%D0%BE%D1%82%D1%80-%D0%B7%D0%B0%D1%81%D0%BB%D0%B0%D0%B2%D0%BB%D1%8C.%D0%B1%D0%B5%D0%BB/" - "DNS lookup failed: address 'www.%D1%82%D0%B5%D1%85%D0%BE%D1%81%D0%BC%D0%BE%D1%82%D1%80-%D0%B7%D0%B0%D1%81%D0%BB%D0%B0%D0%B2%D0%BB%D1%8C.%D0%B1%D0%B5%D0%BB' not found: [Errno -2] Name or service not known."
"http://avto-ok.by/" - "DNS lookup failed: address 'avto-ok.by' not found: [Errno -2] Name or service not known."
"http://1-avtolombard.by/" - "DNS lookup failed: address '1-avtolombard.by' not found: [Errno -2] Name or service not known."
"http://stisho.by/" - "DNS lookup failed: address 'stisho.by' not found: [Errno -2] Name or service not known."
"http://bit-broker.by/" - "DNS lookup failed: address 'bit-broker.by' not found: [Errno -2] Name or service not known."
"http://pubh3c.icq.com/pubh3c/panels/respondpanel/h3nks/message.html?432345739=" - "DNS lookup failed: address 'pubh3c.icq.com' not found: [Errno -2] Name or service not known."
"http://gallery.sourceforge.net/" - "[<twisted.python.failure.Failure twisted.internet.error.ConnectionLost: Connection to the other side was lost in a non-clean fashion.>]"
"http://www.auto-party.by/" - "DNS lookup failed: address 'www.auto-party.by' not found: [Errno -2] Name or service not known."
"http://%D0%93%D0%B0%D0%B7%D0%B5%D1%82%D0%B0.ru/" - "DNS lookup failed: address '%D0%93%D0%B0%D0%B7%D0%B5%D1%82%D0%B0.ru' not found: [Errno -2] Name or service not known."
"http://http://vkontakte.ru/event34298976" - "DNS lookup failed: address 'http' not found: [Errno -2] Name or service not known."
"http://http://vimeo.com/95671231%20" - "DNS lookup failed: address 'http' not found: [Errno -2] Name or service not known."
"http://ventilate.ca/" - "DNS lookup failed: address 'ventilate.ca' not found: [Errno -2] Name or service not known."
"http://oio-grodno.by/" - "DNS lookup failed: address 'oio-grodno.by' not found: [Errno -2] Name or service not known."
"http://forum.%F2%F3%F2_%E2%E8%F0%F3%F1.ru/" - "DNS lookup failed: address 'forum.%F2%F3%F2_%E2%E8%F0%F3%F1.ru' not found: [Errno -2] Name or service not known."
"http://www.cutforchristmas.com/" - "DNS lookup failed: address 'www.cutforchristmas.com' not found: [Errno -2] Name or service not known."
"http://masocoffee.by/" - "DNS lookup failed: address 'masocoffee.by' not found: [Errno -2] Name or service not known."
"http://www.mimak.by/" - "DNS lookup failed: address 'www.mimak.by' not found: [Errno -2] Name or service not known."
"http://adevyur.ru/" - "DNS lookup failed: address 'adevyur.ru' not found: [Errno -2] Name or service not known."
"http://belostok.by/prazdnik-v-belostoke/" - "DNS lookup failed: address 'belostok.by' not found: [Errno -2] Name or service not known."
"http://i-school.by/" - "DNS lookup failed: address 'i-school.by' not found: [Errno -2] Name or service not known."
"http://swagg.by/" - "DNS lookup failed: address 'swagg.by' not found: [Errno -2] Name or service not known."
"http://bk.baj.by/" - "DNS lookup failed: address 'bk.baj.by' not found: [Errno -2] Name or service not known."
"http://yandex/" - "DNS lookup failed: address 'yandex' not found: [Errno -2] Name or service not known."
"http://www.centerpost.org/" - "DNS lookup failed: address 'www.centerpost.org' not found: [Errno -2] Name or service not known."
"http://ye-ti.ru/" - "DNS lookup failed: address 'ye-ti.ru' not found: [Errno -2] Name or service not known."
"http://http://izvestia.ru/" - "DNS lookup failed: address 'http' not found: [Errno -2] Name or service not known."
"http://www.%D0%B3%D0%BE%D0%B4%D0%BB%D0%B8%D1%82%D0%B5%D1%80%D0%B0%D1%82%D1%83%D1%80%D1%8B.%D1%80%D1%84/" - "DNS lookup failed: address 'www.%D0%B3%D0%BE%D0%B4%D0%BB%D0%B8%D1%82%D0%B5%D1%80%D0%B0%D1%82%D1%83%D1%80%D1%8B.%D1%80%D1%84' not found: [Errno -2] Name or service not known."
"http://autoeconom.by/" - "DNS lookup failed: address 'autoeconom.by' not found: [Errno -2] Name or service not known."
"http://www.way2blogging.org/" - "DNS lookup failed: address 'www.way2blogging.org' not found: [Errno -2] Name or service not known."
"http://taro.orakul.ua%22/" - "DNS lookup failed: address 'taro.orakul.ua%22' not found: [Errno -2] Name or service not known."
"https://twi/" - "DNS lookup failed: address 'twi' not found: [Errno -2] Name or service not known."
"http://conflict.rbc.ua/rus/minoborony-proveryaet-informatsiyu-ob-ultimatume-vsu-so-03032014170200" - "[<twisted.python.failure.Failure twisted.web._newclient.ParseError: (u'wrong number of parts', 'HTTP/1.1 404')>]"
"http://8betting.co.uk/" - "DNS lookup failed: address '8betting.co.uk' not found: [Errno -2] Name or service not known."
"http://clawww.lmu.edu/faculty/lswenson/Learning511/511C7_12.html" - "DNS lookup failed: address 'clawww.lmu.edu' not found: [Errno -2] Name or service not known."
"http://www.wlmartstores.com/" - "DNS lookup failed: address 'www.wlmartstores.com' not found: [Errno -2] Name or service not known."
"http://www.cnet.co.kr/" - "[<twisted.python.failure.Failure twisted.internet.error.ConnectionDone: Connection was closed cleanly.>]"
"http://%F2%F0%E0%F2%E0%F2%E0@rambler.ru/" - "DNS lookup failed: address '%F2%F0%E0%F2%E0%F2%E0@rambler.ru' not found: [Errno -2] Name or service not known."
"http://www.vdc-corp.com/" - "DNS lookup failed: address 'www.vdc-corp.com' not found: [Errno -2] Name or service not known."
"http://dreammedia.by/" - "DNS lookup failed: address 'dreammedia.by' not found: [Errno -2] Name or service not known."
"http://www.imzak.org.ua/" - "DNS lookup failed: address 'www.imzak.org.ua' not found: [Errno -2] Name or service not known."
"http://mvs-gr.org.ua/" - "DNS lookup failed: address 'mvs-gr.org.ua' not found: [Errno -2] Name or service not known."
"http://www.ranker.ru/scripts/sqltmex.dll?category=10&id=21660&page=1&sort=today+desc&tpl=_top_tod_yest.htm" - "DNS lookup failed: address 'www.ranker.ru' not found: [Errno -2] Name or service not known."
"http://www.rt-games.ru/" - "DNS lookup failed: address 'www.rt-games.ru' not found: [Errno -2] Name or service not known."
"http://adlik.akavita.com/bin/lik?id=49737&it=1" - "[<twisted.python.failure.Failure twisted.internet.error.ConnectionDone: Connection was closed cleanly.>, <twisted.python.failure.Failure twisted.web.http._DataLoss: Chunked decoder in 'CHUNK_LENGTH' state, still expecting more data to get to 'FINISHED' state.>]"
"http://www.maos.info/" - "DNS lookup failed: address 'www.maos.info' not found: [Errno -2] Name or service not known."
"http://www.efan.info/" - "[<twisted.python.failure.Failure twisted.internet.error.ConnectionLost: Connection to the other side was lost in a non-clean fashion.>]"
"http://www.polishmatch.pl/regats,51,mlodziezowe-mistrzostwa-swiata-w-match-racingu-swinoujscie-grade-1.html" - "[<twisted.python.failure.Failure twisted.web._newclient.ParseError: (u'wrong number of parts', 'HTTP/1.1 404')>]"
"http://answers.microsoft.com%20/" - "DNS lookup failed: address 'answers.microsoft.com%20' not found: [Errno -2] Name or service not known."
"http://www.polishmatch.pl/regats,47,szczecin-match-race-szczecin-grade-2.html" - "[<twisted.python.failure.Failure twisted.web._newclient.ParseError: (u'wrong number of parts', 'HTTP/1.1 404')>]"
"http://www.polishmatch.pl/regats,50,swinoujscie-match-race-swinoujscie-grade-2.html" - "[<twisted.python.failure.Failure twisted.web._newclient.ParseError: (u'wrong number of parts', 'HTTP/1.1 404')>]"
"http://shop.kudapodalshe.ru/" - "DNS lookup failed: address 'shop.kudapodalshe.ru' not found: [Errno -2] Name or service not known."
"http://www.polishmatch.pl/regats,49,dziwnow-match-race-dziwnow-grade-3.html" - "[<twisted.python.failure.Failure twisted.web._newclient.ParseError: (u'wrong number of parts', 'HTTP/1.1 404')>]"
"http://www.polishmatch.pl/regats,46,season-warmup-2-szczecin-grade-3.html" - "[<twisted.python.failure.Failure twisted.web._newclient.ParseError: (u'wrong number of parts', 'HTTP/1.1 404')>]"
"http://www.mediafire.com/?rb6q0hincllgf14=" - "[<twisted.python.failure.Failure twisted.web._newclient.ParseError: (u'wrong number of parts', 'HTTP/1.1 301')>]"
"http://www.businessportal.by/" - "DNS lookup failed: address 'www.businessportal.by' not found: [Errno -2] Name or service not known."
"http://ihancharuk.hambr.com/" - "DNS lookup failed: address 'ihancharuk.hambr.com' not found: [Errno -2] Name or service not known."
"http://www.lbe.ru/cgi-bin/href/saidpvo?98673=" - "DNS lookup failed: address 'www.lbe.ru' not found: [Errno -2] Name or service not known."
"http://digmo-tmp.missouri.edu/a/182409/benton-painting-once-a-gift-to-churchill-returns-to-westminster/" - "User timeout caused connection failure."
"http://gotoanswer.stanford.edu/?q=Garage+Shelving+idea" - "User timeout caused connection failure."
"http://fregat.com.ru/" - "User timeout caused connection failure."
"http://pawet/" - "DNS lookup failed: address 'pawet' not found: [Errno -2] Name or service not known."
"http://www.ligazakon.ua:8080/forms/6/" - "User timeout caused connection failure."
"http://www.epcglobalinc.org/" - "User timeout caused connection failure."
"http://7ox.ru/" - "DNS lookup failed: address '7ox.ru' not found: [Errno -2] Name or service not known."
"http://www.vetkimlik.com/" - "User timeout caused connection failure."
"http://go-music.by/" - "DNS lookup failed: address 'go-music.by' not found: [Errno -2] Name or service not known."
"http://formats.by/naviny-magileu/magileucau-zaprashayuc-na-zyalyonyya-svyatki" - "DNS lookup failed: address 'formats.by' not found: [Errno -2] Name or service not known."
"http://formats.by/naviny-magileu/tak-vershitsya-istoriya-v-mogileve-proshla-yarmarka-proektov" - "DNS lookup failed: address 'formats.by' not found: [Errno -2] Name or service not known."
"http://formats.by/naviny-magileu/tok-shou-budzma-belarusami-zamest-saveckaj-ploshchy-ratushnaya" - "DNS lookup failed: address 'formats.by' not found: [Errno -2] Name or service not known."
"http://www.polyic.com/en/read.php?l1=4&l2=2&l3=&page=145" - "User timeout caused connection failure: Getting http://www.polyic.com/en/read.php?l1=4&l2=2&l3=&page=145 took longer than 20.0 seconds.."
"http://formats.by/naviny-magileu/zalyataj-na-kirmash-praektau" - "DNS lookup failed: address 'formats.by' not found: [Errno -2] Name or service not known."
"http://www.techonlineindia.com/" - "User timeout caused connection failure."
"http://forum.gc-online.biz/" - "DNS lookup failed: address 'forum.gc-online.biz' not found: [Errno -2] Name or service not known."
"http://www.budzmaorg/" - "DNS lookup failed: address 'www.budzmaorg' not found: [Errno -2] Name or service not known."
"http://www.invisionboard.com/" - "User timeout caused connection failure."
"http://%D1%87%D0%81%D1%80%D1%82%D0%B5%D1%80-97/" - "DNS lookup failed: address '%D1%87%D0%81%D1%80%D1%82%D0%B5%D1%80-97' not found: [Errno -2] Name or service not known."
"http://formats.by/naviny-magileu/prapanuj-svoj-garadski-kulturny-praekt-dlya-magilyou-kulturnaya-stalica-snd-i-belarusi-2013" - "DNS lookup failed: address 'formats.by' not found: [Errno -2] Name or service not known."
"http://kinogonet-hd.ru/" - "User timeout caused connection failure."
"http://mroya.ru/" - "DNS lookup failed: address 'mroya.ru' not found: [Errno -2] Name or service not known."
"http://www8.janes.com/Search/documentView.do?docId=%2Fcontent1%2Fjanesdata%2Fyb%2Fjlad%2Fjlad0109.htm" - "User timeout caused connection failure."
"http://formats.by/naviny-magileu/mogilevskie-trollejbusy-napolnilis-kupaloj-i-bogdanovichem" - "DNS lookup failed: address 'formats.by' not found: [Errno -2] Name or service not known."
"http://by.democraticbelarus.eu/" - "DNS lookup failed: address 'by.democraticbelarus.eu' not found: [Errno -2] Name or service not known."
"http://www.dziejaslou.by/" - "DNS lookup failed: address 'www.dziejaslou.by' not found: [Errno -2] Name or service not known."
"http://hetman.by/" - "DNS lookup failed: address 'hetman.by' not found: [Errno -2] Name or service not known."
"http://bykau.by.ru/" - "DNS lookup failed: address 'bykau.by.ru' not found: [Errno -2] Name or service not known."
"http://hart.3dway.org/" - "DNS lookup failed: address 'hart.3dway.org' not found: [Errno -2] Name or service not known."
"http://3.lishni.org/" - "DNS lookup failed: address '3.lishni.org' not found: [Errno -2] Name or service not known."
"http://www.rss2email.ru/" - "DNS lookup failed: address 'www.rss2email.ru' not found: [Errno -2] Name or service not known."
"http://help.ratz.ru/" - "DNS lookup failed: address 'help.ratz.ru' not found: [Errno -2] Name or service not known."
"http://music.fromby.net/" - "DNS lookup failed: address 'music.fromby.net' not found: [Errno -2] Name or service not known."
"http://forum.zmicier.com/" - "[<twisted.python.failure.Failure twisted.internet.error.ConnectionLost: Connection to the other side was lost in a non-clean fashion.>]"
"http://dt.home.by/" - "DNS lookup failed: address 'dt.home.by' not found: [Errno -2] Name or service not known."
"http://www.studumka.com/" - "DNS lookup failed: address 'www.studumka.com' not found: [Errno -2] Name or service not known."
"http://realaudio.rferl.org/be/www-modul-BardySvabody2/index.html" - "DNS lookup failed: address 'realaudio.rferl.org' not found: [Errno -2] Name or service not known."
"http://merchant-credit-card-account.snvo.net/" - "DNS lookup failed: address 'merchant-credit-card-account.snvo.net' not found: [Errno -2] Name or service not known."
"http://www.sudarushka-by.com/" - "DNS lookup failed: address 'www.sudarushka-by.com' not found: [Errno -2] Name or service not known."
"http://niadbaj@livejournal.com/" - "DNS lookup failed: address 'niadbaj@livejournal.com' not found: [Errno -2] Name or service not known."
"http://kviat.org/" - "DNS lookup failed: address 'kviat.org' not found: [Errno -2] Name or service not known."
"http://www.genoaboatshow.com/" - "User timeout caused connection failure."
"http://gorad.by/by/page/society/6112" - "User timeout caused connection failure."
"http://linovo.brest.by/" - "DNS lookup failed: address 'linovo.brest.by' not found: [Errno -2] Name or service not known."
"http://gorad.by/by/page/leisure/6014" - "User timeout caused connection failure."
"http://www.mister-wong.ru/index.php?action=addurl&bm_description=%22%D0%90%D1%80%D0%B0%D0%BD%D0%B6%D0%B0%D0%B2%D1%8B%22+%D0%B0%D0%B2%D0%B0%D0%BD%D1%81+%D0%A3%D0%BA%D1%80%D0%B0%D1%96%D0%BD%D0%B5&bm_url=http%3A%2F%2Fn-europe.eu%2Farticle%2F2009%2F11%2F27%2Faranzhavy_avans_ukraine" - "Connection was refused by other side: 111: Connection refused."
"http://-/" - "DNS lookup failed: address '-' not found: [Errno -2] Name or service not known."
"http://www.bielar.us/" - "DNS lookup failed: address 'www.bielar.us' not found: [Errno -2] Name or service not known."
"http://gorad.by/by/page/town/5785" - "User timeout caused connection failure."
"http://%D0%A1%D0%B0%D0%B9%D1%82%D0%B3%D1%80%D0%B0%D0%BC%D0%B0%D0%B4%D1%81%D0%BA%D0%B0%D0%B9%D0%BA%D1%83%D0%BB%D1%8C%D1%82%D1%83%D1%80%D0%BD%D1%96%D1%86%D0%BA%D0%B0%D0%B9%D0%BA%D0%B0%D0%BC%D0%BF%D0%B0%D0%BD%D1%96%D1%96%D0%91%D1%83%D0%B4%D0%B7%D1%8C%D0%BC%D0%B0%D0%B1%D0%B5%D0%BB%D0%B0%D1%80%D1%83%D1%81%D0%B0%D0%BC%D1%96!/" - "DNS lookup failed: address '%D0%A1%D0%B0%D0%B9%D1%82%D0%B3%D1%80%D0%B0%D0%BC%D0%B0%D0%B4%D1%81%D0%BA%D0%B0%D0%B9%D0%BA%D1%83%D0%BB%D1%8C%D1%82%D1%83%D1%80%D0%BD%D1%96%D1%86%D0%BA%D0%B0%D0%B9%D0%BA%D0%B0%D0%BC%D0%BF%D0%B0%D0%BD%D1%96%D1%96%D0%91%D1%83%D0%B4%D0%B7%D1%8C%D0%BC%D0%B0%D0%B1%D0%B5%D0%BB%D0%B0%D1%80%D1%83%D1%81%D0%B0%D0%BC%D1%96!' not found: [Errno -2] Name or service not known."
"http://jolin1.chat777.me/" - "DNS lookup failed: address 'jolin1.chat777.me' not found: [Errno -2] Name or service not known."
"http://hot1.chat777.me/" - "DNS lookup failed: address 'hot1.chat777.me' not found: [Errno -2] Name or service not known."
"http://japan1.chat777.me/" - "DNS lookup failed: address 'japan1.chat777.me' not found: [Errno -2] Name or service not known."
"http://ilove1.chat777.me/" - "DNS lookup failed: address 'ilove1.chat777.me' not found: [Errno -2] Name or service not known."
"http://king1.chat777.me/" - "DNS lookup failed: address 'king1.chat777.me' not found: [Errno -2] Name or service not known."
"http://jpgirl1.chat777.me/" - "DNS lookup failed: address 'jpgirl1.chat777.me' not found: [Errno -2] Name or service not known."
"http://girl1.chat777.me/" - "DNS lookup failed: address 'girl1.chat777.me' not found: [Errno -2] Name or service not known."
"http://gogo1.chat777.me/" - "DNS lookup failed: address 'gogo1.chat777.me' not found: [Errno -2] Name or service not known."
"http://g881.chat777.me/" - "DNS lookup failed: address 'g881.chat777.me' not found: [Errno -2] Name or service not known."
"http://face1.chat777.me/" - "DNS lookup failed: address 'face1.chat777.me' not found: [Errno -2] Name or service not known."
"http://buty1.chat777.me/" - "DNS lookup failed: address 'buty1.chat777.me' not found: [Errno -2] Name or service not known."
"http://chat1.chat777.me/" - "DNS lookup failed: address 'chat1.chat777.me' not found: [Errno -2] Name or service not known."
"http://dvd1.chat777.me/" - "DNS lookup failed: address 'dvd1.chat777.me' not found: [Errno -2] Name or service not known."
"http://dudusex1.chat777.me/" - "DNS lookup failed: address 'dudusex1.chat777.me' not found: [Errno -2] Name or service not known."
"http://bb1.chat777.me/" - "DNS lookup failed: address 'bb1.chat777.me' not found: [Errno -2] Name or service not known."
"http://adult1.chat777.me/" - "DNS lookup failed: address 'adult1.chat777.me' not found: [Errno -2] Name or service not known."
"http://aio1.chat777.me/" - "DNS lookup failed: address 'aio1.chat777.me' not found: [Errno -2] Name or service not known."
"http://69vip1.chat777.me/" - "DNS lookup failed: address '69vip1.chat777.me' not found: [Errno -2] Name or service not known."
"http://6k1.chat777.me/" - "DNS lookup failed: address '6k1.chat777.me' not found: [Errno -2] Name or service not known."
"http://520show1.chat777.me/" - "DNS lookup failed: address '520show1.chat777.me' not found: [Errno -2] Name or service not known."
"http://70.chat777.me/" - "DNS lookup failed: address '70.chat777.me' not found: [Errno -2] Name or service not known."
"http://66k1.chat777.me/" - "DNS lookup failed: address '66k1.chat777.me' not found: [Errno -2] Name or service not known."
"http://5321.chat777.me/" - "DNS lookup failed: address '5321.chat777.me' not found: [Errno -2] Name or service not known."
"http://5279.chat777.me/" - "DNS lookup failed: address '5279.chat777.me' not found: [Errno -2] Name or service not known."
"http://667.chat777.me/" - "DNS lookup failed: address '667.chat777.me' not found: [Errno -2] Name or service not known."
"http://5404.chat777.me/" - "DNS lookup failed: address '5404.chat777.me' not found: [Errno -2] Name or service not known."
"http://g8mm1.chat777.me/" - "DNS lookup failed: address 'g8mm1.chat777.me' not found: [Errno -2] Name or service not known."
"http://520sex1.chat777.me/" - "DNS lookup failed: address '520sex1.chat777.me' not found: [Errno -2] Name or service not known."
"http://521.chat777.me/" - "DNS lookup failed: address '521.chat777.me' not found: [Errno -2] Name or service not known."
"http://45av1.chat777.me/" - "DNS lookup failed: address '45av1.chat777.me' not found: [Errno -2] Name or service not known."
"http://4qk1.chat777.me/" - "DNS lookup failed: address '4qk1.chat777.me' not found: [Errno -2] Name or service not known."
"http://g81.chat777.me/" - "DNS lookup failed: address 'g81.chat777.me' not found: [Errno -2] Name or service not known."
"http://3d1.chat777.me/" - "DNS lookup failed: address '3d1.chat777.me' not found: [Errno -2] Name or service not known."
"http://3y31.chat777.me/" - "DNS lookup failed: address '3y31.chat777.me' not found: [Errno -2] Name or service not known."
"http://4h1.chat777.me/" - "DNS lookup failed: address '4h1.chat777.me' not found: [Errno -2] Name or service not known."
"http://2011.chat777.me/" - "DNS lookup failed: address '2011.chat777.me' not found: [Errno -2] Name or service not known."
"http://778.chat777.me/" - "DNS lookup failed: address '778.chat777.me' not found: [Errno -2] Name or service not known."
"http://18xx1.chat777.me/" - "DNS lookup failed: address '18xx1.chat777.me' not found: [Errno -2] Name or service not known."
"http://34c1.chat777.me/" - "DNS lookup failed: address '34c1.chat777.me' not found: [Errno -2] Name or service not known."
"http://18jack1.chat777.me/" - "DNS lookup failed: address '18jack1.chat777.me' not found: [Errno -2] Name or service not known."
"http://24h1.chat777.me/" - "DNS lookup failed: address '24h1.chat777.me' not found: [Errno -2] Name or service not known."
"http://18gy1.chat777.me/" - "DNS lookup failed: address '18gy1.chat777.me' not found: [Errno -2] Name or service not known."
"http://19.chat777.me/" - "DNS lookup failed: address '19.chat777.me' not found: [Errno -2] Name or service not known."
"http://1800.chat777.me/" - "DNS lookup failed: address '1800.chat777.me' not found: [Errno -2] Name or service not known."
"http://www.mister-wong.ru/index.php?action=addurl&bm_description=%D0%9E+%D1%81%D0%B2%D0%BE%D0%B1%D0%BE%D0%B4%D0%B5+%D0%BF%D0%BE-%D1%80%D0%BE%D1%81%D1%81%D0%B8%D0%B9%D1%81%D0%BA%D0%B8&bm_url=http%3A%2F%2Fn-europe.eu%2Farticle%2F2009%2F12%2F08%2Fo_svobode_porossiiski" - "Connection was refused by other side: 111: Connection refused."
"http://4u1.chat777.me/" - "DNS lookup failed: address '4u1.chat777.me' not found: [Errno -2] Name or service not known."
"http://18tw1.chat777.me/" - "DNS lookup failed: address '18tw1.chat777.me' not found: [Errno -2] Name or service not known."
"http://www.supcourt.by/" - "DNS lookup failed: address 'www.supcourt.by' not found: [Errno -2] Name or service not known."
"http://177.chat777.me/" - "DNS lookup failed: address '177.chat777.me' not found: [Errno -2] Name or service not known."
"http://www.mister-wong.ru/index.php?action=addurl&bm_description=%D0%9D%D1%96%D1%87%D0%BE%D0%B3%D0%B0+%D0%B0%D1%81%D0%B0%D0%B1%D1%96%D1%81%D1%82%D0%B0%D0%B3%D0%B0%2C+%D0%BF%D1%80%D0%BE%D1%81%D1%82%D0%B0+%D0%B1%D1%96%D0%B7%D0%BD%D0%B5%D1%81&bm_url=http%3A%2F%2Fn-europe.eu%2Farticle%2F2010%2F01%2F25%2Fnichoga_asabistaga_prosta_biznes" - "Connection was refused by other side: 111: Connection refused."
"http://173show1.chat777.me/" - "DNS lookup failed: address '173show1.chat777.me' not found: [Errno -2] Name or service not known."
"http://gorad.by/by/page/town/5246" - "User timeout caused connection failure."
"http://taniegadzetyreklamowe.pl/" - "DNS lookup failed: address 'taniegadzetyreklamowe.pl' not found: [Errno -2] Name or service not known."
"http://typo38.unesco.org/ru/cour-09-2009.html" - "DNS lookup failed: address 'typo38.unesco.org' not found: [Errno -2] Name or service not known."
"http://www.phen375consumerreviews.net/" - "DNS lookup failed: address 'www.phen375consumerreviews.net' not found: [Errno -2] Name or service not known."
"http://https://vk.com/34travel" - "DNS lookup failed: address 'https' not found: [Errno -2] Name or service not known."
"http://www.rasputinny.com/" - "DNS lookup failed: address 'www.rasputinny.com' not found: [Errno -2] Name or service not known."
"http://clients.skyewebsites.com/cvff/feed" - "DNS lookup failed: address 'clients.skyewebsites.com' not found: [Errno -2] Name or service not known."
"http://169.chat777.me/" - "DNS lookup failed: address '169.chat777.me' not found: [Errno -2] Name or service not known."
"http://www.ninetyeightmixology.co.uk/" - "DNS lookup failed: address 'www.ninetyeightmixology.co.uk' not found: [Errno -2] Name or service not known."
"http://info@clerkenwellvintagefashionfair.co.uk/" - "DNS lookup failed: address 'info@clerkenwellvintagefashionfair.co.uk' not found: [Errno -2] Name or service not known."
"http://garf.ru/hist.htm" - "DNS lookup failed: address 'garf.ru' not found: [Errno -2] Name or service not known."
"http://173liveshow1.chat777.me/" - "DNS lookup failed: address '173liveshow1.chat777.me' not found: [Errno -2] Name or service not known."
"http://http://freud.eu/" - "DNS lookup failed: address 'http' not found: [Errno -2] Name or service not known."
"http://2010.census.gov/2010census/data/apportionment-pop-text.php" - "DNS lookup failed: address '2010.census.gov' not found: [Errno -2] Name or service not known."
"http://www.agro.basf.by%20/" - "DNS lookup failed: address 'www.agro.basf.by%20' not found: [Errno -2] Name or service not known."
"http://images.kclibrary.org/localhistory/media.cfm?mediaID=124016&print=go" - "DNS lookup failed: address 'images.kclibrary.org' not found: [Errno -2] Name or service not known."
"http://www.edu-abroad.org.ua/" - "DNS lookup failed: address 'www.edu-abroad.org.ua' not found: [Errno -2] Name or service not known."
"http://www.en.engormix.com/" - "DNS lookup failed: address 'www.en.engormix.com' not found: [Errno -2] Name or service not known."
"http://www.paypal-webmoney.com/" - "DNS lookup failed: address 'www.paypal-webmoney.com' not found: [Errno -2] Name or service not known."
"http://www.travelorlife.ru/" - "DNS lookup failed: address 'www.travelorlife.ru' not found: [Errno -2] Name or service not known."
"http://garf.ru/putevoditel.htm" - "DNS lookup failed: address 'garf.ru' not found: [Errno -2] Name or service not known."
"http://tfl.gov.by/" - "DNS lookup failed: address 'tfl.gov.by' not found: [Errno -2] Name or service not known."
"http://gorad.by/by/page/town/5713" - "User timeout caused connection failure."
"https://gorad.by/by/page/town/4803" - "User timeout caused connection failure."
"http://gorad.by/by/page/town/4773" - "User timeout caused connection failure."
"http://gorad.by/by/page/town/4665" - "User timeout caused connection failure."
"http://accidentclaimscmc.co.uk/" - "User timeout caused connection failure: Getting http://accidentclaimscmc.co.uk/ took longer than 20.0 seconds.."
"http://messenger.msn.com/" - "User timeout caused connection failure."
"http://www.barflyclub.com/" - "User timeout caused connection failure."
"http://most-kharkov.info/" - "User timeout caused connection failure."
"http://most-odessa.info/" - "User timeout caused connection failure."
"https://www.yhasummercamps.co.uk/" - "User timeout caused connection failure."
"http://www.core-frameworks.by/" - "DNS lookup failed: address 'www.core-frameworks.by' not found: [Errno -2] Name or service not known."
"http://minskvideo.by/" - "DNS lookup failed: address 'minskvideo.by' not found: [Errno -2] Name or service not known."
"http://lanmasters.by/" - "DNS lookup failed: address 'lanmasters.by' not found: [Errno -2] Name or service not known."
"http://global-shop.by/" - "DNS lookup failed: address 'global-shop.by' not found: [Errno -2] Name or service not known."
"http://outsourcingit.by/" - "DNS lookup failed: address 'outsourcingit.by' not found: [Errno -2] Name or service not known."
"http://www.fax-panasonic.by/fax_panasonic_termobumaga_termoperenos_lazerniy.htm" - "DNS lookup failed: address 'www.fax-panasonic.by' not found: [Errno -2] Name or service not known."
"http://dopmgu.forest.ru/" - "DNS lookup failed: address 'dopmgu.forest.ru' not found: [Errno -2] Name or service not known."
"http://greencityreview.ru/%20" - "DNS lookup failed: address 'greencityreview.ru' not found: [Errno -2] Name or service not known."
"http://mailto:competition@ombudsmanspb.ru/" - "DNS lookup failed: address 'mailto' not found: [Errno -2] Name or service not known."
"http://http://www.yaraw.com" - "DNS lookup failed: address 'http' not found: [Errno -2] Name or service not known."
"http://gen/astronim.com/portfolio/lode.html" - "DNS lookup failed: address 'gen' not found: [Errno -2] Name or service not known."
"http://gen/astronim.com/portfolio/savushkin.html" - "DNS lookup failed: address 'gen' not found: [Errno -2] Name or service not known."
"http://gen/astronim.com/portfolio/belbiz.html" - "DNS lookup failed: address 'gen' not found: [Errno -2] Name or service not known."
"http://gen/astronim.com/portfolio/all.html" - "DNS lookup failed: address 'gen' not found: [Errno -2] Name or service not known."
"http://www.sim4fly.com/" - "DNS lookup failed: address 'www.sim4fly.com' not found: [Errno -2] Name or service not known."
"http://http://top.rbc.ru/politics/23/12/2013/896357.shtml" - "DNS lookup failed: address 'http' not found: [Errno -2] Name or service not known."
"http://http://top.rbc.ru/politics/13/04/2013/853802.shtml" - "DNS lookup failed: address 'http' not found: [Errno -2] Name or service not known."
"http://www.narodnaja-partyja.org/" - "DNS lookup failed: address 'www.narodnaja-partyja.org' not found: [Errno -2] Name or service not known."
"http://http://top.rbc.ru/politics/12/04/2013/853779.shtml" - "DNS lookup failed: address 'http' not found: [Errno -2] Name or service not known."
"http://http://top.rbc.ru/politics/06/12/2012/835376.shtml" - "DNS lookup failed: address 'http' not found: [Errno -2] Name or service not known."
"http://%d0%bf%d0%b8%d0%bd%d1%82%d1%80%d0%b5%d0%b9%d0%b4.%d0%b1%d0%b5%d0%bb/" - "DNS lookup failed: address '%d0%bf%d0%b8%d0%bd%d1%82%d1%80%d0%b5%d0%b9%d0%b4.%d0%b1%d0%b5%d0%bb' not found: [Errno -2] Name or service not known."
"http://www.sinval-lizing.by/" - "Connection was refused by other side: 111: Connection refused."
"http://elibrary-data.imf.org/Report.aspx?Country=913&Report=4160276" - "[<twisted.python.failure.Failure twisted.internet.error.ConnectionDone: Connection was closed cleanly.>]"
"http://http://top.rbc.ru/society/04/01/2013/839344.shtml" - "DNS lookup failed: address 'http' not found: [Errno -2] Name or service not known."
"http://%20//rosuznik.org/about" - "DNS lookup failed: address '%20' not found: [Errno -2] Name or service not known."
"http://kasutajaid.postimees.ee/" - "DNS lookup failed: address 'kasutajaid.postimees.ee' not found: [Errno -2] Name or service not known."
"http://e24.postimees.ee/" - "DNS lookup failed: address 'e24.postimees.ee' not found: [Errno -2] Name or service not known."
"http://woman.delfi.ua/" - "DNS lookup failed: address 'woman.delfi.ua' not found: [Errno -2] Name or service not known."
"http://showbiz.delfi.ua/" - "DNS lookup failed: address 'showbiz.delfi.ua' not found: [Errno -2] Name or service not known."
"http://lekste.1000receptu.lt/" - "DNS lookup failed: address 'lekste.1000receptu.lt' not found: [Errno -2] Name or service not known."
"http://www.vyri%C5%A1kai.lt/" - "DNS lookup failed: address 'www.vyri%C5%A1kai.lt' not found: [Errno -2] Name or service not known."
"http://www.rus.err.ee/" - "DNS lookup failed: address 'www.rus.err.ee' not found: [Errno -2] Name or service not known."
"http://www2.etk.ee/et/tarbijauehistud/viljandi" - "DNS lookup failed: address 'www2.etk.ee' not found: [Errno -2] Name or service not known."
"https://parstivald.kovtp.ee/et/uldinfo" - "DNS lookup failed: address 'parstivald.kovtp.ee' not found: [Errno -2] Name or service not known."
"http://plo.parnu.ee/" - "DNS lookup failed: address 'plo.parnu.ee' not found: [Errno -2] Name or service not known."
"http://www.transcom.ee/flparnusadam.html" - "DNS lookup failed: address 'www.transcom.ee' not found: [Errno -2] Name or service not known."
"https://saarepeedi.kovtp.ee/et/uldinfo" - "DNS lookup failed: address 'saarepeedi.kovtp.ee' not found: [Errno -2] Name or service not known."
"http://www.bussipark.ee/" - "DNS lookup failed: address 'www.bussipark.ee' not found: [Errno -2] Name or service not known."
"http://www.zakzak.ee/" - "DNS lookup failed: address 'www.zakzak.ee' not found: [Errno -2] Name or service not known."
"http://www.l%c3%a4tisaatkond.ee/" - "DNS lookup failed: address 'www.l%c3%a4tisaatkond.ee' not found: [Errno -2] Name or service not known."
"http://russia.tv/video/show/brand_id/58531/episode_id/1252446/video_id/1411025/" - "[<twisted.python.failure.Failure twisted.web._newclient.ParseError: (u'wrong number of parts', 'HTTP/1.1 404')>]"
"http://rescue.ee/" - "DNS lookup failed: address 'rescue.ee' not found: [Errno -2] Name or service not known."
"http://www.atkohotell.cma.ee/index.php" - "DNS lookup failed: address 'www.atkohotell.cma.ee' not found: [Errno -2] Name or service not known."
"http://www.kevadekohvik.ee/" - "DNS lookup failed: address 'www.kevadekohvik.ee' not found: [Errno -2] Name or service not known."
"http://https://koigi.kovtp.ee/et_EE/koigi-vallaleht" - "DNS lookup failed: address 'https' not found: [Errno -2] Name or service not known."
"http://www.pitsa.p%c3%a4ts.ee/" - "DNS lookup failed: address 'www.pitsa.p%c3%a4ts.ee' not found: [Errno -2] Name or service not known."
"http://www2.etk.ee/et/tarbijauehistud/torva" - "DNS lookup failed: address 'www2.etk.ee' not found: [Errno -2] Name or service not known."
"http://www.aravetekeskus.ee/" - "DNS lookup failed: address 'www.aravetekeskus.ee' not found: [Errno -2] Name or service not known."
"http://www.tarvanp%c3%a4%c3%a4.ee/" - "DNS lookup failed: address 'www.tarvanp%c3%a4%c3%a4.ee' not found: [Errno -2] Name or service not known."
"http://call-centr.by/ajax/rss/" - "DNS lookup failed: address 'call-centr.by' not found: [Errno -2] Name or service not known."
"http://www.as-trade.by/" - "DNS lookup failed: address 'www.as-trade.by' not found: [Errno -2] Name or service not known."
"http://russlife.ru/allday/day/20121227/read/privet-respublike-estlyandskoy/" - "DNS lookup failed: address 'russlife.ru' not found: [Errno -2] Name or service not known."
"http://powershifteurope.eu/russia/" - "DNS lookup failed: address 'powershifteurope.eu' not found: [Errno -2] Name or service not known."
"http://ingword.su/" - "DNS lookup failed: address 'ingword.su' not found: [Errno -2] Name or service not known."
"http://itnc.by/" - "User timeout caused connection failure."
"http://finam.fm/" - "User timeout caused connection failure."
"http://www.odnoklassniki.ru/dk?st._surl=http%3A%2F%2Fru.wikinews.org%2Fwiki%2F%25D0%259F%25D0%25B0%25D0%25BB%25D0%25B0%25D1%2582%25D0%25B0_%25D0%25BF%25D1%2580%25D0%25B5%25D0%25B4%25D1%2581%25D1%2582%25D0%25B0%25D0%25B2%25D0%25B8%25D1%2582%25D0%25B5%25D0%25BB%25D0%25B5%25D0%25B9_%25D0%25A1%25D0%25A8%25D0%2590_%25D0%25BE%25D0%25B4%25D0%25BE%25D0%25B1%25D1%2580%25D0%25B8%25D0%25BB%25D0%25B0_%25C2%25AB%25D0%25B7%25D0%25B0%25D0%25BA%25D0%25BE%25D0%25BD_%25D0%259C%25D0%25B0%25D0%25B3%25D0%25BD%25D0%25B8%25D1%2582%25D1%2581%25D0%25BA%25D0%25BE%25D0%25B3%25D0%25BE%25C2%25BB_%25D0%25B8_%25D0%25BE%25D1%2582%25D0%25BC%25D0%25B5%25D0%25BD%25D0%25B8%25D0%25BB%25D0%25B0_%25D0%25BF%25D0%25BE%25D0%25BF%25D1%2580%25D0%25B0%25D0%25B2%25D0%25BA%25D1%2583_%25D0%2594%25D0%25B6%25D0%25B5%25D0%25BA%25D1%2581%25D0%25BE%25D0%25BD%25D0%25B0-%25D0%2592%25D1%258D%25D0%25BD%25D0%25B8%25D0%25BA%25D0%25B0&st.cmd=addShare&st.comments=WIKINEWS&st.s=1" - "User timeout caused connection failure: Getting http://www.odnoklassniki.ru/dk?st._surl=http%3A%2F%2Fru.wikinews.org%2Fwiki%2F%25D0%259F%25D0%25B0%25D0%25BB%25D0%25B0%25D1%2582%25D0%25B0_%25D0%25BF%25D1%2580%25D0%25B5%25D0%25B4%25D1%2581%25D1%2582%25D0%25B0%25D0%25B2%25D0%25B8%25D1%2582%25D0%25B5%25D0%25BB%25D0%25B5%25D0%25B9_%25D0%25A1%25D0%25A8%25D0%2590_%25D0%25BE%25D0%25B4%25D0%25BE%25D0%25B1%25D1%2580%25D0%25B8%25D0%25BB%25D0%25B0_%25C2%25AB%25D0%25B7%25D0%25B0%25D0%25BA%25D0%25BE%25D0%25BD_%25D0%259C%25D0%25B0%25D0%25B3%25D0%25BD%25D0%25B8%25D1%2582%25D1%2581%25D0%25BA%25D0%25BE%25D0%25B3%25D0%25BE%25C2%25BB_%25D0%25B8_%25D0%25BE%25D1%2582%25D0%25BC%25D0%25B5%25D0%25BD%25D0%25B8%25D0%25BB%25D0%25B0_%25D0%25BF%25D0%25BE%25D0%25BF%25D1%2580%25D0%25B0%25D0%25B2%25D0%25BA%25D1%2583_%25D0%2594%25D0%25B6%25D0%25B5%25D0%25BA%25D1%2581%25D0%25BE%25D0%25BD%25D0%25B0-%25D0%2592%25D1%258D%25D0%25BD%25D0%25B8%25D0%25BA%25D0%25B0&st.cmd=addShare&st.comments=WIKINEWS&st.s=1 took longer than 20.0 seconds.."
"http://www.paistu.ee/" - "User timeout caused connection failure."
"http://www.lvkrk.ee/" - "User timeout caused connection failure."
"http://www.buenacuerdo.com.ar/" - "User timeout caused connection failure."
"http://www.bikhir.ma/" - "User timeout caused connection failure."
"http://www.psypark.com/" - "[<twisted.python.failure.Failure twisted.internet.error.ConnectionDone: Connection was closed cleanly.>]"
"http://www.economy.gov.by/ru/invpolicy/sotrudnichestvo-china/Invest-Sotr-Kitai" - "User timeout caused connection failure: Getting http://www.economy.gov.by/ru/invpolicy/sotrudnichestvo-china/Invest-Sotr-Kitai took longer than 20.0 seconds.."
"http://realty.tut.by%2Fnews%2Fofftop-realty%2F475240.html%3Futm_campaign=out-traf&utm_medium=block-news&utm_source=gismeteo" - "DNS lookup failed: address 'realty.tut.by%2Fnews%2Fofftop-realty%2F475240.html%3Futm_campaign=out-traf&utm_medium=block-news&utm_source=gismeteo' not found: [Errno -2] Name or service not known."
"http://sport.tut.by%2Fnews%2Ffootball%2F475190.html%3Futm_campaign=out-traf&utm_medium=block-news&utm_source=gismeteo" - "DNS lookup failed: address 'sport.tut.by%2Fnews%2Ffootball%2F475190.html%3Futm_campaign=out-traf&utm_medium=block-news&utm_source=gismeteo' not found: [Errno -2] Name or service not known."
"http://auto.tut.by%2Fnews%2Fexclusive%2F475133.html%3Futm_campaign=out-traf&utm_medium=block-news&utm_source=gismeteo" - "DNS lookup failed: address 'auto.tut.by%2Fnews%2Fexclusive%2F475133.html%3Futm_campaign=out-traf&utm_medium=block-news&utm_source=gismeteo' not found: [Errno -2] Name or service not known."
"http://finance.tut.by%2Fnews471049.html%3Futm_campaign=out-traf&utm_medium=block-news&utm_source=gismeteo" - "DNS lookup failed: address 'finance.tut.by%2Fnews471049.html%3Futm_campaign=out-traf&utm_medium=block-news&utm_source=gismeteo' not found: [Errno -2] Name or service not known."
"http://lady.tut.by%2Fnews%2Fmylife%2F475105.html%3Futm_campaign=out-traf&utm_medium=block-news&utm_source=gismeteo" - "DNS lookup failed: address 'lady.tut.by%2Fnews%2Fmylife%2F475105.html%3Futm_campaign=out-traf&utm_medium=block-news&utm_source=gismeteo' not found: [Errno -2] Name or service not known."
"http://news.tut.by%2Fworld%2F475215.html%3Futm_campaign=out-traf&utm_medium=block-news&utm_source=gismeteo" - "DNS lookup failed: address 'news.tut.by%2Fworld%2F475215.html%3Futm_campaign=out-traf&utm_medium=block-news&utm_source=gismeteo' not found: [Errno -2] Name or service not known."
"http://news.tut.by%2Fsociety%2F475219.html%3Futm_campaign=out-traf&utm_medium=block-news&utm_source=gismeteo" - "DNS lookup failed: address 'news.tut.by%2Fsociety%2F475219.html%3Futm_campaign=out-traf&utm_medium=block-news&utm_source=gismeteo' not found: [Errno -2] Name or service not known."
"http://news.tut.by%2Fsociety%2F475058.html%3Futm_campaign=out-traf&utm_medium=block-news&utm_source=gismeteo" - "DNS lookup failed: address 'news.tut.by%2Fsociety%2F475058.html%3Futm_campaign=out-traf&utm_medium=block-news&utm_source=gismeteo' not found: [Errno -2] Name or service not known."
"http://realty.tut.by%2Fnews%2Fnew-settler%2F474905.html%3Futm_campaign=out-traf&utm_medium=block-news&utm_source=gismeteo" - "DNS lookup failed: address 'realty.tut.by%2Fnews%2Fnew-settler%2F474905.html%3Futm_campaign=out-traf&utm_medium=block-news&utm_source=gismeteo' not found: [Errno -2] Name or service not known."
"http://news.tut.by%2Fsociety%2F475253.html%3Futm_campaign=out-traf&utm_medium=block-news&utm_source=gismeteo" - "DNS lookup failed: address 'news.tut.by%2Fsociety%2F475253.html%3Futm_campaign=out-traf&utm_medium=block-news&utm_source=gismeteo' not found: [Errno -2] Name or service not known."
"http://news.tut.by%2Fworld%2F475228.html%3Futm_campaign=out-traf&utm_medium=block-news&utm_source=gismeteo" - "DNS lookup failed: address 'news.tut.by%2Fworld%2F475228.html%3Futm_campaign=out-traf&utm_medium=block-news&utm_source=gismeteo' not found: [Errno -2] Name or service not known."
"http://news.tut.by%2F%3Futm_source=gismeteo&utm_campaign=out-traf&utm_medium=block-news" - "DNS lookup failed: address 'news.tut.by%2F%3Futm_source=gismeteo&utm_campaign=out-traf&utm_medium=block-news' not found: [Errno -2] Name or service not known."
"http://www.uncoverage.com" - "DNS lookup failed: address 'www.uncoverage.com' not found: [Errno -2] Name or service not known."
"http://vitalternativa.by/" - "DNS lookup failed: address 'vitalternativa.by' not found: [Errno -2] Name or service not known."
"http://info11.by.ru/gkh/gkh7.htm" - "DNS lookup failed: address 'info11.by.ru' not found: [Errno -2] Name or service not known."
"http://www.polotskgik.by/" - "DNS lookup failed: address 'www.polotskgik.by' not found: [Errno -2] Name or service not known."
"http://a2b.com.pl/" - "DNS lookup failed: address 'a2b.com.pl' not found: [Errno -2] Name or service not known."
"http://investforum.by/" - "DNS lookup failed: address 'investforum.by' not found: [Errno -2] Name or service not known."
"http://www.www.president.gov.by/" - "DNS lookup failed: address 'www.www.president.gov.by' not found: [Errno -2] Name or service not known."
"http://www.ega/" - "DNS lookup failed: address 'www.ega' not found: [Errno -2] Name or service not known."
"http://rss.xml/" - "DNS lookup failed: address 'rss.xml' not found: [Errno -2] Name or service not known."
"http://www.telemaxima.lt/" - "DNS lookup failed: address 'www.telemaxima.lt' not found: [Errno -2] Name or service not known."
"http://abitur.nica.ru/" - "DNS lookup failed: address 'abitur.nica.ru' not found: [Errno -2] Name or service not known."
"http://www.strikeby.by/" - "DNS lookup failed: address 'www.strikeby.by' not found: [Errno -2] Name or service not known."
"http://roundup.sourceforge.net/" - "[<twisted.python.failure.Failure twisted.internet.error.ConnectionLost: Connection to the other side was lost in a non-clean fashion.>]"
"http://%20http://dartcenter.org/content/%D0%BA%D0%BE%D1%80%D1%80%D0%B5%D1%81%D0%BF%D0%BE%D0%BD%D0%B4%D0%B5%D0%BD%D1%82%D0%B0%D0%BC-%D0%BE%D0%BF%D0%B5%D1%80%D0%B0%D1%82%D0%BE%D1%80%D0%B0%D0%BC-%D0%B0%D1%81%D1%81%D0%B8%D1%81%D1%82%D0%B5%D0%BD%D1%82%D0%B0%D0%BC-%D0%BF%D1%80%D0%BE%D0%B4%D1%8E%D1%81%D0%B5%D1%80%D0%B0%D0%BC" - "DNS lookup failed: address '%20http' not found: [Errno -2] Name or service not known."
"http://www.gumer.inf/" - "DNS lookup failed: address 'www.gumer.inf' not found: [Errno -2] Name or service not known."
"http://forest.brest.by%20/" - "DNS lookup failed: address 'forest.brest.by%20' not found: [Errno -2] Name or service not known."
"http://eu4journalists.eu/" - "DNS lookup failed: address 'eu4journalists.eu' not found: [Errno -2] Name or service not known."
"http://www.euromed-news.org/" - "DNS lookup failed: address 'www.euromed-news.org' not found: [Errno -2] Name or service not known."
"http://twedding.uz/" - "DNS lookup failed: address 'twedding.uz' not found: [Errno -2] Name or service not known."
"http://shabab.ayyam.org/" - "DNS lookup failed: address 'shabab.ayyam.org' not found: [Errno -2] Name or service not known."
"http://makeday.org/" - "DNS lookup failed: address 'makeday.org' not found: [Errno -2] Name or service not known."
"http://privateinvestigator-gloucester/" - "DNS lookup failed: address 'privateinvestigator-gloucester' not found: [Errno -2] Name or service not known."
"http://privateinvestigators-brent.co.uk/" - "DNS lookup failed: address 'privateinvestigators-brent.co.uk' not found: [Errno -2] Name or service not known."
"http://www.gadgetnews.t15.org/" - "DNS lookup failed: address 'www.gadgetnews.t15.org' not found: [Errno -2] Name or service not known."
"http://aasdgsdfgsdx.org/" - "DNS lookup failed: address 'aasdgsdfgsdx.org' not found: [Errno -2] Name or service not known."
"http://privateinvestigators-royal-tunbridge-wells.co.uk/" - "DNS lookup failed: address 'privateinvestigators-royal-tunbridge-wells.co.uk' not found: [Errno -2] Name or service not known."
"http://privateinvestigators-chatham.co.uk/" - "DNS lookup failed: address 'privateinvestigators-chatham.co.uk' not found: [Errno -2] Name or service not known."
"http://privateinvestigators-dartford.co.uk/" - "DNS lookup failed: address 'privateinvestigators-dartford.co.uk' not found: [Errno -2] Name or service not known."
"http://privateinvestigator-ashford.co.uk/" - "DNS lookup failed: address 'privateinvestigator-ashford.co.uk' not found: [Errno -2] Name or service not known."
"http://www.firstnews.ru/" - "DNS lookup failed: address 'www.firstnews.ru' not found: [Errno -2] Name or service not known."
"http://www.bialorus.pl" - "DNS lookup failed: address 'www.bialorus.pl' not found: [Errno -2] Name or service not known."
"http://privatedetective-south-shields.co.uk/" - "DNS lookup failed: address 'privatedetective-south-shields.co.uk' not found: [Errno -2] Name or service not known."
"http://br.by?0229=" - "[<twisted.python.failure.Failure twisted.web._newclient.ParseError: (u'wrong number of parts', '<html>')>]"
"http://belapan.by%20/" - "DNS lookup failed: address 'belapan.by%20' not found: [Errno -2] Name or service not known."
"http://vecherexplain.com/" - "User timeout caused connection failure."
"http://www.vendingexpo.ru/" - "User timeout caused connection failure."
"http://www.euramost.org" - "DNS lookup failed: address 'www.euramost.org' not found: [Errno -2] Name or service not known."
"http://wad.net/" - "User timeout caused connection failure."
"http://privateinvestigator-tamworth.co.uk/" - "User timeout caused connection failure."
"http://privateinvestigators-cannock.co.uk/" - "User timeout caused connection failure."
"http://privateinvestigators-telford.co.uk/" - "User timeout caused connection failure."
"http://cir.ca/" - "User timeout caused connection failure."
"http://www.mlh.by/ru/" - "User timeout caused connection failure: Getting http://www.mlh.by/ru/ took longer than 20.0 seconds.."
"http://knight.miami.edu/" - "User timeout caused connection failure."
"http://flashvideo.rferl.org/Videoroot/Pangeavideo/2011/12/c/cb/cb1cadb2-8790-4d24-a959-fe32f5a5fe2e.flv?download=1" - "User timeout caused connection failure: Getting http://flashvideo.rferl.org/Videoroot/Pangeavideo/2011/12/c/cb/cb1cadb2-8790-4d24-a959-fe32f5a5fe2e.flv?download=1 took longer than 20.0 seconds.."
"http://economy.gov.by/" - "User timeout caused connection failure: Getting http://economy.gov.by/ took longer than 20.0 seconds.."
"http://delo.raikiri.by:8080/general/registration/work-with-clients.xhtml?faces-redirect=true&isnotfree=false" - "User timeout caused connection failure."
"http://by.kan-therm.com/" - "User timeout caused connection failure."
"https://www.radissonred.com/" - "[<twisted.python.failure.Failure OpenSSL.SSL.Error: [('SSL routines', 'ssl3_read_bytes', 'ssl handshake failure')]>]"
"http://cantic.bnc.cat/registres/fitxa/21649" - "User timeout caused connection failure: Getting http://cantic.bnc.cat/registres/fitxa/21649 took longer than 20.0 seconds.."
"http://mignews.com/news/culture/world/120610_215814_56050.html" - "[<twisted.python.failure.Failure twisted.internet.error.ConnectionDone: Connection was closed cleanly.>, <twisted.python.failure.Failure twisted.web.http._DataLoss: Chunked decoder in 'CHUNK_LENGTH' state, still expecting more data to get to 'FINISHED' state.>]"
"http://www.finmarket.ru/main/article/4158129" - "User timeout caused connection failure: Getting http://www.finmarket.ru/main/article/4158129 took longer than 20.0 seconds.."
"http://www.finmarket.ru/main/article/4160772" - "User timeout caused connection failure: Getting http://www.finmarket.ru/main/article/4160772 took longer than 20.0 seconds.."
"http://www.finmarket.ru/main/article/4161207" - "User timeout caused connection failure: Getting http://www.finmarket.ru/main/article/4161207 took longer than 20.0 seconds.."
"http://www.finmarket.ru/main/article/4164718" - "User timeout caused connection failure: Getting http://www.finmarket.ru/main/article/4164718 took longer than 20.0 seconds.."
"http://www.finmarket.ru/main/article/4165785" - "User timeout caused connection failure: Getting http://www.finmarket.ru/main/article/4165785 took longer than 20.0 seconds.."
"http://www.finmarket.ru/main/article/4165883" - "User timeout caused connection failure: Getting http://www.finmarket.ru/main/article/4165883 took longer than 20.0 seconds.."
"http://www.finmarket.ru/main/article/4164881" - "User timeout caused connection failure: Getting http://www.finmarket.ru/main/article/4164881 took longer than 20.0 seconds.."
"http://ow/" - "DNS lookup failed: address 'ow' not found: [Errno -2] Name or service not known."
"http://mailto:iiseps@iiseps.org/" - "DNS lookup failed: address 'mailto' not found: [Errno -2] Name or service not known."
"file:///C:/Users/Andrey/Downloads/eurobelarus.info" - "[Errno 2] No such file or directory: '/C:/Users/Andrey/Downloads/eurobelarus.info'"
"http://www.newkazan.ru/" - "DNS lookup failed: address 'www.newkazan.ru' not found: [Errno -2] Name or service not known."
"http://kavkaz.strana.ru/catalogue/history/93197.html" - "DNS lookup failed: address 'kavkaz.strana.ru' not found: [Errno -2] Name or service not known."
"http://uvd.grodno.by%20/" - "DNS lookup failed: address 'uvd.grodno.by%20' not found: [Errno -2] Name or service not known."
"http://montgomery.troy.edu/rosaparks/museum/" - "DNS lookup failed: address 'montgomery.troy.edu' not found: [Errno -2] Name or service not known."
"http://bolognaby.org/" - "[<twisted.python.failure.Failure twisted.web._newclient.ParseError: (u'wrong number of parts', 'HTTP/1.1 302')>]"
"http://theskepsis.com/nelson-mandela-prepared-to-die/" - "DNS lookup failed: address 'theskepsis.com' not found: [Errno -2] Name or service not known."
"http://www.rotabanner.com/" - "DNS lookup failed: address 'www.rotabanner.com' not found: [Errno -2] Name or service not known."
"http://document.kremlin.ru/doc.asp?ID=076191" - "DNS lookup failed: address 'document.kremlin.ru' not found: [Errno -2] Name or service not known."
"https://www.forumsyd.org/Default_ForumSyd.aspx?id=1900" - "User timeout caused connection failure."
"http://ns2.belapan.com/pda/material/?id=167133%2F%D0%91%D0%BE%D1%80%D0%B8%D1%81&type=articles" - "User timeout caused connection failure."
"http://3dway.org/node/4617/" - "User timeout caused connection failure."
"http://www.sps.ru/?id=233825" - "User timeout caused connection failure."
"http://old.kavkaz-uzel.ru/newstext/news/id/557720.html" - "User timeout caused connection failure."
"https://rt.openssl.orgTicket/Display.html?id=1949" - "DNS lookup failed: address 'rt.openssl.orgTicket' not found: [Errno -2] Name or service not known."
"http://servername/~baryluk/test.php" - "DNS lookup failed: address 'servername' not found: [Errno -2] Name or service not known."
"https://x.x.x.x/sessionmanager/login.jsp?back=https%3A%2F%2Fx.x.x.x%2Fconsole%2F" - "DNS lookup failed: address 'x.x.x.x' not found: [Errno -2] Name or service not known."
"https://x.x.x.x/sessionmanager/login.jsp?back=https%3A%2F%2Fx.x.x.x%2Fem" - "DNS lookup failed: address 'x.x.x.x' not found: [Errno -2] Name or service not known."
"http://www.admdyatkovo.ru/" - "DNS lookup failed: address 'www.admdyatkovo.ru' not found: [Errno -2] Name or service not known."
"https://myserver.domain:443/test/testme" - "DNS lookup failed: address 'myserver.domain' not found: [Errno -2] Name or service not known."
"http://www.oooveteran.ru/" - "DNS lookup failed: address 'www.oooveteran.ru' not found: [Errno -2] Name or service not known."
"http://%D0%B6%D0%B8%D0%B2%D0%BE%D0%B9%D0%B4%D0%BE%D0%BC%D1%8A.%D1%80%D1%84/" - "DNS lookup failed: address '%D0%B6%D0%B8%D0%B2%D0%BE%D0%B9%D0%B4%D0%BE%D0%BC%D1%8A.%D1%80%D1%84' not found: [Errno -2] Name or service not known."
"http://www.kraina.by.ru/" - "DNS lookup failed: address 'www.kraina.by.ru' not found: [Errno -2] Name or service not known."
"http://politgeksogen.ru/kompromat/" - "DNS lookup failed: address 'politgeksogen.ru' not found: [Errno -2] Name or service not known."
"http://www.demagogy.u/" - "DNS lookup failed: address 'www.demagogy.u' not found: [Errno -2] Name or service not known."
"http://%D0%BA%D0%BD%D0%B8%D0%B3%D0%B8%D0%BA%D0%BE%D0%B1.%D1%80%D1%84/" - "DNS lookup failed: address '%D0%BA%D0%BD%D0%B8%D0%B3%D0%B8%D0%BA%D0%BE%D0%B1.%D1%80%D1%84' not found: [Errno -2] Name or service not known."
"http://%d1%8e%d1%85%d0%bd%d0%b5%d0%b2%d0%b8%d1%87.%d1%80%d1%84/" - "DNS lookup failed: address '%d1%8e%d1%85%d0%bd%d0%b5%d0%b2%d0%b8%d1%87.%d1%80%d1%84' not found: [Errno -2] Name or service not known."
"http://%D0%BA%D0%BF%D1%80%D1%84%D0%B4%D0%B0%D0%B3%D0%B5%D1%81%D1%82%D0%B0%D0%BD.%D1%80%D1%84/" - "DNS lookup failed: address '%D0%BA%D0%BF%D1%80%D1%84%D0%B4%D0%B0%D0%B3%D0%B5%D1%81%D1%82%D0%B0%D0%BD.%D1%80%D1%84' not found: [Errno -2] Name or service not known."
"http://%D0%BA%D0%BF%D1%80%D1%84-%D1%81%D1%82%D0%B0%D0%BB%D0%B8%D0%BD%D0%B3%D1%80%D0%B0%D0%B4.%D1%80%D1%84/" - "DNS lookup failed: address '%D0%BA%D0%BF%D1%80%D1%84-%D1%81%D1%82%D0%B0%D0%BB%D0%B8%D0%BD%D0%B3%D1%80%D0%B0%D0%B4.%D1%80%D1%84' not found: [Errno -2] Name or service not known."
"http://%D0%BF%D1%83%D1%82%D0%B8%D0%BD%D0%BA%D0%BE%D1%80%D1%80%D1%83%D0%BF%D1%86%D0%B8%D1%8F.%D1%80%D1%84/" - "DNS lookup failed: address '%D0%BF%D1%83%D1%82%D0%B8%D0%BD%D0%BA%D0%BE%D1%80%D1%80%D1%83%D0%BF%D1%86%D0%B8%D1%8F.%D1%80%D1%84' not found: [Errno -2] Name or service not known."
"http://sev.e-rossy.org/" - "DNS lookup failed: address 'sev.e-rossy.org' not found: [Errno -2] Name or service not known."
"http://%D0%BC%D1%8B-%D0%BC%D0%B8%D1%80.%D1%80%D1%84/" - "DNS lookup failed: address '%D0%BC%D1%8B-%D0%BC%D0%B8%D1%80.%D1%80%D1%84' not found: [Errno -2] Name or service not known."
"http://efedorov.ru/" - "DNS lookup failed: address 'efedorov.ru' not found: [Errno -2] Name or service not known."
"http://counter.rambler.ru/top100" - "[<twisted.python.failure.Failure twisted.internet.error.ConnectionDone: Connection was closed cleanly.>, <twisted.python.failure.Failure twisted.web.http._DataLoss: >]"
"http://www.askci.com/" - "User timeout caused connection failure."
"http://www.multclub.org" - "User timeout caused connection failure."
"https://server/logonx509" - "User timeout caused connection failure."
"http://policecare.ru/" - "User timeout caused connection failure: Getting http://policecare.ru/ took longer than 20.0 seconds.."
"http://www.press-attache.ru/" - "User timeout caused connection failure."
"http://www.internetmaker.pl/" - "DNS lookup failed: address 'www.internetmaker.pl' not found: [Errno -2] Name or service not known."
"http://mywebmakers.com/" - "DNS lookup failed: address 'mywebmakers.com' not found: [Errno -2] Name or service not known."
"http://krynitsa.info/2014/07/05/u-budslave-prajjshli-%D1%9Erachystasci-%D1%9Eshanavannya-abrazu-maci-bozhajj-fotarehpartazh/" - "DNS lookup failed: address 'krynitsa.info' not found: [Errno -2] Name or service not known."
"http://krynitsa.info/?p=1947" - "DNS lookup failed: address 'krynitsa.info' not found: [Errno -2] Name or service not known."
"http://krynitsa.info/2014/08/01/na-dabrachynnym-kancehrce-sabrali-bolsh-yak-700-dalyara%D1%9E-dlya-rygora-kijjko-videh" - "DNS lookup failed: address 'krynitsa.info' not found: [Errno -2] Name or service not known."
"http://testp.umk.um.katowice.pl/radamiasta/" - "Connection was refused by other side: 111: Connection refused."
"http://www.publio.plhttp://www.publio.pl/tlumaczenie-iwonazimnicka.html?utm_campaign=a_Publio_021215&utm_content=box_HP_new&utm_medium=AutopromoINT&utm_source=HP&utm_term=Promocja_Tlumaczenie_IwonaZimnicka_0212_0812" - "DNS lookup failed: address 'www.publio.plhttp' not found: [Errno -2] Name or service not known."
"http://www.wolnabialorus.org" - "DNS lookup failed: address 'www.wolnabialorus.org' not found: [Errno -2] Name or service not known."
"http://pvo-party.ru/" - "User timeout caused connection failure: Getting http://pvo-party.ru/ took longer than 20.0 seconds.."
"http://forum.kprf.ru/" - "User timeout caused connection failure."
"http://kalinspb.ru/" - "User timeout caused connection failure."
"http://www.disclosure.ru/" - "User timeout caused connection failure: Getting http://www.disclosure.ru/ took longer than 20.0 seconds.."
"http://kybikrybik.by/" - "DNS lookup failed: address 'kybikrybik.by' not found: [Errno -2] Name or service not known."
