"http://www.tatural.ru/" - "DNS lookup failed: address 'www.tatural.ru' not found: [Errno -2] Name or service not known."
"http://tatresurs.info/tatar_links.htm" - "DNS lookup failed: address 'tatresurs.info' not found: [Errno -2] Name or service not known."
"http://www.koran.ru/" - "DNS lookup failed: address 'www.koran.ru' not found: [Errno -2] Name or service not known."
"http://www.islamcom.ru/material.php?committee=" - "DNS lookup failed: address 'www.islamcom.ru' not found: [Errno -2] Name or service not known."
"http://www.seleznev-inform.ru/" - "DNS lookup failed: address 'www.seleznev-inform.ru' not found: [Errno -2] Name or service not known."
"http://24hourspkcmd7bvr.onion/" - "DNS lookup failed: address '24hourspkcmd7bvr.onion' not found: [Errno -2] Name or service not known."
"http://do7dt6vuskgrz3sa.onion/" - "DNS lookup failed: address 'do7dt6vuskgrz3sa.onion' not found: [Errno -2] Name or service not known."
"http://www.uvd.omsk.ru/" - "DNS lookup failed: address 'www.uvd.omsk.ru' not found: [Errno -2] Name or service not known."
"http://%D0%BD%D0%B0%D1%86%D0%B8%D0%BE%D0%BD%D0%B0%D0%BB%D1%8C%D0%BD%D1%8B%D0%B9%D0%B7%D0%B0%D0%BA%D0%BE%D0%BD.%D1%80%D1%84/petit1.php" - "DNS lookup failed: address '%D0%BD%D0%B0%D1%86%D0%B8%D0%BE%D0%BD%D0%B0%D0%BB%D1%8C%D0%BD%D1%8B%D0%B9%D0%B7%D0%B0%D0%BA%D0%BE%D0%BD.%D1%80%D1%84' not found: [Errno -2] Name or service not known."
"http://www.tatarlar.ru/" - "DNS lookup failed: address 'www.tatarlar.ru' not found: [Errno -2] Name or service not known."
"http://omsk-compromat.com/" - "DNS lookup failed: address 'omsk-compromat.com' not found: [Errno -2] Name or service not known."
"http://%D0%AF%D0%92%D0%BE%D0%B8%D0%BD%D0%A1%D0%B2%D0%B5%D1%82%D0%B0.%D0%A0%D0%A4/" - "DNS lookup failed: address '%D0%AF%D0%92%D0%BE%D0%B8%D0%BD%D0%A1%D0%B2%D0%B5%D1%82%D0%B0.%D0%A0%D0%A4' not found: [Errno -2] Name or service not known."
"http://%D0%9F%D0%A0%D0%9E%D0%A2%D0%9E%D0%9F%D0%90%D0%A0%D0%9B%D0%90%D0%9C%D0%95%D0%9D%D0%A2.%D0%A0%D0%A4/" - "DNS lookup failed: address '%D0%9F%D0%A0%D0%9E%D0%A2%D0%9E%D0%9F%D0%90%D0%A0%D0%9B%D0%90%D0%9C%D0%95%D0%9D%D0%A2.%D0%A0%D0%A4' not found: [Errno -2] Name or service not known."
"http://%D0%A1%D0%92%D0%95%D0%A2%D0%9B%D0%AB%D0%95%D0%A1%D0%98%D0%9B%D0%AB.%D0%A0%D0%A4/" - "DNS lookup failed: address '%D0%A1%D0%92%D0%95%D0%A2%D0%9B%D0%AB%D0%95%D0%A1%D0%98%D0%9B%D0%AB.%D0%A0%D0%A4' not found: [Errno -2] Name or service not known."
"http://38%D0%B2%D0%B5%D0%BA.%D0%A0%D0%A4/" - "DNS lookup failed: address '38%D0%B2%D0%B5%D0%BA.%D0%A0%D0%A4' not found: [Errno -2] Name or service not known."
"http://top.enter.ru/?fromsite=257" - "DNS lookup failed: address 'top.enter.ru' not found: [Errno -2] Name or service not known."
"http://top.enter.ru/" - "DNS lookup failed: address 'top.enter.ru' not found: [Errno -2] Name or service not known."
"http://www.ussr-online.net/" - "DNS lookup failed: address 'www.ussr-online.net' not found: [Errno -2] Name or service not known."
"http://www.vkpb.info/" - "DNS lookup failed: address 'www.vkpb.info' not found: [Errno -2] Name or service not known."
"http://party.scli.ru/" - "DNS lookup failed: address 'party.scli.ru' not found: [Errno -2] Name or service not known."
"http://party.scli.ru/perechen.htm" - "DNS lookup failed: address 'party.scli.ru' not found: [Errno -2] Name or service not known."
"http://www.infopolit.com/top" - "DNS lookup failed: address 'www.infopolit.com' not found: [Errno -2] Name or service not known."
"http://www.fci.ru/WAY/183478.html" - "DNS lookup failed: address 'www.fci.ru' not found: [Errno -2] Name or service not known."
"http://www.vladimir-semenov.com/" - "DNS lookup failed: address 'www.vladimir-semenov.com' not found: [Errno -2] Name or service not known."
"http://ipr.icc-mt.net/" - "DNS lookup failed: address 'ipr.icc-mt.net' not found: [Errno -2] Name or service not known."
"http://ipr.iwt.ru/" - "DNS lookup failed: address 'ipr.iwt.ru' not found: [Errno -2] Name or service not known."
"http://www.sotsprof.ru/" - "DNS lookup failed: address 'www.sotsprof.ru' not found: [Errno -2] Name or service not known."
"http://ndpr.onestop.net/" - "DNS lookup failed: address 'ndpr.onestop.net' not found: [Errno -2] Name or service not known."
"http://www.sant-rus.ru/" - "DNS lookup failed: address 'www.sant-rus.ru' not found: [Errno -2] Name or service not known."
"http://www.rpvita.ru/" - "DNS lookup failed: address 'www.rpvita.ru' not found: [Errno -2] Name or service not known."
"http://www.kishenin.ru/" - "DNS lookup failed: address 'www.kishenin.ru' not found: [Errno -2] Name or service not known."
"http://www.partiamira.ru/" - "DNS lookup failed: address 'www.partiamira.ru' not found: [Errno -2] Name or service not known."
"http://www.fci.ru/calendar" - "DNS lookup failed: address 'www.fci.ru' not found: [Errno -2] Name or service not known."
"http://nppr.by.ru/" - "DNS lookup failed: address 'nppr.by.ru' not found: [Errno -2] Name or service not known."
"http://www.sepr.ru/" - "DNS lookup failed: address 'www.sepr.ru' not found: [Errno -2] Name or service not known."
"http://ww.fci.ru/" - "DNS lookup failed: address 'ww.fci.ru' not found: [Errno -2] Name or service not known."
"http://www.freevote.com/booth/cherkir" - "DNS lookup failed: address 'www.freevote.com' not found: [Errno -2] Name or service not known."
"http://www.freevote.com/booth/pmrf" - "DNS lookup failed: address 'www.freevote.com' not found: [Errno -2] Name or service not known."
"http://www.democrats.ru/" - "DNS lookup failed: address 'www.democrats.ru' not found: [Errno -2] Name or service not known."
"http://www.sovinform.ru/" - "DNS lookup failed: address 'www.sovinform.ru' not found: [Errno -2] Name or service not known."
"http://%E2%E8%EA%E8%EF.%F0%F4/" - "DNS lookup failed: address '%E2%E8%EA%E8%EF.%F0%F4' not found: [Errno -2] Name or service not known."
"http://www.scer.org.ye/" - "DNS lookup failed: address 'www.scer.org.ye' not found: [Errno -2] Name or service not known."
"http://%EA%EE%ED%F1%F2%E8%F2%F3%F6%E8%FF1993.%F0%F4/" - "DNS lookup failed: address '%EA%EE%ED%F1%F2%E8%F2%F3%F6%E8%FF1993.%F0%F4' not found: [Errno -2] Name or service not known."
"http://russia.agama.com/oz_demo.htm" - "DNS lookup failed: address 'russia.agama.com' not found: [Errno -2] Name or service not known."
"http://www.agama.com/oz_demo.htm" - "DNS lookup failed: address 'www.agama.com' not found: [Errno -2] Name or service not known."
"http://koi8.russia.agama.com/oz_demo.htm" - "DNS lookup failed: address 'koi8.russia.agama.com' not found: [Errno -2] Name or service not known."
"http://www.luzhkov.ru/" - "DNS lookup failed: address 'www.luzhkov.ru' not found: [Errno -2] Name or service not known."
"http://www.zyuganov.ru/" - "DNS lookup failed: address 'www.zyuganov.ru' not found: [Errno -2] Name or service not known."
"http://sssr.me/" - "DNS lookup failed: address 'sssr.me' not found: [Errno -2] Name or service not known."
"http://www.svobodanaroda.org/" - "DNS lookup failed: address 'www.svobodanaroda.org' not found: [Errno -2] Name or service not known."
"http://usinfo.state.gov/products/washfile/russiannew.html" - "DNS lookup failed: address 'usinfo.state.gov' not found: [Errno -2] Name or service not known."
"http://ingushetiyaru.org" - "DNS lookup failed: address 'ingushetiyaru.org' not found: [Errno -2] Name or service not known."
"http://www.sps.ru/discus3/" - "User timeout caused connection failure."
"http://feniks.karelia.ru/" - "User timeout caused connection failure."
"http://www.webboard.ru/wb.htm?board=4367" - "User timeout caused connection failure."
"http://sssr74.ru/" - "DNS lookup failed: address 'sssr74.ru' not found: [Errno -2] Name or service not known."
"http://www.soviethistory.ru/" - "DNS lookup failed: address 'www.soviethistory.ru' not found: [Errno -2] Name or service not known."
"http://www.sps.ru/" - "User timeout caused connection failure."
"http://www.demparty.ru/" - "User timeout caused connection failure."
"http://www.sazhiumalatova.ru/" - "DNS lookup failed: address 'www.sazhiumalatova.ru' not found: [Errno -2] Name or service not known."
"http://lis.babr.ru/index.php?ev=cld" - "User timeout caused connection failure."
"http://istoriya-sssr.ru/" - "DNS lookup failed: address 'istoriya-sssr.ru' not found: [Errno -2] Name or service not known."
"http://istoria-sssr.ru/" - "DNS lookup failed: address 'istoria-sssr.ru' not found: [Errno -2] Name or service not known."
"http://www.ipclub.ru/free/guestbook/" - "User timeout caused connection failure."
"http://www.cccp.ru/" - "User timeout caused connection failure."
"http://www.systema.ru/" - "User timeout caused connection failure."
"http://www.soviethistory.ru/sr/" - "DNS lookup failed: address 'www.soviethistory.ru' not found: [Errno -2] Name or service not known."
"http://www.soviethistory.ru/sr/a-10.html" - "DNS lookup failed: address 'www.soviethistory.ru' not found: [Errno -2] Name or service not known."
"http://www.soviethistory.ru/sr/a-5.html" - "DNS lookup failed: address 'www.soviethistory.ru' not found: [Errno -2] Name or service not known."
"http://www.glasnet.ru/webboard/rus/.?board=60" - "User timeout caused connection failure."
"http://www.boris-gryzlov.ru/" - "User timeout caused connection failure."
"http://sovinform.ru/" - "DNS lookup failed: address 'sovinform.ru' not found: [Errno -2] Name or service not known."
"http://www.dugin.ru/" - "User timeout caused connection failure."
"http://www.politazbuka.ru/" - "DNS lookup failed: address 'www.politazbuka.ru' not found: [Errno -2] Name or service not known."
"http://www.neokomsomol.kz/" - "DNS lookup failed: address 'www.neokomsomol.kz' not found: [Errno -2] Name or service not known."
"http://www.eurasya.ru/" - "User timeout caused connection failure."
"http://www.part-prr.ru/" - "User timeout caused connection failure."
"http://neokomsomol.kz/" - "DNS lookup failed: address 'neokomsomol.kz' not found: [Errno -2] Name or service not known."
"http://www.%D0%B6%D0%B0%D1%80%D0%B4%D0%B5%D0%BC.kz/" - "DNS lookup failed: address 'www.%D0%B6%D0%B0%D1%80%D0%B4%D0%B5%D0%BC.kz' not found: [Errno -2] Name or service not known."
"http://www.aif.ru/dontknows/1233545%20" - "[<twisted.python.failure.Failure twisted.web._newclient.ParseError: (u'wrong number of parts', 'HTTP/1.1 404')>]"
"http://www.rons.ru/" - "DNS lookup failed: address 'www.rons.ru' not found: [Errno -2] Name or service not known."
"http://www-catalog.ru/" - "DNS lookup failed: address 'www-catalog.ru' not found: [Errno -2] Name or service not known."
"http://www.epopov.ru/" - "DNS lookup failed: address 'www.epopov.ru' not found: [Errno -2] Name or service not known."
"http://samoros.ru/" - "DNS lookup failed: address 'samoros.ru' not found: [Errno -2] Name or service not known."
"http://www.radiokurgan.ru/archive/photo/golubtsov/halflife/" - "DNS lookup failed: address 'www.radiokurgan.ru' not found: [Errno -2] Name or service not known."
"http://document.kremlin.ru/?DTL=7" - "DNS lookup failed: address 'document.kremlin.ru' not found: [Errno -2] Name or service not known."
"http://troparevo.zao-mos.ru/" - "DNS lookup failed: address 'troparevo.zao-mos.ru' not found: [Errno -2] Name or service not known."
"http://troparevo.org/" - "DNS lookup failed: address 'troparevo.org' not found: [Errno -2] Name or service not known."
"http://www.rk.org.ua/" - "DNS lookup failed: address 'www.rk.org.ua' not found: [Errno -2] Name or service not known."
"https://tld.hiv/en/c/policies" - "[<twisted.python.failure.Failure OpenSSL.SSL.Error: [('SSL routines', 'ssl3_read_bytes', 'ssl handshake failure')]>]"
"http://www.abu-hanifa.ru/" - "DNS lookup failed: address 'www.abu-hanifa.ru' not found: [Errno -2] Name or service not known."
"file:///C:/Documents%20and%20Settings/Admin/%CC%EE%E8%20%E4%EE%EA%F3%EC%E5%ED%F2%FB/%CC%EE%E8%20%E2%E5%E1-%F3%E7%EB%FB/%EC%EE%E9_%F3%E7%E5%EB/" - "[Errno 2] No such file or directory: '/C:/Documents and Settings/Admin/\xcc\xee\xe8 \xe4\xee\xea\xf3\xec\xe5\xed\xf2\xfb/\xcc\xee\xe8 \xe2\xe5\xe1-\xf3\xe7\xeb\xfb/\xec\xee\xe9_\xf3\xe7\xe5\xeb/'"
"http://www.%D0%BB%D0%B5%D1%84%D0%B4%D0%BE%D0%BD.%D1%80%D1%84/" - "DNS lookup failed: address 'www.%D0%BB%D0%B5%D1%84%D0%B4%D0%BE%D0%BD.%D1%80%D1%84' not found: [Errno -2] Name or service not known."
"http://www.mpolitika.berdyansk.info/" - "DNS lookup failed: address 'www.mpolitika.berdyansk.info' not found: [Errno -2] Name or service not known."
"http://www.%F0%ED%EA%E0%F2%ED%EE.%F0%F4/" - "DNS lookup failed: address 'www.%F0%ED%EA%E0%F2%ED%EE.%F0%F4' not found: [Errno -2] Name or service not known."
"http://www.opros.zp.ua/" - "DNS lookup failed: address 'www.opros.zp.ua' not found: [Errno -2] Name or service not known."
"http://www.oceni-nedvizhku.ru/" - "DNS lookup failed: address 'www.oceni-nedvizhku.ru' not found: [Errno -2] Name or service not known."
"http://www.fraggersinc.com/" - "DNS lookup failed: address 'www.fraggersinc.com' not found: [Errno -2] Name or service not known."
"http://www.kolosov.zp.ua/" - "DNS lookup failed: address 'www.kolosov.zp.ua' not found: [Errno -2] Name or service not known."
"http://www.desarrollo2000.com/" - "DNS lookup failed: address 'www.desarrollo2000.com' not found: [Errno -2] Name or service not known."
"http://www.tvoy-dom.zp.ua/" - "DNS lookup failed: address 'www.tvoy-dom.zp.ua' not found: [Errno -2] Name or service not known."
"http://www.bmkf.com.ua/" - "DNS lookup failed: address 'www.bmkf.com.ua' not found: [Errno -2] Name or service not known."
"http://www.ilya-safe.com/" - "DNS lookup failed: address 'www.ilya-safe.com' not found: [Errno -2] Name or service not known."
"http://abai.kz/" - "DNS lookup failed: address 'abai.kz' not found: [Errno -2] Name or service not known."
"http://mashaalradio.com%20/" - "DNS lookup failed: address 'mashaalradio.com%20' not found: [Errno -2] Name or service not known."
"http://www.milanpo.ru/" - "DNS lookup failed: address 'www.milanpo.ru' not found: [Errno -2] Name or service not known."
"http://tatarlar.ru/" - "DNS lookup failed: address 'tatarlar.ru' not found: [Errno -2] Name or service not known."
"http://www.avtoqo.ru/" - "DNS lookup failed: address 'www.avtoqo.ru' not found: [Errno -2] Name or service not known."
"http://www.stroy-dereva.ru/" - "DNS lookup failed: address 'www.stroy-dereva.ru' not found: [Errno -2] Name or service not known."
"http://www.spravochniks.ru/" - "DNS lookup failed: address 'www.spravochniks.ru' not found: [Errno -2] Name or service not known."
"http://www.amoi-electronics.ru/" - "DNS lookup failed: address 'www.amoi-electronics.ru' not found: [Errno -2] Name or service not known."
"http://www.kzotonline.ru/" - "DNS lookup failed: address 'www.kzotonline.ru' not found: [Errno -2] Name or service not known."
"http://www.sanitariya-nadzor.ru/" - "DNS lookup failed: address 'www.sanitariya-nadzor.ru' not found: [Errno -2] Name or service not known."
"http://www.errorzone.ru/" - "DNS lookup failed: address 'www.errorzone.ru' not found: [Errno -2] Name or service not known."
"http://www.meddoma.ru/" - "DNS lookup failed: address 'www.meddoma.ru' not found: [Errno -2] Name or service not known."
"http://www.sothaier.ru/" - "DNS lookup failed: address 'www.sothaier.ru' not found: [Errno -2] Name or service not known."
"http://www.korea-ubiquam.ru/" - "DNS lookup failed: address 'www.korea-ubiquam.ru' not found: [Errno -2] Name or service not known."
"http://www.nanoveko.ru/" - "DNS lookup failed: address 'www.nanoveko.ru' not found: [Errno -2] Name or service not known."
"http://www.love362.ru/" - "DNS lookup failed: address 'www.love362.ru' not found: [Errno -2] Name or service not known."
"http://www.kulinar-recept.ru/" - "DNS lookup failed: address 'www.kulinar-recept.ru' not found: [Errno -2] Name or service not known."
"http://www.metodef.ru/" - "DNS lookup failed: address 'www.metodef.ru' not found: [Errno -2] Name or service not known."
"http://www.ventilashion.ru/" - "DNS lookup failed: address 'www.ventilashion.ru' not found: [Errno -2] Name or service not known."
"http://www.ekologiya-svet.ru/" - "DNS lookup failed: address 'www.ekologiya-svet.ru' not found: [Errno -2] Name or service not known."
"http://www.casio-curitel.ru/" - "DNS lookup failed: address 'www.casio-curitel.ru' not found: [Errno -2] Name or service not known."
"http://www.sweetba-by.ru/" - "DNS lookup failed: address 'www.sweetba-by.ru' not found: [Errno -2] Name or service not known."
"http://www.cancer-car-donations.info/" - "DNS lookup failed: address 'www.cancer-car-donations.info' not found: [Errno -2] Name or service not known."
"http://www.texnomanij.ru/" - "DNS lookup failed: address 'www.texnomanij.ru' not found: [Errno -2] Name or service not known."
"http://www.auto-in-usa.ru/" - "DNS lookup failed: address 'www.auto-in-usa.ru' not found: [Errno -2] Name or service not known."
"http://uihaf.org/ru/" - "DNS lookup failed: address 'uihaf.org' not found: [Errno -2] Name or service not known."
"http://all-surgut.ru/" - "DNS lookup failed: address 'all-surgut.ru' not found: [Errno -2] Name or service not known."
"http://housecar.ru/" - "DNS lookup failed: address 'housecar.ru' not found: [Errno -2] Name or service not known."
"http://sony-vgn.ru/" - "DNS lookup failed: address 'sony-vgn.ru' not found: [Errno -2] Name or service not known."
"http://aznova.ru/" - "DNS lookup failed: address 'aznova.ru' not found: [Errno -2] Name or service not known."
"http://dta-turan.org/" - "DNS lookup failed: address 'dta-turan.org' not found: [Errno -2] Name or service not known."
"http://mebesale.ru/" - "DNS lookup failed: address 'mebesale.ru' not found: [Errno -2] Name or service not known."
"http://domvavto.ru/" - "DNS lookup failed: address 'domvavto.ru' not found: [Errno -2] Name or service not known."
"http://www.edinros55.ru/" - "User timeout caused connection failure."
"http://www.sps.ru/?id=214309" - "User timeout caused connection failure."
"http://www.kprf-pskov.ru/" - "DNS lookup failed: address 'www.kprf-pskov.ru' not found: [Errno -2] Name or service not known."
"http://www.sps.ru/?id=210066" - "User timeout caused connection failure."
"http://www.banneroobmen.avk.lt/" - "User timeout caused connection failure."
"http://www.menyala.ru/partner.asp?pid=6138" - "User timeout caused connection failure."
"http://trop-nikul.zao.mos.ru/" - "User timeout caused connection failure."
"http://www.bloglines.com/sub/https://forum.web.com/feed/" - "User timeout caused connection failure."
"https://www.nic.ltda/ltda-domains/policies/" - "User timeout caused connection failure."
"http://www.cheltv.ru/rnews.html?cid=7&id=30083" - "User timeout caused connection failure."
"http://mx2.vashbyt.ru:8000/live.m3u" - "User timeout caused connection failure."
"http://www.ummanews.com/" - "User timeout caused connection failure."
